[2026-04-10 13:35:33] [INFO] Zappy Client starting...
[2026-04-10 13:35:33] [INFO] Team: team1
[2026-04-10 13:35:33] [INFO] Target Level: 8
[2026-04-10 13:35:33] [INFO] Fork enabled: yes
[2026-04-10 13:35:33] [INFO] Connecting to localhost:8674
[2026-04-10 13:35:33] [WARN] TLS: Certificate verification disabled (insecure mode)
[2026-04-10 13:35:33] [INFO] TLS context initialized successfully
[2026-04-10 13:35:33] [INFO] WebSocket: Starting connection to localhost:8674
[2026-04-10 13:35:33] [INFO] TLS handshake completed successfully
[2026-04-10 13:35:33] [INFO] WebSocket: HTTP 101 Upgrade successful
[2026-04-10 13:35:33] [INFO] WebSocket: Handshake complete, connection established
[2026-04-10 13:35:33] [INFO] Websocket connected
[2026-04-10 13:35:33] [INFO] Received bienvenue: {"type":"bienvenue","msg":"Whoa! Knock knock, whos there?"}
[2026-04-10 13:35:33] [INFO] Map size: 10x10
[2026-04-10 13:35:33] [INFO] Remaining team slots: 0
[2026-04-10 13:35:33] [INFO] Login successful! {"type":"welcome","remaining_clients":0,"map_size":{"x":10,"y":10}}
[2026-04-10 13:35:33] [INFO] Successfully logged in as team1
[2026-04-10 13:35:33] [INFO] Connected! Starting main loop...
[2026-04-10 13:35:33] [INFO] AI: Need 1 stones for next level
[2026-04-10 13:35:33] [INFO] Status: Level=1 Food=10 Forks=0
[2026-04-10 13:35:33] [INFO] AI: Need 1 stones for next level
[2026-04-10 13:35:33] [INFO] AI: Need 1 stones for next level
[2026-04-10 13:35:33] [INFO] AI: Need 1 stones for next level
[2026-04-10 13:35:34] [INFO] AI: Need 1 stones for next level
[2026-04-10 13:35:34] [INFO] AI: Need 1 stones for next level
[2026-04-10 13:35:34] [INFO] AI: Need 1 stones for next level
[2026-04-10 13:35:34] [INFO] AI: Need 1 stones for next level
[2026-04-10 13:35:35] [INFO] AI: Need 1 stones for next level
[2026-04-10 13:35:35] [INFO] AI: Need 1 stones for next level
[2026-04-10 13:35:35] [INFO] AI: Need 1 stones for next level
[2026-04-10 13:35:35] [INFO] AI: Need 1 stones for next level
[2026-04-10 13:35:36] [INFO] AI: Need 1 stones for next level
[2026-04-10 13:35:36] [INFO] AI: Need 1 stones for next level
[2026-04-10 13:35:36] [INFO] AI: Need 1 stones for next level
[2026-04-10 13:35:36] [INFO] AI: Need 1 stones for next level
[2026-04-10 13:35:36] [INFO] AI: Need 1 stones for next level
[2026-04-10 13:35:37] [INFO] AI: Need 1 stones for next level
[2026-04-10 13:35:37] [INFO] AI: Need 1 stones for next level
[2026-04-10 13:35:37] [INFO] AI: Need 1 stones for next level
[2026-04-10 13:35:37] [INFO] AI: Need 1 stones for next level
[2026-04-10 13:35:38] [INFO] AI: Need 1 stones for next level
[2026-04-10 13:35:38] [INFO] AI: Need 1 stones for next level
[2026-04-10 13:35:38] [INFO] AI: Need 1 stones for next level
[2026-04-10 13:35:38] [INFO] AI: Need 1 stones for next level
[2026-04-10 13:35:39] [INFO] AI: Need 1 stones for next level
[2026-04-10 13:35:39] [INFO] AI: Need 1 stones for next level
[2026-04-10 13:35:39] [INFO] AI: Need 1 stones for next level
[2026-04-10 13:35:39] [INFO] AI: Need 1 stones for next level
[2026-04-10 13:35:39] [INFO] AI: Need 1 stones for next level
[2026-04-10 13:35:40] [INFO] AI: Need 1 stones for next level
[2026-04-10 13:35:40] [INFO] AI: Need 1 stones for next level
[2026-04-10 13:35:40] [INFO] AI: Need 1 stones for next level
[2026-04-10 13:35:40] [INFO] AI: Need 1 stones for next level
[2026-04-10 13:35:41] [INFO] AI: Need 1 stones for next level
[2026-04-10 13:35:41] [INFO] AI: Need 1 stones for next level
[2026-04-10 13:35:41] [INFO] AI: Need 1 stones for next level
[2026-04-10 13:35:41] [INFO] AI: Need 1 stones for next level
[2026-04-10 13:35:42] [INFO] AI: Need 1 stones for next level
[2026-04-10 13:35:42] [INFO] AI: Need 1 stones for next level
[2026-04-10 13:35:42] [INFO] AI: Need 1 stones for next level
[2026-04-10 13:35:42] [INFO] AI: Need 1 stones for next level
[2026-04-10 13:35:42] [INFO] AI: Need 1 stones for next level
[2026-04-10 13:35:43] [INFO] AI: Need 1 stones for next level
[2026-04-10 13:35:43] [INFO] Status: Level=1 Food=10 Forks=0
[2026-04-10 13:35:43] [INFO] AI: Need 1 stones for next level
[2026-04-10 13:35:43] [INFO] AI: Need 1 stones for next level
[2026-04-10 13:35:43] [INFO] AI: Need 1 stones for next level
[2026-04-10 13:35:44] [INFO] AI: Need 1 stones for next level
[2026-04-10 13:35:44] [INFO] AI: Need 1 stones for next level
[2026-04-10 13:35:44] [INFO] AI: Need 1 stones for next level
[2026-04-10 13:35:44] [INFO] AI: Need 1 stones for next level
[2026-04-10 13:35:45] [INFO] AI: Need 1 stones for next level
[2026-04-10 13:35:45] [INFO] AI: Need 1 stones for next level
[2026-04-10 13:35:45] [INFO] AI: Need 1 stones for next level
[2026-04-10 13:35:45] [INFO] AI: Need 1 stones for next level
[2026-04-10 13:35:46] [INFO] AI: Need 1 stones for next level
[2026-04-10 13:35:46] [INFO] AI: Need 1 stones for next level
[2026-04-10 13:35:46] [INFO] AI: Need 1 stones for next level
[2026-04-10 13:35:46] [INFO] AI: Need 1 stones for next level
[2026-04-10 13:35:46] [INFO] AI: Need 1 stones for next level
[2026-04-10 13:35:47] [INFO] AI: Need 1 stones for next level
[2026-04-10 13:35:47] [INFO] AI: Need 1 stones for next level
[2026-04-10 13:35:47] [INFO] AI: Need 1 stones for next level
[2026-04-10 13:35:47] [INFO] AI: Need 1 stones for next level
[2026-04-10 13:35:47] [INFO] AI: Need 1 stones for next level
[2026-04-10 13:35:48] [INFO] AI: Need 1 stones for next level
[2026-04-10 13:35:48] [INFO] AI: Low food (7), seeking nourriture
[2026-04-10 13:35:49] [INFO] AI: Low food (7), seeking nourriture
[2026-04-10 13:35:49] [INFO] AI: Low food (7), seeking nourriture
[2026-04-10 13:35:50] [INFO] AI: Low food (7), seeking nourriture
[2026-04-10 13:35:51] [INFO] AI: Low food (7), seeking nourriture
[2026-04-10 13:35:51] [INFO] AI: Low food (7), seeking nourriture
[2026-04-10 13:35:52] [INFO] AI: Low food (7), seeking nourriture
[2026-04-10 13:35:52] [INFO] AI: Low food (7), seeking nourriture
[2026-04-10 13:35:53] [WARN] AI: Command failed: prend
[2026-04-10 13:35:53] [INFO] AI: Low food (7), seeking nourriture
[2026-04-10 13:35:53] [WARN] AI: Command failed: prend
[2026-04-10 13:35:53] [INFO] AI: Low food (7), seeking nourriture
[2026-04-10 13:35:53] [INFO] Status: Level=1 Food=7 Forks=0
[2026-04-10 13:35:53] [WARN] AI: Command failed: prend
[2026-04-10 13:35:53] [INFO] AI: Low food (9), seeking nourriture
[2026-04-10 13:35:53] [WARN] AI: Command failed: prend
[2026-04-10 13:35:53] [INFO] AI: Low food (9), seeking nourriture
[2026-04-10 13:35:53] [WARN] AI: Command failed: prend
[2026-04-10 13:35:53] [INFO] AI: Low food (9), seeking nourriture
[2026-04-10 13:35:54] [WARN] AI: Command failed: prend
[2026-04-10 13:35:54] [INFO] AI: Low food (9), seeking nourriture
[2026-04-10 13:35:54] [WARN] AI: Command failed: prend
[2026-04-10 13:35:54] [INFO] AI: Low food (9), seeking nourriture
[2026-04-10 13:35:54] [WARN] AI: Command failed: prend
[2026-04-10 13:35:54] [INFO] AI: Low food (9), seeking nourriture
[2026-04-10 13:35:54] [WARN] AI: Command failed: prend
[2026-04-10 13:35:54] [INFO] AI: Low food (9), seeking nourriture
[2026-04-10 13:35:55] [INFO] AI: Low food (9), seeking nourriture
[2026-04-10 13:35:55] [INFO] AI: Low food (9), seeking nourriture
[2026-04-10 13:35:56] [INFO] AI: Low food (9), seeking nourriture
[2026-04-10 13:35:57] [INFO] AI: Low food (9), seeking nourriture
[2026-04-10 13:35:57] [INFO] AI: Low food (9), seeking nourriture
[2026-04-10 13:35:58] [INFO] AI: Low food (9), seeking nourriture
[2026-04-10 13:35:58] [INFO] AI: Low food (8), seeking nourriture
[2026-04-10 13:35:59] [INFO] AI: Low food (8), seeking nourriture
[2026-04-10 13:35:59] [WARN] AI: Command failed: prend
[2026-04-10 13:35:59] [INFO] AI: Low food (8), seeking nourriture
[2026-04-10 13:35:59] [WARN] AI: Command failed: prend
[2026-04-10 13:35:59] [INFO] AI: Low food (8), seeking nourriture
[2026-04-10 13:35:59] [WARN] AI: Command failed: prend
[2026-04-10 13:36:00] [INFO] AI: Low food (8), seeking nourriture
[2026-04-10 13:36:00] [WARN] AI: Command failed: prend
[2026-04-10 13:36:00] [INFO] AI: Low food (8), seeking nourriture
[2026-04-10 13:36:00] [WARN] AI: Command failed: prend
[2026-04-10 13:36:00] [INFO] AI: Low food (8), seeking nourriture
[2026-04-10 13:36:00] [WARN] AI: Command failed: prend
[2026-04-10 13:36:00] [INFO] AI: Need 1 stones for next level
[2026-04-10 13:36:00] [INFO] AI: Need 1 stones for next level
[2026-04-10 13:36:01] [INFO] AI: Need 1 stones for next level
[2026-04-10 13:36:01] [INFO] AI: Need 1 stones for next level
[2026-04-10 13:36:01] [INFO] AI: Need 1 stones for next level
[2026-04-10 13:36:01] [INFO] AI: Need 1 stones for next level
[2026-04-10 13:36:01] [INFO] AI: Need 1 stones for next level
[2026-04-10 13:36:02] [INFO] AI: Need 1 stones for next level
[2026-04-10 13:36:02] [INFO] AI: Need 1 stones for next level
[2026-04-10 13:36:02] [INFO] AI: Need 1 stones for next level
[2026-04-10 13:36:02] [INFO] AI: Need 1 stones for next level
[2026-04-10 13:36:03] [INFO] AI: Need 1 stones for next level
[2026-04-10 13:36:03] [INFO] AI: Need 1 stones for next level
[2026-04-10 13:36:03] [INFO] Status: Level=1 Food=8 Forks=0
[2026-04-10 13:36:03] [INFO] AI: Low food (8), seeking nourriture
[2026-04-10 13:36:04] [INFO] AI: Need 1 stones for next level
[2026-04-10 13:36:04] [INFO] AI: Need 1 stones for next level
[2026-04-10 13:36:05] [INFO] AI: Need 1 stones for next level
[2026-04-10 13:36:05] [INFO] AI: Need 1 stones for next level
[2026-04-10 13:36:05] [INFO] AI: Need 1 stones for next level
[2026-04-10 13:36:05] [INFO] AI: Need 1 stones for next level
[2026-04-10 13:36:06] [INFO] AI: Need 1 stones for next level
[2026-04-10 13:36:06] [INFO] AI: Need 1 stones for next level
[2026-04-10 13:36:06] [INFO] AI: Need 1 stones for next level
[2026-04-10 13:36:06] [INFO] AI: Need 1 stones for next level
[2026-04-10 13:36:06] [INFO] AI: Need 1 stones for next level
[2026-04-10 13:36:07] [INFO] AI: Need 1 stones for next level
[2026-04-10 13:36:07] [INFO] AI: Need 1 stones for next level
[2026-04-10 13:36:07] [INFO] AI: Need 1 stones for next level
[2026-04-10 13:36:07] [INFO] AI: Need 1 stones for next level
[2026-04-10 13:36:08] [INFO] AI: Need 1 stones for next level
[2026-04-10 13:36:08] [INFO] AI: Need 1 stones for next level
[2026-04-10 13:36:08] [INFO] AI: Need 1 stones for next level
[2026-04-10 13:36:08] [INFO] AI: Need 1 stones for next level
[2026-04-10 13:36:09] [INFO] AI: Need 1 stones for next level
[2026-04-10 13:36:09] [INFO] AI: Need 1 stones for next level
[2026-04-10 13:36:09] [INFO] AI: Need 1 stones for next level
[2026-04-10 13:36:09] [INFO] AI: Need 1 stones for next level
[2026-04-10 13:36:10] [INFO] AI: Need 1 stones for next level
[2026-04-10 13:36:10] [INFO] AI: Need 1 stones for next level
[2026-04-10 13:36:10] [INFO] AI: Need 1 stones for next level
[2026-04-10 13:36:10] [INFO] AI: Need 1 stones for next level
[2026-04-10 13:36:10] [INFO] AI: Need 1 stones for next level
[2026-04-10 13:36:11] [INFO] AI: Need 1 stones for next level
[2026-04-10 13:36:11] [INFO] AI: Need 1 stones for next level
[2026-04-10 13:36:11] [INFO] AI: Need 1 stones for next level
[2026-04-10 13:36:11] [INFO] AI: Need 1 stones for next level
[2026-04-10 13:36:11] [INFO] AI: Need 1 stones for next level
[2026-04-10 13:36:12] [INFO] AI: Need 1 stones for next level
[2026-04-10 13:36:12] [INFO] AI: Need 1 stones for next level
[2026-04-10 13:36:12] [INFO] AI: Need 1 stones for next level
[2026-04-10 13:36:12] [INFO] AI: Need 1 stones for next level
[2026-04-10 13:36:13] [INFO] AI: Need 1 stones for next level
[2026-04-10 13:36:13] [INFO] Status: Level=1 Food=13 Forks=0
[2026-04-10 13:36:13] [INFO] AI: Low food (8), seeking nourriture
[2026-04-10 13:36:15] [INFO] AI: Low food (8), seeking nourriture
[2026-04-10 13:36:15] [WARN] AI: Command failed: prend
[2026-04-10 13:36:15] [INFO] AI: Low food (8), seeking nourriture
[2026-04-10 13:36:15] [WARN] AI: Command failed: prend
[2026-04-10 13:36:16] [INFO] AI: Low food (8), seeking nourriture
[2026-04-10 13:36:16] [WARN] AI: Command failed: prend
[2026-04-10 13:36:16] [INFO] AI: Low food (8), seeking nourriture
[2026-04-10 13:36:16] [INFO] AI: Low food (8), seeking nourriture
[2026-04-10 13:36:16] [INFO] AI: Low food (8), seeking nourriture
[2026-04-10 13:36:16] [WARN] AI: Command failed: prend
[2026-04-10 13:36:16] [INFO] AI: Low food (8), seeking nourriture
[2026-04-10 13:36:16] [WARN] AI: Command failed: prend
[2026-04-10 13:36:17] [INFO] AI: Low food (8), seeking nourriture
[2026-04-10 13:36:17] [WARN] AI: Command failed: prend
[2026-04-10 13:36:17] [INFO] AI: Low food (8), seeking nourriture
[2026-04-10 13:36:17] [WARN] AI: Command failed: prend
[2026-04-10 13:36:17] [INFO] AI: Low food (8), seeking nourriture
[2026-04-10 13:36:17] [WARN] AI: Command failed: prend
[2026-04-10 13:36:17] [INFO] AI: Low food (8), seeking nourriture
[2026-04-10 13:36:17] [WARN] AI: Command failed: prend
[2026-04-10 13:36:17] [INFO] AI: Low food (8), seeking nourriture
[2026-04-10 13:36:17] [WARN] AI: Command failed: prend
[2026-04-10 13:36:18] [INFO] AI: Low food (8), seeking nourriture
[2026-04-10 13:36:18] [WARN] AI: Command failed: prend
[2026-04-10 13:36:18] [INFO] AI: Low food (8), seeking nourriture
[2026-04-10 13:36:18] [WARN] AI: Command failed: prend
[2026-04-10 13:36:18] [INFO] AI: Low food (8), seeking nourriture
[2026-04-10 13:36:18] [WARN] AI: Command failed: prend
[2026-04-10 13:36:18] [INFO] AI: Need 1 stones for next level
[2026-04-10 13:36:18] [INFO] AI: Need 1 stones for next level
[2026-04-10 13:36:19] [INFO] AI: Need 1 stones for next level
[2026-04-10 13:36:19] [INFO] AI: Need 1 stones for next level
[2026-04-10 13:36:19] [INFO] AI: Need 1 stones for next level
[2026-04-10 13:36:19] [INFO] AI: Need 1 stones for next level
[2026-04-10 13:36:20] [INFO] AI: Need 1 stones for next level
[2026-04-10 13:36:20] [INFO] AI: Need 1 stones for next level
[2026-04-10 13:36:20] [INFO] AI: Need 1 stones for next level
[2026-04-10 13:36:20] [INFO] AI: Need 1 stones for next level
[2026-04-10 13:36:21] [INFO] AI: Need 1 stones for next level
[2026-04-10 13:36:21] [INFO] AI: Need 1 stones for next level
[2026-04-10 13:36:21] [INFO] AI: Need 1 stones for next level
[2026-04-10 13:36:21] [INFO] AI: Need 1 stones for next level
[2026-04-10 13:36:21] [INFO] AI: Need 1 stones for next level
[2026-04-10 13:36:22] [INFO] AI: Need 1 stones for next level
[2026-04-10 13:36:22] [INFO] AI: Need 1 stones for next level
[2026-04-10 13:36:22] [INFO] AI: Need 1 stones for next level
[2026-04-10 13:36:22] [INFO] AI: Need 1 stones for next level
[2026-04-10 13:36:22] [INFO] AI: Need 1 stones for next level
[2026-04-10 13:36:23] [INFO] AI: Need 1 stones for next level
[2026-04-10 13:36:23] [INFO] Status: Level=1 Food=18 Forks=0
[2026-04-10 13:36:23] [INFO] AI: Need 1 stones for next level
[2026-04-10 13:36:23] [INFO] AI: Need 1 stones for next level
[2026-04-10 13:36:23] [INFO] AI: Need 1 stones for next level
[2026-04-10 13:36:24] [INFO] AI: Need 1 stones for next level
[2026-04-10 13:36:24] [INFO] AI: Need 1 stones for next level
[2026-04-10 13:36:24] [INFO] AI: Need 1 stones for next level
[2026-04-10 13:36:24] [INFO] AI: Need 1 stones for next level
[2026-04-10 13:36:25] [INFO] AI: Need 1 stones for next level
[2026-04-10 13:36:25] [INFO] AI: Need 1 stones for next level
[2026-04-10 13:36:25] [INFO] AI: Need 1 stones for next level
[2026-04-10 13:36:25] [INFO] AI: Need 1 stones for next level
[2026-04-10 13:36:25] [INFO] AI: Need 1 stones for next level
[2026-04-10 13:36:26] [INFO] AI: Need 1 stones for next level
[2026-04-10 13:36:26] [INFO] AI: Need 1 stones for next level
[2026-04-10 13:36:26] [INFO] AI: Need 1 stones for next level
[2026-04-10 13:36:26] [INFO] AI: Need 1 stones for next level
[2026-04-10 13:36:26] [INFO] AI: Need 1 stones for next level
[2026-04-10 13:36:27] [INFO] AI: Need 1 stones for next level
[2026-04-10 13:36:27] [INFO] AI: Need 1 stones for next level
[2026-04-10 13:36:27] [INFO] AI: Need 1 stones for next level
[2026-04-10 13:36:27] [INFO] AI: Need 1 stones for next level
[2026-04-10 13:36:27] [INFO] AI: Need 1 stones for next level
[2026-04-10 13:36:28] [INFO] AI: Need 1 stones for next level
[2026-04-10 13:36:28] [INFO] AI: Need 1 stones for next level
[2026-04-10 13:36:28] [INFO] AI: Need 1 stones for next level
[2026-04-10 13:36:28] [INFO] AI: Need 1 stones for next level
[2026-04-10 13:36:29] [INFO] AI: Need 1 stones for next level
[2026-04-10 13:36:29] [INFO] AI: Need 1 stones for next level
[2026-04-10 13:36:29] [INFO] AI: Need 1 stones for next level
[2026-04-10 13:36:29] [INFO] AI: Need 1 stones for next level
[2026-04-10 13:36:29] [INFO] AI: Need 1 stones for next level
[2026-04-10 13:36:30] [INFO] AI: Need 1 stones for next level
[2026-04-10 13:36:30] [INFO] AI: Need 1 stones for next level
[2026-04-10 13:36:30] [INFO] AI: Need 1 stones for next level
[2026-04-10 13:36:30] [INFO] AI: Need 1 stones for next level
[2026-04-10 13:36:31] [INFO] AI: Need 1 stones for next level
[2026-04-10 13:36:31] [INFO] AI: Need 1 stones for next level
[2026-04-10 13:36:31] [INFO] AI: Need 1 stones for next level
[2026-04-10 13:36:31] [INFO] AI: Need 1 stones for next level
[2026-04-10 13:36:32] [INFO] AI: Need 1 stones for next level
[2026-04-10 13:36:32] [INFO] AI: Need 1 stones for next level
[2026-04-10 13:36:32] [INFO] AI: Need 1 stones for next level
[2026-04-10 13:36:32] [INFO] AI: Need 1 stones for next level
[2026-04-10 13:36:32] [INFO] AI: Need 1 stones for next level
[2026-04-10 13:36:33] [INFO] AI: Need 1 stones for next level
[2026-04-10 13:36:33] [INFO] AI: Need 1 stones for next level
[2026-04-10 13:36:33] [INFO] Status: Level=1 Food=10 Forks=0
[2026-04-10 13:36:33] [INFO] AI: Need 1 stones for next level
[2026-04-10 13:36:33] [INFO] AI: Low food (6), seeking nourriture
[2026-04-10 13:36:33] [WARN] AI: Command failed: prend
[2026-04-10 13:36:34] [INFO] AI: Low food (6), seeking nourriture
[2026-04-10 13:36:34] [WARN] AI: Command failed: prend
[2026-04-10 13:36:34] [INFO] AI: Low food (6), seeking nourriture
[2026-04-10 13:36:34] [WARN] AI: Command failed: prend
[2026-04-10 13:36:34] [INFO] AI: Low food (6), seeking nourriture
[2026-04-10 13:36:34] [WARN] AI: Command failed: prend
[2026-04-10 13:36:34] [INFO] AI: Low food (6), seeking nourriture
[2026-04-10 13:36:34] [WARN] AI: Command failed: prend
[2026-04-10 13:36:34] [INFO] AI: Low food (6), seeking nourriture
[2026-04-10 13:36:34] [WARN] AI: Command failed: prend
[2026-04-10 13:36:35] [INFO] AI: Low food (6), seeking nourriture
[2026-04-10 13:36:35] [WARN] AI: Command failed: prend
[2026-04-10 13:36:35] [INFO] AI: Low food (6), seeking nourriture
[2026-04-10 13:36:35] [WARN] AI: Command failed: prend
[2026-04-10 13:36:35] [INFO] AI: Low food (6), seeking nourriture
[2026-04-10 13:36:35] [WARN] AI: Command failed: prend
[2026-04-10 13:36:35] [INFO] AI: Low food (6), seeking nourriture
[2026-04-10 13:36:35] [WARN] AI: Command failed: prend
[2026-04-10 13:36:35] [INFO] AI: Low food (6), seeking nourriture
[2026-04-10 13:36:36] [WARN] AI: Command failed: prend
[2026-04-10 13:36:36] [INFO] AI: Low food (6), seeking nourriture
[2026-04-10 13:36:36] [WARN] AI: Command failed: prend
[2026-04-10 13:36:36] [INFO] AI: Low food (6), seeking nourriture
[2026-04-10 13:36:36] [WARN] AI: Command failed: prend
[2026-04-10 13:36:36] [INFO] AI: Low food (6), seeking nourriture
[2026-04-10 13:36:37] [INFO] AI: Low food (6), seeking nourriture
[2026-04-10 13:36:38] [INFO] AI: Low food (6), seeking nourriture
[2026-04-10 13:36:38] [INFO] AI: Low food (4), seeking nourriture
[2026-04-10 13:36:39] [INFO] AI: Low food (4), seeking nourriture
[2026-04-10 13:36:40] [INFO] AI: Low food (4), seeking nourriture
[2026-04-10 13:36:40] [INFO] AI: Low food (4), seeking nourriture
[2026-04-10 13:36:41] [WARN] AI: Command failed: prend
[2026-04-10 13:36:41] [INFO] AI: Low food (4), seeking nourriture
[2026-04-10 13:36:41] [WARN] AI: Command failed: prend
[2026-04-10 13:36:41] [INFO] AI: Low food (4), seeking nourriture
[2026-04-10 13:36:41] [WARN] AI: Command failed: prend
[2026-04-10 13:36:41] [INFO] AI: Low food (4), seeking nourriture
[2026-04-10 13:36:41] [WARN] AI: Command failed: prend
[2026-04-10 13:36:41] [INFO] AI: Low food (4), seeking nourriture
[2026-04-10 13:36:42] [WARN] AI: Command failed: prend
[2026-04-10 13:36:42] [INFO] AI: Low food (4), seeking nourriture
[2026-04-10 13:36:42] [WARN] AI: Command failed: prend
[2026-04-10 13:36:42] [INFO] AI: Low food (4), seeking nourriture
[2026-04-10 13:36:42] [WARN] AI: Command failed: prend
[2026-04-10 13:36:42] [INFO] AI: Low food (4), seeking nourriture
[2026-04-10 13:36:42] [WARN] AI: Command failed: prend
[2026-04-10 13:36:42] [INFO] AI: Low food (4), seeking nourriture
[2026-04-10 13:36:43] [INFO] AI: Low food (4), seeking nourriture
[2026-04-10 13:36:43] [INFO] Status: Level=1 Food=4 Forks=0
[2026-04-10 13:36:44] [INFO] AI: Low food (7), seeking nourriture
[2026-04-10 13:36:44] [INFO] AI: Low food (7), seeking nourriture
[2026-04-10 13:36:45] [INFO] AI: Low food (7), seeking nourriture
[2026-04-10 13:36:45] [INFO] AI: Low food (7), seeking nourriture
[2026-04-10 13:36:46] [WARN] AI: Command failed: prend
[2026-04-10 13:36:46] [INFO] AI: Low food (7), seeking nourriture
[2026-04-10 13:36:46] [WARN] AI: Command failed: prend
[2026-04-10 13:36:46] [INFO] AI: Low food (7), seeking nourriture
[2026-04-10 13:36:46] [WARN] AI: Command failed: prend
[2026-04-10 13:36:46] [INFO] AI: Low food (7), seeking nourriture
[2026-04-10 13:36:46] [WARN] AI: Command failed: prend
[2026-04-10 13:36:46] [INFO] AI: Low food (7), seeking nourriture
[2026-04-10 13:36:46] [WARN] AI: Command failed: prend
[2026-04-10 13:36:46] [INFO] AI: Low food (7), seeking nourriture
[2026-04-10 13:36:47] [WARN] AI: Command failed: prend
[2026-04-10 13:36:47] [INFO] AI: Low food (7), seeking nourriture
[2026-04-10 13:36:47] [WARN] AI: Command failed: prend
[2026-04-10 13:36:47] [INFO] AI: Low food (7), seeking nourriture
[2026-04-10 13:36:47] [WARN] AI: Command failed: prend
[2026-04-10 13:36:47] [INFO] AI: Low food (7), seeking nourriture
[2026-04-10 13:36:47] [WARN] AI: Command failed: prend
[2026-04-10 13:36:47] [INFO] AI: Low food (7), seeking nourriture
[2026-04-10 13:36:47] [WARN] AI: Command failed: prend
[2026-04-10 13:36:47] [INFO] AI: Low food (7), seeking nourriture
[2026-04-10 13:36:48] [WARN] AI: Command failed: prend
[2026-04-10 13:36:48] [INFO] AI: Low food (7), seeking nourriture
[2026-04-10 13:36:48] [WARN] AI: Command failed: prend
[2026-04-10 13:36:48] [INFO] AI: Low food (7), seeking nourriture
[2026-04-10 13:36:48] [WARN] AI: Command failed: prend
[2026-04-10 13:36:48] [INFO] AI: Low food (7), seeking nourriture
[2026-04-10 13:36:48] [WARN] AI: Command failed: prend
[2026-04-10 13:36:48] [INFO] AI: Low food (3), seeking nourriture
[2026-04-10 13:36:49] [INFO] AI: Low food (3), seeking nourriture
[2026-04-10 13:36:50] [INFO] AI: Low food (3), seeking nourriture
[2026-04-10 13:36:50] [INFO] AI: Low food (3), seeking nourriture
[2026-04-10 13:36:51] [INFO] AI: Low food (3), seeking nourriture
[2026-04-10 13:36:52] [INFO] AI: Low food (3), seeking nourriture
[2026-04-10 13:36:52] [WARN] AI: Command failed: prend
[2026-04-10 13:36:52] [INFO] AI: Low food (3), seeking nourriture
[2026-04-10 13:36:52] [WARN] AI: Command failed: prend
[2026-04-10 13:36:52] [INFO] AI: Low food (3), seeking nourriture
[2026-04-10 13:36:52] [WARN] AI: Command failed: prend
[2026-04-10 13:36:52] [INFO] AI: Low food (3), seeking nourriture
[2026-04-10 13:36:52] [WARN] TLS read: peer closed connection
[2026-04-10 13:36:52] [ERROR] Websocket error: Peer closed connection
[2026-04-10 13:36:52] [INFO] Network loop ended
[2026-04-10 13:36:52] [INFO] Client exited. Final level: 1
