[2026-04-10 13:35:33] [INFO] Zappy Client starting...
[2026-04-10 13:35:33] [INFO] Team: team2
[2026-04-10 13:35:33] [INFO] Target Level: 8
[2026-04-10 13:35:33] [INFO] Fork enabled: yes
[2026-04-10 13:35:33] [INFO] Connecting to localhost:8674
[2026-04-10 13:35:33] [WARN] TLS: Certificate verification disabled (insecure mode)
[2026-04-10 13:35:33] [INFO] TLS context initialized successfully
[2026-04-10 13:35:33] [INFO] WebSocket: Starting connection to localhost:8674
[2026-04-10 13:35:33] [INFO] TLS handshake completed successfully
[2026-04-10 13:35:34] [INFO] WebSocket: HTTP 101 Upgrade successful
[2026-04-10 13:35:34] [INFO] WebSocket: Handshake complete, connection established
[2026-04-10 13:35:34] [INFO] Websocket connected
[2026-04-10 13:35:34] [INFO] Received bienvenue: {"type":"bienvenue","msg":"Whoa! Knock knock, whos there?"}
[2026-04-10 13:35:34] [INFO] Map size: 10x10
[2026-04-10 13:35:34] [INFO] Remaining team slots: 2
[2026-04-10 13:35:34] [INFO] Login successful! {"type":"welcome","remaining_clients":2,"map_size":{"x":10,"y":10}}
[2026-04-10 13:35:34] [INFO] Successfully logged in as team2
[2026-04-10 13:35:34] [INFO] Connected! Starting main loop...
[2026-04-10 13:35:34] [INFO] AI: Need 1 stones for next level
[2026-04-10 13:35:34] [INFO] Status: Level=1 Food=10 Forks=0
[2026-04-10 13:35:34] [INFO] AI: Need 1 stones for next level
[2026-04-10 13:35:34] [INFO] AI: Need 1 stones for next level
[2026-04-10 13:35:34] [INFO] AI: Need 1 stones for next level
[2026-04-10 13:35:34] [INFO] AI: Need 1 stones for next level
[2026-04-10 13:35:35] [INFO] AI: Need 1 stones for next level
[2026-04-10 13:35:35] [INFO] AI: Need 1 stones for next level
[2026-04-10 13:35:35] [INFO] AI: Need 1 stones for next level
[2026-04-10 13:35:35] [INFO] AI: Need 1 stones for next level
[2026-04-10 13:35:36] [INFO] AI: Need 1 stones for next level
[2026-04-10 13:35:36] [INFO] AI: Need 1 stones for next level
[2026-04-10 13:35:36] [INFO] AI: Need 1 stones for next level
[2026-04-10 13:35:36] [INFO] AI: Need 1 stones for next level
[2026-04-10 13:35:37] [INFO] AI: Need 1 stones for next level
[2026-04-10 13:35:37] [INFO] AI: Need 1 stones for next level
[2026-04-10 13:35:37] [INFO] AI: Need 1 stones for next level
[2026-04-10 13:35:37] [INFO] AI: Need 1 stones for next level
[2026-04-10 13:35:37] [INFO] AI: Need 1 stones for next level
[2026-04-10 13:35:38] [INFO] AI: Need 1 stones for next level
[2026-04-10 13:35:38] [INFO] AI: Need 1 stones for next level
[2026-04-10 13:35:38] [INFO] AI: Need 1 stones for next level
[2026-04-10 13:35:38] [INFO] AI: Need 1 stones for next level
[2026-04-10 13:35:39] [INFO] AI: Need 1 stones for next level
[2026-04-10 13:35:39] [INFO] AI: Need 1 stones for next level
[2026-04-10 13:35:39] [INFO] AI: Need 1 stones for next level
[2026-04-10 13:35:39] [INFO] AI: Need 1 stones for next level
[2026-04-10 13:35:40] [INFO] AI: Need 1 stones for next level
[2026-04-10 13:35:40] [INFO] AI: Need 1 stones for next level
[2026-04-10 13:35:40] [INFO] AI: Need 1 stones for next level
[2026-04-10 13:35:40] [INFO] AI: Need 1 stones for next level
[2026-04-10 13:35:41] [INFO] AI: Need 1 stones for next level
[2026-04-10 13:35:41] [INFO] AI: Need 1 stones for next level
[2026-04-10 13:35:41] [INFO] AI: Need 1 stones for next level
[2026-04-10 13:35:41] [INFO] AI: Need 1 stones for next level
[2026-04-10 13:35:41] [INFO] AI: Need 1 stones for next level
[2026-04-10 13:35:42] [INFO] AI: Need 1 stones for next level
[2026-04-10 13:35:42] [INFO] AI: Need 1 stones for next level
[2026-04-10 13:35:42] [INFO] AI: Need 1 stones for next level
[2026-04-10 13:35:42] [INFO] AI: Need 1 stones for next level
[2026-04-10 13:35:43] [INFO] AI: Need 1 stones for next level
[2026-04-10 13:35:43] [INFO] AI: Need 1 stones for next level
[2026-04-10 13:35:43] [INFO] AI: Need 1 stones for next level
[2026-04-10 13:35:43] [INFO] AI: Need 1 stones for next level
[2026-04-10 13:35:43] [INFO] AI: Need 1 stones for next level
[2026-04-10 13:35:44] [INFO] Status: Level=1 Food=10 Forks=0
[2026-04-10 13:35:44] [INFO] AI: Need 1 stones for next level
[2026-04-10 13:35:44] [INFO] AI: Need 1 stones for next level
[2026-04-10 13:35:44] [INFO] AI: Need 1 stones for next level
[2026-04-10 13:35:44] [INFO] AI: Need 1 stones for next level
[2026-04-10 13:35:45] [INFO] AI: Need 1 stones for next level
[2026-04-10 13:35:45] [INFO] AI: Need 1 stones for next level
[2026-04-10 13:35:45] [INFO] AI: Need 1 stones for next level
[2026-04-10 13:35:45] [INFO] AI: Need 1 stones for next level
[2026-04-10 13:35:46] [INFO] AI: Need 1 stones for next level
[2026-04-10 13:35:46] [INFO] AI: Need 1 stones for next level
[2026-04-10 13:35:46] [INFO] AI: Need 1 stones for next level
[2026-04-10 13:35:46] [INFO] AI: Need 1 stones for next level
[2026-04-10 13:35:47] [INFO] AI: Need 1 stones for next level
[2026-04-10 13:35:47] [INFO] AI: Need 1 stones for next level
[2026-04-10 13:35:47] [INFO] AI: Need 1 stones for next level
[2026-04-10 13:35:47] [INFO] AI: Need 1 stones for next level
[2026-04-10 13:35:47] [INFO] AI: Need 1 stones for next level
[2026-04-10 13:35:48] [INFO] AI: Need 1 stones for next level
[2026-04-10 13:35:48] [INFO] AI: Need 1 stones for next level
[2026-04-10 13:35:48] [INFO] AI: Need 1 stones for next level
[2026-04-10 13:35:48] [INFO] AI: Need 1 stones for next level
[2026-04-10 13:35:49] [INFO] AI: Need 1 stones for next level
[2026-04-10 13:35:49] [INFO] AI: Low food (7), seeking nourriture
[2026-04-10 13:35:49] [WARN] AI: Command failed: prend
[2026-04-10 13:35:50] [INFO] AI: Low food (7), seeking nourriture
[2026-04-10 13:35:50] [WARN] AI: Command failed: prend
[2026-04-10 13:35:50] [INFO] AI: Low food (7), seeking nourriture
[2026-04-10 13:35:50] [WARN] AI: Command failed: prend
[2026-04-10 13:35:50] [INFO] AI: Low food (7), seeking nourriture
[2026-04-10 13:35:50] [WARN] AI: Command failed: prend
[2026-04-10 13:35:50] [INFO] AI: Low food (7), seeking nourriture
[2026-04-10 13:35:50] [WARN] AI: Command failed: prend
[2026-04-10 13:35:50] [INFO] AI: Low food (7), seeking nourriture
[2026-04-10 13:35:51] [WARN] AI: Command failed: prend
[2026-04-10 13:35:51] [INFO] AI: Low food (7), seeking nourriture
[2026-04-10 13:35:51] [WARN] AI: Command failed: prend
[2026-04-10 13:35:51] [INFO] AI: Low food (7), seeking nourriture
[2026-04-10 13:35:51] [WARN] AI: Command failed: prend
[2026-04-10 13:35:51] [INFO] AI: Low food (7), seeking nourriture
[2026-04-10 13:35:51] [WARN] AI: Command failed: prend
[2026-04-10 13:35:51] [INFO] AI: Low food (7), seeking nourriture
[2026-04-10 13:35:51] [WARN] AI: Command failed: prend
[2026-04-10 13:35:52] [INFO] AI: Low food (7), seeking nourriture
[2026-04-10 13:35:52] [WARN] AI: Command failed: prend
[2026-04-10 13:35:52] [INFO] AI: Low food (7), seeking nourriture
[2026-04-10 13:35:52] [WARN] AI: Command failed: prend
[2026-04-10 13:35:52] [INFO] AI: Low food (7), seeking nourriture
[2026-04-10 13:35:53] [INFO] AI: Low food (7), seeking nourriture
[2026-04-10 13:35:53] [INFO] AI: Low food (7), seeking nourriture
[2026-04-10 13:35:54] [INFO] Status: Level=1 Food=7 Forks=0
[2026-04-10 13:35:54] [INFO] AI: Low food (7), seeking nourriture
[2026-04-10 13:35:55] [INFO] AI: Low food (7), seeking nourriture
[2026-04-10 13:35:55] [INFO] AI: Low food (7), seeking nourriture
[2026-04-10 13:35:56] [INFO] AI: Low food (7), seeking nourriture
[2026-04-10 13:35:56] [INFO] AI: Low food (7), seeking nourriture
[2026-04-10 13:35:57] [INFO] AI: Low food (7), seeking nourriture
[2026-04-10 13:35:58] [INFO] AI: Low food (7), seeking nourriture
[2026-04-10 13:35:58] [INFO] AI: Low food (7), seeking nourriture
[2026-04-10 13:35:59] [WARN] AI: Command failed: prend
[2026-04-10 13:35:59] [INFO] AI: Low food (7), seeking nourriture
[2026-04-10 13:35:59] [WARN] AI: Command failed: prend
[2026-04-10 13:35:59] [INFO] AI: Low food (3), seeking nourriture
[2026-04-10 13:35:59] [WARN] AI: Command failed: prend
[2026-04-10 13:35:59] [INFO] AI: Low food (3), seeking nourriture
[2026-04-10 13:35:59] [WARN] AI: Command failed: prend
[2026-04-10 13:35:59] [INFO] AI: Low food (3), seeking nourriture
[2026-04-10 13:35:59] [WARN] AI: Command failed: prend
[2026-04-10 13:35:59] [INFO] AI: Low food (3), seeking nourriture
[2026-04-10 13:36:00] [WARN] AI: Command failed: prend
[2026-04-10 13:36:00] [INFO] AI: Low food (3), seeking nourriture
[2026-04-10 13:36:00] [WARN] AI: Command failed: prend
[2026-04-10 13:36:00] [INFO] AI: Low food (3), seeking nourriture
[2026-04-10 13:36:00] [WARN] AI: Command failed: prend
[2026-04-10 13:36:00] [INFO] AI: Low food (3), seeking nourriture
[2026-04-10 13:36:00] [WARN] AI: Command failed: prend
[2026-04-10 13:36:00] [INFO] AI: Low food (3), seeking nourriture
[2026-04-10 13:36:00] [WARN] AI: Command failed: prend
[2026-04-10 13:36:00] [INFO] AI: Low food (3), seeking nourriture
[2026-04-10 13:36:01] [WARN] AI: Command failed: prend
[2026-04-10 13:36:01] [INFO] AI: Low food (3), seeking nourriture
[2026-04-10 13:36:01] [WARN] AI: Command failed: prend
[2026-04-10 13:36:01] [INFO] AI: Low food (3), seeking nourriture
[2026-04-10 13:36:01] [INFO] AI: Low food (3), seeking nourriture
[2026-04-10 13:36:01] [INFO] AI: Low food (3), seeking nourriture
[2026-04-10 13:36:01] [INFO] AI: Low food (3), seeking nourriture
[2026-04-10 13:36:02] [INFO] AI: Low food (3), seeking nourriture
[2026-04-10 13:36:02] [INFO] AI: Low food (3), seeking nourriture
[2026-04-10 13:36:02] [INFO] AI: Low food (3), seeking nourriture
[2026-04-10 13:36:02] [INFO] AI: Low food (3), seeking nourriture
[2026-04-10 13:36:02] [INFO] AI: Low food (3), seeking nourriture
[2026-04-10 13:36:03] [INFO] AI: Low food (3), seeking nourriture
[2026-04-10 13:36:03] [INFO] AI: Low food (3), seeking nourriture
[2026-04-10 13:36:03] [INFO] AI: Low food (3), seeking nourriture
[2026-04-10 13:36:03] [INFO] AI: Low food (3), seeking nourriture
[2026-04-10 13:36:03] [INFO] AI: Low food (3), seeking nourriture
[2026-04-10 13:36:04] [INFO] AI: Low food (3), seeking nourriture
[2026-04-10 13:36:04] [INFO] Status: Level=1 Food=3 Forks=0
[2026-04-10 13:36:04] [INFO] AI: Low food (3), seeking nourriture
[2026-04-10 13:36:04] [WARN] TLS read: peer closed connection
[2026-04-10 13:36:04] [ERROR] Websocket error: Peer closed connection
[2026-04-10 13:36:04] [INFO] Network loop ended
[2026-04-10 13:36:04] [INFO] Client exited. Final level: 1
