[0;34m=== Zappy Full Winner Probe ===[0m
Log directory: /home/jareste/hugo/zappy/logs/full_probe_20260410_140206
Port=8674 Team1=6 Team2=0 TargetLevel=8 MaxSeconds=420
TimeUnit=20 EasyAscension=1 Fork=1
[1;33mBuilding server and client...[0m
[1;33mStarting server on port 8674...[0m
[1;33mResuming server time API...[0m
Sending SIGUSR1 to PID 1290569
Signaled 1290569
[1;33mLaunching clients...[0m
[0;32mAll clients launched. Monitoring winner condition...[0m
[30s] probing... configured clients=6
[60s] probing... configured clients=6
[91s] probing... configured clients=6
[121s] probing... configured clients=6
[151s] probing... configured clients=6
[181s] probing... configured clients=6
[211s] probing... configured clients=6
[241s] probing... configured clients=6
[272s] probing... configured clients=6
[300s] probing... configured clients=6
[330s] probing... configured clients=6
[360s] probing... configured clients=6
[390s] probing... configured clients=6
[0;31mTimeout after 420s without winner condition.[0m
Last server output lines:
>>> HANDSHAKE DONE CALLED (fd=9)
>>> ATTEMPTING SSL_READ FOR HTTP REQUEST
>>> SSL_READ RETURNED: 179
>>> RECEIVED 179 BYTES, FIRST 80: GET / HTTP/1.1
Host: localhost:8674
Upgrade: websocket
Connection: Upgrade
S
>>> CALLING websocket_handshake
>>> websocket_handshake called
>>> Found key: rFw1umwKUfE/efSMJQSqJg==
>>> Accept key computed: Wv1f4a8bAzhibiQBanzUZ/wxQVY=
>>> Sending HTTP response (129 bytes):
HTTP/1.1 101 Switching Protocols
Upgrade: websocket
Connection: Upgrade
Sec-WebSocket-Accept: Wv1f4a8bAzhibiQBanzUZ/wxQVY=

<<<END_RESPONSE
>>> SSL_write returned: 129
>>> HANDSHAKE DONE CALLED (fd=10)
>>> ATTEMPTING SSL_READ FOR HTTP REQUEST
>>> SSL_READ RETURNED: 179
>>> RECEIVED 179 BYTES, FIRST 80: GET / HTTP/1.1
Host: localhost:8674
Upgrade: websocket
Connection: Upgrade
S
>>> CALLING websocket_handshake
>>> websocket_handshake called
>>> Found key: Buv5xtlhikPh89FYD8S52A==
>>> Accept key computed: 4A7QH+4cy/Y5ZWJtgo/rRPk4IfM=
>>> Sending HTTP response (129 bytes):
HTTP/1.1 101 Switching Protocols
Upgrade: websocket
Connection: Upgrade
Sec-WebSocket-Accept: 4A7QH+4cy/Y5ZWJtgo/rRPk4IfM=

<<<END_RESPONSE
>>> SSL_write returned: 129
Last server game-log lines:
[7965] Players on tile (1,7):
[7965]  - Player 19 (team 1, lvl 1, dir 3)
[7965] Player -1 has died. '7965', '5445'
[7965] Actual time: 7965
[7965] Player inventory:
[7965]  - nourriture: 0
[7965]  - linemate:   0
[7965]  - deraumere:  0
[7965]  - sibur:      0
[7965]  - mendiane:   0
[7965]  - phiras:     0
[7965]  - thystame:   0
[7965] Player position: (1,7)
[7965] Player -1 has died
[7976] Egg 19 created player 10 at (4,1) for team 1
[7976] Egg 19 hatched at 7976
[8083] Player 5 (team 1) forked egg 23 at (8,0) to hatch at 8683
[8107] Client fd=5 sent a ping, ignoring it
[8108] Client fd=6 sent a ping, ignoring it
[8110] Client fd=7 sent a ping, ignoring it
[8111] Client fd=8 sent a ping, ignoring it
[8115] Client fd=9 sent a ping, ignoring it
[8117] Client fd=10 sent a ping, ignoring it
[8186] Players on tile (5,2):
[8186]  - Player 29 (team 1, lvl 1, dir 1)
[8186] Player -1 has died. '8186', '5666'
[8186] Actual time: 8186
[8186] Player inventory:
[8186]  - nourriture: 0
[8186]  - linemate:   0
[8186]  - deraumere:  0
[8186]  - sibur:      0
[8186]  - mendiane:   0
[8186]  - phiras:     0
[8186]  - thystame:   0
[8186] Player position: (5,2)
[8186] Player -1 has died
[8220] Egg 20 created player 11 at (0,7) for team 1
[8220] Egg 20 hatched at 8220
[8284] Player 5 (team 1) forked egg 24 at (2,1) to hatch at 8884

[1;33mCleaning up processes...[0m
