[1;31m[0] Time api resumed
[0m>>> HANDSHAKE DONE CALLED (fd=5)
>>> ATTEMPTING SSL_READ FOR HTTP REQUEST
>>> SSL_READ RETURNED: 179
>>> RECEIVED 179 BYTES, FIRST 80: GET / HTTP/1.1
Host: localhost:8674
Upgrade: websocket
Connection: Upgrade
S
>>> CALLING websocket_handshake
>>> websocket_handshake called
>>> Found key: BMZP/E2SCZLpUj551mcrLA==
>>> Accept key computed: mgX6uSwKfeGBxw6bGI+JL6El944=
>>> Sending HTTP response (129 bytes):
HTTP/1.1 101 Switching Protocols
Upgrade: websocket
Connection: Upgrade
Sec-WebSocket-Accept: mgX6uSwKfeGBxw6bGI+JL6El944=

<<<END_RESPONSE
>>> SSL_write returned: 129
>>> HANDSHAKE DONE CALLED (fd=6)
>>> ATTEMPTING SSL_READ FOR HTTP REQUEST
>>> SSL_READ RETURNED: 179
>>> RECEIVED 179 BYTES, FIRST 80: GET / HTTP/1.1
Host: localhost:8674
Upgrade: websocket
Connection: Upgrade
S
>>> CALLING websocket_handshake
>>> websocket_handshake called
>>> Found key: 4URDqR/vRlBC+x8TyCLEjA==
>>> Accept key computed: fPo5St/OUD8fj/mkJstBMEcV66I=
>>> Sending HTTP response (129 bytes):
HTTP/1.1 101 Switching Protocols
Upgrade: websocket
Connection: Upgrade
Sec-WebSocket-Accept: fPo5St/OUD8fj/mkJstBMEcV66I=

<<<END_RESPONSE
>>> SSL_write returned: 129
>>> HANDSHAKE DONE CALLED (fd=7)
>>> ATTEMPTING SSL_READ FOR HTTP REQUEST
>>> SSL_READ RETURNED: 179
>>> RECEIVED 179 BYTES, FIRST 80: GET / HTTP/1.1
Host: localhost:8674
Upgrade: websocket
Connection: Upgrade
S
>>> CALLING websocket_handshake
>>> websocket_handshake called
>>> Found key: /xLO0xTXu7iyeyiIFR05/Q==
>>> Accept key computed: NcVs5igqCys8W38RdnVpJnekyps=
>>> Sending HTTP response (129 bytes):
HTTP/1.1 101 Switching Protocols
Upgrade: websocket
Connection: Upgrade
Sec-WebSocket-Accept: NcVs5igqCys8W38RdnVpJnekyps=

<<<END_RESPONSE
>>> SSL_write returned: 129
>>> HANDSHAKE DONE CALLED (fd=8)
>>> ATTEMPTING SSL_READ FOR HTTP REQUEST
>>> SSL_READ RETURNED: 179
>>> RECEIVED 179 BYTES, FIRST 80: GET / HTTP/1.1
Host: localhost:8674
Upgrade: websocket
Connection: Upgrade
S
>>> CALLING websocket_handshake
>>> websocket_handshake called
>>> Found key: Jr8m+p/Q85DtZ4ZRdpMRew==
>>> Accept key computed: AR/thMs8Q0g2taHrnIDJM6oU2L8=
>>> Sending HTTP response (129 bytes):
HTTP/1.1 101 Switching Protocols
Upgrade: websocket
Connection: Upgrade
Sec-WebSocket-Accept: AR/thMs8Q0g2taHrnIDJM6oU2L8=

<<<END_RESPONSE
>>> SSL_write returned: 129
>>> HANDSHAKE DONE CALLED (fd=9)
>>> ATTEMPTING SSL_READ FOR HTTP REQUEST
>>> SSL_READ RETURNED: 179
>>> RECEIVED 179 BYTES, FIRST 80: GET / HTTP/1.1
Host: localhost:8674
Upgrade: websocket
Connection: Upgrade
S
>>> CALLING websocket_handshake
>>> websocket_handshake called
>>> Found key: rFw1umwKUfE/efSMJQSqJg==
>>> Accept key computed: Wv1f4a8bAzhibiQBanzUZ/wxQVY=
>>> Sending HTTP response (129 bytes):
HTTP/1.1 101 Switching Protocols
Upgrade: websocket
Connection: Upgrade
Sec-WebSocket-Accept: Wv1f4a8bAzhibiQBanzUZ/wxQVY=

<<<END_RESPONSE
>>> SSL_write returned: 129
>>> HANDSHAKE DONE CALLED (fd=10)
>>> ATTEMPTING SSL_READ FOR HTTP REQUEST
>>> SSL_READ RETURNED: 179
>>> RECEIVED 179 BYTES, FIRST 80: GET / HTTP/1.1
Host: localhost:8674
Upgrade: websocket
Connection: Upgrade
S
>>> CALLING websocket_handshake
>>> websocket_handshake called
>>> Found key: Buv5xtlhikPh89FYD8S52A==
>>> Accept key computed: 4A7QH+4cy/Y5ZWJtgo/rRPk4IfM=
>>> Sending HTTP response (129 bytes):
HTTP/1.1 101 Switching Protocols
Upgrade: websocket
Connection: Upgrade
Sec-WebSocket-Accept: 4A7QH+4cy/Y5ZWJtgo/rRPk4IfM=

<<<END_RESPONSE
>>> SSL_write returned: 129
>>> HANDSHAKE DONE CALLED (fd=11)
>>> ATTEMPTING SSL_READ FOR HTTP REQUEST
>>> SSL_READ RETURNED: 179
>>> RECEIVED 179 BYTES, FIRST 80: GET / HTTP/1.1
Host: localhost:8674
Upgrade: websocket
Connection: Upgrade
S
>>> CALLING websocket_handshake
>>> websocket_handshake called
>>> Found key: OSfPPkb3sxYoFxt08BBb9Q==
>>> Accept key computed: ZyPBg16YJnZm4X9Yeqqaj3PTgqc=
>>> Sending HTTP response (129 bytes):
HTTP/1.1 101 Switching Protocols
Upgrade: websocket
Connection: Upgrade
Sec-WebSocket-Accept: ZyPBg16YJnZm4X9Yeqqaj3PTgqc=

<<<END_RESPONSE
>>> SSL_write returned: 129
[1;31m[10940] SSL_read error[196]: 0
[0m