[2026-04-10 14:19:36] [INFO] Zappy Client starting...
[2026-04-10 14:19:36] [INFO] Team: team1
[2026-04-10 14:19:36] [INFO] Target Level: 8
[2026-04-10 14:19:36] [INFO] Fork enabled: yes
[2026-04-10 14:19:36] [INFO] Connecting to localhost:8674
[2026-04-10 14:19:36] [WARN] TLS: Certificate verification disabled (insecure mode)
[2026-04-10 14:19:36] [INFO] TLS context initialized successfully
[2026-04-10 14:19:36] [INFO] WebSocket: Starting connection to localhost:8674
[2026-04-10 14:19:36] [INFO] TLS handshake completed successfully
[2026-04-10 14:19:36] [INFO] WebSocket: HTTP 101 Upgrade successful
[2026-04-10 14:19:36] [INFO] WebSocket: Handshake complete, connection established
[2026-04-10 14:19:36] [INFO] Websocket connected
[2026-04-10 14:19:36] [INFO] Received bienvenue: {"type":"bienvenue","msg":"Whoa! Knock knock, whos there?"}
[2026-04-10 14:19:37] [INFO] Map size: 10x10
[2026-04-10 14:19:37] [INFO] Remaining team slots: 6
[2026-04-10 14:19:37] [INFO] Login successful! {"type":"welcome","remaining_clients":6,"map_size":{"x":10,"y":10}}
[2026-04-10 14:19:37] [INFO] Successfully logged in as team1
[2026-04-10 14:19:37] [INFO] Connected! Starting main loop...
[2026-04-10 14:19:37] [INFO] AI: Need 1 stones for next level
[2026-04-10 14:19:37] [INFO] Status: Level=1 Food=10 Forks=0
[2026-04-10 14:19:37] [INFO] AI: Need 1 stones for next level
[2026-04-10 14:19:41] [WARN] AI: Command failed: prend
[2026-04-10 14:19:41] [INFO] AI: Need 1 stones for next level
[2026-04-10 14:19:41] [INFO] AI: Need 1 stones for next level
[2026-04-10 14:19:42] [INFO] AI: Need 1 stones for next level
[2026-04-10 14:19:42] [INFO] AI: Need 1 stones for next level
[2026-04-10 14:19:43] [INFO] AI: Need 1 stones for next level
[2026-04-10 14:19:43] [INFO] AI: Need 1 stones for next level
[2026-04-10 14:19:44] [INFO] AI: Need 1 stones for next level
[2026-04-10 14:19:44] [INFO] AI: Need 1 stones for next level
[2026-04-10 14:19:45] [INFO] AI: Need 1 stones for next level
[2026-04-10 14:19:45] [INFO] AI: Need 1 stones for next level
[2026-04-10 14:19:46] [INFO] AI: Need 1 stones for next level
[2026-04-10 14:19:46] [INFO] AI: Need 1 stones for next level
[2026-04-10 14:19:47] [INFO] Status: Level=1 Food=15 Forks=0
[2026-04-10 14:19:47] [INFO] AI: Need 1 stones for next level
[2026-04-10 14:19:47] [INFO] AI: Need 1 stones for next level
[2026-04-10 14:19:48] [INFO] AI: Need 1 stones for next level
[2026-04-10 14:19:48] [INFO] AI: Need 1 stones for next level
[2026-04-10 14:19:49] [INFO] AI: Need 1 stones for next level
[2026-04-10 14:19:49] [INFO] AI: Need 1 stones for next level
[2026-04-10 14:19:49] [INFO] AI: Need 1 stones for next level
[2026-04-10 14:19:50] [INFO] AI: Need 1 stones for next level
[2026-04-10 14:19:51] [INFO] AI: Need 1 stones for next level
[2026-04-10 14:19:51] [INFO] AI: Need 1 stones for next level
[2026-04-10 14:19:51] [INFO] AI: Need 1 stones for next level
[2026-04-10 14:19:52] [INFO] AI: Need 1 stones for next level
[2026-04-10 14:19:53] [INFO] AI: Need 1 stones for next level
[2026-04-10 14:19:53] [INFO] AI: Need 1 stones for next level
[2026-04-10 14:19:53] [INFO] AI: Need 1 stones for next level
[2026-04-10 14:19:54] [INFO] AI: Need 1 stones for next level
[2026-04-10 14:19:54] [INFO] AI: Need 1 stones for next level
[2026-04-10 14:19:55] [INFO] AI: Need 1 stones for next level
[2026-04-10 14:19:55] [INFO] AI: Need 1 stones for next level
[2026-04-10 14:19:56] [INFO] AI: Need 1 stones for next level
[2026-04-10 14:19:56] [INFO] AI: Need 1 stones for next level
[2026-04-10 14:19:57] [INFO] Status: Level=1 Food=15 Forks=0
[2026-04-10 14:19:57] [INFO] AI: Need 1 stones for next level
[2026-04-10 14:19:57] [INFO] AI: Need 1 stones for next level
[2026-04-10 14:19:58] [INFO] AI: Need 1 stones for next level
[2026-04-10 14:19:58] [INFO] AI: Need 1 stones for next level
[2026-04-10 14:19:59] [INFO] AI: Need 1 stones for next level
[2026-04-10 14:19:59] [INFO] AI: Need 1 stones for next level
[2026-04-10 14:20:00] [INFO] AI: Need 1 stones for next level
[2026-04-10 14:20:00] [INFO] AI: Need 1 stones for next level
[2026-04-10 14:20:01] [INFO] AI: Need 1 stones for next level
[2026-04-10 14:20:01] [INFO] AI: Need 1 stones for next level
[2026-04-10 14:20:02] [INFO] AI: Need 1 stones for next level
[2026-04-10 14:20:02] [INFO] AI: Need 1 stones for next level
[2026-04-10 14:20:03] [INFO] AI: Need 1 stones for next level
[2026-04-10 14:20:03] [INFO] AI: Need 1 stones for next level
[2026-04-10 14:20:04] [INFO] AI: Need 1 stones for next level
[2026-04-10 14:20:04] [INFO] AI: Need 1 stones for next level
[2026-04-10 14:20:05] [INFO] AI: Need 1 stones for next level
[2026-04-10 14:20:05] [INFO] AI: Need 1 stones for next level
[2026-04-10 14:20:06] [INFO] AI: Need 1 stones for next level
[2026-04-10 14:20:06] [INFO] AI: Need 1 stones for next level
[2026-04-10 14:20:06] [INFO] AI: Need 1 stones for next level
[2026-04-10 14:20:07] [INFO] Status: Level=1 Food=15 Forks=0
[2026-04-10 14:20:07] [INFO] AI: Need 1 stones for next level
[2026-04-10 14:20:07] [INFO] AI: Need 1 stones for next level
[2026-04-10 14:20:08] [INFO] AI: Need 1 stones for next level
[2026-04-10 14:20:08] [INFO] AI: Need 1 stones for next level
[2026-04-10 14:20:09] [INFO] AI: Need 1 stones for next level
[2026-04-10 14:20:10] [INFO] AI: Need 1 stones for next level
[2026-04-10 14:20:10] [INFO] AI: Need 1 stones for next level
[2026-04-10 14:20:10] [INFO] AI: Need 1 stones for next level
[2026-04-10 14:20:11] [INFO] AI: Need 1 stones for next level
[2026-04-10 14:20:11] [INFO] AI: Need 1 stones for next level
[2026-04-10 14:20:12] [INFO] AI: Need 1 stones for next level
[2026-04-10 14:20:12] [INFO] AI: Need 1 stones for next level
[2026-04-10 14:20:13] [INFO] AI: Need 1 stones for next level
[2026-04-10 14:20:13] [INFO] AI: Need 1 stones for next level
[2026-04-10 14:20:14] [INFO] AI: Need 1 stones for next level
[2026-04-10 14:20:14] [INFO] AI: Need 1 stones for next level
[2026-04-10 14:20:15] [INFO] AI: Need 1 stones for next level
[2026-04-10 14:20:15] [INFO] AI: Need 1 stones for next level
[2026-04-10 14:20:16] [INFO] AI: Need 1 stones for next level
[2026-04-10 14:20:16] [INFO] AI: Need 1 stones for next level
[2026-04-10 14:20:17] [INFO] Status: Level=1 Food=15 Forks=0
[2026-04-10 14:20:17] [INFO] AI: Need 1 stones for next level
[2026-04-10 14:20:17] [INFO] AI: Need 1 stones for next level
[2026-04-10 14:20:18] [INFO] AI: Need 1 stones for next level
[2026-04-10 14:20:18] [INFO] AI: Need 1 stones for next level
[2026-04-10 14:20:18] [INFO] AI: Need 1 stones for next level
[2026-04-10 14:20:19] [INFO] AI: Need 1 stones for next level
[2026-04-10 14:20:22] [WARN] AI: Command failed: prend
[2026-04-10 14:20:22] [INFO] AI: Need 1 stones for next level
[2026-04-10 14:20:25] [WARN] AI: Command failed: prend
[2026-04-10 14:20:25] [INFO] AI: Forking to increase team size
[2026-04-10 14:20:27] [INFO] Status: Level=1 Food=19 Forks=0
[2026-04-10 14:20:27] [INFO] Fork successful! Total forks: 1
[2026-04-10 14:20:27] [INFO] Fork successful! Total forks: 2
[2026-04-10 14:20:28] [INFO] AI: Need 1 stones for next level
[2026-04-10 14:20:29] [INFO] AI: Need 1 stones for next level
[2026-04-10 14:20:29] [INFO] AI: Need 1 stones for next level
[2026-04-10 14:20:30] [INFO] AI: Need 1 stones for next level
[2026-04-10 14:20:30] [INFO] AI: Need 1 stones for next level
[2026-04-10 14:20:31] [INFO] AI: Need 1 stones for next level
[2026-04-10 14:20:31] [INFO] AI: Need 1 stones for next level
[2026-04-10 14:20:32] [INFO] AI: Need 1 stones for next level
[2026-04-10 14:20:34] [WARN] AI: Command failed: prend
[2026-04-10 14:20:34] [INFO] AI: Need 1 stones for next level
[2026-04-10 14:20:35] [INFO] AI: Need 1 stones for next level
[2026-04-10 14:20:35] [INFO] AI: Need 1 stones for next level
[2026-04-10 14:20:36] [INFO] AI: Need 1 stones for next level
[2026-04-10 14:20:36] [INFO] AI: Need 1 stones for next level
[2026-04-10 14:20:37] [INFO] Status: Level=1 Food=25 Forks=2
[2026-04-10 14:20:37] [INFO] AI: Need 1 stones for next level
[2026-04-10 14:20:37] [INFO] AI: Need 1 stones for next level
[2026-04-10 14:20:38] [INFO] AI: Need 1 stones for next level
[2026-04-10 14:20:38] [INFO] AI: Need 1 stones for next level
[2026-04-10 14:20:38] [INFO] AI: Need 1 stones for next level
[2026-04-10 14:20:39] [INFO] AI: Need 1 stones for next level
[2026-04-10 14:20:40] [INFO] AI: Need 1 stones for next level
[2026-04-10 14:20:40] [INFO] AI: Need 1 stones for next level
[2026-04-10 14:20:40] [INFO] AI: Need 1 stones for next level
[2026-04-10 14:20:41] [INFO] AI: Need 1 stones for next level
[2026-04-10 14:20:42] [INFO] AI: Need 1 stones for next level
[2026-04-10 14:20:42] [INFO] AI: Need 1 stones for next level
[2026-04-10 14:20:42] [INFO] AI: Need 1 stones for next level
[2026-04-10 14:20:43] [INFO] AI: Need 1 stones for next level
[2026-04-10 14:20:43] [INFO] AI: Need 1 stones for next level
[2026-04-10 14:20:44] [INFO] AI: Need 1 stones for next level
[2026-04-10 14:20:44] [INFO] AI: Need 1 stones for next level
[2026-04-10 14:20:45] [INFO] AI: Need 1 stones for next level
[2026-04-10 14:20:45] [INFO] AI: Need 1 stones for next level
[2026-04-10 14:20:46] [INFO] AI: Need 1 stones for next level
[2026-04-10 14:20:46] [INFO] AI: Need 1 stones for next level
[2026-04-10 14:20:47] [INFO] Status: Level=1 Food=25 Forks=2
[2026-04-10 14:20:47] [INFO] AI: Need 1 stones for next level
[2026-04-10 14:20:47] [INFO] AI: Need 1 stones for next level
[2026-04-10 14:20:48] [INFO] AI: Need 1 stones for next level
[2026-04-10 14:20:48] [INFO] AI: Need 1 stones for next level
[2026-04-10 14:20:49] [INFO] AI: Need 1 stones for next level
[2026-04-10 14:20:49] [INFO] AI: Need 1 stones for next level
[2026-04-10 14:20:50] [INFO] AI: Need 1 stones for next level
[2026-04-10 14:20:50] [INFO] AI: Need 1 stones for next level
[2026-04-10 14:20:50] [INFO] AI: Need 1 stones for next level
[2026-04-10 14:20:51] [INFO] AI: Need 1 stones for next level
[2026-04-10 14:20:52] [INFO] AI: Need 1 stones for next level
[2026-04-10 14:20:52] [INFO] AI: Need 1 stones for next level
[2026-04-10 14:20:52] [INFO] AI: Need 1 stones for next level
[2026-04-10 14:20:53] [INFO] AI: Need 1 stones for next level
[2026-04-10 14:20:54] [INFO] AI: Need 1 stones for next level
[2026-04-10 14:20:54] [INFO] AI: Need 1 stones for next level
[2026-04-10 14:20:54] [INFO] AI: Need 1 stones for next level
[2026-04-10 14:20:55] [INFO] AI: Need 1 stones for next level
[2026-04-10 14:20:55] [INFO] AI: Need 1 stones for next level
[2026-04-10 14:20:56] [INFO] AI: Need 1 stones for next level
[2026-04-10 14:20:56] [INFO] AI: Need 1 stones for next level
[2026-04-10 14:20:57] [INFO] Status: Level=1 Food=23 Forks=2
[2026-04-10 14:20:57] [INFO] AI: Need 1 stones for next level
[2026-04-10 14:20:57] [INFO] AI: Need 1 stones for next level
[2026-04-10 14:20:58] [INFO] AI: Need 1 stones for next level
[2026-04-10 14:20:59] [INFO] AI: Need 1 stones for next level
[2026-04-10 14:20:59] [INFO] AI: Need 1 stones for next level
[2026-04-10 14:20:59] [INFO] AI: Need 1 stones for next level
[2026-04-10 14:21:00] [INFO] AI: Need 1 stones for next level
[2026-04-10 14:21:00] [INFO] AI: Need 1 stones for next level
[2026-04-10 14:21:01] [INFO] AI: Need 1 stones for next level
[2026-04-10 14:21:01] [INFO] AI: Need 1 stones for next level
[2026-04-10 14:21:02] [INFO] AI: Need 1 stones for next level
[2026-04-10 14:21:02] [INFO] AI: Need 1 stones for next level
[2026-04-10 14:21:03] [INFO] AI: Need 1 stones for next level
[2026-04-10 14:21:03] [INFO] AI: Need 1 stones for next level
[2026-04-10 14:21:04] [INFO] AI: Need 1 stones for next level
[2026-04-10 14:21:04] [INFO] AI: Need 1 stones for next level
[2026-04-10 14:21:05] [INFO] AI: Need 1 stones for next level
[2026-04-10 14:21:05] [INFO] AI: Need 1 stones for next level
[2026-04-10 14:21:06] [INFO] AI: Need 1 stones for next level
[2026-04-10 14:21:06] [INFO] AI: Need 1 stones for next level
[2026-04-10 14:21:07] [INFO] AI: Need 1 stones for next level
[2026-04-10 14:21:07] [INFO] Status: Level=1 Food=22 Forks=2
[2026-04-10 14:21:07] [INFO] AI: Need 1 stones for next level
[2026-04-10 14:21:07] [INFO] AI: Need 1 stones for next level
[2026-04-10 14:21:08] [INFO] AI: Need 1 stones for next level
[2026-04-10 14:21:10] [WARN] AI: Command failed: prend
[2026-04-10 14:21:10] [INFO] AI: Need 1 stones for next level
[2026-04-10 14:21:13] [WARN] AI: Command failed: prend
[2026-04-10 14:21:13] [INFO] AI: Need 1 stones for next level
[2026-04-10 14:21:13] [INFO] AI: Need 1 stones for next level
[2026-04-10 14:21:13] [INFO] AI: Need 1 stones for next level
[2026-04-10 14:21:14] [INFO] AI: Need 1 stones for next level
[2026-04-10 14:21:14] [INFO] AI: Need 1 stones for next level
[2026-04-10 14:21:15] [INFO] AI: Need 1 stones for next level
[2026-04-10 14:21:15] [INFO] AI: Need 1 stones for next level
[2026-04-10 14:21:16] [INFO] AI: Need 1 stones for next level
[2026-04-10 14:21:16] [INFO] AI: Need 1 stones for next level
[2026-04-10 14:21:17] [INFO] AI: Need 1 stones for next level
[2026-04-10 14:21:17] [INFO] Status: Level=1 Food=27 Forks=2
[2026-04-10 14:21:19] [WARN] AI: Command failed: prend
[2026-04-10 14:21:19] [INFO] AI: Need 1 stones for next level
[2026-04-10 14:21:21] [WARN] AI: Command failed: prend
[2026-04-10 14:21:21] [INFO] AI: Need 1 stones for next level
[2026-04-10 14:21:21] [INFO] AI: Need 1 stones for next level
[2026-04-10 14:21:22] [INFO] AI: Need 1 stones for next level
[2026-04-10 14:21:22] [INFO] AI: Need 1 stones for next level
[2026-04-10 14:21:23] [INFO] AI: Need 1 stones for next level
[2026-04-10 14:21:23] [INFO] AI: Need 1 stones for next level
[2026-04-10 14:21:24] [INFO] AI: Need 1 stones for next level
[2026-04-10 14:21:24] [INFO] AI: Need 1 stones for next level
[2026-04-10 14:21:25] [INFO] AI: Need 1 stones for next level
[2026-04-10 14:21:25] [INFO] AI: Need 1 stones for next level
[2026-04-10 14:21:25] [INFO] AI: Need 1 stones for next level
[2026-04-10 14:21:26] [INFO] AI: Need 1 stones for next level
[2026-04-10 14:21:27] [INFO] AI: Need 1 stones for next level
[2026-04-10 14:21:27] [INFO] Status: Level=1 Food=32 Forks=2
[2026-04-10 14:21:27] [INFO] AI: Need 1 stones for next level
[2026-04-10 14:21:28] [INFO] AI: Need 1 stones for next level
[2026-04-10 14:21:28] [INFO] AI: Need 1 stones for next level
[2026-04-10 14:21:29] [INFO] AI: Need 1 stones for next level
[2026-04-10 14:21:29] [INFO] AI: Need 1 stones for next level
[2026-04-10 14:21:29] [INFO] AI: Need 1 stones for next level
[2026-04-10 14:21:30] [INFO] AI: Need 1 stones for next level
[2026-04-10 14:21:30] [INFO] AI: Need 1 stones for next level
[2026-04-10 14:21:31] [INFO] AI: Need 1 stones for next level
[2026-04-10 14:21:32] [INFO] AI: Need 1 stones for next level
[2026-04-10 14:21:32] [INFO] AI: Need 1 stones for next level
[2026-04-10 14:21:32] [INFO] AI: Need 1 stones for next level
[2026-04-10 14:21:33] [INFO] AI: Need 1 stones for next level
[2026-04-10 14:21:34] [INFO] AI: Need 1 stones for next level
[2026-04-10 14:21:34] [INFO] AI: Need 1 stones for next level
[2026-04-10 14:21:34] [INFO] AI: Need 1 stones for next level
[2026-04-10 14:21:35] [INFO] AI: Need 1 stones for next level
[2026-04-10 14:21:35] [INFO] AI: Need 1 stones for next level
[2026-04-10 14:21:36] [INFO] AI: Need 1 stones for next level
[2026-04-10 14:21:36] [INFO] AI: Need 1 stones for next level
[2026-04-10 14:21:37] [INFO] AI: Need 1 stones for next level
[2026-04-10 14:21:37] [INFO] Status: Level=1 Food=30 Forks=2
[2026-04-10 14:21:37] [INFO] AI: Need 1 stones for next level
[2026-04-10 14:21:38] [INFO] AI: Need 1 stones for next level
[2026-04-10 14:21:38] [INFO] AI: Need 1 stones for next level
[2026-04-10 14:21:39] [INFO] AI: Need 1 stones for next level
[2026-04-10 14:21:39] [INFO] AI: Need 1 stones for next level
[2026-04-10 14:21:40] [INFO] AI: Need 1 stones for next level
[2026-04-10 14:21:40] [INFO] AI: Need 1 stones for next level
[2026-04-10 14:21:41] [INFO] AI: Need 1 stones for next level
[2026-04-10 14:21:41] [INFO] AI: Need 1 stones for next level
[2026-04-10 14:21:42] [INFO] AI: Need 1 stones for next level
[2026-04-10 14:21:42] [INFO] AI: Need 1 stones for next level
[2026-04-10 14:21:42] [INFO] AI: Need 1 stones for next level
[2026-04-10 14:21:43] [INFO] AI: Need 1 stones for next level
[2026-04-10 14:21:44] [INFO] AI: Need 1 stones for next level
[2026-04-10 14:21:44] [INFO] AI: Need 1 stones for next level
[2026-04-10 14:21:44] [INFO] AI: Need 1 stones for next level
[2026-04-10 14:21:45] [INFO] AI: Need 1 stones for next level
[2026-04-10 14:21:46] [INFO] AI: Need 1 stones for next level
[2026-04-10 14:21:46] [INFO] AI: Need 1 stones for next level
[2026-04-10 14:21:46] [INFO] AI: Need 1 stones for next level
[2026-04-10 14:21:47] [INFO] Status: Level=1 Food=29 Forks=2
[2026-04-10 14:21:47] [INFO] AI: Need 1 stones for next level
[2026-04-10 14:21:47] [INFO] AI: Need 1 stones for next level
[2026-04-10 14:21:48] [INFO] AI: Need 1 stones for next level
[2026-04-10 14:21:48] [INFO] AI: Need 1 stones for next level
[2026-04-10 14:21:49] [INFO] AI: Need 1 stones for next level
[2026-04-10 14:21:49] [INFO] AI: Need 1 stones for next level
[2026-04-10 14:21:50] [INFO] AI: Need 1 stones for next level
[2026-04-10 14:21:50] [INFO] AI: Need 1 stones for next level
[2026-04-10 14:21:51] [INFO] AI: Need 1 stones for next level
[2026-04-10 14:21:51] [INFO] AI: Need 1 stones for next level
[2026-04-10 14:21:52] [INFO] AI: Need 1 stones for next level
[2026-04-10 14:21:52] [INFO] AI: Need 1 stones for next level
[2026-04-10 14:21:53] [INFO] AI: Need 1 stones for next level
[2026-04-10 14:21:53] [INFO] AI: Need 1 stones for next level
[2026-04-10 14:21:54] [INFO] AI: Need 1 stones for next level
[2026-04-10 14:21:54] [INFO] AI: Need 1 stones for next level
[2026-04-10 14:21:55] [INFO] AI: Need 1 stones for next level
[2026-04-10 14:21:55] [INFO] AI: Need 1 stones for next level
[2026-04-10 14:21:56] [INFO] AI: Need 1 stones for next level
[2026-04-10 14:21:56] [INFO] AI: Need 1 stones for next level
[2026-04-10 14:21:57] [INFO] AI: Need 1 stones for next level
[2026-04-10 14:21:57] [INFO] Status: Level=1 Food=27 Forks=2
[2026-04-10 14:21:57] [INFO] AI: Need 1 stones for next level
[2026-04-10 14:21:58] [INFO] AI: Need 1 stones for next level
[2026-04-10 14:21:58] [INFO] AI: Need 1 stones for next level
[2026-04-10 14:21:59] [INFO] AI: Need 1 stones for next level
[2026-04-10 14:21:59] [INFO] AI: Forking to increase team size
[2026-04-10 14:22:01] [INFO] Fork successful! Total forks: 3
[2026-04-10 14:22:01] [INFO] Fork successful! Total forks: 4
[2026-04-10 14:22:02] [INFO] AI: Need 1 stones for next level
[2026-04-10 14:22:03] [INFO] AI: Need 1 stones for next level
[2026-04-10 14:22:03] [INFO] AI: Need 1 stones for next level
[2026-04-10 14:22:04] [INFO] AI: Need 1 stones for next level
[2026-04-10 14:22:04] [INFO] AI: Need 1 stones for next level
[2026-04-10 14:22:05] [INFO] AI: Need 1 stones for next level
[2026-04-10 14:22:05] [INFO] AI: Need 1 stones for next level
[2026-04-10 14:22:05] [INFO] AI: Need 1 stones for next level
[2026-04-10 14:22:06] [INFO] AI: Need 1 stones for next level
[2026-04-10 14:22:06] [INFO] AI: Need 1 stones for next level
[2026-04-10 14:22:07] [INFO] Status: Level=1 Food=25 Forks=4
[2026-04-10 14:22:07] [INFO] AI: Need 1 stones for next level
[2026-04-10 14:22:07] [INFO] AI: Need 1 stones for next level
[2026-04-10 14:22:08] [INFO] AI: Need 1 stones for next level
[2026-04-10 14:22:08] [INFO] AI: Need 1 stones for next level
[2026-04-10 14:22:09] [INFO] AI: Need 1 stones for next level
[2026-04-10 14:22:10] [INFO] AI: Need 1 stones for next level
[2026-04-10 14:22:10] [INFO] AI: Need 1 stones for next level
[2026-04-10 14:22:10] [INFO] AI: Need 1 stones for next level
[2026-04-10 14:22:11] [INFO] AI: Need 1 stones for next level
[2026-04-10 14:22:11] [INFO] AI: Need 1 stones for next level
[2026-04-10 14:22:12] [INFO] AI: Need 1 stones for next level
[2026-04-10 14:22:12] [INFO] AI: Need 1 stones for next level
[2026-04-10 14:22:13] [INFO] AI: Need 1 stones for next level
[2026-04-10 14:22:13] [INFO] AI: Need 1 stones for next level
[2026-04-10 14:22:14] [INFO] AI: Need 1 stones for next level
[2026-04-10 14:22:14] [INFO] AI: Forking to increase team size
[2026-04-10 14:22:16] [INFO] Fork successful! Total forks: 5
[2026-04-10 14:22:16] [INFO] Fork successful! Total forks: 6
[2026-04-10 14:22:17] [INFO] Status: Level=1 Food=24 Forks=6
[2026-04-10 14:22:17] [INFO] AI: Need 1 stones for next level
[2026-04-10 14:22:17] [INFO] AI: Need 1 stones for next level
[2026-04-10 14:22:18] [INFO] AI: Need 1 stones for next level
[2026-04-10 14:22:18] [INFO] AI: Need 1 stones for next level
[2026-04-10 14:22:19] [INFO] AI: Need 1 stones for next level
[2026-04-10 14:22:19] [INFO] AI: Need 1 stones for next level
[2026-04-10 14:22:20] [INFO] AI: Need 1 stones for next level
[2026-04-10 14:22:20] [INFO] AI: Need 1 stones for next level
[2026-04-10 14:22:21] [INFO] AI: Need 1 stones for next level
[2026-04-10 14:22:21] [INFO] AI: Need 1 stones for next level
[2026-04-10 14:22:22] [INFO] AI: Need 1 stones for next level
[2026-04-10 14:22:22] [INFO] AI: Need 1 stones for next level
[2026-04-10 14:22:23] [INFO] AI: Need 1 stones for next level
[2026-04-10 14:22:23] [INFO] AI: Need 1 stones for next level
[2026-04-10 14:22:24] [INFO] AI: Need 1 stones for next level
[2026-04-10 14:22:24] [INFO] AI: Need 1 stones for next level
[2026-04-10 14:22:25] [INFO] AI: Need 1 stones for next level
[2026-04-10 14:22:25] [INFO] AI: Need 1 stones for next level
[2026-04-10 14:22:25] [INFO] AI: Need 1 stones for next level
[2026-04-10 14:22:26] [INFO] AI: Forking to increase team size
[2026-04-10 14:22:27] [INFO] Status: Level=1 Food=22 Forks=6
[2026-04-10 14:22:28] [INFO] Fork successful! Total forks: 7
[2026-04-10 14:22:28] [INFO] Fork successful! Total forks: 8
[2026-04-10 14:22:29] [INFO] AI: Need 1 stones for next level
[2026-04-10 14:22:30] [INFO] AI: Need 1 stones for next level
[2026-04-10 14:22:30] [INFO] AI: Need 1 stones for next level
[2026-04-10 14:22:31] [INFO] AI: Need 1 stones for next level
[2026-04-10 14:22:31] [INFO] AI: Need 1 stones for next level
[2026-04-10 14:22:32] [INFO] AI: Need 1 stones for next level
[2026-04-10 14:22:32] [INFO] AI: Need 1 stones for next level
[2026-04-10 14:22:33] [INFO] AI: Need 1 stones for next level
[2026-04-10 14:22:33] [INFO] AI: Need 1 stones for next level
[2026-04-10 14:22:34] [INFO] AI: Need 1 stones for next level
[2026-04-10 14:22:34] [INFO] AI: Need 1 stones for next level
[2026-04-10 14:22:35] [INFO] AI: Need 1 stones for next level
[2026-04-10 14:22:35] [INFO] AI: Need 1 stones for next level
[2026-04-10 14:22:36] [INFO] AI: Need 1 stones for next level
[2026-04-10 14:22:36] [INFO] AI: Need 1 stones for next level
[2026-04-10 14:22:37] [INFO] AI: Need 1 stones for next level
[2026-04-10 14:22:37] [INFO] Status: Level=1 Food=21 Forks=8
[2026-04-10 14:22:37] [INFO] AI: Need 1 stones for next level
[2026-04-10 14:22:38] [INFO] AI: Need 1 stones for next level
[2026-04-10 14:22:38] [INFO] AI: Forking to increase team size
[2026-04-10 14:22:40] [INFO] Fork successful! Total forks: 9
[2026-04-10 14:22:40] [INFO] Fork successful! Total forks: 10
[2026-04-10 14:22:41] [INFO] AI: Need 1 stones for next level
[2026-04-10 14:22:42] [INFO] AI: Need 1 stones for next level
[2026-04-10 14:22:42] [INFO] AI: Need 1 stones for next level
[2026-04-10 14:22:43] [INFO] AI: Need 1 stones for next level
[2026-04-10 14:22:43] [INFO] AI: Need 1 stones for next level
[2026-04-10 14:22:44] [INFO] AI: Need 1 stones for next level
[2026-04-10 14:22:44] [INFO] AI: Need 1 stones for next level
[2026-04-10 14:22:45] [INFO] AI: Need 1 stones for next level
[2026-04-10 14:22:45] [INFO] AI: Need 1 stones for next level
[2026-04-10 14:22:46] [INFO] AI: Need 1 stones for next level
[2026-04-10 14:22:46] [INFO] AI: Need 1 stones for next level
[2026-04-10 14:22:47] [INFO] AI: Need 1 stones for next level
[2026-04-10 14:22:47] [INFO] Status: Level=1 Food=19 Forks=10
[2026-04-10 14:22:47] [INFO] AI: Need 1 stones for next level
[2026-04-10 14:22:48] [INFO] AI: Need 1 stones for next level
[2026-04-10 14:22:48] [INFO] AI: Need 1 stones for next level
[2026-04-10 14:22:49] [INFO] AI: Need 1 stones for next level
[2026-04-10 14:22:49] [INFO] AI: Need 1 stones for next level
[2026-04-10 14:22:49] [INFO] AI: Need 1 stones for next level
[2026-04-10 14:22:53] [INFO] AI: Need 1 stones for next level
[2026-04-10 14:22:54] [INFO] AI: Need 1 stones for next level
[2026-04-10 14:22:54] [INFO] AI: Need 1 stones for next level
[2026-04-10 14:22:55] [INFO] AI: Need 1 stones for next level
[2026-04-10 14:22:55] [INFO] AI: Need 1 stones for next level
[2026-04-10 14:22:56] [INFO] AI: Need 1 stones for next level
[2026-04-10 14:22:57] [INFO] Status: Level=1 Food=17 Forks=10
[2026-04-10 14:23:02] [INFO] AI: Need 1 stones for next level
[2026-04-10 14:23:03] [INFO] AI: Need 1 stones for next level
[2026-04-10 14:23:03] [INFO] AI: Need 1 stones for next level
[2026-04-10 14:23:03] [INFO] AI: Need 1 stones for next level
[2026-04-10 14:23:04] [INFO] AI: Need 1 stones for next level
[2026-04-10 14:23:05] [INFO] AI: Need 1 stones for next level
[2026-04-10 14:23:05] [INFO] AI: Need 1 stones for next level
[2026-04-10 14:23:05] [INFO] AI: Need 1 stones for next level
[2026-04-10 14:23:06] [WARN] AI: Command failed: prend
[2026-04-10 14:23:06] [INFO] AI: Need 1 stones for next level
[2026-04-10 14:23:07] [INFO] Status: Level=1 Food=16 Forks=10
[2026-04-10 14:23:07] [WARN] AI: Command failed: prend
[2026-04-10 14:23:07] [INFO] AI: Need 1 stones for next level
[2026-04-10 14:23:10] [WARN] AI: Command failed: prend
[2026-04-10 14:23:10] [INFO] AI: Need 1 stones for next level
[2026-04-10 14:23:10] [INFO] AI: Need 1 stones for next level
[2026-04-10 14:23:11] [INFO] AI: Need 1 stones for next level
[2026-04-10 14:23:11] [INFO] AI: Need 1 stones for next level
[2026-04-10 14:23:12] [INFO] AI: Need 1 stones for next level
[2026-04-10 14:23:12] [INFO] AI: Need 1 stones for next level
[2026-04-10 14:23:13] [INFO] AI: Need 1 stones for next level
[2026-04-10 14:23:13] [INFO] AI: Need 1 stones for next level
[2026-04-10 14:23:14] [INFO] AI: Need 1 stones for next level
[2026-04-10 14:23:17] [INFO] Status: Level=1 Food=19 Forks=10
[2026-04-10 14:23:17] [INFO] AI: Need 1 stones for next level
[2026-04-10 14:23:18] [INFO] AI: Need 1 stones for next level
[2026-04-10 14:23:18] [INFO] AI: Need 1 stones for next level
[2026-04-10 14:23:19] [INFO] AI: Need 1 stones for next level
[2026-04-10 14:23:19] [INFO] AI: Need 1 stones for next level
[2026-04-10 14:23:20] [INFO] AI: Need 1 stones for next level
[2026-04-10 14:23:20] [INFO] AI: Need 1 stones for next level
[2026-04-10 14:23:21] [INFO] AI: Need 1 stones for next level
[2026-04-10 14:23:21] [INFO] AI: Need 1 stones for next level
[2026-04-10 14:23:22] [INFO] AI: Need 1 stones for next level
[2026-04-10 14:23:22] [INFO] AI: Need 1 stones for next level
[2026-04-10 14:23:22] [INFO] AI: Need 1 stones for next level
[2026-04-10 14:23:23] [INFO] AI: Need 1 stones for next level
[2026-04-10 14:23:26] [INFO] AI: Need 1 stones for next level
[2026-04-10 14:23:27] [INFO] AI: Need 1 stones for next level
[2026-04-10 14:23:27] [INFO] Status: Level=1 Food=18 Forks=10
[2026-04-10 14:23:27] [INFO] AI: Need 1 stones for next level
[2026-04-10 14:23:28] [INFO] AI: Need 1 stones for next level
[2026-04-10 14:23:28] [INFO] AI: Need 1 stones for next level
[2026-04-10 14:23:29] [INFO] AI: Need 1 stones for next level
[2026-04-10 14:23:29] [INFO] AI: Need 1 stones for next level
[2026-04-10 14:23:30] [INFO] AI: Need 1 stones for next level
[2026-04-10 14:23:30] [INFO] AI: Need 1 stones for next level
[2026-04-10 14:23:31] [INFO] AI: Need 1 stones for next level
[2026-04-10 14:23:31] [INFO] AI: Need 1 stones for next level
[2026-04-10 14:23:32] [INFO] AI: Need 1 stones for next level
[2026-04-10 14:23:32] [INFO] AI: Need 1 stones for next level
[2026-04-10 14:23:33] [INFO] AI: Need 1 stones for next level
[2026-04-10 14:23:33] [INFO] AI: Need 1 stones for next level
[2026-04-10 14:23:34] [INFO] AI: Need 1 stones for next level
[2026-04-10 14:23:34] [INFO] AI: Need 1 stones for next level
[2026-04-10 14:23:34] [INFO] AI: Need 1 stones for next level
[2026-04-10 14:23:35] [INFO] AI: Need 1 stones for next level
[2026-04-10 14:23:36] [INFO] AI: Need 1 stones for next level
[2026-04-10 14:23:36] [INFO] AI: Need 1 stones for next level
[2026-04-10 14:23:36] [INFO] AI: Need 1 stones for next level
[2026-04-10 14:23:37] [INFO] AI: Need 1 stones for next level
[2026-04-10 14:23:37] [INFO] Status: Level=1 Food=16 Forks=10
[2026-04-10 14:23:38] [INFO] AI: Need 1 stones for next level
[2026-04-10 14:23:38] [INFO] AI: Need 1 stones for next level
[2026-04-10 14:23:38] [INFO] AI: Need 1 stones for next level
[2026-04-10 14:23:39] [INFO] AI: Need 1 stones for next level
[2026-04-10 14:23:39] [INFO] AI: Need 1 stones for next level
[2026-04-10 14:23:40] [INFO] AI: Need 1 stones for next level
[2026-04-10 14:23:40] [INFO] AI: Need 1 stones for next level
[2026-04-10 14:23:41] [INFO] AI: Need 1 stones for next level
[2026-04-10 14:23:41] [INFO] AI: Need 1 stones for next level
[2026-04-10 14:23:42] [INFO] AI: Need 1 stones for next level
[2026-04-10 14:23:44] [WARN] AI: Command failed: prend
[2026-04-10 14:23:44] [INFO] AI: Need 1 stones for next level
[2026-04-10 14:23:47] [WARN] AI: Command failed: prend
[2026-04-10 14:23:47] [INFO] AI: Need 1 stones for next level
[2026-04-10 14:23:47] [INFO] Status: Level=1 Food=14 Forks=10
[2026-04-10 14:23:47] [INFO] AI: Need 1 stones for next level
[2026-04-10 14:23:48] [INFO] AI: Need 1 stones for next level
[2026-04-10 14:23:48] [INFO] AI: Need 1 stones for next level
[2026-04-10 14:23:49] [INFO] AI: Need 1 stones for next level
[2026-04-10 14:23:49] [INFO] AI: Need 1 stones for next level
[2026-04-10 14:23:50] [INFO] AI: Need 1 stones for next level
[2026-04-10 14:23:50] [INFO] AI: Need 1 stones for next level
[2026-04-10 14:23:51] [INFO] AI: Need 1 stones for next level
[2026-04-10 14:23:51] [INFO] AI: Need 1 stones for next level
[2026-04-10 14:23:51] [INFO] AI: Need 1 stones for next level
[2026-04-10 14:23:52] [INFO] AI: Need 1 stones for next level
[2026-04-10 14:23:53] [INFO] AI: Need 1 stones for next level
[2026-04-10 14:23:53] [INFO] AI: Need 1 stones for next level
[2026-04-10 14:23:53] [INFO] AI: Need 1 stones for next level
[2026-04-10 14:23:54] [INFO] AI: Need 1 stones for next level
[2026-04-10 14:23:55] [INFO] AI: Need 1 stones for next level
[2026-04-10 14:23:55] [INFO] AI: Need 1 stones for next level
[2026-04-10 14:23:55] [INFO] AI: Need 1 stones for next level
[2026-04-10 14:23:56] [INFO] AI: Need 1 stones for next level
[2026-04-10 14:23:56] [INFO] AI: Need 1 stones for next level
[2026-04-10 14:23:57] [INFO] Status: Level=1 Food=15 Forks=10
[2026-04-10 14:23:57] [INFO] AI: Need 1 stones for next level
[2026-04-10 14:24:00] [WARN] AI: Command failed: prend
[2026-04-10 14:24:00] [INFO] AI: Need 1 stones for next level
[2026-04-10 14:24:00] [INFO] AI: Need 1 stones for next level
[2026-04-10 14:24:01] [INFO] AI: Need 1 stones for next level
[2026-04-10 14:24:01] [INFO] AI: Need 1 stones for next level
[2026-04-10 14:24:01] [INFO] AI: Need 1 stones for next level
[2026-04-10 14:24:02] [INFO] AI: Need 1 stones for next level
[2026-04-10 14:24:03] [INFO] AI: Need 1 stones for next level
[2026-04-10 14:24:03] [INFO] AI: Need 1 stones for next level
[2026-04-10 14:24:03] [INFO] AI: Need 1 stones for next level
[2026-04-10 14:24:04] [INFO] AI: Need 1 stones for next level
[2026-04-10 14:24:05] [INFO] AI: Need 1 stones for next level
[2026-04-10 14:24:05] [INFO] AI: Need 1 stones for next level
[2026-04-10 14:24:05] [INFO] AI: Need 1 stones for next level
[2026-04-10 14:24:06] [INFO] AI: Need 1 stones for next level
[2026-04-10 14:24:06] [INFO] AI: Need 1 stones for next level
[2026-04-10 14:24:07] [INFO] Status: Level=1 Food=15 Forks=10
[2026-04-10 14:24:07] [INFO] AI: Need 1 stones for next level
[2026-04-10 14:24:07] [INFO] AI: Need 1 stones for next level
[2026-04-10 14:24:08] [INFO] AI: Need 1 stones for next level
[2026-04-10 14:24:08] [INFO] AI: Need 1 stones for next level
[2026-04-10 14:24:09] [INFO] AI: Need 1 stones for next level
[2026-04-10 14:24:09] [INFO] AI: Need 1 stones for next level
[2026-04-10 14:24:10] [INFO] AI: Need 1 stones for next level
[2026-04-10 14:24:10] [INFO] AI: Need 1 stones for next level
[2026-04-10 14:24:11] [INFO] AI: Need 1 stones for next level
[2026-04-10 14:24:11] [INFO] AI: Need 1 stones for next level
[2026-04-10 14:24:12] [INFO] AI: Need 1 stones for next level
[2026-04-10 14:24:12] [INFO] AI: Need 1 stones for next level
[2026-04-10 14:24:13] [INFO] AI: Need 1 stones for next level
[2026-04-10 14:24:13] [INFO] AI: Need 1 stones for next level
[2026-04-10 14:24:13] [INFO] AI: Need 1 stones for next level
[2026-04-10 14:24:14] [INFO] AI: Need 1 stones for next level
[2026-04-10 14:24:15] [INFO] AI: Need 1 stones for next level
[2026-04-10 14:24:15] [INFO] AI: Need 1 stones for next level
[2026-04-10 14:24:16] [INFO] AI: Need 1 stones for next level
[2026-04-10 14:24:16] [INFO] AI: Need 1 stones for next level
[2026-04-10 14:24:17] [INFO] AI: Need 1 stones for next level
[2026-04-10 14:24:17] [INFO] Status: Level=1 Food=14 Forks=10
[2026-04-10 14:24:17] [INFO] AI: Need 1 stones for next level
[2026-04-10 14:24:18] [INFO] AI: Need 1 stones for next level
[2026-04-10 14:24:18] [INFO] AI: Need 1 stones for next level
[2026-04-10 14:24:18] [INFO] AI: Need 1 stones for next level
[2026-04-10 14:24:19] [INFO] AI: Need 1 stones for next level
[2026-04-10 14:24:20] [INFO] AI: Need 1 stones for next level
[2026-04-10 14:24:20] [INFO] AI: Need 1 stones for next level
[2026-04-10 14:24:20] [INFO] AI: Need 1 stones for next level
[2026-04-10 14:24:21] [INFO] AI: Need 1 stones for next level
[2026-04-10 14:24:22] [INFO] AI: Need 1 stones for next level
[2026-04-10 14:24:22] [INFO] AI: Need 1 stones for next level
[2026-04-10 14:24:22] [INFO] AI: Need 1 stones for next level
[2026-04-10 14:24:23] [INFO] AI: Need 1 stones for next level
[2026-04-10 14:24:23] [INFO] AI: Need 1 stones for next level
[2026-04-10 14:24:24] [INFO] AI: Need 1 stones for next level
[2026-04-10 14:24:24] [INFO] AI: Need 1 stones for next level
[2026-04-10 14:24:25] [INFO] AI: Need 1 stones for next level
[2026-04-10 14:24:25] [INFO] AI: Need 1 stones for next level
[2026-04-10 14:24:26] [INFO] AI: Need 1 stones for next level
[2026-04-10 14:24:26] [INFO] AI: Need 1 stones for next level
[2026-04-10 14:24:27] [INFO] AI: Need 1 stones for next level
[2026-04-10 14:24:27] [INFO] Status: Level=1 Food=12 Forks=10
[2026-04-10 14:24:27] [INFO] AI: Need 1 stones for next level
[2026-04-10 14:24:28] [INFO] AI: Need 1 stones for next level
[2026-04-10 14:24:28] [INFO] AI: Need 1 stones for next level
[2026-04-10 14:24:29] [INFO] AI: Need 1 stones for next level
[2026-04-10 14:24:29] [INFO] AI: Need 1 stones for next level
[2026-04-10 14:24:29] [INFO] AI: Need 1 stones for next level
[2026-04-10 14:24:30] [INFO] AI: Need 1 stones for next level
[2026-04-10 14:24:30] [INFO] AI: Need 1 stones for next level
[2026-04-10 14:24:31] [INFO] AI: Need 1 stones for next level
[2026-04-10 14:24:31] [INFO] AI: Need 1 stones for next level
[2026-04-10 14:24:32] [INFO] AI: Need 1 stones for next level
[2026-04-10 14:24:32] [INFO] AI: Need 1 stones for next level
[2026-04-10 14:24:33] [INFO] AI: Need 1 stones for next level
[2026-04-10 14:24:33] [INFO] AI: Need 1 stones for next level
[2026-04-10 14:24:34] [INFO] AI: Need 1 stones for next level
[2026-04-10 14:24:34] [INFO] AI: Need 1 stones for next level
[2026-04-10 14:24:35] [INFO] AI: Need 1 stones for next level
[2026-04-10 14:24:35] [INFO] AI: Need 1 stones for next level
[2026-04-10 14:24:36] [INFO] AI: Need 1 stones for next level
[2026-04-10 14:24:36] [INFO] AI: Need 1 stones for next level
[2026-04-10 14:24:37] [INFO] AI: Need 1 stones for next level
[2026-04-10 14:24:37] [INFO] Status: Level=1 Food=10 Forks=10
[2026-04-10 14:24:37] [INFO] AI: Need 1 stones for next level
[2026-04-10 14:24:37] [INFO] AI: Need 1 stones for next level
[2026-04-10 14:24:38] [INFO] AI: Need 1 stones for next level
[2026-04-10 14:24:39] [INFO] AI: Need 1 stones for next level
[2026-04-10 14:24:39] [INFO] AI: Need 1 stones for next level
[2026-04-10 14:24:39] [INFO] AI: Need 1 stones for next level
[2026-04-10 14:24:40] [INFO] AI: Need 1 stones for next level
[2026-04-10 14:24:41] [INFO] AI: Need 1 stones for next level
[2026-04-10 14:24:41] [INFO] AI: Need 1 stones for next level
[2026-04-10 14:24:41] [INFO] AI: Need 1 stones for next level
[2026-04-10 14:24:42] [INFO] AI: Need 1 stones for next level
[2026-04-10 14:24:42] [INFO] AI: Need 1 stones for next level
[2026-04-10 14:24:43] [INFO] AI: Need 1 stones for next level
[2026-04-10 14:24:43] [INFO] AI: Need 1 stones for next level
[2026-04-10 14:24:44] [INFO] AI: Low food (9), seeking nourriture
[2026-04-10 14:24:47] [INFO] Status: Level=1 Food=9 Forks=10
[2026-04-10 14:24:48] [WARN] AI: Command failed: prend
[2026-04-10 14:24:48] [INFO] AI: Low food (9), seeking nourriture
[2026-04-10 14:24:49] [WARN] AI: Command failed: prend
[2026-04-10 14:24:49] [INFO] AI: Low food (9), seeking nourriture
[2026-04-10 14:24:49] [WARN] AI: Command failed: prend
[2026-04-10 14:24:49] [INFO] AI: Need 1 stones for next level
[2026-04-10 14:24:49] [INFO] AI: Need 1 stones for next level
[2026-04-10 14:24:50] [INFO] AI: Need 1 stones for next level
[2026-04-10 14:24:51] [INFO] AI: Need 1 stones for next level
[2026-04-10 14:24:51] [INFO] AI: Need 1 stones for next level
[2026-04-10 14:24:51] [INFO] AI: Need 1 stones for next level
[2026-04-10 14:24:52] [INFO] AI: Need 1 stones for next level
[2026-04-10 14:24:52] [INFO] AI: Need 1 stones for next level
[2026-04-10 14:24:53] [INFO] AI: Need 1 stones for next level
[2026-04-10 14:24:54] [INFO] AI: Need 1 stones for next level
[2026-04-10 14:24:54] [INFO] AI: Need 1 stones for next level
[2026-04-10 14:24:54] [INFO] AI: Need 1 stones for next level
[2026-04-10 14:24:55] [INFO] AI: Need 1 stones for next level
[2026-04-10 14:24:56] [INFO] AI: Need 1 stones for next level
[2026-04-10 14:24:56] [INFO] AI: Need 1 stones for next level
[2026-04-10 14:24:56] [INFO] AI: Need 1 stones for next level
[2026-04-10 14:24:57] [INFO] AI: Need 1 stones for next level
[2026-04-10 14:24:57] [INFO] Status: Level=1 Food=17 Forks=10
[2026-04-10 14:24:57] [INFO] AI: Need 1 stones for next level
[2026-04-10 14:24:58] [INFO] AI: Need 1 stones for next level
[2026-04-10 14:24:58] [INFO] AI: Need 1 stones for next level
[2026-04-10 14:24:59] [INFO] AI: Need 1 stones for next level
[2026-04-10 14:24:59] [INFO] AI: Need 1 stones for next level
[2026-04-10 14:25:00] [INFO] AI: Need 1 stones for next level
[2026-04-10 14:25:00] [INFO] AI: Need 1 stones for next level
[2026-04-10 14:25:01] [INFO] AI: Need 1 stones for next level
[2026-04-10 14:25:01] [INFO] AI: Need 1 stones for next level
[2026-04-10 14:25:02] [INFO] AI: Need 1 stones for next level
[2026-04-10 14:25:02] [INFO] AI: Need 1 stones for next level
[2026-04-10 14:25:03] [INFO] AI: Need 1 stones for next level
[2026-04-10 14:25:03] [INFO] AI: Need 1 stones for next level
[2026-04-10 14:25:04] [INFO] AI: Need 1 stones for next level
[2026-04-10 14:25:04] [INFO] AI: Need 1 stones for next level
[2026-04-10 14:25:04] [INFO] AI: Need 1 stones for next level
[2026-04-10 14:25:05] [INFO] AI: Need 1 stones for next level
[2026-04-10 14:25:06] [INFO] AI: Need 1 stones for next level
[2026-04-10 14:25:06] [INFO] AI: Need 1 stones for next level
[2026-04-10 14:25:06] [INFO] AI: Need 1 stones for next level
[2026-04-10 14:25:07] [INFO] AI: Need 1 stones for next level
[2026-04-10 14:25:07] [INFO] Status: Level=1 Food=16 Forks=10
[2026-04-10 14:25:08] [INFO] AI: Need 1 stones for next level
[2026-04-10 14:25:08] [INFO] AI: Need 1 stones for next level
[2026-04-10 14:25:08] [INFO] AI: Need 1 stones for next level
[2026-04-10 14:25:09] [INFO] AI: Need 1 stones for next level
[2026-04-10 14:25:09] [INFO] AI: Need 1 stones for next level
[2026-04-10 14:25:10] [INFO] AI: Need 1 stones for next level
[2026-04-10 14:25:10] [INFO] AI: Need 1 stones for next level
[2026-04-10 14:25:11] [INFO] AI: Need 1 stones for next level
[2026-04-10 14:25:11] [INFO] AI: Need 1 stones for next level
[2026-04-10 14:25:12] [INFO] AI: Need 1 stones for next level
[2026-04-10 14:25:13] [INFO] AI: Need 1 stones for next level
[2026-04-10 14:25:13] [INFO] AI: Need 1 stones for next level
[2026-04-10 14:25:13] [INFO] AI: Need 1 stones for next level
[2026-04-10 14:25:14] [INFO] AI: Need 1 stones for next level
[2026-04-10 14:25:14] [INFO] AI: Need 1 stones for next level
[2026-04-10 14:25:15] [INFO] AI: Need 1 stones for next level
[2026-04-10 14:25:15] [INFO] AI: Need 1 stones for next level
[2026-04-10 14:25:16] [INFO] AI: Need 1 stones for next level
[2026-04-10 14:25:16] [INFO] AI: Need 1 stones for next level
[2026-04-10 14:25:17] [INFO] AI: Need 1 stones for next level
[2026-04-10 14:25:17] [INFO] Status: Level=1 Food=14 Forks=10
[2026-04-10 14:25:17] [INFO] AI: Need 1 stones for next level
[2026-04-10 14:25:18] [INFO] AI: Need 1 stones for next level
[2026-04-10 14:25:18] [INFO] AI: Need 1 stones for next level
[2026-04-10 14:25:19] [INFO] AI: Need 1 stones for next level
[2026-04-10 14:25:19] [INFO] AI: Need 1 stones for next level
[2026-04-10 14:25:20] [INFO] AI: Need 1 stones for next level
[2026-04-10 14:25:20] [INFO] AI: Need 1 stones for next level
[2026-04-10 14:25:21] [INFO] AI: Need 1 stones for next level
[2026-04-10 14:25:21] [INFO] AI: Need 1 stones for next level
[2026-04-10 14:25:21] [INFO] AI: Need 1 stones for next level
[2026-04-10 14:25:22] [INFO] AI: Need 1 stones for next level
[2026-04-10 14:25:23] [INFO] AI: Need 1 stones for next level
[2026-04-10 14:25:23] [INFO] AI: Need 1 stones for next level
[2026-04-10 14:25:23] [INFO] AI: Need 1 stones for next level
[2026-04-10 14:25:24] [INFO] AI: Need 1 stones for next level
[2026-04-10 14:25:25] [INFO] AI: Need 1 stones for next level
[2026-04-10 14:25:25] [INFO] AI: Need 1 stones for next level
[2026-04-10 14:25:25] [INFO] AI: Need 1 stones for next level
[2026-04-10 14:25:26] [INFO] AI: Need 1 stones for next level
[2026-04-10 14:25:26] [INFO] AI: Need 1 stones for next level
[2026-04-10 14:25:27] [INFO] AI: Need 1 stones for next level
[2026-04-10 14:25:27] [INFO] Status: Level=1 Food=12 Forks=10
[2026-04-10 14:25:27] [INFO] AI: Need 1 stones for next level
[2026-04-10 14:25:28] [INFO] AI: Need 1 stones for next level
[2026-04-10 14:25:28] [INFO] AI: Need 1 stones for next level
[2026-04-10 14:25:29] [INFO] AI: Need 1 stones for next level
[2026-04-10 14:25:29] [INFO] AI: Need 1 stones for next level
[2026-04-10 14:25:30] [INFO] AI: Need 1 stones for next level
[2026-04-10 14:25:30] [INFO] AI: Need 1 stones for next level
[2026-04-10 14:25:31] [INFO] AI: Need 1 stones for next level
[2026-04-10 14:25:31] [INFO] AI: Need 1 stones for next level
[2026-04-10 14:25:32] [INFO] AI: Need 1 stones for next level
[2026-04-10 14:25:32] [INFO] AI: Need 1 stones for next level
[2026-04-10 14:25:33] [INFO] AI: Need 1 stones for next level
[2026-04-10 14:25:33] [INFO] AI: Need 1 stones for next level
[2026-04-10 14:25:33] [INFO] AI: Need 1 stones for next level
[2026-04-10 14:25:34] [INFO] AI: Need 1 stones for next level
[2026-04-10 14:25:35] [INFO] AI: Need 1 stones for next level
[2026-04-10 14:25:35] [INFO] AI: Need 1 stones for next level
[2026-04-10 14:25:35] [INFO] AI: Need 1 stones for next level
[2026-04-10 14:25:36] [INFO] AI: Need 1 stones for next level
[2026-04-10 14:25:37] [INFO] AI: Need 1 stones for next level
[2026-04-10 14:25:37] [INFO] AI: Need 1 stones for next level
[2026-04-10 14:25:37] [INFO] Status: Level=1 Food=11 Forks=10
[2026-04-10 14:25:37] [INFO] AI: Need 1 stones for next level
[2026-04-10 14:25:38] [INFO] AI: Need 1 stones for next level
[2026-04-10 14:25:38] [INFO] AI: Need 1 stones for next level
[2026-04-10 14:25:39] [INFO] AI: Need 1 stones for next level
[2026-04-10 14:25:39] [INFO] AI: Need 1 stones for next level
[2026-04-10 14:25:40] [INFO] AI: Need 1 stones for next level
[2026-04-10 14:25:40] [INFO] AI: Need 1 stones for next level
[2026-04-10 14:25:41] [INFO] AI: Need 1 stones for next level
[2026-04-10 14:25:41] [INFO] AI: Need 1 stones for next level
[2026-04-10 14:25:42] [INFO] AI: Need 1 stones for next level
[2026-04-10 14:25:42] [INFO] AI: Need 1 stones for next level
[2026-04-10 14:25:43] [INFO] AI: Need 1 stones for next level
[2026-04-10 14:25:43] [INFO] AI: Need 1 stones for next level
[2026-04-10 14:25:44] [INFO] AI: Need 1 stones for next level
[2026-04-10 14:25:44] [INFO] AI: Low food (9), seeking nourriture
[2026-04-10 14:25:47] [INFO] Status: Level=1 Food=9 Forks=10
[2026-04-10 14:25:47] [WARN] AI: Command failed: prend
[2026-04-10 14:25:47] [INFO] AI: Low food (9), seeking nourriture
[2026-04-10 14:25:48] [WARN] AI: Command failed: prend
[2026-04-10 14:25:48] [INFO] AI: Low food (9), seeking nourriture
[2026-04-10 14:25:48] [WARN] AI: Command failed: prend
[2026-04-10 14:25:48] [INFO] AI: Low food (9), seeking nourriture
[2026-04-10 14:25:49] [WARN] AI: Command failed: prend
[2026-04-10 14:25:49] [INFO] AI: Low food (9), seeking nourriture
[2026-04-10 14:25:53] [INFO] AI: Need 1 stones for next level
[2026-04-10 14:25:54] [INFO] AI: Need 1 stones for next level
[2026-04-10 14:25:54] [INFO] AI: Need 1 stones for next level
[2026-04-10 14:25:54] [INFO] AI: Need 1 stones for next level
[2026-04-10 14:25:55] [INFO] AI: Need 1 stones for next level
[2026-04-10 14:25:56] [INFO] AI: Need 1 stones for next level
[2026-04-10 14:25:56] [INFO] AI: Need 1 stones for next level
[2026-04-10 14:25:57] [INFO] AI: Need 1 stones for next level
[2026-04-10 14:25:57] [INFO] AI: Need 1 stones for next level
[2026-04-10 14:25:57] [INFO] Status: Level=1 Food=22 Forks=10
[2026-04-10 14:25:58] [INFO] AI: Need 1 stones for next level
[2026-04-10 14:25:58] [INFO] AI: Need 1 stones for next level
[2026-04-10 14:25:59] [INFO] AI: Need 1 stones for next level
[2026-04-10 14:25:59] [INFO] AI: Need 1 stones for next level
[2026-04-10 14:25:59] [INFO] AI: Need 1 stones for next level
[2026-04-10 14:26:00] [INFO] AI: Need 1 stones for next level
[2026-04-10 14:26:01] [INFO] AI: Need 1 stones for next level
[2026-04-10 14:26:01] [INFO] AI: Need 1 stones for next level
[2026-04-10 14:26:01] [INFO] AI: Need 1 stones for next level
[2026-04-10 14:26:02] [INFO] AI: Need 1 stones for next level
[2026-04-10 14:26:03] [INFO] AI: Need 1 stones for next level
[2026-04-10 14:26:03] [INFO] AI: Need 1 stones for next level
[2026-04-10 14:26:03] [INFO] AI: Need 1 stones for next level
[2026-04-10 14:26:04] [INFO] AI: Need 1 stones for next level
[2026-04-10 14:26:04] [INFO] AI: Need 1 stones for next level
[2026-04-10 14:26:05] [INFO] AI: Need 1 stones for next level
[2026-04-10 14:26:05] [INFO] AI: Need 1 stones for next level
[2026-04-10 14:26:06] [INFO] AI: Need 1 stones for next level
[2026-04-10 14:26:06] [INFO] AI: Need 1 stones for next level
[2026-04-10 14:26:07] [INFO] AI: Need 1 stones for next level
[2026-04-10 14:26:07] [INFO] Status: Level=1 Food=20 Forks=10
[2026-04-10 14:26:07] [INFO] AI: Need 1 stones for next level
[2026-04-10 14:26:08] [INFO] AI: Need 1 stones for next level
[2026-04-10 14:26:08] [INFO] AI: Need 1 stones for next level
[2026-04-10 14:26:09] [INFO] AI: Need 1 stones for next level
[2026-04-10 14:26:09] [INFO] AI: Need 1 stones for next level
[2026-04-10 14:26:10] [INFO] AI: Need 1 stones for next level
[2026-04-10 14:26:10] [INFO] AI: Need 1 stones for next level
[2026-04-10 14:26:11] [INFO] AI: Need 1 stones for next level
[2026-04-10 14:26:11] [INFO] AI: Need 1 stones for next level
[2026-04-10 14:26:11] [INFO] AI: Need 1 stones for next level
[2026-04-10 14:26:12] [INFO] AI: Need 1 stones for next level
[2026-04-10 14:26:13] [INFO] AI: Need 1 stones for next level
[2026-04-10 14:26:13] [INFO] AI: Need 1 stones for next level
[2026-04-10 14:26:13] [INFO] AI: Need 1 stones for next level
[2026-04-10 14:26:14] [INFO] AI: Need 1 stones for next level
[2026-04-10 14:26:15] [INFO] AI: Need 1 stones for next level
[2026-04-10 14:26:15] [INFO] AI: Need 1 stones for next level
[2026-04-10 14:26:16] [INFO] AI: Need 1 stones for next level
[2026-04-10 14:26:16] [INFO] AI: Need 1 stones for next level
[2026-04-10 14:26:16] [INFO] AI: Need 1 stones for next level
[2026-04-10 14:26:17] [INFO] Status: Level=1 Food=18 Forks=10
[2026-04-10 14:26:17] [INFO] AI: Need 1 stones for next level
[2026-04-10 14:26:18] [INFO] AI: Need 1 stones for next level
[2026-04-10 14:26:18] [INFO] AI: Need 1 stones for next level
[2026-04-10 14:26:18] [INFO] AI: Need 1 stones for next level
[2026-04-10 14:26:19] [INFO] AI: Need 1 stones for next level
[2026-04-10 14:26:22] [WARN] AI: Command failed: prend
[2026-04-10 14:26:22] [INFO] AI: Need 1 stones for next level
[2026-04-10 14:26:22] [INFO] AI: Need 1 stones for next level
[2026-04-10 14:26:23] [INFO] AI: Need 1 stones for next level
[2026-04-10 14:26:23] [INFO] AI: Need 1 stones for next level
[2026-04-10 14:26:24] [INFO] AI: Need 1 stones for next level
[2026-04-10 14:26:24] [INFO] AI: Need 1 stones for next level
[2026-04-10 14:26:25] [INFO] AI: Need 1 stones for next level
[2026-04-10 14:26:25] [INFO] AI: Need 1 stones for next level
[2026-04-10 14:26:26] [INFO] AI: Need 1 stones for next level
[2026-04-10 14:26:26] [INFO] AI: Need 1 stones for next level
[2026-04-10 14:26:26] [INFO] AI: Need 1 stones for next level
[2026-04-10 14:26:27] [INFO] Status: Level=1 Food=19 Forks=10
[2026-04-10 14:26:27] [INFO] AI: Need 1 stones for next level
[2026-04-10 14:26:28] [INFO] AI: Need 1 stones for next level
[2026-04-10 14:26:28] [INFO] AI: Need 1 stones for next level
[2026-04-10 14:26:28] [INFO] AI: Need 1 stones for next level
[2026-04-10 14:26:29] [INFO] AI: Need 1 stones for next level
[2026-04-10 14:26:30] [INFO] AI: Need 1 stones for next level
[2026-04-10 14:26:30] [INFO] AI: Need 1 stones for next level
[2026-04-10 14:26:30] [INFO] AI: Need 1 stones for next level
[2026-04-10 14:26:34] [INFO] AI: Need 1 stones for next level
[2026-04-10 14:26:34] [INFO] AI: Need 1 stones for next level
[2026-04-10 14:26:35] [INFO] AI: Need 1 stones for next level
[2026-04-10 14:26:35] [INFO] AI: Need 1 stones for next level
[2026-04-10 14:26:36] [INFO] AI: Need 1 stones for next level
[2026-04-10 14:26:36] [INFO] AI: Need 1 stones for next level
[2026-04-10 14:26:37] [INFO] AI: Need 1 stones for next level
[2026-04-10 14:26:37] [INFO] Status: Level=1 Food=17 Forks=10
[2026-04-10 14:26:37] [INFO] AI: Need 1 stones for next level
[2026-04-10 14:26:38] [INFO] AI: Need 1 stones for next level
[2026-04-10 14:26:38] [INFO] AI: Need 1 stones for next level
[2026-04-10 14:26:38] [INFO] AI: Need 1 stones for next level
[2026-04-10 14:26:39] [INFO] AI: Need 1 stones for next level
[2026-04-10 14:26:40] [INFO] AI: Need 1 stones for next level
[2026-04-10 14:26:40] [INFO] AI: Need 1 stones for next level
[2026-04-10 14:26:41] [INFO] AI: Need 1 stones for next level
[2026-04-10 14:26:41] [INFO] AI: Need 1 stones for next level
[2026-04-10 14:26:42] [INFO] AI: Need 1 stones for next level
[2026-04-10 14:26:42] [INFO] AI: Need 1 stones for next level
[2026-04-10 14:26:43] [INFO] AI: Need 1 stones for next level
[2026-04-10 14:26:43] [INFO] AI: Need 1 stones for next level
[2026-04-10 14:26:43] [INFO] AI: Need 1 stones for next level
[2026-04-10 14:26:44] [INFO] AI: Need 1 stones for next level
[2026-04-10 14:26:45] [INFO] AI: Need 1 stones for next level
[2026-04-10 14:26:45] [INFO] AI: Need 1 stones for next level
[2026-04-10 14:26:45] [INFO] AI: Need 1 stones for next level
[2026-04-10 14:26:46] [INFO] AI: Need 1 stones for next level
[2026-04-10 14:26:47] [INFO] AI: Need 1 stones for next level
[2026-04-10 14:26:47] [INFO] AI: Need 1 stones for next level
[2026-04-10 14:26:47] [INFO] Status: Level=1 Food=16 Forks=10
[2026-04-10 14:26:47] [INFO] AI: Need 1 stones for next level
[2026-04-10 14:26:48] [INFO] AI: Need 1 stones for next level
[2026-04-10 14:26:48] [INFO] AI: Need 1 stones for next level
[2026-04-10 14:26:49] [INFO] AI: Need 1 stones for next level
[2026-04-10 14:26:49] [INFO] AI: Need 1 stones for next level
[2026-04-10 14:26:50] [INFO] AI: Need 1 stones for next level
[2026-04-10 14:26:50] [INFO] AI: Need 1 stones for next level
[2026-04-10 14:26:50] [INFO] AI: Need 1 stones for next level
[2026-04-10 14:26:51] [INFO] AI: Need 1 stones for next level
[2026-04-10 14:26:52] [INFO] AI: Need 1 stones for next level
[2026-04-10 14:26:52] [INFO] AI: Need 1 stones for next level
[2026-04-10 14:26:52] [INFO] AI: Need 1 stones for next level
[2026-04-10 14:26:53] [INFO] AI: Need 1 stones for next level
[2026-04-10 14:26:54] [INFO] AI: Need 1 stones for next level
[2026-04-10 14:26:54] [INFO] AI: Need 1 stones for next level
[2026-04-10 14:26:54] [INFO] AI: Need 1 stones for next level
[2026-04-10 14:26:55] [INFO] AI: Need 1 stones for next level
[2026-04-10 14:26:55] [INFO] AI: Need 1 stones for next level
[2026-04-10 14:26:56] [INFO] AI: Need 1 stones for next level
[2026-04-10 14:26:56] [INFO] AI: Need 1 stones for next level
[2026-04-10 14:26:57] [INFO] AI: Need 1 stones for next level
[2026-04-10 14:26:57] [INFO] Status: Level=1 Food=14 Forks=10
[2026-04-10 14:26:57] [INFO] AI: Need 1 stones for next level
[2026-04-10 14:26:58] [INFO] AI: Need 1 stones for next level
[2026-04-10 14:27:03] [WARN] AI: Command failed: prend
[2026-04-10 14:27:03] [INFO] AI: Need 1 stones for next level
[2026-04-10 14:27:04] [INFO] AI: Need 1 stones for next level
[2026-04-10 14:27:04] [INFO] AI: Need 1 stones for next level
[2026-04-10 14:27:04] [INFO] AI: Need 1 stones for next level
[2026-04-10 14:27:05] [INFO] AI: Need 1 stones for next level
[2026-04-10 14:27:05] [INFO] AI: Need 1 stones for next level
[2026-04-10 14:27:06] [INFO] AI: Need 1 stones for next level
[2026-04-10 14:27:06] [INFO] AI: Need 1 stones for next level
[2026-04-10 14:27:07] [INFO] AI: Need 1 stones for next level
[2026-04-10 14:27:07] [INFO] Status: Level=1 Food=20 Forks=10
[2026-04-10 14:27:07] [INFO] AI: Need 1 stones for next level
[2026-04-10 14:27:08] [INFO] AI: Need 1 stones for next level
[2026-04-10 14:27:09] [INFO] AI: Need 1 stones for next level
[2026-04-10 14:27:09] [INFO] AI: Need 1 stones for next level
[2026-04-10 14:27:09] [INFO] AI: Need 1 stones for next level
[2026-04-10 14:27:10] [INFO] AI: Need 1 stones for next level
[2026-04-10 14:27:10] [INFO] AI: Need 1 stones for next level
[2026-04-10 14:27:11] [INFO] AI: Need 1 stones for next level
[2026-04-10 14:27:11] [INFO] AI: Need 1 stones for next level
[2026-04-10 14:27:12] [INFO] AI: Need 1 stones for next level
[2026-04-10 14:27:12] [INFO] AI: Need 1 stones for next level
[2026-04-10 14:27:13] [INFO] AI: Need 1 stones for next level
[2026-04-10 14:27:13] [INFO] AI: Need 1 stones for next level
[2026-04-10 14:27:14] [INFO] AI: Need 1 stones for next level
[2026-04-10 14:27:14] [INFO] AI: Need 1 stones for next level
[2026-04-10 14:27:15] [INFO] AI: Need 1 stones for next level
[2026-04-10 14:27:15] [INFO] AI: Need 1 stones for next level
[2026-04-10 14:27:16] [INFO] AI: Need 1 stones for next level
[2026-04-10 14:27:17] [INFO] Status: Level=1 Food=19 Forks=10
[2026-04-10 14:27:18] [WARN] AI: Command failed: prend
[2026-04-10 14:27:18] [INFO] AI: Need 1 stones for next level
[2026-04-10 14:27:22] [WARN] AI: Command failed: prend
[2026-04-10 14:27:22] [INFO] AI: Need 1 stones for next level
[2026-04-10 14:27:22] [INFO] AI: Need 1 stones for next level
[2026-04-10 14:27:23] [INFO] AI: Need 1 stones for next level
[2026-04-10 14:27:23] [INFO] AI: Need 1 stones for next level
[2026-04-10 14:27:23] [INFO] AI: Need 1 stones for next level
[2026-04-10 16:12:03] [INFO] AI: Need 1 stones for next level
[2026-04-10 16:12:04] [INFO] AI: Need 1 stones for next level
[2026-04-10 16:12:04] [INFO] AI: Need 1 stones for next level
[2026-04-10 16:12:04] [INFO] Status: Level=1 Food=22 Forks=10
[2026-04-10 16:12:05] [INFO] AI: Need 1 stones for next level
[2026-04-10 16:12:05] [INFO] AI: Need 1 stones for next level
[2026-04-10 16:12:06] [INFO] AI: Need 1 stones for next level
[2026-04-10 16:12:06] [INFO] AI: Need 1 stones for next level
[2026-04-10 16:12:07] [INFO] AI: Need 1 stones for next level
[2026-04-10 16:12:07] [INFO] AI: Need 1 stones for next level
[2026-04-10 16:12:11] [WARN] AI: Command failed: prend
[2026-04-10 16:12:11] [INFO] AI: Need 1 stones for next level
[2026-04-10 16:12:11] [INFO] AI: Need 1 stones for next level
[2026-04-10 16:12:12] [INFO] AI: Need 1 stones for next level
[2026-04-10 16:12:13] [INFO] AI: Need 1 stones for next level
[2026-04-10 16:12:14] [INFO] Status: Level=1 Food=28 Forks=10
[2026-04-10 16:12:16] [INFO] AI: Need 1 stones for next level
[2026-04-10 16:12:16] [INFO] AI: Need 1 stones for next level
[2026-04-10 16:12:17] [INFO] AI: Need 1 stones for next level
[2026-04-10 16:12:17] [INFO] AI: Need 1 stones for next level
[2026-04-10 16:12:18] [INFO] AI: Need 1 stones for next level
[2026-04-10 16:12:18] [INFO] AI: Need 1 stones for next level
[2026-04-10 16:12:19] [INFO] AI: Need 1 stones for next level
[2026-04-10 16:12:19] [INFO] AI: Need 1 stones for next level
[2026-04-10 16:12:20] [INFO] AI: Need 1 stones for next level
[2026-04-10 16:12:20] [INFO] AI: Need 1 stones for next level
[2026-04-10 16:12:21] [INFO] AI: Need 1 stones for next level
[2026-04-10 16:12:21] [INFO] AI: Need 1 stones for next level
[2026-04-10 16:12:22] [INFO] AI: Need 1 stones for next level
[2026-04-10 16:12:22] [INFO] AI: Need 1 stones for next level
[2026-04-10 16:12:23] [INFO] AI: Need 1 stones for next level
[2026-04-10 16:12:23] [INFO] AI: Need 1 stones for next level
[2026-04-10 16:12:23] [INFO] AI: Need 1 stones for next level
[2026-04-10 16:12:24] [INFO] AI: Need 1 stones for next level
[2026-04-10 16:12:24] [INFO] Status: Level=1 Food=27 Forks=10
[2026-04-10 16:12:25] [INFO] AI: Need 1 stones for next level
[2026-04-10 16:12:25] [INFO] AI: Need 1 stones for next level
[2026-04-10 16:12:25] [INFO] AI: Need 1 stones for next level
[2026-04-10 16:12:26] [INFO] AI: Need 1 stones for next level
[2026-04-10 16:12:27] [INFO] AI: Need 1 stones for next level
[2026-04-10 16:12:27] [INFO] AI: Need 1 stones for next level
[2026-04-10 16:12:27] [INFO] AI: Need 1 stones for next level
[2026-04-10 16:12:28] [INFO] AI: Need 1 stones for next level
[2026-04-10 16:12:28] [INFO] AI: Need 1 stones for next level
[2026-04-10 16:12:29] [INFO] AI: Need 1 stones for next level
[2026-04-10 16:12:30] [INFO] AI: Need 1 stones for next level
[2026-04-10 16:12:30] [INFO] AI: Need 1 stones for next level
[2026-04-10 16:12:30] [INFO] AI: Need 1 stones for next level
[2026-04-10 16:12:31] [INFO] AI: Need 1 stones for next level
[2026-04-10 16:12:32] [INFO] AI: Need 1 stones for next level
[2026-04-10 16:12:32] [INFO] AI: Need 1 stones for next level
[2026-04-10 16:12:32] [INFO] AI: Need 1 stones for next level
[2026-04-10 16:12:33] [INFO] AI: Need 1 stones for next level
[2026-04-10 16:12:33] [INFO] AI: Need 1 stones for next level
[2026-04-10 16:12:34] [INFO] AI: Need 1 stones for next level
[2026-04-10 16:12:34] [INFO] AI: Need 1 stones for next level
[2026-04-10 16:12:35] [INFO] Status: Level=1 Food=25 Forks=10
[2026-04-10 16:12:35] [INFO] AI: Need 1 stones for next level
[2026-04-10 16:12:35] [INFO] AI: Need 1 stones for next level
[2026-04-10 16:12:36] [INFO] AI: Need 1 stones for next level
[2026-04-10 16:12:36] [INFO] AI: Need 1 stones for next level
[2026-04-10 16:12:37] [INFO] AI: Need 1 stones for next level
[2026-04-10 16:12:37] [INFO] AI: Need 1 stones for next level
[2026-04-10 16:12:38] [INFO] AI: Need 1 stones for next level
[2026-04-10 16:12:38] [INFO] AI: Need 1 stones for next level
[2026-04-10 16:12:39] [INFO] AI: Need 1 stones for next level
[2026-04-10 16:12:39] [INFO] AI: Need 1 stones for next level
[2026-04-10 16:12:40] [INFO] AI: Need 1 stones for next level
[2026-04-10 16:12:44] [INFO] AI: Need 1 stones for next level
[2026-04-10 16:12:45] [INFO] Status: Level=1 Food=24 Forks=10
[2026-04-10 16:12:46] [WARN] AI: Command failed: prend
[2026-04-10 16:12:46] [INFO] AI: Need 1 stones for next level
[2026-04-10 16:12:46] [INFO] AI: Need 1 stones for next level
[2026-04-10 16:12:47] [INFO] AI: Need 1 stones for next level
[2026-04-10 16:12:47] [INFO] AI: Need 1 stones for next level
[2026-04-10 16:12:48] [INFO] AI: Need 1 stones for next level
[2026-04-10 16:12:48] [INFO] AI: Need 1 stones for next level
[2026-04-10 16:12:49] [INFO] AI: Need 1 stones for next level
[2026-04-10 16:12:49] [INFO] AI: Need 1 stones for next level
[2026-04-10 16:12:50] [INFO] AI: Need 1 stones for next level
[2026-04-10 16:12:50] [INFO] AI: Need 1 stones for next level
[2026-04-10 16:12:51] [INFO] AI: Need 1 stones for next level
[2026-04-10 16:12:51] [INFO] AI: Need 1 stones for next level
[2026-04-10 16:12:52] [INFO] AI: Need 1 stones for next level
[2026-04-10 16:12:52] [INFO] AI: Need 1 stones for next level
[2026-04-10 16:12:54] [WARN] AI: Command failed: prend
[2026-04-10 16:12:54] [INFO] AI: Need 1 stones for next level
[2026-04-10 16:12:55] [INFO] Status: Level=1 Food=29 Forks=10
[2026-04-10 16:12:59] [WARN] AI: Command failed: prend
[2026-04-10 16:12:59] [INFO] AI: Need 1 stones for next level
[2026-04-10 16:12:59] [INFO] AI: Need 1 stones for next level
[2026-04-10 16:13:00] [INFO] AI: Need 1 stones for next level
[2026-04-10 16:13:01] [INFO] AI: Need 1 stones for next level
[2026-04-10 16:13:01] [INFO] AI: Need 1 stones for next level
[2026-04-10 16:13:01] [INFO] AI: Need 1 stones for next level
[2026-04-10 16:13:02] [INFO] AI: Need 1 stones for next level
[2026-04-10 16:13:03] [INFO] AI: Need 1 stones for next level
[2026-04-10 16:13:03] [INFO] AI: Need 1 stones for next level
[2026-04-10 16:13:03] [INFO] AI: Need 1 stones for next level
[2026-04-10 16:13:04] [INFO] AI: Need 1 stones for next level
[2026-04-10 16:13:04] [INFO] AI: Need 1 stones for next level
[2026-04-10 16:13:05] [INFO] Status: Level=1 Food=37 Forks=10
[2026-04-10 16:13:05] [INFO] AI: Need 1 stones for next level
[2026-04-10 16:13:05] [INFO] AI: Need 1 stones for next level
[2026-04-10 16:13:06] [INFO] AI: Need 1 stones for next level
[2026-04-10 16:13:06] [INFO] AI: Need 1 stones for next level
[2026-04-10 16:13:07] [INFO] AI: Need 1 stones for next level
[2026-04-10 16:13:07] [INFO] AI: Need 1 stones for next level
[2026-04-10 16:13:08] [INFO] AI: Need 1 stones for next level
[2026-04-10 16:13:08] [INFO] AI: Need 1 stones for next level
[2026-04-10 16:13:09] [INFO] AI: Need 1 stones for next level
[2026-04-10 16:13:09] [INFO] AI: Need 1 stones for next level
[2026-04-10 16:13:10] [INFO] AI: Need 1 stones for next level
[2026-04-10 16:13:10] [INFO] AI: Need 1 stones for next level
[2026-04-10 16:13:15] [INFO] Status: Level=1 Food=41 Forks=10
[2026-04-10 16:13:19] [WARN] AI: Command failed: prend
[2026-04-10 16:13:19] [INFO] AI: Need 1 stones for next level
[2026-04-10 16:13:19] [INFO] AI: Need 1 stones for next level
[2026-04-10 16:13:19] [INFO] AI: Need 1 stones for next level
[2026-04-10 16:13:20] [INFO] AI: Need 1 stones for next level
[2026-04-10 16:13:21] [INFO] AI: Need 1 stones for next level
[2026-04-10 16:13:21] [INFO] AI: Need 1 stones for next level
[2026-04-10 16:13:21] [INFO] AI: Need 1 stones for next level
[2026-04-10 16:13:22] [INFO] AI: Need 1 stones for next level
[2026-04-10 16:13:22] [INFO] AI: Need 1 stones for next level
[2026-04-10 16:13:23] [INFO] AI: Need 1 stones for next level
[2026-04-10 16:13:23] [INFO] AI: Need 1 stones for next level
[2026-04-10 16:13:24] [INFO] AI: Need 1 stones for next level
[2026-04-10 16:13:24] [INFO] AI: Need 1 stones for next level
[2026-04-10 16:13:25] [INFO] AI: Need 1 stones for next level
[2026-04-10 16:13:25] [INFO] Status: Level=1 Food=50 Forks=10
[2026-04-10 16:13:25] [INFO] AI: Need 1 stones for next level
[2026-04-10 16:13:26] [INFO] AI: Need 1 stones for next level
[2026-04-10 16:13:26] [INFO] AI: Need 1 stones for next level
[2026-04-10 16:13:27] [INFO] AI: Need 1 stones for next level
[2026-04-10 16:13:27] [INFO] AI: Need 1 stones for next level
[2026-04-10 16:13:28] [INFO] AI: Need 1 stones for next level
[2026-04-10 16:13:31] [INFO] AI: Need 1 stones for next level
[2026-04-10 16:13:31] [INFO] AI: Need 1 stones for next level
[2026-04-10 16:13:32] [INFO] AI: Need 1 stones for next level
[2026-04-10 16:13:33] [INFO] AI: Need 1 stones for next level
[2026-04-10 16:13:33] [INFO] AI: Need 1 stones for next level
[2026-04-10 16:13:33] [INFO] AI: Need 1 stones for next level
[2026-04-10 16:13:34] [INFO] AI: Need 1 stones for next level
[2026-04-10 16:13:34] [INFO] AI: Need 1 stones for next level
[2026-04-10 16:13:35] [INFO] Status: Level=1 Food=49 Forks=10
[2026-04-10 16:13:35] [INFO] AI: Need 1 stones for next level
[2026-04-10 16:13:35] [INFO] AI: Need 1 stones for next level
[2026-04-10 16:13:36] [INFO] AI: Need 1 stones for next level
[2026-04-10 16:13:36] [INFO] AI: Need 1 stones for next level
[2026-04-10 16:13:37] [INFO] AI: Need 1 stones for next level
[2026-04-10 16:13:37] [INFO] AI: Need 1 stones for next level
[2026-04-10 16:13:38] [WARN] AI: Command failed: prend
[2026-04-10 16:13:38] [INFO] AI: Need 1 stones for next level
[2026-04-10 16:13:42] [WARN] AI: Command failed: prend
[2026-04-10 16:13:42] [INFO] AI: Need 1 stones for next level
[2026-04-10 16:13:43] [INFO] AI: Need 1 stones for next level
[2026-04-10 16:13:43] [INFO] AI: Need 1 stones for next level
[2026-04-10 16:13:45] [INFO] Status: Level=1 Food=55 Forks=10
[2026-04-10 16:13:46] [INFO] AI: Need 1 stones for next level
[2026-04-10 16:13:47] [INFO] AI: Need 1 stones for next level
[2026-04-10 16:13:47] [INFO] AI: Need 1 stones for next level
[2026-04-10 16:13:48] [INFO] AI: Need 1 stones for next level
[2026-04-10 16:13:48] [INFO] AI: Need 1 stones for next level
[2026-04-10 16:13:49] [INFO] AI: Need 1 stones for next level
[2026-04-10 16:13:50] [INFO] AI: Need 1 stones for next level
[2026-04-10 16:13:50] [INFO] AI: Need 1 stones for next level
[2026-04-10 16:13:50] [INFO] AI: Need 1 stones for next level
[2026-04-10 16:13:51] [INFO] AI: Need 1 stones for next level
[2026-04-10 16:13:51] [INFO] AI: Need 1 stones for next level
[2026-04-10 16:13:52] [INFO] AI: Need 1 stones for next level
[2026-04-10 16:13:52] [INFO] AI: Need 1 stones for next level
[2026-04-10 16:13:53] [INFO] AI: Need 1 stones for next level
[2026-04-10 16:13:53] [INFO] AI: Need 1 stones for next level
[2026-04-10 16:13:54] [INFO] AI: Need 1 stones for next level
[2026-04-10 16:13:54] [INFO] AI: Need 1 stones for next level
[2026-04-10 16:13:55] [INFO] Status: Level=1 Food=53 Forks=10
[2026-04-10 16:13:55] [INFO] AI: Need 1 stones for next level
[2026-04-10 16:13:55] [INFO] AI: Need 1 stones for next level
[2026-04-10 16:13:56] [INFO] AI: Need 1 stones for next level
[2026-04-10 16:13:56] [INFO] AI: Need 1 stones for next level
[2026-04-10 16:13:57] [INFO] AI: Need 1 stones for next level
[2026-04-10 16:13:57] [INFO] AI: Need 1 stones for next level
[2026-04-10 16:13:58] [INFO] AI: Need 1 stones for next level
[2026-04-10 16:13:58] [INFO] AI: Need 1 stones for next level
[2026-04-10 16:13:58] [INFO] AI: Need 1 stones for next level
[2026-04-10 16:13:59] [INFO] AI: Need 1 stones for next level
[2026-04-10 16:14:00] [INFO] AI: Need 1 stones for next level
[2026-04-10 16:14:00] [INFO] AI: Need 1 stones for next level
[2026-04-10 16:14:00] [INFO] AI: Need 1 stones for next level
[2026-04-10 16:14:01] [INFO] AI: Need 1 stones for next level
[2026-04-10 16:14:02] [INFO] AI: Need 1 stones for next level
[2026-04-10 16:14:02] [INFO] AI: Need 1 stones for next level
[2026-04-10 16:14:02] [INFO] AI: Need 1 stones for next level
[2026-04-10 16:14:03] [INFO] AI: Need 1 stones for next level
[2026-04-10 16:14:03] [INFO] AI: Need 1 stones for next level
[2026-04-10 16:14:04] [INFO] AI: Need 1 stones for next level
[2026-04-10 16:14:04] [INFO] AI: Need 1 stones for next level
[2026-04-10 16:14:05] [INFO] AI: Need 1 stones for next level
[2026-04-10 16:14:05] [INFO] Status: Level=1 Food=52 Forks=10
[2026-04-10 16:14:05] [INFO] AI: Need 1 stones for next level
[2026-04-10 16:14:06] [INFO] AI: Need 1 stones for next level
[2026-04-10 16:14:06] [INFO] AI: Need 1 stones for next level
[2026-04-10 16:14:07] [INFO] AI: Need 1 stones for next level
[2026-04-10 16:14:07] [INFO] AI: Need 1 stones for next level
[2026-04-10 16:14:08] [INFO] AI: Need 1 stones for next level
[2026-04-10 16:14:08] [INFO] AI: Need 1 stones for next level
[2026-04-10 16:14:09] [INFO] AI: Need 1 stones for next level
[2026-04-10 16:14:09] [INFO] AI: Need 1 stones for next level
[2026-04-10 16:14:09] [INFO] AI: Need 1 stones for next level
[2026-04-10 16:14:10] [INFO] AI: Need 1 stones for next level
[2026-04-10 16:14:10] [INFO] AI: Need 1 stones for next level
[2026-04-10 16:14:14] [WARN] AI: Command failed: prend
[2026-04-10 16:14:14] [INFO] AI: Need 1 stones for next level
[2026-04-10 16:14:15] [INFO] Status: Level=1 Food=55 Forks=10
[2026-04-10 16:14:15] [INFO] AI: Need 1 stones for next level
[2026-04-10 16:14:16] [INFO] AI: Need 1 stones for next level
[2026-04-10 16:14:16] [INFO] AI: Need 1 stones for next level
[2026-04-10 16:14:16] [INFO] AI: Need 1 stones for next level
[2026-04-10 16:14:20] [WARN] AI: Command failed: prend
[2026-04-10 16:14:22] [INFO] AI: Need 1 stones for next level
[2026-04-10 16:14:23] [INFO] AI: Need 1 stones for next level
[2026-04-10 16:14:23] [INFO] AI: Need 1 stones for next level
[2026-04-10 16:14:24] [INFO] AI: Need 1 stones for next level
[2026-04-10 16:14:24] [INFO] AI: Need 1 stones for next level
[2026-04-10 16:14:25] [INFO] Status: Level=1 Food=59 Forks=10
[2026-04-10 16:14:25] [INFO] AI: Need 1 stones for next level
[2026-04-10 16:14:25] [INFO] AI: Need 1 stones for next level
[2026-04-10 16:14:26] [INFO] AI: Need 1 stones for next level
[2026-04-10 16:14:29] [WARN] AI: Command failed: prend
[2026-04-10 16:14:29] [INFO] AI: Need 1 stones for next level
[2026-04-10 16:14:35] [INFO] AI: Ready to incantate for level 2
[2026-04-10 16:14:35] [INFO] Status: Level=1 Food=62 Forks=10
[2026-04-10 16:14:40] [INFO] AI: Ready to incantate for level 2
[2026-04-10 16:14:45] [INFO] AI: Ready to incantate for level 2
[2026-04-10 16:14:45] [INFO] Status: Level=1 Food=60 Forks=10
[2026-04-10 16:14:50] [INFO] AI: Ready to incantate for level 2
[2026-04-10 16:14:55] [INFO] AI: Ready to incantate for level 2
[2026-04-10 16:14:55] [INFO] Status: Level=1 Food=59 Forks=10
[2026-04-10 16:15:00] [INFO] AI: Ready to incantate for level 2
[2026-04-10 16:15:05] [INFO] Status: Level=1 Food=57 Forks=10
[2026-04-10 16:15:06] [INFO] AI: Ready to incantate for level 2
[2026-04-10 16:15:11] [INFO] AI: Ready to incantate for level 2
[2026-04-10 16:15:11] [WARN] AI: Command failed: incantation
[2026-04-10 16:15:15] [INFO] Status: Level=1 Food=56 Forks=10
[2026-04-10 16:15:16] [INFO] AI: Ready to incantate for level 2
[2026-04-10 16:15:16] [WARN] AI: Command failed: incantation
[2026-04-10 16:15:21] [INFO] AI: Ready to incantate for level 2
[2026-04-10 16:15:21] [WARN] AI: Command failed: incantation
[2026-04-10 16:15:25] [INFO] Status: Level=1 Food=54 Forks=10
[2026-04-10 16:15:26] [INFO] AI: Ready to incantate for level 2
[2026-04-10 16:15:26] [WARN] AI: Command failed: incantation
[2026-04-10 16:15:31] [INFO] AI: Ready to incantate for level 2
[2026-04-10 16:15:31] [WARN] AI: Command failed: incantation
[2026-04-10 16:15:33] [WARN] TLS read: peer closed connection
[2026-04-10 16:15:33] [ERROR] Websocket error: Peer closed connection
[2026-04-10 16:15:33] [INFO] Network loop ended
[2026-04-10 16:15:33] [INFO] Client exited. Final level: 1
