[2026-04-10 14:19:36] [INFO] Zappy Client starting...
[2026-04-10 14:19:36] [INFO] Team: team1
[2026-04-10 14:19:36] [INFO] Target Level: 8
[2026-04-10 14:19:36] [INFO] Fork enabled: yes
[2026-04-10 14:19:36] [INFO] Connecting to localhost:8674
[2026-04-10 14:19:36] [WARN] TLS: Certificate verification disabled (insecure mode)
[2026-04-10 14:19:36] [INFO] TLS context initialized successfully
[2026-04-10 14:19:36] [INFO] WebSocket: Starting connection to localhost:8674
[2026-04-10 14:19:36] [INFO] TLS handshake completed successfully
[2026-04-10 14:19:36] [INFO] WebSocket: HTTP 101 Upgrade successful
[2026-04-10 14:19:36] [INFO] WebSocket: Handshake complete, connection established
[2026-04-10 14:19:36] [INFO] Websocket connected
[2026-04-10 14:19:36] [INFO] Received bienvenue: {"type":"bienvenue","msg":"Whoa! Knock knock, whos there?"}
[2026-04-10 14:19:36] [INFO] Map size: 10x10
[2026-04-10 14:19:36] [INFO] Remaining team slots: 9
[2026-04-10 14:19:36] [INFO] Login successful! {"type":"welcome","remaining_clients":9,"map_size":{"x":10,"y":10}}
[2026-04-10 14:19:36] [INFO] Successfully logged in as team1
[2026-04-10 14:19:36] [INFO] Connected! Starting main loop...
[2026-04-10 14:19:36] [INFO] AI: Need 1 stones for next level
[2026-04-10 14:19:36] [INFO] Status: Level=1 Food=10 Forks=0
[2026-04-10 14:19:37] [INFO] AI: Need 1 stones for next level
[2026-04-10 14:19:37] [INFO] AI: Need 1 stones for next level
[2026-04-10 14:19:38] [INFO] AI: Need 1 stones for next level
[2026-04-10 14:19:38] [INFO] AI: Need 1 stones for next level
[2026-04-10 14:19:39] [INFO] AI: Need 1 stones for next level
[2026-04-10 14:19:39] [INFO] AI: Need 1 stones for next level
[2026-04-10 14:19:40] [INFO] AI: Need 1 stones for next level
[2026-04-10 14:19:40] [INFO] AI: Need 1 stones for next level
[2026-04-10 14:19:40] [INFO] AI: Need 1 stones for next level
[2026-04-10 14:19:41] [INFO] AI: Need 1 stones for next level
[2026-04-10 14:19:42] [INFO] AI: Need 1 stones for next level
[2026-04-10 14:19:42] [INFO] AI: Need 1 stones for next level
[2026-04-10 14:19:42] [INFO] AI: Need 1 stones for next level
[2026-04-10 14:19:43] [INFO] AI: Need 1 stones for next level
[2026-04-10 14:19:44] [INFO] AI: Need 1 stones for next level
[2026-04-10 14:19:44] [INFO] AI: Need 1 stones for next level
[2026-04-10 14:19:44] [INFO] AI: Need 1 stones for next level
[2026-04-10 14:19:45] [INFO] AI: Need 1 stones for next level
[2026-04-10 14:19:45] [INFO] AI: Need 1 stones for next level
[2026-04-10 14:19:46] [INFO] AI: Need 1 stones for next level
[2026-04-10 14:19:46] [INFO] Status: Level=1 Food=10 Forks=0
[2026-04-10 14:19:49] [WARN] AI: Command failed: prend
[2026-04-10 14:19:49] [INFO] AI: Need 1 stones for next level
[2026-04-10 14:19:49] [INFO] AI: Need 1 stones for next level
[2026-04-10 14:19:50] [INFO] AI: Need 1 stones for next level
[2026-04-10 14:19:50] [INFO] AI: Need 1 stones for next level
[2026-04-10 14:19:50] [INFO] AI: Need 1 stones for next level
[2026-04-10 14:19:51] [INFO] AI: Need 1 stones for next level
[2026-04-10 14:19:52] [INFO] AI: Need 1 stones for next level
[2026-04-10 14:19:52] [INFO] AI: Need 1 stones for next level
[2026-04-10 14:19:52] [INFO] AI: Need 1 stones for next level
[2026-04-10 14:19:53] [INFO] AI: Need 1 stones for next level
[2026-04-10 14:19:54] [INFO] AI: Need 1 stones for next level
[2026-04-10 14:19:54] [INFO] AI: Need 1 stones for next level
[2026-04-10 14:19:54] [INFO] AI: Need 1 stones for next level
[2026-04-10 14:19:55] [INFO] AI: Need 1 stones for next level
[2026-04-10 14:19:55] [INFO] AI: Need 1 stones for next level
[2026-04-10 14:19:56] [INFO] AI: Need 1 stones for next level
[2026-04-10 14:19:56] [INFO] Status: Level=1 Food=12 Forks=0
[2026-04-10 14:19:56] [INFO] AI: Need 1 stones for next level
[2026-04-10 14:19:57] [INFO] AI: Need 1 stones for next level
[2026-04-10 14:19:57] [INFO] AI: Need 1 stones for next level
[2026-04-10 14:19:58] [INFO] AI: Need 1 stones for next level
[2026-04-10 14:19:58] [INFO] AI: Forking to increase team size
[2026-04-10 14:20:01] [INFO] Fork successful! Total forks: 1
[2026-04-10 14:20:01] [INFO] Fork successful! Total forks: 2
[2026-04-10 14:20:01] [INFO] AI: Need 1 stones for next level
[2026-04-10 14:20:01] [INFO] AI: Need 1 stones for next level
[2026-04-10 14:20:02] [INFO] AI: Need 1 stones for next level
[2026-04-10 14:20:02] [INFO] AI: Need 1 stones for next level
[2026-04-10 14:20:03] [INFO] AI: Need 1 stones for next level
[2026-04-10 14:20:03] [INFO] AI: Need 1 stones for next level
[2026-04-10 14:20:04] [INFO] AI: Need 1 stones for next level
[2026-04-10 14:20:04] [INFO] AI: Need 1 stones for next level
[2026-04-10 14:20:05] [INFO] AI: Need 1 stones for next level
[2026-04-10 14:20:05] [INFO] AI: Need 1 stones for next level
[2026-04-10 14:20:06] [INFO] AI: Need 1 stones for next level
[2026-04-10 14:20:06] [INFO] AI: Need 1 stones for next level
[2026-04-10 14:20:06] [INFO] Status: Level=1 Food=12 Forks=2
[2026-04-10 14:20:07] [INFO] AI: Need 1 stones for next level
[2026-04-10 14:20:07] [INFO] AI: Need 1 stones for next level
[2026-04-10 14:20:08] [INFO] AI: Need 1 stones for next level
[2026-04-10 14:20:08] [INFO] AI: Need 1 stones for next level
[2026-04-10 14:20:09] [INFO] AI: Need 1 stones for next level
[2026-04-10 14:20:09] [INFO] AI: Need 1 stones for next level
[2026-04-10 14:20:09] [INFO] AI: Need 1 stones for next level
[2026-04-10 14:20:10] [INFO] AI: Forking to increase team size
[2026-04-10 14:20:12] [INFO] Fork successful! Total forks: 3
[2026-04-10 14:20:12] [INFO] Fork successful! Total forks: 4
[2026-04-10 14:20:13] [INFO] AI: Need 1 stones for next level
[2026-04-10 14:20:13] [INFO] AI: Need 1 stones for next level
[2026-04-10 14:20:14] [INFO] AI: Need 1 stones for next level
[2026-04-10 14:20:14] [INFO] AI: Need 1 stones for next level
[2026-04-10 14:20:15] [INFO] AI: Need 1 stones for next level
[2026-04-10 14:20:15] [INFO] AI: Need 1 stones for next level
[2026-04-10 14:20:16] [INFO] AI: Need 1 stones for next level
[2026-04-10 14:20:16] [INFO] AI: Need 1 stones for next level
[2026-04-10 14:20:16] [INFO] Status: Level=1 Food=12 Forks=4
[2026-04-10 14:20:16] [INFO] AI: Need 1 stones for next level
[2026-04-10 14:20:17] [INFO] AI: Need 1 stones for next level
[2026-04-10 14:20:18] [INFO] AI: Need 1 stones for next level
[2026-04-10 14:20:18] [INFO] AI: Need 1 stones for next level
[2026-04-10 14:20:18] [INFO] AI: Need 1 stones for next level
[2026-04-10 14:20:19] [INFO] AI: Need 1 stones for next level
[2026-04-10 14:20:20] [INFO] AI: Need 1 stones for next level
[2026-04-10 14:20:20] [INFO] AI: Need 1 stones for next level
[2026-04-10 14:20:20] [INFO] AI: Need 1 stones for next level
[2026-04-10 14:20:21] [INFO] AI: Need 1 stones for next level
[2026-04-10 14:20:21] [INFO] AI: Need 1 stones for next level
[2026-04-10 14:20:22] [INFO] AI: Forking to increase team size
[2026-04-10 14:20:24] [INFO] Fork successful! Total forks: 5
[2026-04-10 14:20:24] [INFO] Fork successful! Total forks: 6
[2026-04-10 14:20:25] [INFO] AI: Need 1 stones for next level
[2026-04-10 14:20:25] [INFO] AI: Need 1 stones for next level
[2026-04-10 14:20:26] [INFO] AI: Need 1 stones for next level
[2026-04-10 14:20:26] [INFO] Status: Level=1 Food=12 Forks=6
[2026-04-10 14:20:27] [INFO] AI: Need 1 stones for next level
[2026-04-10 14:20:27] [INFO] AI: Need 1 stones for next level
[2026-04-10 14:20:27] [INFO] AI: Need 1 stones for next level
[2026-04-10 14:20:28] [INFO] AI: Need 1 stones for next level
[2026-04-10 14:20:28] [INFO] AI: Need 1 stones for next level
[2026-04-10 14:20:29] [INFO] AI: Need 1 stones for next level
[2026-04-10 14:20:29] [INFO] AI: Need 1 stones for next level
[2026-04-10 14:20:30] [INFO] AI: Need 1 stones for next level
[2026-04-10 14:20:30] [INFO] AI: Need 1 stones for next level
[2026-04-10 14:20:31] [INFO] AI: Need 1 stones for next level
[2026-04-10 14:20:31] [INFO] AI: Need 1 stones for next level
[2026-04-10 14:20:32] [INFO] AI: Need 1 stones for next level
[2026-04-10 14:20:32] [INFO] AI: Need 1 stones for next level
[2026-04-10 14:20:33] [INFO] AI: Need 1 stones for next level
[2026-04-10 14:20:33] [INFO] AI: Need 1 stones for next level
[2026-04-10 14:20:34] [INFO] AI: Need 1 stones for next level
[2026-04-10 14:20:34] [INFO] AI: Need 1 stones for next level
[2026-04-10 14:20:35] [INFO] AI: Need 1 stones for next level
[2026-04-10 14:20:35] [INFO] AI: Need 1 stones for next level
[2026-04-10 14:20:35] [INFO] AI: Need 1 stones for next level
[2026-04-10 14:20:36] [INFO] AI: Need 1 stones for next level
[2026-04-10 14:20:36] [INFO] Status: Level=1 Food=12 Forks=6
[2026-04-10 14:20:37] [INFO] AI: Need 1 stones for next level
[2026-04-10 14:20:37] [INFO] AI: Need 1 stones for next level
[2026-04-10 14:20:37] [INFO] AI: Need 1 stones for next level
[2026-04-10 14:20:38] [INFO] AI: Need 1 stones for next level
[2026-04-10 14:20:39] [INFO] AI: Need 1 stones for next level
[2026-04-10 14:20:39] [INFO] AI: Need 1 stones for next level
[2026-04-10 14:20:39] [INFO] AI: Need 1 stones for next level
[2026-04-10 14:20:40] [INFO] AI: Need 1 stones for next level
[2026-04-10 14:20:40] [INFO] AI: Need 1 stones for next level
[2026-04-10 14:20:41] [INFO] AI: Need 1 stones for next level
[2026-04-10 14:20:42] [INFO] AI: Need 1 stones for next level
[2026-04-10 14:20:42] [INFO] AI: Need 1 stones for next level
[2026-04-10 14:20:42] [INFO] AI: Need 1 stones for next level
[2026-04-10 14:20:43] [INFO] AI: Need 1 stones for next level
[2026-04-10 14:20:46] [INFO] Status: Level=1 Food=11 Forks=6
[2026-04-10 14:20:46] [INFO] AI: Need 1 stones for next level
[2026-04-10 14:20:47] [INFO] AI: Need 1 stones for next level
[2026-04-10 14:20:47] [INFO] AI: Need 1 stones for next level
[2026-04-10 14:20:48] [INFO] AI: Need 1 stones for next level
[2026-04-10 14:20:48] [INFO] AI: Need 1 stones for next level
[2026-04-10 14:20:49] [INFO] AI: Need 1 stones for next level
[2026-04-10 14:20:49] [INFO] AI: Need 1 stones for next level
[2026-04-10 14:20:53] [WARN] AI: Command failed: prend
[2026-04-10 14:20:53] [INFO] AI: Need 1 stones for next level
[2026-04-10 14:20:53] [INFO] AI: Need 1 stones for next level
[2026-04-10 14:20:54] [INFO] AI: Need 1 stones for next level
[2026-04-10 14:20:54] [INFO] AI: Need 1 stones for next level
[2026-04-10 14:20:55] [INFO] AI: Need 1 stones for next level
[2026-04-10 14:20:55] [INFO] AI: Need 1 stones for next level
[2026-04-10 14:20:56] [INFO] AI: Need 1 stones for next level
[2026-04-10 14:20:56] [INFO] AI: Need 1 stones for next level
[2026-04-10 14:20:56] [INFO] Status: Level=1 Food=12 Forks=6
[2026-04-10 14:20:57] [INFO] AI: Need 1 stones for next level
[2026-04-10 14:20:57] [INFO] AI: Need 1 stones for next level
[2026-04-10 14:20:58] [INFO] AI: Need 1 stones for next level
[2026-04-10 14:20:58] [INFO] AI: Need 1 stones for next level
[2026-04-10 14:20:58] [INFO] AI: Need 1 stones for next level
[2026-04-10 14:20:59] [INFO] AI: Need 1 stones for next level
[2026-04-10 14:21:00] [INFO] AI: Need 1 stones for next level
[2026-04-10 14:21:00] [INFO] AI: Need 1 stones for next level
[2026-04-10 14:21:01] [INFO] AI: Need 1 stones for next level
[2026-04-10 14:21:01] [INFO] AI: Need 1 stones for next level
[2026-04-10 14:21:02] [INFO] AI: Need 1 stones for next level
[2026-04-10 14:21:02] [INFO] AI: Need 1 stones for next level
[2026-04-10 14:21:02] [INFO] AI: Need 1 stones for next level
[2026-04-10 14:21:03] [INFO] AI: Need 1 stones for next level
[2026-04-10 14:21:03] [INFO] AI: Need 1 stones for next level
[2026-04-10 14:21:04] [INFO] AI: Need 1 stones for next level
[2026-04-10 14:21:04] [INFO] AI: Need 1 stones for next level
[2026-04-10 14:21:06] [INFO] Status: Level=1 Food=12 Forks=6
[2026-04-10 14:21:06] [WARN] AI: Command failed: prend
[2026-04-10 14:21:06] [INFO] AI: Need 1 stones for next level
[2026-04-10 14:21:10] [WARN] AI: Command failed: prend
[2026-04-10 14:21:10] [INFO] AI: Need 1 stones for next level
[2026-04-10 14:21:10] [INFO] AI: Need 1 stones for next level
[2026-04-10 14:21:11] [INFO] AI: Need 1 stones for next level
[2026-04-10 14:21:11] [INFO] AI: Need 1 stones for next level
[2026-04-10 14:21:12] [INFO] AI: Need 1 stones for next level
[2026-04-10 14:21:12] [INFO] AI: Need 1 stones for next level
[2026-04-10 14:21:13] [INFO] AI: Need 1 stones for next level
[2026-04-10 14:21:13] [INFO] AI: Need 1 stones for next level
[2026-04-10 14:21:15] [WARN] AI: Command failed: prend
[2026-04-10 14:21:15] [INFO] AI: Need 1 stones for next level
[2026-04-10 14:21:16] [INFO] Status: Level=1 Food=14 Forks=6
[2026-04-10 14:21:17] [WARN] AI: Command failed: prend
[2026-04-10 14:21:17] [INFO] AI: Need 1 stones for next level
[2026-04-10 14:21:18] [INFO] AI: Need 1 stones for next level
[2026-04-10 14:21:19] [INFO] AI: Need 1 stones for next level
[2026-04-10 14:21:19] [INFO] AI: Need 1 stones for next level
[2026-04-10 14:21:19] [INFO] AI: Need 1 stones for next level
[2026-04-10 14:21:20] [INFO] AI: Need 1 stones for next level
[2026-04-10 14:21:20] [INFO] AI: Need 1 stones for next level
[2026-04-10 14:21:21] [INFO] AI: Need 1 stones for next level
[2026-04-10 14:21:21] [INFO] AI: Need 1 stones for next level
[2026-04-10 14:21:22] [INFO] AI: Need 1 stones for next level
[2026-04-10 14:21:22] [INFO] AI: Need 1 stones for next level
[2026-04-10 14:21:23] [INFO] AI: Need 1 stones for next level
[2026-04-10 14:21:23] [INFO] AI: Need 1 stones for next level
[2026-04-10 14:21:24] [INFO] AI: Need 1 stones for next level
[2026-04-10 14:21:24] [INFO] AI: Need 1 stones for next level
[2026-04-10 14:21:24] [INFO] AI: Need 1 stones for next level
[2026-04-10 14:21:25] [INFO] AI: Need 1 stones for next level
[2026-04-10 14:21:26] [INFO] AI: Need 1 stones for next level
[2026-04-10 14:21:26] [INFO] Status: Level=1 Food=13 Forks=6
[2026-04-10 14:21:29] [WARN] AI: Command failed: prend
[2026-04-10 14:21:29] [INFO] AI: Need 1 stones for next level
[2026-04-10 14:21:30] [INFO] AI: Need 1 stones for next level
[2026-04-10 14:21:30] [INFO] AI: Need 1 stones for next level
[2026-04-10 14:21:31] [INFO] AI: Need 1 stones for next level
[2026-04-10 14:21:31] [INFO] AI: Need 1 stones for next level
[2026-04-10 14:21:32] [INFO] AI: Need 1 stones for next level
[2026-04-10 14:21:32] [INFO] AI: Need 1 stones for next level
[2026-04-10 14:21:33] [INFO] AI: Need 1 stones for next level
[2026-04-10 14:21:33] [INFO] AI: Need 1 stones for next level
[2026-04-10 14:21:33] [INFO] AI: Need 1 stones for next level
[2026-04-10 14:21:34] [INFO] AI: Need 1 stones for next level
[2026-04-10 14:21:35] [INFO] AI: Need 1 stones for next level
[2026-04-10 14:21:35] [INFO] AI: Need 1 stones for next level
[2026-04-10 14:21:35] [INFO] AI: Need 1 stones for next level
[2026-04-10 14:21:36] [INFO] AI: Need 1 stones for next level
[2026-04-10 14:21:36] [INFO] Status: Level=1 Food=15 Forks=6
[2026-04-10 14:21:37] [INFO] AI: Need 1 stones for next level
[2026-04-10 14:21:37] [INFO] AI: Need 1 stones for next level
[2026-04-10 14:21:37] [INFO] AI: Need 1 stones for next level
[2026-04-10 14:21:39] [WARN] AI: Command failed: prend
[2026-04-10 14:21:39] [INFO] AI: Need 1 stones for next level
[2026-04-10 14:21:41] [WARN] AI: Command failed: prend
[2026-04-10 14:21:41] [INFO] AI: Need 1 stones for next level
[2026-04-10 14:21:42] [INFO] AI: Need 1 stones for next level
[2026-04-10 14:21:42] [INFO] AI: Need 1 stones for next level
[2026-04-10 14:21:43] [INFO] AI: Need 1 stones for next level
[2026-04-10 14:21:44] [INFO] AI: Need 1 stones for next level
[2026-04-10 14:21:44] [INFO] AI: Need 1 stones for next level
[2026-04-10 14:21:44] [INFO] AI: Need 1 stones for next level
[2026-04-10 14:21:45] [INFO] AI: Need 1 stones for next level
[2026-04-10 14:21:46] [INFO] AI: Need 1 stones for next level
[2026-04-10 14:21:46] [INFO] AI: Need 1 stones for next level
[2026-04-10 14:21:46] [INFO] AI: Need 1 stones for next level
[2026-04-10 14:21:46] [INFO] Status: Level=1 Food=13 Forks=6
[2026-04-10 14:21:47] [INFO] AI: Need 1 stones for next level
[2026-04-10 14:21:47] [INFO] AI: Need 1 stones for next level
[2026-04-10 14:21:48] [INFO] AI: Need 1 stones for next level
[2026-04-10 14:21:48] [INFO] AI: Need 1 stones for next level
[2026-04-10 14:21:49] [INFO] AI: Need 1 stones for next level
[2026-04-10 14:21:49] [INFO] AI: Need 1 stones for next level
[2026-04-10 14:21:50] [INFO] AI: Need 1 stones for next level
[2026-04-10 14:21:50] [INFO] AI: Need 1 stones for next level
[2026-04-10 14:21:51] [INFO] AI: Need 1 stones for next level
[2026-04-10 14:21:51] [INFO] AI: Need 1 stones for next level
[2026-04-10 14:21:52] [INFO] AI: Need 1 stones for next level
[2026-04-10 14:21:52] [INFO] AI: Need 1 stones for next level
[2026-04-10 14:21:53] [INFO] AI: Need 1 stones for next level
[2026-04-10 14:21:53] [INFO] AI: Need 1 stones for next level
[2026-04-10 14:21:54] [INFO] AI: Need 1 stones for next level
[2026-04-10 14:21:54] [INFO] AI: Need 1 stones for next level
[2026-04-10 14:21:54] [INFO] AI: Need 1 stones for next level
[2026-04-10 14:21:55] [INFO] AI: Need 1 stones for next level
[2026-04-10 14:21:56] [INFO] AI: Need 1 stones for next level
[2026-04-10 14:21:56] [INFO] Status: Level=1 Food=12 Forks=6
[2026-04-10 14:21:58] [WARN] AI: Command failed: prend
[2026-04-10 14:21:58] [INFO] AI: Need 1 stones for next level
[2026-04-10 14:22:03] [INFO] AI: Forking to increase team size
[2026-04-10 14:22:05] [INFO] Fork successful! Total forks: 7
[2026-04-10 14:22:05] [INFO] Fork successful! Total forks: 8
[2026-04-10 14:22:06] [INFO] AI: Need 1 stones for next level
[2026-04-10 14:22:06] [INFO] AI: Need 1 stones for next level
[2026-04-10 14:22:06] [INFO] Status: Level=1 Food=18 Forks=8
[2026-04-10 14:22:07] [INFO] AI: Need 1 stones for next level
[2026-04-10 14:22:07] [INFO] AI: Need 1 stones for next level
[2026-04-10 14:22:08] [INFO] AI: Ready to incantate for level 2
[2026-04-10 14:22:13] [INFO] AI: Ready to incantate for level 2
[2026-04-10 14:22:13] [INFO] AI: Forking to increase team size
[2026-04-10 14:22:15] [INFO] Fork successful! Total forks: 9
[2026-04-10 14:22:15] [INFO] Fork successful! Total forks: 10
[2026-04-10 14:22:16] [INFO] Status: Level=1 Food=18 Forks=10
[2026-04-10 14:22:18] [INFO] AI: Ready to incantate for level 2
[2026-04-10 14:22:23] [INFO] AI: Ready to incantate for level 2
[2026-04-10 14:22:26] [INFO] Status: Level=1 Food=16 Forks=10
[2026-04-10 14:22:28] [INFO] AI: Ready to incantate for level 2
[2026-04-10 14:22:34] [INFO] AI: Ready to incantate for level 2
[2026-04-10 14:22:36] [INFO] Status: Level=1 Food=15 Forks=10
[2026-04-10 14:22:39] [INFO] AI: Ready to incantate for level 2
[2026-04-10 14:22:44] [INFO] AI: Ready to incantate for level 2
[2026-04-10 14:22:44] [WARN] AI: Command failed: incantation
[2026-04-10 14:22:46] [INFO] Status: Level=1 Food=13 Forks=10
[2026-04-10 14:22:50] [INFO] AI: Ready to incantate for level 2
[2026-04-10 14:22:50] [WARN] AI: Command failed: incantation
[2026-04-10 14:22:55] [INFO] AI: Ready to incantate for level 2
[2026-04-10 14:22:55] [WARN] AI: Command failed: incantation
[2026-04-10 14:22:56] [INFO] Status: Level=1 Food=11 Forks=10
[2026-04-10 14:23:00] [INFO] AI: Ready to incantate for level 2
[2026-04-10 14:23:00] [WARN] AI: Command failed: incantation
[2026-04-10 14:23:05] [INFO] AI: Ready to incantate for level 2
[2026-04-10 14:23:05] [WARN] AI: Command failed: incantation
[2026-04-10 14:23:06] [INFO] Status: Level=1 Food=10 Forks=10
[2026-04-10 14:23:08] [INFO] AI: Low food (9), seeking nourriture
[2026-04-10 14:23:09] [WARN] AI: Command failed: prend
[2026-04-10 14:23:09] [INFO] AI: Low food (9), seeking nourriture
[2026-04-10 14:23:09] [WARN] AI: Command failed: prend
[2026-04-10 14:23:09] [INFO] AI: Low food (9), seeking nourriture
[2026-04-10 14:23:09] [WARN] AI: Command failed: prend
[2026-04-10 14:23:09] [INFO] AI: Low food (9), seeking nourriture
[2026-04-10 14:23:10] [WARN] AI: Command failed: prend
[2026-04-10 14:23:10] [INFO] AI: Low food (9), seeking nourriture
[2026-04-10 14:23:10] [WARN] AI: Command failed: prend
[2026-04-10 14:23:10] [INFO] AI: Low food (9), seeking nourriture
[2026-04-10 14:23:11] [WARN] AI: Command failed: prend
[2026-04-10 14:23:11] [INFO] AI: Low food (9), seeking nourriture
[2026-04-10 14:23:11] [WARN] AI: Command failed: prend
[2026-04-10 14:23:11] [INFO] AI: Low food (9), seeking nourriture
[2026-04-10 14:23:16] [INFO] Status: Level=1 Food=8 Forks=10
[2026-04-10 14:23:17] [INFO] AI: Low food (8), seeking nourriture
[2026-04-10 14:23:17] [WARN] AI: Command failed: prend
[2026-04-10 14:23:17] [INFO] AI: Low food (8), seeking nourriture
[2026-04-10 14:23:23] [INFO] AI: Ready to incantate for level 2
[2026-04-10 14:23:23] [WARN] AI: Command failed: incantation
[2026-04-10 14:23:26] [INFO] Status: Level=1 Food=24 Forks=10
[2026-04-10 14:23:28] [INFO] AI: Ready to incantate for level 2
[2026-04-10 14:23:28] [WARN] AI: Command failed: incantation
[2026-04-10 14:23:33] [INFO] AI: Ready to incantate for level 2
[2026-04-10 14:23:33] [WARN] AI: Command failed: incantation
[2026-04-10 14:23:36] [INFO] Status: Level=1 Food=22 Forks=10
[2026-04-10 14:23:38] [INFO] AI: Ready to incantate for level 2
[2026-04-10 14:23:38] [WARN] AI: Command failed: incantation
[2026-04-10 14:23:43] [INFO] AI: Ready to incantate for level 2
[2026-04-10 14:23:43] [WARN] AI: Command failed: incantation
[2026-04-10 14:23:46] [INFO] Status: Level=1 Food=20 Forks=10
[2026-04-10 14:23:48] [INFO] AI: Ready to incantate for level 2
[2026-04-10 14:23:48] [WARN] AI: Command failed: incantation
[2026-04-10 14:23:53] [INFO] AI: Ready to incantate for level 2
[2026-04-10 14:23:53] [WARN] AI: Command failed: incantation
[2026-04-10 14:23:56] [INFO] Status: Level=1 Food=19 Forks=10
[2026-04-10 14:23:58] [INFO] AI: Ready to incantate for level 2
[2026-04-10 14:23:59] [WARN] AI: Command failed: incantation
[2026-04-10 14:24:03] [INFO] AI: Ready to incantate for level 2
[2026-04-10 14:24:04] [WARN] AI: Command failed: incantation
[2026-04-10 14:24:07] [INFO] Status: Level=1 Food=17 Forks=10
[2026-04-10 14:24:09] [INFO] AI: Ready to incantate for level 2
[2026-04-10 14:24:09] [WARN] AI: Command failed: incantation
[2026-04-10 14:24:14] [INFO] AI: Ready to incantate for level 2
[2026-04-10 14:24:14] [WARN] AI: Command failed: incantation
[2026-04-10 14:24:17] [INFO] Status: Level=1 Food=16 Forks=10
[2026-04-10 14:24:19] [INFO] AI: Ready to incantate for level 2
[2026-04-10 14:24:19] [WARN] AI: Command failed: incantation
[2026-04-10 14:24:24] [INFO] AI: Ready to incantate for level 2
[2026-04-10 14:24:25] [WARN] AI: Command failed: incantation
[2026-04-10 14:24:27] [INFO] Status: Level=1 Food=14 Forks=10
[2026-04-10 14:24:30] [INFO] AI: Ready to incantate for level 2
[2026-04-10 14:24:30] [WARN] AI: Command failed: incantation
[2026-04-10 14:24:35] [INFO] AI: Ready to incantate for level 2
[2026-04-10 14:24:35] [WARN] AI: Command failed: incantation
[2026-04-10 14:24:37] [INFO] Status: Level=1 Food=12 Forks=10
[2026-04-10 14:24:40] [INFO] AI: Ready to incantate for level 2
[2026-04-10 14:24:40] [WARN] AI: Command failed: incantation
[2026-04-10 14:24:45] [INFO] AI: Ready to incantate for level 2
[2026-04-10 14:24:45] [WARN] AI: Command failed: incantation
[2026-04-10 14:24:47] [INFO] Status: Level=1 Food=11 Forks=10
[2026-04-10 14:24:50] [INFO] AI: Ready to incantate for level 2
[2026-04-10 14:24:50] [WARN] AI: Command failed: incantation
[2026-04-10 14:24:54] [INFO] AI: Low food (9), seeking nourriture
[2026-04-10 14:24:57] [INFO] Status: Level=1 Food=9 Forks=10
[2026-04-10 14:24:57] [WARN] AI: Command failed: prend
[2026-04-10 14:24:57] [INFO] AI: Low food (9), seeking nourriture
[2026-04-10 14:24:57] [WARN] AI: Command failed: prend
[2026-04-10 14:24:57] [INFO] AI: Low food (9), seeking nourriture
[2026-04-10 14:24:58] [WARN] AI: Command failed: prend
[2026-04-10 14:24:58] [INFO] AI: Low food (9), seeking nourriture
[2026-04-10 14:24:58] [WARN] AI: Command failed: prend
[2026-04-10 14:24:58] [INFO] AI: Low food (9), seeking nourriture
[2026-04-10 14:24:58] [WARN] AI: Command failed: prend
[2026-04-10 14:24:58] [INFO] AI: Low food (9), seeking nourriture
[2026-04-10 14:24:59] [WARN] AI: Command failed: prend
[2026-04-10 14:24:59] [INFO] AI: Ready to incantate for level 2
[2026-04-10 14:24:59] [WARN] AI: Command failed: incantation
[2026-04-10 14:25:04] [INFO] AI: Ready to incantate for level 2
[2026-04-10 14:25:04] [WARN] AI: Command failed: incantation
[2026-04-10 14:25:07] [INFO] Status: Level=1 Food=14 Forks=10
[2026-04-10 14:25:09] [INFO] AI: Ready to incantate for level 2
[2026-04-10 14:25:09] [WARN] AI: Command failed: incantation
[2026-04-10 14:25:14] [INFO] AI: Ready to incantate for level 2
[2026-04-10 14:25:14] [WARN] AI: Command failed: incantation
[2026-04-10 14:25:17] [INFO] Status: Level=1 Food=12 Forks=10
[2026-04-10 14:25:20] [INFO] AI: Ready to incantate for level 2
[2026-04-10 14:25:20] [WARN] AI: Command failed: incantation
[2026-04-10 14:25:25] [INFO] AI: Ready to incantate for level 2
[2026-04-10 14:25:25] [WARN] AI: Command failed: incantation
[2026-04-10 14:25:27] [INFO] Status: Level=1 Food=10 Forks=10
[2026-04-10 14:25:30] [INFO] AI: Ready to incantate for level 2
[2026-04-10 14:25:30] [WARN] AI: Command failed: incantation
[2026-04-10 14:25:34] [INFO] AI: Low food (9), seeking nourriture
[2026-04-10 14:25:37] [INFO] Status: Level=1 Food=9 Forks=10
[2026-04-10 14:25:37] [WARN] AI: Command failed: prend
[2026-04-10 14:25:37] [INFO] AI: Low food (9), seeking nourriture
[2026-04-10 14:25:37] [WARN] AI: Command failed: prend
[2026-04-10 14:25:37] [INFO] AI: Low food (9), seeking nourriture
[2026-04-10 14:25:38] [WARN] AI: Command failed: prend
[2026-04-10 14:25:38] [INFO] AI: Low food (9), seeking nourriture
[2026-04-10 14:25:38] [WARN] AI: Command failed: prend
[2026-04-10 14:25:38] [INFO] AI: Low food (9), seeking nourriture
[2026-04-10 14:25:38] [WARN] AI: Command failed: prend
[2026-04-10 14:25:38] [INFO] AI: Low food (9), seeking nourriture
[2026-04-10 14:25:39] [WARN] AI: Command failed: prend
[2026-04-10 14:25:39] [INFO] AI: Low food (9), seeking nourriture
[2026-04-10 14:25:39] [WARN] AI: Command failed: prend
[2026-04-10 14:25:39] [INFO] AI: Ready to incantate for level 2
[2026-04-10 14:25:39] [WARN] AI: Command failed: incantation
[2026-04-10 14:25:44] [INFO] AI: Ready to incantate for level 2
[2026-04-10 14:25:44] [WARN] AI: Command failed: incantation
[2026-04-10 14:25:47] [INFO] Status: Level=1 Food=13 Forks=10
[2026-04-10 14:25:49] [INFO] AI: Ready to incantate for level 2
[2026-04-10 14:25:49] [WARN] AI: Command failed: incantation
[2026-04-10 14:25:55] [INFO] AI: Ready to incantate for level 2
[2026-04-10 14:25:55] [WARN] AI: Command failed: incantation
[2026-04-10 14:25:57] [INFO] Status: Level=1 Food=12 Forks=10
[2026-04-10 14:26:00] [INFO] AI: Ready to incantate for level 2
[2026-04-10 14:26:00] [WARN] AI: Command failed: incantation
[2026-04-10 14:26:05] [INFO] AI: Ready to incantate for level 2
[2026-04-10 14:26:05] [WARN] AI: Command failed: incantation
[2026-04-10 14:26:07] [INFO] Status: Level=1 Food=10 Forks=10
[2026-04-10 14:26:09] [INFO] AI: Low food (9), seeking nourriture
[2026-04-10 14:26:10] [WARN] AI: Command failed: prend
[2026-04-10 14:26:10] [INFO] AI: Low food (9), seeking nourriture
[2026-04-10 14:26:10] [WARN] AI: Command failed: prend
[2026-04-10 14:26:10] [INFO] AI: Low food (9), seeking nourriture
[2026-04-10 14:26:11] [WARN] AI: Command failed: prend
[2026-04-10 14:26:11] [INFO] AI: Low food (9), seeking nourriture
[2026-04-10 14:26:11] [WARN] AI: Command failed: prend
[2026-04-10 14:26:11] [INFO] AI: Low food (9), seeking nourriture
[2026-04-10 14:26:11] [WARN] AI: Command failed: prend
[2026-04-10 14:26:11] [INFO] AI: Low food (9), seeking nourriture
[2026-04-10 14:26:12] [WARN] AI: Command failed: prend
[2026-04-10 14:26:12] [INFO] AI: Low food (9), seeking nourriture
[2026-04-10 14:26:12] [WARN] AI: Command failed: prend
[2026-04-10 14:26:12] [INFO] AI: Low food (9), seeking nourriture
[2026-04-10 14:26:17] [INFO] Status: Level=1 Food=8 Forks=10
[2026-04-10 14:26:19] [INFO] AI: Low food (8), seeking nourriture
[2026-04-10 14:26:26] [INFO] AI: Ready to incantate for level 2
[2026-04-10 14:26:26] [WARN] AI: Command failed: incantation
[2026-04-10 14:26:27] [INFO] Status: Level=1 Food=28 Forks=10
[2026-04-10 14:26:31] [INFO] AI: Ready to incantate for level 2
[2026-04-10 14:26:31] [WARN] AI: Command failed: incantation
[2026-04-10 14:26:37] [INFO] Status: Level=1 Food=31 Forks=10
[2026-04-10 14:26:37] [INFO] AI: Ready to incantate for level 2
[2026-04-10 14:26:37] [WARN] AI: Command failed: incantation
[2026-04-10 14:26:42] [INFO] AI: Ready to incantate for level 2
[2026-04-10 14:26:42] [WARN] AI: Command failed: incantation
[2026-04-10 14:26:47] [INFO] Status: Level=1 Food=30 Forks=10
[2026-04-10 14:26:48] [INFO] AI: Ready to incantate for level 2
[2026-04-10 14:26:48] [WARN] AI: Command failed: incantation
[2026-04-10 14:26:53] [INFO] AI: Ready to incantate for level 2
[2026-04-10 14:26:53] [WARN] AI: Command failed: incantation
[2026-04-10 14:26:57] [INFO] Status: Level=1 Food=28 Forks=10
[2026-04-10 14:26:58] [INFO] AI: Ready to incantate for level 2
[2026-04-10 14:26:58] [WARN] AI: Command failed: incantation
[2026-04-10 14:27:03] [INFO] AI: Ready to incantate for level 2
[2026-04-10 14:27:03] [WARN] AI: Command failed: incantation
[2026-04-10 14:27:07] [INFO] Status: Level=1 Food=26 Forks=10
[2026-04-10 14:27:08] [INFO] AI: Ready to incantate for level 2
[2026-04-10 14:27:08] [WARN] AI: Command failed: incantation
[2026-04-10 14:27:13] [INFO] AI: Ready to incantate for level 2
[2026-04-10 14:27:14] [WARN] AI: Command failed: incantation
[2026-04-10 14:27:17] [INFO] Status: Level=1 Food=25 Forks=10
[2026-04-10 14:27:19] [INFO] AI: Ready to incantate for level 2
[2026-04-10 14:27:19] [WARN] AI: Command failed: incantation
[2026-04-10 14:27:24] [INFO] AI: Ready to incantate for level 2
[2026-04-10 14:27:24] [WARN] AI: Command failed: incantation
[2026-04-10 16:12:04] [INFO] Status: Level=1 Food=23 Forks=10
[2026-04-10 16:12:06] [INFO] AI: Ready to incantate for level 2
[2026-04-10 16:12:07] [WARN] AI: Command failed: incantation
[2026-04-10 16:12:12] [INFO] AI: Ready to incantate for level 2
[2026-04-10 16:12:12] [WARN] AI: Command failed: incantation
[2026-04-10 16:12:14] [INFO] Status: Level=1 Food=21 Forks=10
[2026-04-10 16:12:17] [INFO] AI: Ready to incantate for level 2
[2026-04-10 16:12:17] [WARN] AI: Command failed: incantation
[2026-04-10 16:12:22] [INFO] AI: Ready to incantate for level 2
[2026-04-10 16:12:22] [WARN] AI: Command failed: incantation
[2026-04-10 16:12:24] [INFO] Status: Level=1 Food=20 Forks=10
[2026-04-10 16:12:27] [INFO] AI: Ready to incantate for level 2
[2026-04-10 16:12:27] [WARN] AI: Command failed: incantation
[2026-04-10 16:12:32] [INFO] AI: Ready to incantate for level 2
[2026-04-10 16:12:32] [WARN] AI: Command failed: incantation
[2026-04-10 16:12:34] [INFO] Status: Level=1 Food=18 Forks=10
[2026-04-10 16:12:37] [INFO] AI: Ready to incantate for level 2
[2026-04-10 16:12:37] [WARN] AI: Command failed: incantation
[2026-04-10 16:12:42] [INFO] AI: Ready to incantate for level 2
[2026-04-10 16:12:42] [WARN] AI: Command failed: incantation
[2026-04-10 16:12:44] [INFO] Status: Level=1 Food=16 Forks=10
[2026-04-10 16:12:47] [INFO] AI: Ready to incantate for level 2
[2026-04-10 16:12:47] [WARN] AI: Command failed: incantation
[2026-04-10 16:12:52] [INFO] AI: Ready to incantate for level 2
[2026-04-10 16:12:52] [WARN] AI: Command failed: incantation
[2026-04-10 16:12:54] [INFO] Status: Level=1 Food=15 Forks=10
[2026-04-10 16:12:58] [INFO] AI: Ready to incantate for level 2
[2026-04-10 16:12:58] [WARN] AI: Command failed: incantation
[2026-04-10 16:13:03] [INFO] AI: Ready to incantate for level 2
[2026-04-10 16:13:03] [WARN] AI: Command failed: incantation
[2026-04-10 16:13:04] [INFO] Status: Level=1 Food=13 Forks=10
[2026-04-10 16:13:08] [INFO] AI: Ready to incantate for level 2
[2026-04-10 16:13:08] [WARN] AI: Command failed: incantation
[2026-04-10 16:13:14] [INFO] AI: Ready to incantate for level 2
[2026-04-10 16:13:14] [WARN] AI: Command failed: incantation
[2026-04-10 16:13:14] [INFO] Status: Level=1 Food=12 Forks=10
[2026-04-10 16:13:19] [INFO] AI: Ready to incantate for level 2
[2026-04-10 16:13:19] [WARN] AI: Command failed: incantation
[2026-04-10 16:13:24] [INFO] AI: Ready to incantate for level 2
[2026-04-10 16:13:24] [WARN] AI: Command failed: incantation
[2026-04-10 16:13:24] [INFO] Status: Level=1 Food=10 Forks=10
[2026-04-10 16:13:29] [INFO] AI: Ready to incantate for level 2
[2026-04-10 16:13:29] [WARN] AI: Command failed: incantation
[2026-04-10 16:13:29] [INFO] AI: Low food (9), seeking nourriture
[2026-04-10 16:13:33] [WARN] AI: Command failed: prend
[2026-04-10 16:13:33] [INFO] AI: Low food (9), seeking nourriture
[2026-04-10 16:13:34] [INFO] Status: Level=1 Food=19 Forks=10
[2026-04-10 16:13:35] [WARN] AI: Command failed: prend
[2026-04-10 16:13:35] [INFO] AI: Ready to incantate for level 2
[2026-04-10 16:13:35] [WARN] AI: Command failed: incantation
[2026-04-10 16:13:40] [INFO] AI: Ready to incantate for level 2
[2026-04-10 16:13:41] [WARN] AI: Command failed: incantation
[2026-04-10 16:13:44] [INFO] Status: Level=1 Food=20 Forks=10
[2026-04-10 16:13:46] [INFO] AI: Ready to incantate for level 2
[2026-04-10 16:13:46] [WARN] AI: Command failed: incantation
[2026-04-10 16:13:51] [INFO] AI: Ready to incantate for level 2
[2026-04-10 16:13:51] [WARN] AI: Command failed: incantation
[2026-04-10 16:13:54] [INFO] Status: Level=1 Food=18 Forks=10
[2026-04-10 16:13:56] [INFO] AI: Ready to incantate for level 2
[2026-04-10 16:13:56] [WARN] AI: Command failed: incantation
[2026-04-10 16:14:01] [INFO] AI: Ready to incantate for level 2
[2026-04-10 16:14:01] [WARN] AI: Command failed: incantation
[2026-04-10 16:14:04] [INFO] Status: Level=1 Food=17 Forks=10
[2026-04-10 16:14:06] [INFO] AI: Ready to incantate for level 2
[2026-04-10 16:14:06] [WARN] AI: Command failed: incantation
[2026-04-10 16:14:11] [INFO] AI: Ready to incantate for level 2
[2026-04-10 16:14:11] [WARN] AI: Command failed: incantation
[2026-04-10 16:14:15] [INFO] Status: Level=1 Food=15 Forks=10
[2026-04-10 16:14:16] [INFO] AI: Ready to incantate for level 2
[2026-04-10 16:14:17] [WARN] AI: Command failed: incantation
[2026-04-10 16:14:22] [INFO] AI: Ready to incantate for level 2
[2026-04-10 16:14:22] [WARN] AI: Command failed: incantation
[2026-04-10 16:14:25] [INFO] Status: Level=1 Food=14 Forks=10
[2026-04-10 16:14:27] [INFO] AI: Ready to incantate for level 2
[2026-04-10 16:14:27] [WARN] AI: Command failed: incantation
[2026-04-10 16:14:32] [INFO] AI: Ready to incantate for level 2
[2026-04-10 16:14:32] [WARN] AI: Command failed: incantation
[2026-04-10 16:14:35] [INFO] Status: Level=1 Food=12 Forks=10
[2026-04-10 16:14:37] [INFO] AI: Ready to incantate for level 2
[2026-04-10 16:14:37] [WARN] AI: Command failed: incantation
[2026-04-10 16:14:42] [INFO] AI: Ready to incantate for level 2
[2026-04-10 16:14:42] [WARN] AI: Command failed: incantation
[2026-04-10 16:14:45] [INFO] Status: Level=1 Food=10 Forks=10
[2026-04-10 16:14:47] [INFO] AI: Ready to incantate for level 2
[2026-04-10 16:14:48] [WARN] AI: Command failed: incantation
[2026-04-10 16:14:53] [INFO] AI: Ready to incantate for level 2
[2026-04-10 16:14:53] [WARN] AI: Command failed: incantation
[2026-04-10 16:14:55] [INFO] Status: Level=1 Food=9 Forks=10
[2026-04-10 16:14:55] [INFO] AI: Low food (9), seeking nourriture
[2026-04-10 16:14:59] [WARN] AI: Command failed: prend
[2026-04-10 16:14:59] [INFO] AI: Low food (9), seeking nourriture
[2026-04-10 16:15:00] [WARN] AI: Command failed: prend
[2026-04-10 16:15:00] [INFO] AI: Ready to incantate for level 2
[2026-04-10 16:15:00] [WARN] AI: Command failed: incantation
[2026-04-10 16:15:05] [INFO] Status: Level=1 Food=19 Forks=10
[2026-04-10 16:15:05] [INFO] AI: Ready to incantate for level 2
[2026-04-10 16:15:05] [WARN] AI: Command failed: incantation
[2026-04-10 16:15:10] [INFO] AI: Ready to incantate for level 2
[2026-04-10 16:15:11] [WARN] AI: Command failed: incantation
[2026-04-10 16:15:15] [INFO] Status: Level=1 Food=17 Forks=10
[2026-04-10 16:15:15] [INFO] AI: Ready to incantate for level 2
[2026-04-10 16:15:16] [WARN] AI: Command failed: incantation
[2026-04-10 16:15:20] [INFO] AI: Ready to incantate for level 2
[2026-04-10 16:15:21] [WARN] AI: Command failed: incantation
[2026-04-10 16:15:25] [INFO] Status: Level=1 Food=16 Forks=10
[2026-04-10 16:15:25] [INFO] AI: Ready to incantate for level 2
[2026-04-10 16:15:26] [WARN] AI: Command failed: incantation
[2026-04-10 16:15:31] [INFO] AI: Ready to incantate for level 2
[2026-04-10 16:15:31] [WARN] AI: Command failed: incantation
[2026-04-10 16:15:33] [WARN] TLS read: peer closed connection
[2026-04-10 16:15:33] [ERROR] Websocket error: Peer closed connection
[2026-04-10 16:15:33] [INFO] Network loop ended
[2026-04-10 16:15:33] [INFO] Client exited. Final level: 1
