[2026-04-10 14:19:37] [INFO] Zappy Client starting...
[2026-04-10 14:19:37] [INFO] Team: team1
[2026-04-10 14:19:37] [INFO] Target Level: 8
[2026-04-10 14:19:37] [INFO] Fork enabled: yes
[2026-04-10 14:19:37] [INFO] Connecting to localhost:8674
[2026-04-10 14:19:37] [WARN] TLS: Certificate verification disabled (insecure mode)
[2026-04-10 14:19:37] [INFO] TLS context initialized successfully
[2026-04-10 14:19:37] [INFO] WebSocket: Starting connection to localhost:8674
[2026-04-10 14:19:37] [INFO] TLS handshake completed successfully
[2026-04-10 14:19:37] [INFO] WebSocket: HTTP 101 Upgrade successful
[2026-04-10 14:19:37] [INFO] WebSocket: Handshake complete, connection established
[2026-04-10 14:19:37] [INFO] Websocket connected
[2026-04-10 14:19:37] [INFO] Received bienvenue: {"type":"bienvenue","msg":"Whoa! Knock knock, whos there?"}
[2026-04-10 14:19:37] [INFO] Map size: 10x10
[2026-04-10 14:19:37] [INFO] Remaining team slots: 4
[2026-04-10 14:19:37] [INFO] Login successful! {"type":"welcome","remaining_clients":4,"map_size":{"x":10,"y":10}}
[2026-04-10 14:19:37] [INFO] Successfully logged in as team1
[2026-04-10 14:19:37] [INFO] Connected! Starting main loop...
[2026-04-10 14:19:37] [INFO] AI: Need 1 stones for next level
[2026-04-10 14:19:37] [INFO] Status: Level=1 Food=10 Forks=0
[2026-04-10 14:19:37] [INFO] AI: Need 1 stones for next level
[2026-04-10 14:19:38] [INFO] AI: Need 1 stones for next level
[2026-04-10 14:19:38] [INFO] AI: Need 1 stones for next level
[2026-04-10 14:19:38] [INFO] AI: Need 1 stones for next level
[2026-04-10 14:19:39] [INFO] AI: Need 1 stones for next level
[2026-04-10 14:19:40] [INFO] AI: Need 1 stones for next level
[2026-04-10 14:19:40] [INFO] AI: Need 1 stones for next level
[2026-04-10 14:19:40] [INFO] AI: Need 1 stones for next level
[2026-04-10 14:19:41] [INFO] AI: Need 1 stones for next level
[2026-04-10 14:19:42] [INFO] AI: Need 1 stones for next level
[2026-04-10 14:19:42] [INFO] AI: Need 1 stones for next level
[2026-04-10 14:19:42] [INFO] AI: Need 1 stones for next level
[2026-04-10 14:19:43] [INFO] AI: Need 1 stones for next level
[2026-04-10 14:19:43] [INFO] AI: Need 1 stones for next level
[2026-04-10 14:19:44] [INFO] AI: Need 1 stones for next level
[2026-04-10 14:19:44] [INFO] AI: Need 1 stones for next level
[2026-04-10 14:19:45] [INFO] AI: Need 1 stones for next level
[2026-04-10 14:19:45] [INFO] AI: Need 1 stones for next level
[2026-04-10 14:19:46] [INFO] AI: Need 1 stones for next level
[2026-04-10 14:19:46] [INFO] AI: Need 1 stones for next level
[2026-04-10 14:19:47] [INFO] Status: Level=1 Food=10 Forks=0
[2026-04-10 14:19:47] [INFO] AI: Need 1 stones for next level
[2026-04-10 14:19:47] [INFO] AI: Need 1 stones for next level
[2026-04-10 14:19:48] [INFO] AI: Need 1 stones for next level
[2026-04-10 14:19:48] [INFO] AI: Need 1 stones for next level
[2026-04-10 14:19:49] [INFO] AI: Need 1 stones for next level
[2026-04-10 14:19:49] [INFO] AI: Need 1 stones for next level
[2026-04-10 14:19:50] [INFO] AI: Need 1 stones for next level
[2026-04-10 14:19:50] [INFO] AI: Need 1 stones for next level
[2026-04-10 14:19:50] [INFO] AI: Need 1 stones for next level
[2026-04-10 14:19:51] [INFO] AI: Need 1 stones for next level
[2026-04-10 14:19:52] [INFO] AI: Need 1 stones for next level
[2026-04-10 14:19:52] [INFO] AI: Need 1 stones for next level
[2026-04-10 14:19:52] [INFO] AI: Need 1 stones for next level
[2026-04-10 14:19:53] [INFO] AI: Need 1 stones for next level
[2026-04-10 14:19:54] [INFO] AI: Need 1 stones for next level
[2026-04-10 14:19:54] [INFO] AI: Need 1 stones for next level
[2026-04-10 14:19:54] [INFO] AI: Need 1 stones for next level
[2026-04-10 14:19:55] [INFO] AI: Need 1 stones for next level
[2026-04-10 14:19:55] [INFO] AI: Need 1 stones for next level
[2026-04-10 14:19:56] [INFO] AI: Need 1 stones for next level
[2026-04-10 14:19:57] [INFO] AI: Need 1 stones for next level
[2026-04-10 14:19:57] [INFO] Status: Level=1 Food=10 Forks=0
[2026-04-10 14:19:57] [INFO] AI: Need 1 stones for next level
[2026-04-10 14:19:57] [INFO] AI: Need 1 stones for next level
[2026-04-10 14:19:58] [INFO] AI: Need 1 stones for next level
[2026-04-10 14:19:59] [INFO] AI: Need 1 stones for next level
[2026-04-10 14:19:59] [INFO] AI: Need 1 stones for next level
[2026-04-10 14:19:59] [INFO] AI: Need 1 stones for next level
[2026-04-10 14:20:00] [INFO] AI: Need 1 stones for next level
[2026-04-10 14:20:00] [INFO] AI: Need 1 stones for next level
[2026-04-10 14:20:01] [INFO] AI: Need 1 stones for next level
[2026-04-10 14:20:05] [INFO] AI: Need 1 stones for next level
[2026-04-10 14:20:05] [INFO] AI: Need 1 stones for next level
[2026-04-10 14:20:06] [INFO] AI: Need 1 stones for next level
[2026-04-10 14:20:06] [INFO] AI: Need 1 stones for next level
[2026-04-10 14:20:07] [INFO] AI: Need 1 stones for next level
[2026-04-10 14:20:07] [INFO] Status: Level=1 Food=10 Forks=0
[2026-04-10 14:20:07] [INFO] AI: Need 1 stones for next level
[2026-04-10 14:20:07] [INFO] AI: Need 1 stones for next level
[2026-04-10 14:20:08] [INFO] AI: Need 1 stones for next level
[2026-04-10 14:20:09] [INFO] AI: Need 1 stones for next level
[2026-04-10 14:20:09] [INFO] AI: Need 1 stones for next level
[2026-04-10 14:20:09] [INFO] AI: Need 1 stones for next level
[2026-04-10 14:20:10] [INFO] AI: Need 1 stones for next level
[2026-04-10 14:20:11] [INFO] AI: Need 1 stones for next level
[2026-04-10 14:20:12] [WARN] AI: Command failed: prend
[2026-04-10 14:20:12] [INFO] AI: Need 1 stones for next level
[2026-04-10 14:20:14] [WARN] AI: Command failed: prend
[2026-04-10 14:20:14] [INFO] AI: Need 1 stones for next level
[2026-04-10 14:20:14] [INFO] AI: Need 1 stones for next level
[2026-04-10 14:20:15] [INFO] AI: Need 1 stones for next level
[2026-04-10 14:20:15] [INFO] AI: Need 1 stones for next level
[2026-04-10 14:20:15] [INFO] AI: Need 1 stones for next level
[2026-04-10 14:20:16] [INFO] AI: Need 1 stones for next level
[2026-04-10 14:20:17] [INFO] AI: Need 1 stones for next level
[2026-04-10 14:20:17] [INFO] Status: Level=1 Food=12 Forks=0
[2026-04-10 14:20:17] [INFO] AI: Need 1 stones for next level
[2026-04-10 14:20:17] [INFO] AI: Need 1 stones for next level
[2026-04-10 14:20:18] [INFO] AI: Need 1 stones for next level
[2026-04-10 14:20:19] [INFO] AI: Need 1 stones for next level
[2026-04-10 14:20:19] [INFO] AI: Need 1 stones for next level
[2026-04-10 14:20:19] [INFO] AI: Need 1 stones for next level
[2026-04-10 14:20:20] [INFO] AI: Need 1 stones for next level
[2026-04-10 14:20:20] [INFO] AI: Need 1 stones for next level
[2026-04-10 14:20:21] [INFO] AI: Need 1 stones for next level
[2026-04-10 14:20:21] [INFO] AI: Need 1 stones for next level
[2026-04-10 14:20:22] [INFO] AI: Need 1 stones for next level
[2026-04-10 14:20:22] [INFO] AI: Need 1 stones for next level
[2026-04-10 14:20:23] [INFO] AI: Need 1 stones for next level
[2026-04-10 14:20:25] [WARN] AI: Command failed: prend
[2026-04-10 14:20:25] [INFO] AI: Need 1 stones for next level
[2026-04-10 14:20:27] [INFO] Status: Level=1 Food=14 Forks=0
[2026-04-10 14:20:28] [WARN] AI: Command failed: prend
[2026-04-10 14:20:28] [INFO] AI: Need 1 stones for next level
[2026-04-10 14:20:30] [WARN] AI: Command failed: prend
[2026-04-10 14:20:30] [INFO] AI: Need 1 stones for next level
[2026-04-10 14:20:31] [INFO] AI: Need 1 stones for next level
[2026-04-10 14:20:31] [INFO] AI: Need 1 stones for next level
[2026-04-10 14:20:32] [INFO] AI: Need 1 stones for next level
[2026-04-10 14:20:32] [INFO] AI: Need 1 stones for next level
[2026-04-10 14:20:32] [INFO] AI: Need 1 stones for next level
[2026-04-10 14:20:33] [INFO] AI: Need 1 stones for next level
[2026-04-10 14:20:34] [INFO] AI: Need 1 stones for next level
[2026-04-10 14:20:34] [INFO] AI: Need 1 stones for next level
[2026-04-10 14:20:34] [INFO] AI: Need 1 stones for next level
[2026-04-10 14:20:35] [INFO] AI: Need 1 stones for next level
[2026-04-10 14:20:36] [INFO] AI: Need 1 stones for next level
[2026-04-10 14:20:36] [INFO] AI: Need 1 stones for next level
[2026-04-10 14:20:36] [INFO] AI: Need 1 stones for next level
[2026-04-10 14:20:37] [INFO] AI: Need 1 stones for next level
[2026-04-10 14:20:37] [INFO] Status: Level=1 Food=20 Forks=0
[2026-04-10 14:20:37] [INFO] AI: Need 1 stones for next level
[2026-04-10 14:20:38] [INFO] AI: Need 1 stones for next level
[2026-04-10 14:20:38] [INFO] AI: Need 1 stones for next level
[2026-04-10 14:20:39] [INFO] AI: Need 1 stones for next level
[2026-04-10 14:20:39] [INFO] AI: Need 1 stones for next level
[2026-04-10 14:20:40] [INFO] AI: Need 1 stones for next level
[2026-04-10 14:20:40] [INFO] AI: Need 1 stones for next level
[2026-04-10 14:20:41] [INFO] AI: Need 1 stones for next level
[2026-04-10 14:20:41] [INFO] AI: Need 1 stones for next level
[2026-04-10 14:20:42] [INFO] AI: Need 1 stones for next level
[2026-04-10 14:20:42] [INFO] AI: Need 1 stones for next level
[2026-04-10 14:20:43] [INFO] AI: Need 1 stones for next level
[2026-04-10 14:20:43] [INFO] AI: Need 1 stones for next level
[2026-04-10 14:20:44] [INFO] AI: Need 1 stones for next level
[2026-04-10 14:20:44] [INFO] AI: Need 1 stones for next level
[2026-04-10 14:20:44] [INFO] AI: Need 1 stones for next level
[2026-04-10 14:20:45] [INFO] AI: Need 1 stones for next level
[2026-04-10 14:20:46] [INFO] AI: Need 1 stones for next level
[2026-04-10 14:20:46] [INFO] AI: Need 1 stones for next level
[2026-04-10 14:20:46] [INFO] AI: Need 1 stones for next level
[2026-04-10 14:20:47] [INFO] AI: Need 1 stones for next level
[2026-04-10 14:20:47] [INFO] Status: Level=1 Food=19 Forks=0
[2026-04-10 14:20:48] [INFO] AI: Need 1 stones for next level
[2026-04-10 14:20:48] [INFO] AI: Need 1 stones for next level
[2026-04-10 14:20:48] [INFO] AI: Need 1 stones for next level
[2026-04-10 14:20:49] [INFO] AI: Need 1 stones for next level
[2026-04-10 14:20:49] [INFO] AI: Need 1 stones for next level
[2026-04-10 14:20:50] [INFO] AI: Need 1 stones for next level
[2026-04-10 14:20:54] [WARN] AI: Command failed: prend
[2026-04-10 14:20:54] [INFO] AI: Need 1 stones for next level
[2026-04-10 14:20:54] [INFO] AI: Need 1 stones for next level
[2026-04-10 14:20:54] [INFO] AI: Need 1 stones for next level
[2026-04-10 14:20:55] [INFO] AI: Need 1 stones for next level
[2026-04-10 14:20:55] [INFO] AI: Need 1 stones for next level
[2026-04-10 14:20:56] [INFO] AI: Need 1 stones for next level
[2026-04-10 14:20:56] [INFO] AI: Need 1 stones for next level
[2026-04-10 14:20:57] [INFO] Status: Level=1 Food=19 Forks=0
[2026-04-10 14:20:57] [INFO] AI: Need 1 stones for next level
[2026-04-10 14:20:57] [INFO] AI: Need 1 stones for next level
[2026-04-10 14:20:58] [INFO] AI: Need 1 stones for next level
[2026-04-10 14:20:58] [INFO] AI: Need 1 stones for next level
[2026-04-10 14:20:59] [INFO] AI: Need 1 stones for next level
[2026-04-10 14:20:59] [INFO] AI: Need 1 stones for next level
[2026-04-10 14:21:00] [INFO] AI: Need 1 stones for next level
[2026-04-10 14:21:00] [INFO] AI: Need 1 stones for next level
[2026-04-10 14:21:01] [INFO] AI: Need 1 stones for next level
[2026-04-10 14:21:01] [INFO] AI: Need 1 stones for next level
[2026-04-10 14:21:02] [INFO] AI: Need 1 stones for next level
[2026-04-10 14:21:04] [WARN] AI: Command failed: prend
[2026-04-10 14:21:04] [INFO] AI: Need 1 stones for next level
[2026-04-10 14:21:05] [WARN] AI: Command failed: prend
[2026-04-10 14:21:05] [INFO] AI: Need 1 stones for next level
[2026-04-10 14:21:06] [INFO] AI: Need 1 stones for next level
[2026-04-10 14:21:06] [INFO] AI: Need 1 stones for next level
[2026-04-10 14:21:07] [INFO] Status: Level=1 Food=21 Forks=0
[2026-04-10 14:21:07] [INFO] AI: Need 1 stones for next level
[2026-04-10 14:21:07] [INFO] AI: Need 1 stones for next level
[2026-04-10 14:21:08] [INFO] AI: Need 1 stones for next level
[2026-04-10 14:21:08] [INFO] AI: Need 1 stones for next level
[2026-04-10 14:21:09] [INFO] AI: Need 1 stones for next level
[2026-04-10 14:21:09] [INFO] AI: Need 1 stones for next level
[2026-04-10 14:21:10] [INFO] AI: Need 1 stones for next level
[2026-04-10 14:21:10] [INFO] AI: Need 1 stones for next level
[2026-04-10 14:21:11] [INFO] AI: Need 1 stones for next level
[2026-04-10 14:21:11] [INFO] AI: Need 1 stones for next level
[2026-04-10 14:21:12] [INFO] AI: Need 1 stones for next level
[2026-04-10 14:21:12] [INFO] AI: Need 1 stones for next level
[2026-04-10 14:21:13] [INFO] AI: Need 1 stones for next level
[2026-04-10 14:21:13] [INFO] AI: Need 1 stones for next level
[2026-04-10 14:21:13] [INFO] AI: Need 1 stones for next level
[2026-04-10 14:21:14] [INFO] AI: Need 1 stones for next level
[2026-04-10 14:21:15] [INFO] AI: Need 1 stones for next level
[2026-04-10 14:21:15] [INFO] AI: Need 1 stones for next level
[2026-04-10 14:21:15] [INFO] AI: Need 1 stones for next level
[2026-04-10 14:21:16] [INFO] AI: Need 1 stones for next level
[2026-04-10 14:21:17] [INFO] AI: Need 1 stones for next level
[2026-04-10 14:21:17] [INFO] Status: Level=1 Food=23 Forks=0
[2026-04-10 14:21:17] [INFO] AI: Need 1 stones for next level
[2026-04-10 14:21:17] [INFO] AI: Need 1 stones for next level
[2026-04-10 14:21:18] [INFO] AI: Need 1 stones for next level
[2026-04-10 14:21:18] [INFO] AI: Need 1 stones for next level
[2026-04-10 14:21:19] [INFO] AI: Need 1 stones for next level
[2026-04-10 14:21:19] [INFO] AI: Need 1 stones for next level
[2026-04-10 14:21:20] [INFO] AI: Need 1 stones for next level
[2026-04-10 14:21:20] [INFO] AI: Need 1 stones for next level
[2026-04-10 14:21:21] [INFO] AI: Need 1 stones for next level
[2026-04-10 14:21:21] [INFO] AI: Need 1 stones for next level
[2026-04-10 14:21:22] [INFO] AI: Need 1 stones for next level
[2026-04-10 14:21:22] [INFO] AI: Need 1 stones for next level
[2026-04-10 14:21:23] [INFO] AI: Need 1 stones for next level
[2026-04-10 14:21:23] [INFO] AI: Need 1 stones for next level
[2026-04-10 14:21:25] [WARN] AI: Command failed: prend
[2026-04-10 14:21:25] [INFO] AI: Need 1 stones for next level
[2026-04-10 14:21:27] [INFO] Status: Level=1 Food=22 Forks=0
[2026-04-10 14:21:28] [WARN] AI: Command failed: prend
[2026-04-10 14:21:28] [INFO] AI: Need 1 stones for next level
[2026-04-10 14:21:29] [INFO] AI: Need 1 stones for next level
[2026-04-10 14:21:29] [INFO] AI: Forking to increase team size
[2026-04-10 14:21:31] [INFO] Fork successful! Total forks: 1
[2026-04-10 14:21:31] [INFO] Fork successful! Total forks: 2
[2026-04-10 14:21:32] [INFO] AI: Need 1 stones for next level
[2026-04-10 14:21:32] [INFO] AI: Need 1 stones for next level
[2026-04-10 14:21:33] [INFO] AI: Need 1 stones for next level
[2026-04-10 14:21:33] [INFO] AI: Need 1 stones for next level
[2026-04-10 14:21:34] [INFO] AI: Need 1 stones for next level
[2026-04-10 14:21:34] [INFO] AI: Need 1 stones for next level
[2026-04-10 14:21:35] [INFO] AI: Need 1 stones for next level
[2026-04-10 14:21:35] [INFO] AI: Need 1 stones for next level
[2026-04-10 14:21:36] [INFO] AI: Need 1 stones for next level
[2026-04-10 14:21:36] [INFO] AI: Need 1 stones for next level
[2026-04-10 14:21:37] [INFO] AI: Need 1 stones for next level
[2026-04-10 14:21:37] [INFO] Status: Level=1 Food=22 Forks=2
[2026-04-10 14:21:37] [INFO] AI: Need 1 stones for next level
[2026-04-10 14:21:38] [INFO] AI: Need 1 stones for next level
[2026-04-10 14:21:38] [INFO] AI: Need 1 stones for next level
[2026-04-10 14:21:39] [INFO] AI: Need 1 stones for next level
[2026-04-10 14:21:39] [INFO] AI: Need 1 stones for next level
[2026-04-10 14:21:39] [INFO] AI: Need 1 stones for next level
[2026-04-10 14:21:40] [INFO] AI: Need 1 stones for next level
[2026-04-10 14:21:41] [INFO] AI: Need 1 stones for next level
[2026-04-10 14:21:41] [INFO] AI: Need 1 stones for next level
[2026-04-10 14:21:46] [WARN] AI: Command failed: prend
[2026-04-10 14:21:46] [INFO] AI: Need 1 stones for next level
[2026-04-10 14:21:47] [INFO] AI: Need 1 stones for next level
[2026-04-10 14:21:47] [INFO] Status: Level=1 Food=20 Forks=2
[2026-04-10 14:21:47] [INFO] AI: Need 1 stones for next level
[2026-04-10 14:21:48] [INFO] AI: Need 1 stones for next level
[2026-04-10 14:21:48] [INFO] AI: Need 1 stones for next level
[2026-04-10 14:21:49] [INFO] AI: Need 1 stones for next level
[2026-04-10 14:21:49] [INFO] AI: Need 1 stones for next level
[2026-04-10 14:21:50] [INFO] AI: Need 1 stones for next level
[2026-04-10 14:21:50] [INFO] AI: Need 1 stones for next level
[2026-04-10 14:21:51] [INFO] AI: Need 1 stones for next level
[2026-04-10 14:21:51] [INFO] AI: Need 1 stones for next level
[2026-04-10 14:21:52] [INFO] AI: Need 1 stones for next level
[2026-04-10 14:21:52] [INFO] AI: Need 1 stones for next level
[2026-04-10 14:21:53] [INFO] AI: Need 1 stones for next level
[2026-04-10 14:21:53] [INFO] AI: Need 1 stones for next level
[2026-04-10 14:21:54] [INFO] AI: Need 1 stones for next level
[2026-04-10 14:21:54] [INFO] AI: Need 1 stones for next level
[2026-04-10 14:21:54] [INFO] AI: Need 1 stones for next level
[2026-04-10 14:21:55] [INFO] AI: Need 1 stones for next level
[2026-04-10 14:21:56] [INFO] AI: Need 1 stones for next level
[2026-04-10 14:21:56] [INFO] AI: Forking to increase team size
[2026-04-10 14:21:57] [INFO] Status: Level=1 Food=27 Forks=2
[2026-04-10 14:21:58] [INFO] Fork successful! Total forks: 3
[2026-04-10 14:21:58] [INFO] Fork successful! Total forks: 4
[2026-04-10 14:21:59] [INFO] AI: Need 1 stones for next level
[2026-04-10 14:22:00] [INFO] AI: Need 1 stones for next level
[2026-04-10 14:22:00] [INFO] AI: Need 1 stones for next level
[2026-04-10 14:22:01] [INFO] AI: Need 1 stones for next level
[2026-04-10 14:22:01] [INFO] AI: Need 1 stones for next level
[2026-04-10 14:22:01] [INFO] AI: Need 1 stones for next level
[2026-04-10 14:22:02] [INFO] AI: Need 1 stones for next level
[2026-04-10 14:22:03] [INFO] AI: Need 1 stones for next level
[2026-04-10 14:22:03] [INFO] AI: Need 1 stones for next level
[2026-04-10 14:22:03] [INFO] AI: Need 1 stones for next level
[2026-04-10 14:22:04] [INFO] AI: Need 1 stones for next level
[2026-04-10 14:22:05] [INFO] AI: Need 1 stones for next level
[2026-04-10 14:22:05] [INFO] AI: Need 1 stones for next level
[2026-04-10 14:22:05] [INFO] AI: Need 1 stones for next level
[2026-04-10 14:22:06] [INFO] AI: Need 1 stones for next level
[2026-04-10 14:22:06] [INFO] AI: Need 1 stones for next level
[2026-04-10 14:22:07] [INFO] Status: Level=1 Food=25 Forks=4
[2026-04-10 14:22:07] [INFO] AI: Need 1 stones for next level
[2026-04-10 14:22:07] [INFO] AI: Need 1 stones for next level
[2026-04-10 14:22:08] [INFO] AI: Need 1 stones for next level
[2026-04-10 14:22:08] [INFO] AI: Need 1 stones for next level
[2026-04-10 14:22:09] [INFO] AI: Need 1 stones for next level
[2026-04-10 14:22:10] [INFO] AI: Need 1 stones for next level
[2026-04-10 14:22:10] [INFO] AI: Need 1 stones for next level
[2026-04-10 14:22:10] [INFO] AI: Need 1 stones for next level
[2026-04-10 14:22:11] [INFO] AI: Need 1 stones for next level
[2026-04-10 14:22:11] [INFO] AI: Need 1 stones for next level
[2026-04-10 14:22:12] [INFO] AI: Need 1 stones for next level
[2026-04-10 14:22:12] [INFO] AI: Need 1 stones for next level
[2026-04-10 14:22:13] [INFO] AI: Need 1 stones for next level
[2026-04-10 14:22:13] [INFO] AI: Need 1 stones for next level
[2026-04-10 14:22:14] [INFO] AI: Need 1 stones for next level
[2026-04-10 14:22:14] [INFO] AI: Need 1 stones for next level
[2026-04-10 14:22:15] [INFO] AI: Need 1 stones for next level
[2026-04-10 14:22:15] [INFO] AI: Need 1 stones for next level
[2026-04-10 14:22:16] [INFO] AI: Need 1 stones for next level
[2026-04-10 14:22:16] [INFO] AI: Need 1 stones for next level
[2026-04-10 14:22:17] [INFO] AI: Need 1 stones for next level
[2026-04-10 14:22:17] [INFO] Status: Level=1 Food=24 Forks=4
[2026-04-10 14:22:17] [INFO] AI: Need 1 stones for next level
[2026-04-10 14:22:18] [INFO] AI: Need 1 stones for next level
[2026-04-10 14:22:18] [INFO] AI: Need 1 stones for next level
[2026-04-10 14:22:18] [INFO] AI: Need 1 stones for next level
[2026-04-10 14:22:19] [INFO] AI: Need 1 stones for next level
[2026-04-10 14:22:20] [INFO] AI: Need 1 stones for next level
[2026-04-10 14:22:20] [INFO] AI: Need 1 stones for next level
[2026-04-10 14:22:20] [INFO] AI: Need 1 stones for next level
[2026-04-10 14:22:21] [INFO] AI: Need 1 stones for next level
[2026-04-10 14:22:22] [INFO] AI: Need 1 stones for next level
[2026-04-10 14:22:22] [INFO] AI: Need 1 stones for next level
[2026-04-10 14:22:22] [INFO] AI: Need 1 stones for next level
[2026-04-10 14:22:23] [INFO] AI: Need 1 stones for next level
[2026-04-10 14:22:23] [INFO] AI: Need 1 stones for next level
[2026-04-10 14:22:24] [INFO] AI: Need 1 stones for next level
[2026-04-10 14:22:24] [INFO] AI: Need 1 stones for next level
[2026-04-10 14:22:25] [INFO] AI: Need 1 stones for next level
[2026-04-10 14:22:25] [INFO] AI: Need 1 stones for next level
[2026-04-10 14:22:26] [INFO] AI: Need 1 stones for next level
[2026-04-10 14:22:26] [INFO] AI: Need 1 stones for next level
[2026-04-10 14:22:27] [INFO] AI: Need 1 stones for next level
[2026-04-10 14:22:27] [INFO] Status: Level=1 Food=22 Forks=4
[2026-04-10 14:22:27] [INFO] AI: Need 1 stones for next level
[2026-04-10 14:22:28] [INFO] AI: Need 1 stones for next level
[2026-04-10 14:22:28] [INFO] AI: Need 1 stones for next level
[2026-04-10 14:22:29] [INFO] AI: Need 1 stones for next level
[2026-04-10 14:22:29] [INFO] AI: Need 1 stones for next level
[2026-04-10 14:22:30] [INFO] AI: Need 1 stones for next level
[2026-04-10 14:22:30] [INFO] AI: Need 1 stones for next level
[2026-04-10 14:22:30] [INFO] AI: Need 1 stones for next level
[2026-04-10 14:22:31] [INFO] AI: Need 1 stones for next level
[2026-04-10 14:22:32] [INFO] AI: Need 1 stones for next level
[2026-04-10 14:22:32] [INFO] AI: Need 1 stones for next level
[2026-04-10 14:22:32] [INFO] AI: Need 1 stones for next level
[2026-04-10 14:22:33] [INFO] AI: Need 1 stones for next level
[2026-04-10 14:22:33] [INFO] AI: Need 1 stones for next level
[2026-04-10 14:22:34] [INFO] AI: Need 1 stones for next level
[2026-04-10 14:22:34] [INFO] AI: Need 1 stones for next level
[2026-04-10 14:22:35] [INFO] AI: Need 1 stones for next level
[2026-04-10 14:22:35] [INFO] AI: Need 1 stones for next level
[2026-04-10 14:22:36] [INFO] AI: Need 1 stones for next level
[2026-04-10 14:22:36] [INFO] AI: Need 1 stones for next level
[2026-04-10 14:22:37] [INFO] AI: Need 1 stones for next level
[2026-04-10 14:22:37] [INFO] Status: Level=1 Food=21 Forks=4
[2026-04-10 14:22:37] [INFO] AI: Need 1 stones for next level
[2026-04-10 14:22:37] [INFO] AI: Need 1 stones for next level
[2026-04-10 14:22:38] [INFO] AI: Need 1 stones for next level
[2026-04-10 14:22:39] [INFO] AI: Need 1 stones for next level
[2026-04-10 14:22:39] [INFO] AI: Need 1 stones for next level
[2026-04-10 14:22:39] [INFO] AI: Need 1 stones for next level
[2026-04-10 14:22:40] [INFO] AI: Need 1 stones for next level
[2026-04-10 14:22:40] [INFO] AI: Need 1 stones for next level
[2026-04-10 14:22:41] [INFO] AI: Need 1 stones for next level
[2026-04-10 14:22:41] [INFO] AI: Need 1 stones for next level
[2026-04-10 14:22:42] [INFO] AI: Need 1 stones for next level
[2026-04-10 14:22:42] [INFO] AI: Need 1 stones for next level
[2026-04-10 14:22:43] [INFO] AI: Need 1 stones for next level
[2026-04-10 14:22:43] [INFO] AI: Need 1 stones for next level
[2026-04-10 14:22:44] [INFO] AI: Need 1 stones for next level
[2026-04-10 14:22:44] [INFO] AI: Need 1 stones for next level
[2026-04-10 14:22:45] [INFO] AI: Forking to increase team size
[2026-04-10 14:22:47] [INFO] Fork successful! Total forks: 5
[2026-04-10 14:22:47] [INFO] Fork successful! Total forks: 6
[2026-04-10 14:22:47] [INFO] Status: Level=1 Food=19 Forks=6
[2026-04-10 14:22:47] [INFO] AI: Need 1 stones for next level
[2026-04-10 14:22:48] [INFO] AI: Need 1 stones for next level
[2026-04-10 14:22:48] [INFO] AI: Need 1 stones for next level
[2026-04-10 14:22:48] [INFO] AI: Need 1 stones for next level
[2026-04-10 14:22:49] [INFO] AI: Need 1 stones for next level
[2026-04-10 14:22:50] [INFO] AI: Need 1 stones for next level
[2026-04-10 14:22:50] [INFO] AI: Need 1 stones for next level
[2026-04-10 14:22:51] [INFO] AI: Need 1 stones for next level
[2026-04-10 14:22:51] [INFO] AI: Need 1 stones for next level
[2026-04-10 14:22:51] [INFO] AI: Need 1 stones for next level
[2026-04-10 14:22:52] [INFO] AI: Need 1 stones for next level
[2026-04-10 14:22:53] [INFO] AI: Need 1 stones for next level
[2026-04-10 14:22:53] [INFO] AI: Need 1 stones for next level
[2026-04-10 14:22:53] [INFO] AI: Need 1 stones for next level
[2026-04-10 14:22:54] [INFO] AI: Need 1 stones for next level
[2026-04-10 14:22:55] [INFO] AI: Need 1 stones for next level
[2026-04-10 14:22:55] [INFO] AI: Need 1 stones for next level
[2026-04-10 14:22:55] [INFO] AI: Need 1 stones for next level
[2026-04-10 14:22:56] [INFO] AI: Need 1 stones for next level
[2026-04-10 14:22:56] [INFO] AI: Need 1 stones for next level
[2026-04-10 14:22:57] [INFO] Status: Level=1 Food=17 Forks=6
[2026-04-10 14:22:57] [INFO] AI: Need 1 stones for next level
[2026-04-10 14:22:57] [INFO] AI: Need 1 stones for next level
[2026-04-10 14:22:58] [INFO] AI: Need 1 stones for next level
[2026-04-10 14:22:58] [INFO] AI: Need 1 stones for next level
[2026-04-10 14:22:59] [INFO] AI: Need 1 stones for next level
[2026-04-10 14:22:59] [INFO] AI: Need 1 stones for next level
[2026-04-10 14:23:00] [INFO] AI: Need 1 stones for next level
[2026-04-10 14:23:00] [INFO] AI: Need 1 stones for next level
[2026-04-10 14:23:01] [INFO] AI: Need 1 stones for next level
[2026-04-10 14:23:01] [INFO] AI: Need 1 stones for next level
[2026-04-10 14:23:02] [INFO] AI: Need 1 stones for next level
[2026-04-10 14:23:02] [INFO] AI: Need 1 stones for next level
[2026-04-10 14:23:03] [INFO] AI: Need 1 stones for next level
[2026-04-10 14:23:03] [INFO] AI: Need 1 stones for next level
[2026-04-10 14:23:03] [INFO] AI: Need 1 stones for next level
[2026-04-10 14:23:04] [INFO] AI: Need 1 stones for next level
[2026-04-10 14:23:05] [INFO] AI: Need 1 stones for next level
[2026-04-10 14:23:05] [INFO] AI: Need 1 stones for next level
[2026-04-10 14:23:05] [INFO] AI: Need 1 stones for next level
[2026-04-10 14:23:07] [WARN] AI: Command failed: prend
[2026-04-10 14:23:07] [INFO] AI: Need 1 stones for next level
[2026-04-10 14:23:07] [INFO] Status: Level=1 Food=16 Forks=6
[2026-04-10 14:23:09] [WARN] AI: Command failed: prend
[2026-04-10 14:23:09] [INFO] AI: Need 1 stones for next level
[2026-04-10 14:23:12] [INFO] AI: Forking to increase team size
[2026-04-10 14:23:14] [INFO] Fork successful! Total forks: 7
[2026-04-10 14:23:14] [INFO] Fork successful! Total forks: 8
[2026-04-10 14:23:15] [INFO] AI: Ready to incantate for level 2
[2026-04-10 14:23:17] [INFO] Status: Level=1 Food=25 Forks=8
[2026-04-10 14:23:20] [INFO] AI: Ready to incantate for level 2
[2026-04-10 14:23:22] [INFO] AI: Forking to increase team size
[2026-04-10 14:23:25] [INFO] Fork successful! Total forks: 9
[2026-04-10 14:23:25] [INFO] Fork successful! Total forks: 10
[2026-04-10 14:23:25] [INFO] AI: Ready to incantate for level 2
[2026-04-10 14:23:27] [INFO] Status: Level=1 Food=23 Forks=10
[2026-04-10 14:23:30] [INFO] AI: Ready to incantate for level 2
[2026-04-10 14:23:35] [INFO] AI: Ready to incantate for level 2
[2026-04-10 14:23:37] [INFO] Status: Level=1 Food=22 Forks=10
[2026-04-10 14:23:41] [INFO] AI: Ready to incantate for level 2
[2026-04-10 14:23:46] [INFO] AI: Ready to incantate for level 2
[2026-04-10 14:23:47] [INFO] Status: Level=1 Food=20 Forks=10
[2026-04-10 14:23:51] [INFO] AI: Ready to incantate for level 2
[2026-04-10 14:23:51] [WARN] AI: Command failed: incantation
[2026-04-10 14:23:56] [INFO] AI: Ready to incantate for level 2
[2026-04-10 14:23:56] [WARN] AI: Command failed: incantation
[2026-04-10 14:23:57] [INFO] Status: Level=1 Food=19 Forks=10
[2026-04-10 14:24:01] [INFO] AI: Ready to incantate for level 2
[2026-04-10 14:24:01] [WARN] AI: Command failed: incantation
[2026-04-10 14:24:06] [INFO] AI: Ready to incantate for level 2
[2026-04-10 14:24:06] [WARN] AI: Command failed: incantation
[2026-04-10 14:24:07] [INFO] Status: Level=1 Food=17 Forks=10
[2026-04-10 14:24:11] [INFO] AI: Ready to incantate for level 2
[2026-04-10 14:24:12] [WARN] AI: Command failed: incantation
[2026-04-10 14:24:17] [INFO] AI: Ready to incantate for level 2
[2026-04-10 14:24:17] [WARN] AI: Command failed: incantation
[2026-04-10 14:24:17] [INFO] Status: Level=1 Food=16 Forks=10
[2026-04-10 14:24:22] [INFO] AI: Ready to incantate for level 2
[2026-04-10 14:24:22] [WARN] AI: Command failed: incantation
[2026-04-10 14:24:27] [INFO] AI: Ready to incantate for level 2
[2026-04-10 14:24:27] [WARN] AI: Command failed: incantation
[2026-04-10 14:24:27] [INFO] Status: Level=1 Food=14 Forks=10
[2026-04-10 14:24:32] [INFO] AI: Ready to incantate for level 2
[2026-04-10 14:24:32] [WARN] AI: Command failed: incantation
[2026-04-10 14:24:37] [INFO] AI: Ready to incantate for level 2
[2026-04-10 14:24:37] [WARN] AI: Command failed: incantation
[2026-04-10 14:24:37] [INFO] Status: Level=1 Food=12 Forks=10
[2026-04-10 14:24:42] [INFO] AI: Ready to incantate for level 2
[2026-04-10 14:24:42] [WARN] AI: Command failed: incantation
[2026-04-10 14:24:47] [INFO] Status: Level=1 Food=11 Forks=10
[2026-04-10 14:24:47] [INFO] AI: Ready to incantate for level 2
[2026-04-10 14:24:48] [WARN] AI: Command failed: incantation
[2026-04-10 14:24:52] [INFO] AI: Ready to incantate for level 2
[2026-04-10 14:24:53] [WARN] AI: Command failed: incantation
[2026-04-10 14:24:54] [INFO] AI: Low food (9), seeking nourriture
[2026-04-10 14:24:57] [INFO] Status: Level=1 Food=9 Forks=10
[2026-04-10 14:24:58] [INFO] AI: Low food (9), seeking nourriture
[2026-04-10 14:24:59] [WARN] AI: Command failed: prend
[2026-04-10 14:24:59] [INFO] AI: Low food (9), seeking nourriture
[2026-04-10 14:25:00] [WARN] AI: Command failed: prend
[2026-04-10 14:25:00] [INFO] AI: Ready to incantate for level 2
[2026-04-10 14:25:00] [WARN] AI: Command failed: incantation
[2026-04-10 14:25:05] [INFO] AI: Ready to incantate for level 2
[2026-04-10 14:25:05] [WARN] AI: Command failed: incantation
[2026-04-10 14:25:07] [INFO] Status: Level=1 Food=19 Forks=10
[2026-04-10 14:25:10] [INFO] AI: Ready to incantate for level 2
[2026-04-10 14:25:10] [WARN] AI: Command failed: incantation
[2026-04-10 14:25:15] [INFO] AI: Ready to incantate for level 2
[2026-04-10 14:25:15] [WARN] AI: Command failed: incantation
[2026-04-10 14:25:17] [INFO] Status: Level=1 Food=17 Forks=10
[2026-04-10 14:25:20] [INFO] AI: Ready to incantate for level 2
[2026-04-10 14:25:21] [WARN] AI: Command failed: incantation
[2026-04-10 14:25:26] [INFO] AI: Ready to incantate for level 2
[2026-04-10 14:25:26] [WARN] AI: Command failed: incantation
[2026-04-10 14:25:27] [INFO] Status: Level=1 Food=15 Forks=10
[2026-04-10 14:25:31] [INFO] AI: Ready to incantate for level 2
[2026-04-10 14:25:31] [WARN] AI: Command failed: incantation
[2026-04-10 14:25:36] [INFO] AI: Ready to incantate for level 2
[2026-04-10 14:25:36] [WARN] AI: Command failed: incantation
[2026-04-10 14:25:37] [INFO] Status: Level=1 Food=14 Forks=10
[2026-04-10 14:25:41] [INFO] AI: Ready to incantate for level 2
[2026-04-10 14:25:41] [WARN] AI: Command failed: incantation
[2026-04-10 14:25:46] [INFO] AI: Ready to incantate for level 2
[2026-04-10 14:25:46] [WARN] AI: Command failed: incantation
[2026-04-10 14:25:47] [INFO] Status: Level=1 Food=12 Forks=10
[2026-04-10 14:25:51] [INFO] AI: Ready to incantate for level 2
[2026-04-10 14:25:52] [WARN] AI: Command failed: incantation
[2026-04-10 14:25:56] [INFO] AI: Ready to incantate for level 2
[2026-04-10 14:25:57] [WARN] AI: Command failed: incantation
[2026-04-10 14:25:57] [INFO] Status: Level=1 Food=11 Forks=10
[2026-04-10 14:26:02] [INFO] AI: Ready to incantate for level 2
[2026-04-10 14:26:02] [WARN] AI: Command failed: incantation
[2026-04-10 14:26:05] [INFO] AI: Low food (9), seeking nourriture
[2026-04-10 14:26:07] [WARN] AI: Command failed: prend
[2026-04-10 14:26:07] [INFO] AI: Low food (9), seeking nourriture
[2026-04-10 14:26:07] [INFO] Status: Level=1 Food=9 Forks=10
[2026-04-10 14:26:08] [WARN] AI: Command failed: prend
[2026-04-10 14:26:08] [INFO] AI: Low food (9), seeking nourriture
[2026-04-10 14:26:08] [WARN] AI: Command failed: prend
[2026-04-10 14:26:08] [INFO] AI: Low food (9), seeking nourriture
[2026-04-10 14:26:08] [WARN] AI: Command failed: prend
[2026-04-10 14:26:08] [INFO] AI: Low food (9), seeking nourriture
[2026-04-10 14:26:09] [WARN] AI: Command failed: prend
[2026-04-10 14:26:09] [INFO] AI: Low food (9), seeking nourriture
[2026-04-10 14:26:09] [WARN] AI: Command failed: prend
[2026-04-10 14:26:09] [INFO] AI: Low food (9), seeking nourriture
[2026-04-10 14:26:10] [WARN] AI: Command failed: prend
[2026-04-10 14:26:10] [INFO] AI: Low food (9), seeking nourriture
[2026-04-10 14:26:10] [WARN] AI: Command failed: prend
[2026-04-10 14:26:10] [INFO] AI: Ready to incantate for level 2
[2026-04-10 14:26:10] [WARN] AI: Command failed: incantation
[2026-04-10 14:26:15] [INFO] AI: Ready to incantate for level 2
[2026-04-10 14:26:15] [WARN] AI: Command failed: incantation
[2026-04-10 14:26:17] [INFO] Status: Level=1 Food=12 Forks=10
[2026-04-10 14:26:20] [INFO] AI: Ready to incantate for level 2
[2026-04-10 14:26:20] [WARN] AI: Command failed: incantation
[2026-04-10 14:26:25] [INFO] AI: Ready to incantate for level 2
[2026-04-10 14:26:26] [WARN] AI: Command failed: incantation
[2026-04-10 14:26:27] [INFO] Status: Level=1 Food=11 Forks=10
[2026-04-10 14:26:31] [INFO] AI: Ready to incantate for level 2
[2026-04-10 14:26:31] [WARN] AI: Command failed: incantation
[2026-04-10 14:26:35] [INFO] AI: Low food (9), seeking nourriture
[2026-04-10 14:26:37] [INFO] Status: Level=1 Food=9 Forks=10
[2026-04-10 14:26:39] [WARN] AI: Command failed: prend
[2026-04-10 14:26:39] [INFO] AI: Low food (9), seeking nourriture
[2026-04-10 14:26:40] [WARN] AI: Command failed: prend
[2026-04-10 14:26:40] [INFO] AI: Low food (9), seeking nourriture
[2026-04-10 14:26:40] [WARN] AI: Command failed: prend
[2026-04-10 14:26:40] [INFO] AI: Ready to incantate for level 2
[2026-04-10 14:26:40] [WARN] AI: Command failed: incantation
[2026-04-10 14:26:45] [INFO] AI: Ready to incantate for level 2
[2026-04-10 14:26:45] [WARN] AI: Command failed: incantation
[2026-04-10 14:26:47] [INFO] Status: Level=1 Food=17 Forks=10
[2026-04-10 14:26:50] [INFO] AI: Ready to incantate for level 2
[2026-04-10 14:26:50] [WARN] AI: Command failed: incantation
[2026-04-10 14:26:55] [INFO] AI: Ready to incantate for level 2
[2026-04-10 14:26:55] [WARN] AI: Command failed: incantation
[2026-04-10 14:26:57] [INFO] Status: Level=1 Food=15 Forks=10
[2026-04-10 14:27:00] [INFO] AI: Ready to incantate for level 2
[2026-04-10 14:27:01] [WARN] AI: Command failed: incantation
[2026-04-10 14:27:05] [INFO] AI: Ready to incantate for level 2
[2026-04-10 14:27:06] [WARN] AI: Command failed: incantation
[2026-04-10 14:27:07] [INFO] Status: Level=1 Food=13 Forks=10
[2026-04-10 14:27:11] [INFO] AI: Ready to incantate for level 2
[2026-04-10 14:27:11] [WARN] AI: Command failed: incantation
[2026-04-10 14:27:16] [INFO] AI: Ready to incantate for level 2
[2026-04-10 14:27:16] [WARN] AI: Command failed: incantation
[2026-04-10 14:27:17] [INFO] Status: Level=1 Food=12 Forks=10
[2026-04-10 14:27:21] [INFO] AI: Ready to incantate for level 2
[2026-04-10 14:27:21] [WARN] AI: Command failed: incantation
[2026-04-10 16:12:03] [INFO] AI: Ready to incantate for level 2
[2026-04-10 16:12:04] [WARN] AI: Command failed: incantation
[2026-04-10 16:12:05] [INFO] Status: Level=1 Food=10 Forks=10
[2026-04-10 16:12:08] [INFO] AI: Ready to incantate for level 2
[2026-04-10 16:12:08] [WARN] AI: Command failed: incantation
[2026-04-10 16:12:09] [INFO] AI: Low food (9), seeking nourriture
[2026-04-10 16:12:10] [WARN] AI: Command failed: prend
[2026-04-10 16:12:10] [INFO] AI: Low food (9), seeking nourriture
[2026-04-10 16:12:14] [INFO] AI: Ready to incantate for level 2
[2026-04-10 16:12:14] [WARN] AI: Command failed: incantation
[2026-04-10 16:12:15] [INFO] Status: Level=1 Food=19 Forks=10
[2026-04-10 16:12:19] [INFO] AI: Ready to incantate for level 2
[2026-04-10 16:12:19] [WARN] AI: Command failed: incantation
[2026-04-10 16:12:24] [INFO] AI: Ready to incantate for level 2
[2026-04-10 16:12:24] [WARN] AI: Command failed: incantation
[2026-04-10 16:12:25] [INFO] Status: Level=1 Food=20 Forks=10
[2026-04-10 16:12:30] [INFO] AI: Ready to incantate for level 2
[2026-04-10 16:12:30] [WARN] AI: Command failed: incantation
[2026-04-10 16:12:35] [INFO] AI: Ready to incantate for level 2
[2026-04-10 16:12:35] [INFO] Status: Level=1 Food=18 Forks=10
[2026-04-10 16:12:35] [WARN] AI: Command failed: incantation
[2026-04-10 16:12:40] [INFO] AI: Ready to incantate for level 2
[2026-04-10 16:12:40] [WARN] AI: Command failed: incantation
[2026-04-10 16:12:45] [INFO] AI: Ready to incantate for level 2
[2026-04-10 16:12:45] [INFO] Status: Level=1 Food=17 Forks=10
[2026-04-10 16:12:45] [WARN] AI: Command failed: incantation
[2026-04-10 16:12:50] [INFO] AI: Ready to incantate for level 2
[2026-04-10 16:12:50] [WARN] AI: Command failed: incantation
[2026-04-10 16:12:55] [INFO] Status: Level=1 Food=15 Forks=10
[2026-04-10 16:12:55] [INFO] AI: Ready to incantate for level 2
[2026-04-10 16:12:56] [WARN] AI: Command failed: incantation
[2026-04-10 16:13:01] [INFO] AI: Ready to incantate for level 2
[2026-04-10 16:13:01] [WARN] AI: Command failed: incantation
[2026-04-10 16:13:05] [INFO] Status: Level=1 Food=13 Forks=10
[2026-04-10 16:13:06] [INFO] AI: Ready to incantate for level 2
[2026-04-10 16:13:06] [WARN] AI: Command failed: incantation
[2026-04-10 16:13:11] [INFO] AI: Ready to incantate for level 2
[2026-04-10 16:13:11] [WARN] AI: Command failed: incantation
[2026-04-10 16:13:15] [INFO] Status: Level=1 Food=12 Forks=10
[2026-04-10 16:13:16] [INFO] AI: Ready to incantate for level 2
[2026-04-10 16:13:16] [WARN] AI: Command failed: incantation
[2026-04-10 16:13:21] [INFO] AI: Ready to incantate for level 2
[2026-04-10 16:13:21] [WARN] AI: Command failed: incantation
[2026-04-10 16:13:25] [INFO] Status: Level=1 Food=10 Forks=10
[2026-04-10 16:13:26] [INFO] AI: Ready to incantate for level 2
[2026-04-10 16:13:26] [WARN] AI: Command failed: incantation
[2026-04-10 16:13:29] [INFO] AI: Low food (9), seeking nourriture
[2026-04-10 16:13:31] [WARN] AI: Command failed: prend
[2026-04-10 16:13:31] [INFO] AI: Low food (9), seeking nourriture
[2026-04-10 16:13:35] [INFO] Status: Level=1 Food=15 Forks=10
[2026-04-10 16:13:37] [INFO] AI: Ready to incantate for level 2
[2026-04-10 16:13:37] [WARN] AI: Command failed: incantation
[2026-04-10 16:13:42] [INFO] AI: Ready to incantate for level 2
[2026-04-10 16:13:42] [WARN] AI: Command failed: incantation
[2026-04-10 16:13:45] [INFO] Status: Level=1 Food=18 Forks=10
[2026-04-10 16:13:47] [INFO] AI: Ready to incantate for level 2
[2026-04-10 16:13:47] [WARN] AI: Command failed: incantation
[2026-04-10 16:13:52] [INFO] AI: Ready to incantate for level 2
[2026-04-10 16:13:52] [WARN] AI: Command failed: incantation
[2026-04-10 16:13:55] [INFO] Status: Level=1 Food=16 Forks=10
[2026-04-10 16:13:57] [INFO] AI: Ready to incantate for level 2
[2026-04-10 16:13:57] [WARN] AI: Command failed: incantation
[2026-04-10 16:14:02] [INFO] AI: Ready to incantate for level 2
[2026-04-10 16:14:02] [WARN] AI: Command failed: incantation
[2026-04-10 16:14:05] [INFO] Status: Level=1 Food=15 Forks=10
[2026-04-10 16:14:08] [INFO] AI: Ready to incantate for level 2
[2026-04-10 16:14:08] [WARN] AI: Command failed: incantation
[2026-04-10 16:14:13] [INFO] AI: Ready to incantate for level 2
[2026-04-10 16:14:13] [WARN] AI: Command failed: incantation
[2026-04-10 16:14:15] [INFO] Status: Level=1 Food=13 Forks=10
[2026-04-10 16:14:19] [INFO] AI: Ready to incantate for level 2
[2026-04-10 16:14:19] [WARN] AI: Command failed: incantation
[2026-04-10 16:14:24] [INFO] AI: Ready to incantate for level 2
[2026-04-10 16:14:24] [WARN] AI: Command failed: incantation
[2026-04-10 16:14:25] [INFO] Status: Level=1 Food=12 Forks=10
[2026-04-10 16:14:29] [INFO] AI: Ready to incantate for level 2
[2026-04-10 16:14:29] [WARN] AI: Command failed: incantation
[2026-04-10 16:14:34] [INFO] AI: Ready to incantate for level 2
[2026-04-10 16:14:34] [WARN] AI: Command failed: incantation
[2026-04-10 16:14:35] [INFO] Status: Level=1 Food=10 Forks=10
[2026-04-10 16:14:39] [INFO] AI: Ready to incantate for level 2
[2026-04-10 16:14:39] [WARN] AI: Command failed: incantation
[2026-04-10 16:14:39] [INFO] AI: Low food (9), seeking nourriture
[2026-04-10 16:14:42] [WARN] AI: Command failed: prend
[2026-04-10 16:14:42] [INFO] AI: Low food (9), seeking nourriture
[2026-04-10 16:14:43] [WARN] AI: Command failed: prend
[2026-04-10 16:14:43] [INFO] AI: Low food (9), seeking nourriture
[2026-04-10 16:14:43] [WARN] AI: Command failed: prend
[2026-04-10 16:14:43] [INFO] AI: Low food (9), seeking nourriture
[2026-04-10 16:14:44] [WARN] AI: Command failed: prend
[2026-04-10 16:14:44] [INFO] AI: Low food (9), seeking nourriture
[2026-04-10 16:14:45] [INFO] Status: Level=1 Food=10 Forks=10
[2026-04-10 16:14:48] [INFO] AI: Ready to incantate for level 2
[2026-04-10 16:14:48] [WARN] AI: Command failed: incantation
[2026-04-10 16:14:53] [INFO] AI: Ready to incantate for level 2
[2026-04-10 16:14:53] [WARN] AI: Command failed: incantation
[2026-04-10 16:14:55] [INFO] Status: Level=1 Food=15 Forks=10
[2026-04-10 16:14:58] [INFO] AI: Ready to incantate for level 2
[2026-04-10 16:14:59] [WARN] AI: Command failed: incantation
[2026-04-10 16:15:03] [INFO] AI: Ready to incantate for level 2
[2026-04-10 16:15:04] [WARN] AI: Command failed: incantation
[2026-04-10 16:15:05] [INFO] Status: Level=1 Food=13 Forks=10
[2026-04-10 16:15:09] [INFO] AI: Ready to incantate for level 2
[2026-04-10 16:15:09] [WARN] AI: Command failed: incantation
[2026-04-10 16:15:14] [INFO] AI: Ready to incantate for level 2
[2026-04-10 16:15:14] [WARN] AI: Command failed: incantation
[2026-04-10 16:15:15] [INFO] Status: Level=1 Food=12 Forks=10
[2026-04-10 16:15:19] [INFO] AI: Ready to incantate for level 2
[2026-04-10 16:15:19] [WARN] AI: Command failed: incantation
[2026-04-10 16:15:24] [INFO] AI: Ready to incantate for level 2
[2026-04-10 16:15:24] [WARN] AI: Command failed: incantation
[2026-04-10 16:15:25] [INFO] Status: Level=1 Food=10 Forks=10
[2026-04-10 16:15:29] [INFO] AI: Ready to incantate for level 2
[2026-04-10 16:15:29] [WARN] AI: Command failed: incantation
[2026-04-10 16:15:29] [INFO] AI: Low food (9), seeking nourriture
[2026-04-10 16:15:33] [WARN] TLS read: peer closed connection
[2026-04-10 16:15:33] [ERROR] Websocket error: Peer closed connection
[2026-04-10 16:15:33] [INFO] Network loop ended
[2026-04-10 16:15:33] [INFO] Client exited. Final level: 1
