[2026-04-10 14:19:36] [INFO] Zappy Client starting...
[2026-04-10 14:19:36] [INFO] Team: team1
[2026-04-10 14:19:36] [INFO] Target Level: 8
[2026-04-10 14:19:36] [INFO] Fork enabled: yes
[2026-04-10 14:19:36] [INFO] Connecting to localhost:8674
[2026-04-10 14:19:36] [WARN] TLS: Certificate verification disabled (insecure mode)
[2026-04-10 14:19:36] [INFO] TLS context initialized successfully
[2026-04-10 14:19:37] [INFO] WebSocket: Starting connection to localhost:8674
[2026-04-10 14:19:37] [INFO] TLS handshake completed successfully
[2026-04-10 14:19:37] [INFO] WebSocket: HTTP 101 Upgrade successful
[2026-04-10 14:19:37] [INFO] WebSocket: Handshake complete, connection established
[2026-04-10 14:19:37] [INFO] Websocket connected
[2026-04-10 14:19:37] [INFO] Received bienvenue: {"type":"bienvenue","msg":"Whoa! Knock knock, whos there?"}
[2026-04-10 14:19:37] [INFO] Map size: 10x10
[2026-04-10 14:19:37] [INFO] Remaining team slots: 5
[2026-04-10 14:19:37] [INFO] Login successful! {"type":"welcome","remaining_clients":5,"map_size":{"x":10,"y":10}}
[2026-04-10 14:19:37] [INFO] Successfully logged in as team1
[2026-04-10 14:19:37] [INFO] Connected! Starting main loop...
[2026-04-10 14:19:37] [INFO] AI: Need 1 stones for next level
[2026-04-10 14:19:37] [INFO] Status: Level=1 Food=10 Forks=0
[2026-04-10 14:19:37] [INFO] AI: Need 1 stones for next level
[2026-04-10 14:19:41] [WARN] AI: Command failed: prend
[2026-04-10 14:19:41] [INFO] AI: Need 1 stones for next level
[2026-04-10 14:19:42] [INFO] AI: Need 1 stones for next level
[2026-04-10 14:19:42] [INFO] AI: Need 1 stones for next level
[2026-04-10 14:19:42] [INFO] AI: Need 1 stones for next level
[2026-04-10 14:19:43] [INFO] AI: Need 1 stones for next level
[2026-04-10 14:19:44] [INFO] AI: Need 1 stones for next level
[2026-04-10 14:19:44] [INFO] AI: Need 1 stones for next level
[2026-04-10 14:19:44] [INFO] AI: Need 1 stones for next level
[2026-04-10 14:19:45] [INFO] AI: Need 1 stones for next level
[2026-04-10 14:19:46] [INFO] AI: Need 1 stones for next level
[2026-04-10 14:19:46] [INFO] AI: Need 1 stones for next level
[2026-04-10 14:19:46] [INFO] AI: Need 1 stones for next level
[2026-04-10 14:19:47] [INFO] Status: Level=1 Food=15 Forks=0
[2026-04-10 14:19:47] [INFO] AI: Need 1 stones for next level
[2026-04-10 14:19:47] [INFO] AI: Need 1 stones for next level
[2026-04-10 14:19:48] [INFO] AI: Need 1 stones for next level
[2026-04-10 14:19:48] [INFO] AI: Need 1 stones for next level
[2026-04-10 14:19:49] [INFO] AI: Need 1 stones for next level
[2026-04-10 14:19:49] [INFO] AI: Need 1 stones for next level
[2026-04-10 14:19:52] [WARN] AI: Command failed: prend
[2026-04-10 14:19:52] [INFO] AI: Need 1 stones for next level
[2026-04-10 14:19:55] [WARN] AI: Command failed: prend
[2026-04-10 14:19:55] [INFO] AI: Need 1 stones for next level
[2026-04-10 14:19:56] [INFO] AI: Need 1 stones for next level
[2026-04-10 14:19:56] [INFO] AI: Need 1 stones for next level
[2026-04-10 14:19:57] [INFO] Status: Level=1 Food=17 Forks=0
[2026-04-10 14:19:57] [INFO] AI: Need 1 stones for next level
[2026-04-10 14:19:57] [INFO] AI: Need 1 stones for next level
[2026-04-10 14:19:58] [INFO] AI: Need 1 stones for next level
[2026-04-10 14:19:58] [INFO] AI: Need 1 stones for next level
[2026-04-10 14:19:59] [INFO] AI: Need 1 stones for next level
[2026-04-10 14:19:59] [INFO] AI: Need 1 stones for next level
[2026-04-10 14:20:00] [INFO] AI: Need 1 stones for next level
[2026-04-10 14:20:00] [INFO] AI: Need 1 stones for next level
[2026-04-10 14:20:00] [INFO] AI: Need 1 stones for next level
[2026-04-10 14:20:01] [INFO] AI: Need 1 stones for next level
[2026-04-10 14:20:02] [INFO] AI: Need 1 stones for next level
[2026-04-10 14:20:02] [INFO] AI: Need 1 stones for next level
[2026-04-10 14:20:02] [INFO] AI: Need 1 stones for next level
[2026-04-10 14:20:03] [INFO] AI: Need 1 stones for next level
[2026-04-10 14:20:04] [INFO] AI: Need 1 stones for next level
[2026-04-10 14:20:04] [INFO] AI: Need 1 stones for next level
[2026-04-10 14:20:04] [INFO] AI: Need 1 stones for next level
[2026-04-10 14:20:05] [INFO] AI: Need 1 stones for next level
[2026-04-10 14:20:05] [INFO] AI: Need 1 stones for next level
[2026-04-10 14:20:06] [INFO] AI: Need 1 stones for next level
[2026-04-10 14:20:06] [INFO] AI: Need 1 stones for next level
[2026-04-10 14:20:07] [INFO] Status: Level=1 Food=20 Forks=0
[2026-04-10 14:20:07] [INFO] AI: Need 1 stones for next level
[2026-04-10 14:20:07] [INFO] AI: Need 1 stones for next level
[2026-04-10 14:20:08] [INFO] AI: Need 1 stones for next level
[2026-04-10 14:20:08] [INFO] AI: Need 1 stones for next level
[2026-04-10 14:20:09] [INFO] AI: Need 1 stones for next level
[2026-04-10 14:20:09] [INFO] AI: Need 1 stones for next level
[2026-04-10 14:20:10] [INFO] AI: Need 1 stones for next level
[2026-04-10 14:20:10] [INFO] AI: Need 1 stones for next level
[2026-04-10 14:20:11] [INFO] AI: Need 1 stones for next level
[2026-04-10 14:20:11] [INFO] AI: Need 1 stones for next level
[2026-04-10 14:20:12] [INFO] AI: Need 1 stones for next level
[2026-04-10 14:20:12] [INFO] AI: Need 1 stones for next level
[2026-04-10 14:20:12] [INFO] AI: Need 1 stones for next level
[2026-04-10 14:20:13] [INFO] AI: Need 1 stones for next level
[2026-04-10 14:20:14] [INFO] AI: Need 1 stones for next level
[2026-04-10 14:20:17] [INFO] Status: Level=1 Food=20 Forks=0
[2026-04-10 14:20:17] [WARN] AI: Command failed: prend
[2026-04-10 14:20:17] [INFO] AI: Need 1 stones for next level
[2026-04-10 14:20:18] [INFO] AI: Need 1 stones for next level
[2026-04-10 14:20:18] [INFO] AI: Need 1 stones for next level
[2026-04-10 14:20:18] [INFO] AI: Need 1 stones for next level
[2026-04-10 14:20:19] [INFO] AI: Need 1 stones for next level
[2026-04-10 14:20:20] [INFO] AI: Need 1 stones for next level
[2026-04-10 14:20:20] [INFO] AI: Need 1 stones for next level
[2026-04-10 14:20:20] [INFO] AI: Need 1 stones for next level
[2026-04-10 14:20:21] [INFO] AI: Need 1 stones for next level
[2026-04-10 14:20:22] [INFO] AI: Need 1 stones for next level
[2026-04-10 14:20:22] [INFO] AI: Need 1 stones for next level
[2026-04-10 14:20:22] [INFO] AI: Need 1 stones for next level
[2026-04-10 14:20:23] [INFO] AI: Need 1 stones for next level
[2026-04-10 14:20:23] [INFO] AI: Need 1 stones for next level
[2026-04-10 14:20:24] [INFO] AI: Need 1 stones for next level
[2026-04-10 14:20:24] [INFO] AI: Need 1 stones for next level
[2026-04-10 14:20:25] [INFO] AI: Need 1 stones for next level
[2026-04-10 14:20:25] [INFO] AI: Need 1 stones for next level
[2026-04-10 14:20:26] [INFO] AI: Need 1 stones for next level
[2026-04-10 14:20:27] [INFO] AI: Need 1 stones for next level
[2026-04-10 14:20:27] [INFO] Status: Level=1 Food=24 Forks=0
[2026-04-10 14:20:27] [INFO] AI: Need 1 stones for next level
[2026-04-10 14:20:27] [INFO] AI: Need 1 stones for next level
[2026-04-10 14:20:28] [INFO] AI: Need 1 stones for next level
[2026-04-10 14:20:28] [INFO] AI: Need 1 stones for next level
[2026-04-10 14:20:29] [INFO] AI: Need 1 stones for next level
[2026-04-10 14:20:29] [INFO] AI: Need 1 stones for next level
[2026-04-10 14:20:30] [INFO] AI: Need 1 stones for next level
[2026-04-10 14:20:30] [INFO] AI: Need 1 stones for next level
[2026-04-10 14:20:31] [INFO] AI: Need 1 stones for next level
[2026-04-10 14:20:31] [INFO] AI: Need 1 stones for next level
[2026-04-10 14:20:32] [INFO] AI: Need 1 stones for next level
[2026-04-10 14:20:32] [INFO] AI: Need 1 stones for next level
[2026-04-10 14:20:33] [INFO] AI: Need 1 stones for next level
[2026-04-10 14:20:33] [INFO] AI: Need 1 stones for next level
[2026-04-10 14:20:34] [INFO] AI: Need 1 stones for next level
[2026-04-10 14:20:34] [INFO] AI: Need 1 stones for next level
[2026-04-10 14:20:35] [INFO] AI: Need 1 stones for next level
[2026-04-10 14:20:35] [INFO] AI: Need 1 stones for next level
[2026-04-10 14:20:35] [INFO] AI: Need 1 stones for next level
[2026-04-10 14:20:36] [INFO] AI: Need 1 stones for next level
[2026-04-10 14:20:37] [INFO] AI: Need 1 stones for next level
[2026-04-10 14:20:37] [INFO] Status: Level=1 Food=24 Forks=0
[2026-04-10 14:20:37] [INFO] AI: Need 1 stones for next level
[2026-04-10 14:20:37] [INFO] AI: Need 1 stones for next level
[2026-04-10 14:20:38] [INFO] AI: Need 1 stones for next level
[2026-04-10 14:20:39] [INFO] AI: Need 1 stones for next level
[2026-04-10 14:20:39] [INFO] AI: Need 1 stones for next level
[2026-04-10 14:20:39] [INFO] AI: Need 1 stones for next level
[2026-04-10 14:20:40] [INFO] AI: Need 1 stones for next level
[2026-04-10 14:20:40] [INFO] AI: Need 1 stones for next level
[2026-04-10 14:20:41] [INFO] AI: Need 1 stones for next level
[2026-04-10 14:20:42] [INFO] AI: Need 1 stones for next level
[2026-04-10 14:20:42] [INFO] AI: Need 1 stones for next level
[2026-04-10 14:20:42] [INFO] AI: Need 1 stones for next level
[2026-04-10 14:20:43] [INFO] AI: Need 1 stones for next level
[2026-04-10 14:20:44] [INFO] AI: Need 1 stones for next level
[2026-04-10 14:20:44] [INFO] AI: Need 1 stones for next level
[2026-04-10 14:20:44] [INFO] AI: Need 1 stones for next level
[2026-04-10 14:20:45] [INFO] AI: Need 1 stones for next level
[2026-04-10 14:20:45] [INFO] AI: Need 1 stones for next level
[2026-04-10 14:20:46] [INFO] AI: Need 1 stones for next level
[2026-04-10 14:20:46] [INFO] AI: Need 1 stones for next level
[2026-04-10 14:20:47] [INFO] Status: Level=1 Food=23 Forks=0
[2026-04-10 14:20:47] [INFO] AI: Need 1 stones for next level
[2026-04-10 14:20:47] [INFO] AI: Need 1 stones for next level
[2026-04-10 14:20:48] [INFO] AI: Need 1 stones for next level
[2026-04-10 14:20:48] [INFO] AI: Need 1 stones for next level
[2026-04-10 14:20:49] [INFO] AI: Need 1 stones for next level
[2026-04-10 14:20:49] [INFO] AI: Need 1 stones for next level
[2026-04-10 14:20:50] [INFO] AI: Need 1 stones for next level
[2026-04-10 14:20:50] [INFO] AI: Need 1 stones for next level
[2026-04-10 14:20:51] [INFO] AI: Need 1 stones for next level
[2026-04-10 14:20:51] [INFO] AI: Need 1 stones for next level
[2026-04-10 14:20:52] [INFO] AI: Need 1 stones for next level
[2026-04-10 14:20:52] [INFO] AI: Need 1 stones for next level
[2026-04-10 14:20:52] [INFO] AI: Need 1 stones for next level
[2026-04-10 14:20:53] [INFO] AI: Need 1 stones for next level
[2026-04-10 14:20:56] [WARN] AI: Command failed: prend
[2026-04-10 14:20:56] [INFO] AI: Need 1 stones for next level
[2026-04-10 14:20:56] [INFO] AI: Need 1 stones for next level
[2026-04-10 14:20:57] [INFO] Status: Level=1 Food=21 Forks=0
[2026-04-10 14:20:57] [INFO] AI: Need 1 stones for next level
[2026-04-10 14:20:57] [INFO] AI: Need 1 stones for next level
[2026-04-10 14:20:58] [INFO] AI: Need 1 stones for next level
[2026-04-10 14:20:58] [INFO] AI: Need 1 stones for next level
[2026-04-10 14:20:59] [INFO] AI: Need 1 stones for next level
[2026-04-10 14:21:01] [WARN] AI: Command failed: prend
[2026-04-10 14:21:01] [INFO] AI: Need 1 stones for next level
[2026-04-10 14:21:03] [WARN] AI: Command failed: prend
[2026-04-10 14:21:03] [INFO] AI: Need 1 stones for next level
[2026-04-10 14:21:04] [INFO] AI: Need 1 stones for next level
[2026-04-10 14:21:04] [INFO] AI: Need 1 stones for next level
[2026-04-10 14:21:04] [INFO] AI: Need 1 stones for next level
[2026-04-10 14:21:05] [INFO] AI: Need 1 stones for next level
[2026-04-10 14:21:06] [INFO] AI: Need 1 stones for next level
[2026-04-10 14:21:06] [INFO] AI: Need 1 stones for next level
[2026-04-10 14:21:06] [INFO] AI: Need 1 stones for next level
[2026-04-10 14:21:07] [INFO] Status: Level=1 Food=22 Forks=0
[2026-04-10 14:21:07] [INFO] AI: Need 1 stones for next level
[2026-04-10 14:21:08] [INFO] AI: Need 1 stones for next level
[2026-04-10 14:21:08] [INFO] AI: Need 1 stones for next level
[2026-04-10 14:21:08] [INFO] AI: Need 1 stones for next level
[2026-04-10 14:21:09] [INFO] AI: Need 1 stones for next level
[2026-04-10 14:21:09] [INFO] AI: Need 1 stones for next level
[2026-04-10 14:21:10] [INFO] AI: Need 1 stones for next level
[2026-04-10 14:21:11] [INFO] AI: Need 1 stones for next level
[2026-04-10 14:21:11] [INFO] AI: Need 1 stones for next level
[2026-04-10 14:21:11] [INFO] AI: Need 1 stones for next level
[2026-04-10 14:21:12] [INFO] AI: Need 1 stones for next level
[2026-04-10 14:21:13] [INFO] AI: Need 1 stones for next level
[2026-04-10 14:21:13] [INFO] AI: Need 1 stones for next level
[2026-04-10 14:21:13] [INFO] AI: Need 1 stones for next level
[2026-04-10 14:21:14] [INFO] AI: Need 1 stones for next level
[2026-04-10 14:21:14] [INFO] AI: Need 1 stones for next level
[2026-04-10 14:21:15] [INFO] AI: Need 1 stones for next level
[2026-04-10 14:21:15] [INFO] AI: Need 1 stones for next level
[2026-04-10 14:21:16] [INFO] AI: Need 1 stones for next level
[2026-04-10 14:21:16] [INFO] AI: Need 1 stones for next level
[2026-04-10 14:21:16] [INFO] AI: Need 1 stones for next level
[2026-04-10 14:21:17] [INFO] Status: Level=1 Food=21 Forks=0
[2026-04-10 14:21:17] [INFO] AI: Need 1 stones for next level
[2026-04-10 14:21:18] [INFO] AI: Need 1 stones for next level
[2026-04-10 14:21:18] [INFO] AI: Need 1 stones for next level
[2026-04-10 14:21:19] [INFO] AI: Need 1 stones for next level
[2026-04-10 14:21:19] [INFO] AI: Need 1 stones for next level
[2026-04-10 14:21:20] [INFO] AI: Need 1 stones for next level
[2026-04-10 14:21:20] [INFO] AI: Need 1 stones for next level
[2026-04-10 14:21:21] [INFO] AI: Need 1 stones for next level
[2026-04-10 14:21:21] [INFO] AI: Need 1 stones for next level
[2026-04-10 14:21:21] [INFO] AI: Need 1 stones for next level
[2026-04-10 14:21:22] [INFO] AI: Need 1 stones for next level
[2026-04-10 14:21:23] [INFO] AI: Need 1 stones for next level
[2026-04-10 14:21:23] [INFO] AI: Need 1 stones for next level
[2026-04-10 14:21:25] [WARN] AI: Command failed: prend
[2026-04-10 14:21:25] [INFO] AI: Need 1 stones for next level
[2026-04-10 14:21:27] [INFO] Status: Level=1 Food=20 Forks=0
[2026-04-10 14:21:27] [WARN] AI: Command failed: prend
[2026-04-10 14:21:27] [INFO] AI: Need 1 stones for next level
[2026-04-10 14:21:27] [INFO] AI: Need 1 stones for next level
[2026-04-10 14:21:28] [INFO] AI: Need 1 stones for next level
[2026-04-10 14:21:29] [INFO] AI: Need 1 stones for next level
[2026-04-10 14:21:29] [INFO] AI: Need 1 stones for next level
[2026-04-10 14:21:29] [INFO] AI: Need 1 stones for next level
[2026-04-10 14:21:30] [INFO] AI: Need 1 stones for next level
[2026-04-10 14:21:30] [INFO] AI: Need 1 stones for next level
[2026-04-10 14:21:31] [INFO] AI: Need 1 stones for next level
[2026-04-10 14:21:31] [INFO] AI: Need 1 stones for next level
[2026-04-10 14:21:32] [INFO] AI: Need 1 stones for next level
[2026-04-10 14:21:32] [INFO] AI: Need 1 stones for next level
[2026-04-10 14:21:32] [INFO] AI: Need 1 stones for next level
[2026-04-10 14:21:33] [INFO] AI: Need 1 stones for next level
[2026-04-10 14:21:34] [INFO] AI: Need 1 stones for next level
[2026-04-10 14:21:34] [INFO] AI: Need 1 stones for next level
[2026-04-10 14:21:35] [INFO] AI: Need 1 stones for next level
[2026-04-10 14:21:35] [INFO] AI: Need 1 stones for next level
[2026-04-10 14:21:36] [INFO] AI: Need 1 stones for next level
[2026-04-10 14:21:36] [INFO] AI: Need 1 stones for next level
[2026-04-10 14:21:37] [INFO] AI: Need 1 stones for next level
[2026-04-10 14:21:37] [INFO] Status: Level=1 Food=18 Forks=0
[2026-04-10 14:21:37] [INFO] AI: Need 1 stones for next level
[2026-04-10 14:21:37] [INFO] AI: Need 1 stones for next level
[2026-04-10 14:21:38] [INFO] AI: Need 1 stones for next level
[2026-04-10 14:21:39] [INFO] AI: Need 1 stones for next level
[2026-04-10 14:21:39] [INFO] AI: Need 1 stones for next level
[2026-04-10 14:21:40] [INFO] AI: Need 1 stones for next level
[2026-04-10 14:21:40] [INFO] AI: Need 1 stones for next level
[2026-04-10 14:21:41] [INFO] AI: Need 1 stones for next level
[2026-04-10 14:21:41] [INFO] AI: Need 1 stones for next level
[2026-04-10 14:21:42] [INFO] AI: Need 1 stones for next level
[2026-04-10 14:21:42] [INFO] AI: Need 1 stones for next level
[2026-04-10 14:21:42] [INFO] AI: Need 1 stones for next level
[2026-04-10 14:21:43] [INFO] AI: Need 1 stones for next level
[2026-04-10 14:21:43] [INFO] AI: Need 1 stones for next level
[2026-04-10 14:21:44] [INFO] AI: Need 1 stones for next level
[2026-04-10 14:21:44] [INFO] AI: Need 1 stones for next level
[2026-04-10 14:21:45] [INFO] AI: Need 1 stones for next level
[2026-04-10 14:21:45] [INFO] AI: Need 1 stones for next level
[2026-04-10 14:21:46] [INFO] AI: Need 1 stones for next level
[2026-04-10 14:21:46] [INFO] AI: Need 1 stones for next level
[2026-04-10 14:21:47] [INFO] AI: Need 1 stones for next level
[2026-04-10 14:21:47] [INFO] Status: Level=1 Food=17 Forks=0
[2026-04-10 14:21:47] [INFO] AI: Need 1 stones for next level
[2026-04-10 14:21:48] [INFO] AI: Need 1 stones for next level
[2026-04-10 14:21:48] [INFO] AI: Need 1 stones for next level
[2026-04-10 14:21:48] [INFO] AI: Need 1 stones for next level
[2026-04-10 14:21:49] [INFO] AI: Need 1 stones for next level
[2026-04-10 14:21:49] [INFO] AI: Need 1 stones for next level
[2026-04-10 14:21:50] [INFO] AI: Need 1 stones for next level
[2026-04-10 14:21:50] [INFO] AI: Need 1 stones for next level
[2026-04-10 14:21:51] [INFO] AI: Need 1 stones for next level
[2026-04-10 14:21:51] [INFO] AI: Need 1 stones for next level
[2026-04-10 14:21:52] [INFO] AI: Need 1 stones for next level
[2026-04-10 14:21:53] [INFO] AI: Need 1 stones for next level
[2026-04-10 14:21:53] [INFO] AI: Need 1 stones for next level
[2026-04-10 14:21:53] [INFO] AI: Need 1 stones for next level
[2026-04-10 14:21:54] [INFO] AI: Need 1 stones for next level
[2026-04-10 14:21:54] [INFO] AI: Need 1 stones for next level
[2026-04-10 14:21:55] [INFO] AI: Need 1 stones for next level
[2026-04-10 14:21:55] [INFO] AI: Need 1 stones for next level
[2026-04-10 14:21:56] [INFO] AI: Need 1 stones for next level
[2026-04-10 14:21:56] [INFO] AI: Need 1 stones for next level
[2026-04-10 14:21:57] [INFO] AI: Need 1 stones for next level
[2026-04-10 14:21:57] [INFO] Status: Level=1 Food=15 Forks=0
[2026-04-10 14:21:57] [INFO] AI: Need 1 stones for next level
[2026-04-10 14:21:58] [INFO] AI: Need 1 stones for next level
[2026-04-10 14:21:58] [INFO] AI: Need 1 stones for next level
[2026-04-10 14:21:59] [INFO] AI: Need 1 stones for next level
[2026-04-10 14:21:59] [INFO] AI: Need 1 stones for next level
[2026-04-10 14:22:01] [WARN] AI: Command failed: prend
[2026-04-10 14:22:01] [INFO] AI: Need 1 stones for next level
[2026-04-10 14:22:06] [WARN] AI: Command failed: prend
[2026-04-10 14:22:06] [INFO] AI: Need 1 stones for next level
[2026-04-10 14:22:07] [INFO] AI: Need 1 stones for next level
[2026-04-10 14:22:07] [INFO] Status: Level=1 Food=13 Forks=0
[2026-04-10 14:22:07] [INFO] AI: Need 1 stones for next level
[2026-04-10 14:22:07] [INFO] AI: Need 1 stones for next level
[2026-04-10 14:22:08] [INFO] AI: Need 1 stones for next level
[2026-04-10 14:22:08] [INFO] AI: Need 1 stones for next level
[2026-04-10 14:22:09] [INFO] AI: Need 1 stones for next level
[2026-04-10 14:22:09] [INFO] AI: Need 1 stones for next level
[2026-04-10 14:22:10] [INFO] AI: Need 1 stones for next level
[2026-04-10 14:22:10] [INFO] AI: Need 1 stones for next level
[2026-04-10 14:22:11] [INFO] AI: Need 1 stones for next level
[2026-04-10 14:22:11] [INFO] AI: Need 1 stones for next level
[2026-04-10 14:22:12] [INFO] AI: Need 1 stones for next level
[2026-04-10 14:22:12] [INFO] AI: Need 1 stones for next level
[2026-04-10 14:22:13] [INFO] AI: Need 1 stones for next level
[2026-04-10 14:22:13] [INFO] AI: Need 1 stones for next level
[2026-04-10 14:22:14] [INFO] AI: Need 1 stones for next level
[2026-04-10 14:22:14] [INFO] AI: Need 1 stones for next level
[2026-04-10 14:22:15] [INFO] AI: Need 1 stones for next level
[2026-04-10 14:22:15] [INFO] AI: Need 1 stones for next level
[2026-04-10 14:22:16] [INFO] AI: Need 1 stones for next level
[2026-04-10 14:22:16] [INFO] AI: Need 1 stones for next level
[2026-04-10 14:22:17] [INFO] Status: Level=1 Food=19 Forks=0
[2026-04-10 14:22:17] [INFO] AI: Need 1 stones for next level
[2026-04-10 14:22:17] [INFO] AI: Need 1 stones for next level
[2026-04-10 14:22:18] [INFO] AI: Need 1 stones for next level
[2026-04-10 14:22:18] [INFO] AI: Need 1 stones for next level
[2026-04-10 14:22:19] [INFO] AI: Need 1 stones for next level
[2026-04-10 14:22:19] [INFO] AI: Need 1 stones for next level
[2026-04-10 14:22:20] [INFO] AI: Need 1 stones for next level
[2026-04-10 14:22:20] [INFO] AI: Need 1 stones for next level
[2026-04-10 14:22:20] [INFO] AI: Need 1 stones for next level
[2026-04-10 14:22:21] [INFO] AI: Need 1 stones for next level
[2026-04-10 14:22:22] [INFO] AI: Need 1 stones for next level
[2026-04-10 14:22:22] [INFO] AI: Need 1 stones for next level
[2026-04-10 14:22:22] [INFO] AI: Need 1 stones for next level
[2026-04-10 14:22:23] [INFO] AI: Need 1 stones for next level
[2026-04-10 14:22:24] [INFO] AI: Need 1 stones for next level
[2026-04-10 14:22:24] [INFO] AI: Need 1 stones for next level
[2026-04-10 14:22:24] [INFO] AI: Need 1 stones for next level
[2026-04-10 14:22:25] [INFO] AI: Need 1 stones for next level
[2026-04-10 14:22:25] [INFO] AI: Need 1 stones for next level
[2026-04-10 14:22:26] [INFO] AI: Need 1 stones for next level
[2026-04-10 14:22:27] [INFO] AI: Need 1 stones for next level
[2026-04-10 14:22:27] [INFO] Status: Level=1 Food=17 Forks=0
[2026-04-10 14:22:27] [INFO] AI: Need 1 stones for next level
[2026-04-10 14:22:27] [INFO] AI: Need 1 stones for next level
[2026-04-10 14:22:28] [INFO] AI: Need 1 stones for next level
[2026-04-10 14:22:29] [INFO] AI: Need 1 stones for next level
[2026-04-10 14:22:29] [INFO] AI: Need 1 stones for next level
[2026-04-10 14:22:29] [INFO] AI: Need 1 stones for next level
[2026-04-10 14:22:30] [INFO] AI: Need 1 stones for next level
[2026-04-10 14:22:30] [INFO] AI: Need 1 stones for next level
[2026-04-10 14:22:31] [INFO] AI: Need 1 stones for next level
[2026-04-10 14:22:31] [INFO] AI: Need 1 stones for next level
[2026-04-10 14:22:32] [INFO] AI: Need 1 stones for next level
[2026-04-10 14:22:32] [INFO] AI: Need 1 stones for next level
[2026-04-10 14:22:32] [INFO] AI: Need 1 stones for next level
[2026-04-10 14:22:33] [INFO] AI: Need 1 stones for next level
[2026-04-10 14:22:34] [INFO] AI: Need 1 stones for next level
[2026-04-10 14:22:34] [INFO] AI: Need 1 stones for next level
[2026-04-10 14:22:34] [INFO] AI: Need 1 stones for next level
[2026-04-10 14:22:35] [INFO] AI: Need 1 stones for next level
[2026-04-10 14:22:36] [INFO] AI: Need 1 stones for next level
[2026-04-10 14:22:36] [INFO] AI: Need 1 stones for next level
[2026-04-10 14:22:36] [INFO] AI: Need 1 stones for next level
[2026-04-10 14:22:37] [INFO] Status: Level=1 Food=16 Forks=0
[2026-04-10 14:22:37] [INFO] AI: Need 1 stones for next level
[2026-04-10 14:22:37] [INFO] AI: Need 1 stones for next level
[2026-04-10 14:22:38] [INFO] AI: Need 1 stones for next level
[2026-04-10 14:22:38] [INFO] AI: Need 1 stones for next level
[2026-04-10 14:22:39] [INFO] AI: Need 1 stones for next level
[2026-04-10 14:22:39] [INFO] AI: Need 1 stones for next level
[2026-04-10 14:22:40] [INFO] AI: Need 1 stones for next level
[2026-04-10 14:22:40] [INFO] AI: Need 1 stones for next level
[2026-04-10 14:22:41] [INFO] AI: Need 1 stones for next level
[2026-04-10 14:22:41] [INFO] AI: Need 1 stones for next level
[2026-04-10 14:22:42] [INFO] AI: Need 1 stones for next level
[2026-04-10 14:22:42] [INFO] AI: Need 1 stones for next level
[2026-04-10 14:22:43] [INFO] AI: Need 1 stones for next level
[2026-04-10 14:22:43] [INFO] AI: Need 1 stones for next level
[2026-04-10 14:22:44] [INFO] AI: Need 1 stones for next level
[2026-04-10 14:22:44] [INFO] AI: Need 1 stones for next level
[2026-04-10 14:22:45] [INFO] AI: Need 1 stones for next level
[2026-04-10 14:22:45] [INFO] AI: Need 1 stones for next level
[2026-04-10 14:22:46] [INFO] AI: Need 1 stones for next level
[2026-04-10 14:22:46] [INFO] AI: Need 1 stones for next level
[2026-04-10 14:22:47] [INFO] AI: Need 1 stones for next level
[2026-04-10 14:22:47] [INFO] Status: Level=1 Food=14 Forks=0
[2026-04-10 14:22:47] [INFO] AI: Need 1 stones for next level
[2026-04-10 14:22:48] [INFO] AI: Need 1 stones for next level
[2026-04-10 14:22:50] [WARN] AI: Command failed: prend
[2026-04-10 14:22:50] [INFO] AI: Need 1 stones for next level
[2026-04-10 14:22:51] [INFO] AI: Need 1 stones for next level
[2026-04-10 14:22:51] [INFO] AI: Need 1 stones for next level
[2026-04-10 14:22:52] [INFO] AI: Need 1 stones for next level
[2026-04-10 14:22:52] [INFO] AI: Need 1 stones for next level
[2026-04-10 14:22:53] [INFO] AI: Need 1 stones for next level
[2026-04-10 14:22:53] [INFO] AI: Need 1 stones for next level
[2026-04-10 14:22:54] [INFO] AI: Need 1 stones for next level
[2026-04-10 14:22:54] [INFO] AI: Need 1 stones for next level
[2026-04-10 14:22:54] [INFO] AI: Need 1 stones for next level
[2026-04-10 14:22:55] [INFO] AI: Need 1 stones for next level
[2026-04-10 14:22:56] [INFO] AI: Need 1 stones for next level
[2026-04-10 14:22:56] [INFO] AI: Need 1 stones for next level
[2026-04-10 14:22:56] [INFO] AI: Need 1 stones for next level
[2026-04-10 14:22:57] [INFO] Status: Level=1 Food=17 Forks=0
[2026-04-10 14:22:59] [WARN] AI: Command failed: prend
[2026-04-10 14:22:59] [INFO] AI: Need 1 stones for next level
[2026-04-10 14:23:02] [WARN] AI: Command failed: prend
[2026-04-10 14:23:02] [INFO] AI: Need 1 stones for next level
[2026-04-10 14:23:03] [INFO] AI: Need 1 stones for next level
[2026-04-10 14:23:04] [INFO] AI: Need 1 stones for next level
[2026-04-10 14:23:04] [INFO] AI: Need 1 stones for next level
[2026-04-10 14:23:04] [INFO] AI: Need 1 stones for next level
[2026-04-10 14:23:05] [INFO] AI: Need 1 stones for next level
[2026-04-10 14:23:05] [INFO] AI: Need 1 stones for next level
[2026-04-10 14:23:06] [INFO] AI: Need 1 stones for next level
[2026-04-10 14:23:06] [INFO] AI: Need 1 stones for next level
[2026-04-10 14:23:07] [INFO] AI: Need 1 stones for next level
[2026-04-10 14:23:07] [INFO] Status: Level=1 Food=21 Forks=0
[2026-04-10 14:23:07] [INFO] AI: Need 1 stones for next level
[2026-04-10 14:23:08] [INFO] AI: Need 1 stones for next level
[2026-04-10 14:23:08] [INFO] AI: Need 1 stones for next level
[2026-04-10 14:23:09] [INFO] AI: Need 1 stones for next level
[2026-04-10 14:23:09] [INFO] AI: Need 1 stones for next level
[2026-04-10 14:23:10] [INFO] AI: Need 1 stones for next level
[2026-04-10 14:23:10] [INFO] AI: Need 1 stones for next level
[2026-04-10 14:23:11] [INFO] AI: Need 1 stones for next level
[2026-04-10 14:23:11] [INFO] AI: Need 1 stones for next level
[2026-04-10 14:23:12] [INFO] AI: Need 1 stones for next level
[2026-04-10 14:23:12] [INFO] AI: Need 1 stones for next level
[2026-04-10 14:23:12] [INFO] AI: Need 1 stones for next level
[2026-04-10 14:23:13] [INFO] AI: Need 1 stones for next level
[2026-04-10 14:23:14] [INFO] AI: Need 1 stones for next level
[2026-04-10 14:23:14] [INFO] AI: Need 1 stones for next level
[2026-04-10 14:23:14] [INFO] AI: Need 1 stones for next level
[2026-04-10 14:23:16] [WARN] AI: Command failed: prend
[2026-04-10 14:23:16] [INFO] AI: Need 1 stones for next level
[2026-04-10 14:23:17] [INFO] Status: Level=1 Food=19 Forks=0
[2026-04-10 14:23:18] [WARN] AI: Command failed: prend
[2026-04-10 14:23:18] [INFO] AI: Need 1 stones for next level
[2026-04-10 14:23:19] [INFO] AI: Need 1 stones for next level
[2026-04-10 14:23:20] [INFO] AI: Need 1 stones for next level
[2026-04-10 14:23:20] [INFO] AI: Need 1 stones for next level
[2026-04-10 14:23:20] [INFO] AI: Need 1 stones for next level
[2026-04-10 14:23:23] [WARN] AI: Command failed: prend
[2026-04-10 14:23:23] [INFO] AI: Need 1 stones for next level
[2026-04-10 14:23:25] [WARN] AI: Command failed: prend
[2026-04-10 14:23:25] [INFO] AI: Need 1 stones for next level
[2026-04-10 14:23:25] [INFO] AI: Need 1 stones for next level
[2026-04-10 14:23:26] [INFO] AI: Need 1 stones for next level
[2026-04-10 14:23:26] [INFO] AI: Need 1 stones for next level
[2026-04-10 14:23:27] [INFO] AI: Need 1 stones for next level
[2026-04-10 14:23:27] [INFO] Status: Level=1 Food=23 Forks=0
[2026-04-10 14:23:27] [INFO] AI: Need 1 stones for next level
[2026-04-10 14:23:28] [INFO] AI: Need 1 stones for next level
[2026-04-10 14:23:28] [INFO] AI: Need 1 stones for next level
[2026-04-10 14:23:29] [INFO] AI: Need 1 stones for next level
[2026-04-10 14:23:29] [INFO] AI: Need 1 stones for next level
[2026-04-10 14:23:30] [INFO] AI: Need 1 stones for next level
[2026-04-10 14:23:30] [INFO] AI: Need 1 stones for next level
[2026-04-10 14:23:31] [INFO] AI: Need 1 stones for next level
[2026-04-10 14:23:31] [INFO] AI: Need 1 stones for next level
[2026-04-10 14:23:32] [INFO] AI: Need 1 stones for next level
[2026-04-10 14:23:32] [INFO] AI: Need 1 stones for next level
[2026-04-10 14:23:33] [INFO] AI: Need 1 stones for next level
[2026-04-10 14:23:33] [INFO] AI: Need 1 stones for next level
[2026-04-10 14:23:34] [INFO] AI: Need 1 stones for next level
[2026-04-10 14:23:34] [INFO] AI: Need 1 stones for next level
[2026-04-10 14:23:35] [INFO] AI: Need 1 stones for next level
[2026-04-10 14:23:35] [INFO] AI: Need 1 stones for next level
[2026-04-10 14:23:35] [INFO] AI: Need 1 stones for next level
[2026-04-10 14:23:36] [INFO] AI: Need 1 stones for next level
[2026-04-10 14:23:37] [INFO] AI: Need 1 stones for next level
[2026-04-10 14:23:37] [INFO] Status: Level=1 Food=23 Forks=0
[2026-04-10 14:23:37] [INFO] AI: Need 1 stones for next level
[2026-04-10 14:23:37] [INFO] AI: Need 1 stones for next level
[2026-04-10 14:23:38] [INFO] AI: Need 1 stones for next level
[2026-04-10 14:23:39] [INFO] AI: Need 1 stones for next level
[2026-04-10 14:23:39] [INFO] AI: Need 1 stones for next level
[2026-04-10 14:23:39] [INFO] AI: Need 1 stones for next level
[2026-04-10 14:23:40] [INFO] AI: Need 1 stones for next level
[2026-04-10 14:23:40] [INFO] AI: Need 1 stones for next level
[2026-04-10 14:23:41] [INFO] AI: Need 1 stones for next level
[2026-04-10 14:23:41] [INFO] AI: Need 1 stones for next level
[2026-04-10 14:23:42] [INFO] AI: Need 1 stones for next level
[2026-04-10 14:23:42] [INFO] AI: Need 1 stones for next level
[2026-04-10 14:23:43] [INFO] AI: Need 1 stones for next level
[2026-04-10 14:23:43] [INFO] AI: Need 1 stones for next level
[2026-04-10 14:23:44] [INFO] AI: Need 1 stones for next level
[2026-04-10 14:23:44] [INFO] AI: Need 1 stones for next level
[2026-04-10 14:23:45] [INFO] AI: Need 1 stones for next level
[2026-04-10 14:23:45] [INFO] AI: Need 1 stones for next level
[2026-04-10 14:23:46] [INFO] AI: Need 1 stones for next level
[2026-04-10 14:23:46] [INFO] AI: Need 1 stones for next level
[2026-04-10 14:23:47] [INFO] AI: Need 1 stones for next level
[2026-04-10 14:23:47] [INFO] Status: Level=1 Food=21 Forks=0
[2026-04-10 14:23:47] [INFO] AI: Need 1 stones for next level
[2026-04-10 14:23:48] [INFO] AI: Need 1 stones for next level
[2026-04-10 14:23:48] [INFO] AI: Need 1 stones for next level
[2026-04-10 14:23:49] [INFO] AI: Need 1 stones for next level
[2026-04-10 14:23:49] [INFO] AI: Need 1 stones for next level
[2026-04-10 14:23:50] [INFO] AI: Need 1 stones for next level
[2026-04-10 14:23:50] [INFO] AI: Need 1 stones for next level
[2026-04-10 14:23:51] [INFO] AI: Need 1 stones for next level
[2026-04-10 14:23:51] [INFO] AI: Need 1 stones for next level
[2026-04-10 14:23:52] [INFO] AI: Need 1 stones for next level
[2026-04-10 14:23:52] [INFO] AI: Need 1 stones for next level
[2026-04-10 14:23:52] [INFO] AI: Need 1 stones for next level
[2026-04-10 14:23:53] [INFO] AI: Need 1 stones for next level
[2026-04-10 14:23:54] [INFO] AI: Forking to increase team size
[2026-04-10 14:23:56] [INFO] Fork successful! Total forks: 1
[2026-04-10 14:23:56] [INFO] Fork successful! Total forks: 2
[2026-04-10 14:23:57] [INFO] AI: Need 1 stones for next level
[2026-04-10 14:23:57] [INFO] Status: Level=1 Food=20 Forks=2
[2026-04-10 14:23:57] [INFO] AI: Need 1 stones for next level
[2026-04-10 14:23:58] [INFO] AI: Need 1 stones for next level
[2026-04-10 14:23:58] [INFO] AI: Need 1 stones for next level
[2026-04-10 14:23:59] [INFO] AI: Need 1 stones for next level
[2026-04-10 14:23:59] [INFO] AI: Need 1 stones for next level
[2026-04-10 14:23:59] [INFO] AI: Need 1 stones for next level
[2026-04-10 14:24:00] [INFO] AI: Need 1 stones for next level
[2026-04-10 14:24:01] [INFO] AI: Need 1 stones for next level
[2026-04-10 14:24:01] [INFO] AI: Need 1 stones for next level
[2026-04-10 14:24:01] [INFO] AI: Need 1 stones for next level
[2026-04-10 14:24:02] [INFO] AI: Need 1 stones for next level
[2026-04-10 14:24:03] [INFO] AI: Need 1 stones for next level
[2026-04-10 14:24:05] [WARN] AI: Command failed: prend
[2026-04-10 14:24:05] [INFO] AI: Need 1 stones for next level
[2026-04-10 14:24:07] [INFO] Status: Level=1 Food=18 Forks=2
[2026-04-10 14:24:09] [WARN] AI: Command failed: prend
[2026-04-10 14:24:09] [INFO] AI: Need 1 stones for next level
[2026-04-10 14:24:10] [INFO] AI: Need 1 stones for next level
[2026-04-10 14:24:10] [INFO] AI: Need 1 stones for next level
[2026-04-10 14:24:10] [INFO] AI: Need 1 stones for next level
[2026-04-10 14:24:11] [INFO] AI: Need 1 stones for next level
[2026-04-10 14:24:12] [INFO] AI: Need 1 stones for next level
[2026-04-10 14:24:12] [INFO] AI: Need 1 stones for next level
[2026-04-10 14:24:12] [INFO] AI: Need 1 stones for next level
[2026-04-10 14:24:13] [INFO] AI: Need 1 stones for next level
[2026-04-10 14:24:13] [INFO] AI: Need 1 stones for next level
[2026-04-10 14:24:14] [INFO] AI: Need 1 stones for next level
[2026-04-10 14:24:14] [INFO] AI: Need 1 stones for next level
[2026-04-10 14:24:15] [INFO] AI: Need 1 stones for next level
[2026-04-10 14:24:15] [INFO] AI: Need 1 stones for next level
[2026-04-10 14:24:16] [INFO] AI: Need 1 stones for next level
[2026-04-10 14:24:16] [INFO] AI: Need 1 stones for next level
[2026-04-10 14:24:17] [INFO] AI: Need 1 stones for next level
[2026-04-10 14:24:17] [INFO] Status: Level=1 Food=23 Forks=2
[2026-04-10 14:24:17] [INFO] AI: Need 1 stones for next level
[2026-04-10 14:24:18] [INFO] AI: Need 1 stones for next level
[2026-04-10 14:24:18] [INFO] AI: Forking to increase team size
[2026-04-10 14:24:20] [INFO] Fork successful! Total forks: 3
[2026-04-10 14:24:20] [INFO] Fork successful! Total forks: 4
[2026-04-10 14:24:21] [INFO] AI: Need 1 stones for next level
[2026-04-10 14:24:21] [INFO] AI: Need 1 stones for next level
[2026-04-10 14:24:22] [INFO] AI: Need 1 stones for next level
[2026-04-10 14:24:22] [INFO] AI: Need 1 stones for next level
[2026-04-10 14:24:22] [INFO] AI: Need 1 stones for next level
[2026-04-10 14:24:23] [INFO] AI: Need 1 stones for next level
[2026-04-10 14:24:24] [INFO] AI: Need 1 stones for next level
[2026-04-10 14:24:24] [INFO] AI: Need 1 stones for next level
[2026-04-10 14:24:25] [INFO] AI: Need 1 stones for next level
[2026-04-10 14:24:25] [INFO] AI: Need 1 stones for next level
[2026-04-10 14:24:26] [INFO] AI: Need 1 stones for next level
[2026-04-10 14:24:26] [INFO] AI: Need 1 stones for next level
[2026-04-10 14:24:27] [INFO] AI: Need 1 stones for next level
[2026-04-10 14:24:27] [INFO] Status: Level=1 Food=21 Forks=4
[2026-04-10 14:24:27] [INFO] AI: Need 1 stones for next level
[2026-04-10 14:24:27] [INFO] AI: Need 1 stones for next level
[2026-04-10 14:24:28] [INFO] AI: Need 1 stones for next level
[2026-04-10 14:24:29] [INFO] AI: Need 1 stones for next level
[2026-04-10 14:24:29] [INFO] AI: Need 1 stones for next level
[2026-04-10 14:24:29] [INFO] AI: Need 1 stones for next level
[2026-04-10 14:24:30] [INFO] AI: Forking to increase team size
[2026-04-10 14:24:32] [INFO] Fork successful! Total forks: 5
[2026-04-10 14:24:32] [INFO] Fork successful! Total forks: 6
[2026-04-10 14:24:33] [INFO] AI: Need 1 stones for next level
[2026-04-10 14:24:34] [INFO] AI: Need 1 stones for next level
[2026-04-10 14:24:34] [INFO] AI: Need 1 stones for next level
[2026-04-10 14:24:34] [INFO] AI: Need 1 stones for next level
[2026-04-10 14:24:35] [INFO] AI: Need 1 stones for next level
[2026-04-10 14:24:36] [INFO] AI: Need 1 stones for next level
[2026-04-10 14:24:36] [INFO] AI: Need 1 stones for next level
[2026-04-10 14:24:36] [INFO] AI: Need 1 stones for next level
[2026-04-10 14:24:37] [INFO] AI: Need 1 stones for next level
[2026-04-10 14:24:37] [INFO] Status: Level=1 Food=19 Forks=6
[2026-04-10 14:24:38] [INFO] AI: Need 1 stones for next level
[2026-04-10 14:24:38] [INFO] AI: Need 1 stones for next level
[2026-04-10 14:24:38] [INFO] AI: Need 1 stones for next level
[2026-04-10 14:24:39] [INFO] AI: Need 1 stones for next level
[2026-04-10 14:24:39] [INFO] AI: Need 1 stones for next level
[2026-04-10 14:24:40] [INFO] AI: Need 1 stones for next level
[2026-04-10 14:24:41] [INFO] AI: Need 1 stones for next level
[2026-04-10 14:24:41] [INFO] AI: Need 1 stones for next level
[2026-04-10 14:24:41] [INFO] AI: Need 1 stones for next level
[2026-04-10 14:24:42] [INFO] AI: Need 1 stones for next level
[2026-04-10 14:24:43] [INFO] AI: Need 1 stones for next level
[2026-04-10 14:24:43] [INFO] AI: Need 1 stones for next level
[2026-04-10 14:24:43] [INFO] AI: Need 1 stones for next level
[2026-04-10 14:24:44] [INFO] AI: Need 1 stones for next level
[2026-04-10 14:24:44] [INFO] AI: Need 1 stones for next level
[2026-04-10 14:24:45] [INFO] AI: Need 1 stones for next level
[2026-04-10 14:24:45] [INFO] AI: Need 1 stones for next level
[2026-04-10 14:24:46] [INFO] AI: Need 1 stones for next level
[2026-04-10 14:24:46] [INFO] AI: Need 1 stones for next level
[2026-04-10 14:24:47] [INFO] AI: Need 1 stones for next level
[2026-04-10 14:24:47] [INFO] Status: Level=1 Food=18 Forks=6
[2026-04-10 14:24:47] [INFO] AI: Need 1 stones for next level
[2026-04-10 14:24:48] [INFO] AI: Need 1 stones for next level
[2026-04-10 14:24:48] [INFO] AI: Need 1 stones for next level
[2026-04-10 14:24:49] [INFO] AI: Need 1 stones for next level
[2026-04-10 14:24:49] [INFO] AI: Need 1 stones for next level
[2026-04-10 14:24:50] [INFO] AI: Need 1 stones for next level
[2026-04-10 14:24:50] [INFO] AI: Need 1 stones for next level
[2026-04-10 14:24:51] [INFO] AI: Need 1 stones for next level
[2026-04-10 14:24:51] [INFO] AI: Need 1 stones for next level
[2026-04-10 14:24:52] [WARN] AI: Command failed: prend
[2026-04-10 14:24:52] [INFO] AI: Need 1 stones for next level
[2026-04-10 14:24:53] [WARN] AI: Command failed: prend
[2026-04-10 14:24:53] [INFO] AI: Need 1 stones for next level
[2026-04-10 14:24:54] [WARN] AI: Command failed: prend
[2026-04-10 14:24:54] [INFO] AI: Need 1 stones for next level
[2026-04-10 14:24:54] [WARN] AI: Command failed: prend
[2026-04-10 14:24:54] [INFO] AI: Need 1 stones for next level
[2026-04-10 14:24:55] [INFO] AI: Need 1 stones for next level
[2026-04-10 14:24:56] [INFO] AI: Need 1 stones for next level
[2026-04-10 14:24:56] [INFO] AI: Need 1 stones for next level
[2026-04-10 14:24:56] [INFO] AI: Need 1 stones for next level
[2026-04-10 14:24:57] [INFO] AI: Need 1 stones for next level
[2026-04-10 14:24:57] [INFO] Status: Level=1 Food=16 Forks=6
[2026-04-10 14:24:57] [INFO] AI: Need 1 stones for next level
[2026-04-10 14:24:59] [WARN] AI: Command failed: prend
[2026-04-10 14:24:59] [INFO] AI: Need 1 stones for next level
[2026-04-10 14:25:05] [WARN] AI: Command failed: prend
[2026-04-10 14:25:05] [INFO] AI: Need 1 stones for next level
[2026-04-10 14:25:06] [INFO] AI: Need 1 stones for next level
[2026-04-10 14:25:06] [INFO] AI: Need 1 stones for next level
[2026-04-10 14:25:06] [INFO] AI: Need 1 stones for next level
[2026-04-10 14:25:07] [INFO] AI: Need 1 stones for next level
[2026-04-10 14:25:07] [INFO] Status: Level=1 Food=22 Forks=6
[2026-04-10 14:25:07] [INFO] AI: Need 1 stones for next level
[2026-04-10 14:25:08] [INFO] AI: Need 1 stones for next level
[2026-04-10 14:25:08] [INFO] AI: Need 1 stones for next level
[2026-04-10 14:25:09] [INFO] AI: Need 1 stones for next level
[2026-04-10 14:25:09] [INFO] AI: Need 1 stones for next level
[2026-04-10 14:25:10] [INFO] AI: Need 1 stones for next level
[2026-04-10 14:25:10] [INFO] AI: Need 1 stones for next level
[2026-04-10 14:25:11] [INFO] AI: Need 1 stones for next level
[2026-04-10 14:25:11] [INFO] AI: Need 1 stones for next level
[2026-04-10 14:25:12] [INFO] AI: Need 1 stones for next level
[2026-04-10 14:25:12] [INFO] AI: Need 1 stones for next level
[2026-04-10 14:25:13] [INFO] AI: Need 1 stones for next level
[2026-04-10 14:25:13] [INFO] AI: Need 1 stones for next level
[2026-04-10 14:25:14] [INFO] AI: Need 1 stones for next level
[2026-04-10 14:25:14] [INFO] AI: Need 1 stones for next level
[2026-04-10 14:25:15] [INFO] AI: Need 1 stones for next level
[2026-04-10 14:25:15] [INFO] AI: Need 1 stones for next level
[2026-04-10 14:25:16] [INFO] AI: Need 1 stones for next level
[2026-04-10 14:25:16] [INFO] AI: Need 1 stones for next level
[2026-04-10 14:25:17] [INFO] AI: Need 1 stones for next level
[2026-04-10 14:25:17] [INFO] AI: Need 1 stones for next level
[2026-04-10 14:25:17] [INFO] Status: Level=1 Food=22 Forks=6
[2026-04-10 14:25:18] [INFO] AI: Need 1 stones for next level
[2026-04-10 14:25:18] [INFO] AI: Need 1 stones for next level
[2026-04-10 14:25:19] [INFO] AI: Need 1 stones for next level
[2026-04-10 14:25:19] [INFO] AI: Need 1 stones for next level
[2026-04-10 14:25:19] [INFO] AI: Need 1 stones for next level
[2026-04-10 14:25:20] [INFO] AI: Need 1 stones for next level
[2026-04-10 14:25:21] [INFO] AI: Need 1 stones for next level
[2026-04-10 14:25:21] [INFO] AI: Need 1 stones for next level
[2026-04-10 14:25:21] [INFO] AI: Need 1 stones for next level
[2026-04-10 14:25:22] [INFO] AI: Need 1 stones for next level
[2026-04-10 14:25:23] [INFO] AI: Need 1 stones for next level
[2026-04-10 14:25:23] [INFO] AI: Need 1 stones for next level
[2026-04-10 14:25:23] [INFO] AI: Need 1 stones for next level
[2026-04-10 14:25:24] [INFO] AI: Need 1 stones for next level
[2026-04-10 14:25:24] [INFO] AI: Need 1 stones for next level
[2026-04-10 14:25:25] [INFO] AI: Need 1 stones for next level
[2026-04-10 14:25:25] [INFO] AI: Need 1 stones for next level
[2026-04-10 14:25:26] [INFO] AI: Need 1 stones for next level
[2026-04-10 14:25:26] [INFO] AI: Need 1 stones for next level
[2026-04-10 14:25:27] [INFO] AI: Need 1 stones for next level
[2026-04-10 14:25:27] [INFO] Status: Level=1 Food=20 Forks=6
[2026-04-10 14:25:27] [INFO] AI: Need 1 stones for next level
[2026-04-10 14:25:28] [INFO] AI: Need 1 stones for next level
[2026-04-10 14:25:28] [INFO] AI: Need 1 stones for next level
[2026-04-10 14:25:29] [INFO] AI: Need 1 stones for next level
[2026-04-10 14:25:29] [INFO] AI: Need 1 stones for next level
[2026-04-10 14:25:30] [INFO] AI: Need 1 stones for next level
[2026-04-10 14:25:30] [INFO] AI: Need 1 stones for next level
[2026-04-10 14:25:31] [INFO] AI: Need 1 stones for next level
[2026-04-10 14:25:31] [INFO] AI: Need 1 stones for next level
[2026-04-10 14:25:31] [INFO] AI: Need 1 stones for next level
[2026-04-10 14:25:32] [INFO] AI: Need 1 stones for next level
[2026-04-10 14:25:33] [INFO] AI: Need 1 stones for next level
[2026-04-10 14:25:33] [INFO] AI: Need 1 stones for next level
[2026-04-10 14:25:33] [INFO] AI: Need 1 stones for next level
[2026-04-10 14:25:34] [INFO] AI: Need 1 stones for next level
[2026-04-10 14:25:35] [INFO] AI: Need 1 stones for next level
[2026-04-10 14:25:35] [INFO] AI: Need 1 stones for next level
[2026-04-10 14:25:35] [INFO] AI: Need 1 stones for next level
[2026-04-10 14:25:36] [INFO] AI: Need 1 stones for next level
[2026-04-10 14:25:36] [INFO] AI: Need 1 stones for next level
[2026-04-10 14:25:37] [INFO] Status: Level=1 Food=19 Forks=6
[2026-04-10 14:25:37] [INFO] AI: Need 1 stones for next level
[2026-04-10 14:25:38] [INFO] AI: Need 1 stones for next level
[2026-04-10 14:25:38] [INFO] AI: Need 1 stones for next level
[2026-04-10 14:25:38] [INFO] AI: Need 1 stones for next level
[2026-04-10 14:25:39] [INFO] AI: Need 1 stones for next level
[2026-04-10 14:25:40] [INFO] AI: Need 1 stones for next level
[2026-04-10 14:25:40] [INFO] AI: Need 1 stones for next level
[2026-04-10 14:25:40] [INFO] AI: Need 1 stones for next level
[2026-04-10 14:25:41] [INFO] AI: Need 1 stones for next level
[2026-04-10 14:25:41] [INFO] AI: Need 1 stones for next level
[2026-04-10 14:25:42] [INFO] AI: Need 1 stones for next level
[2026-04-10 14:25:42] [INFO] AI: Need 1 stones for next level
[2026-04-10 14:25:43] [INFO] AI: Need 1 stones for next level
[2026-04-10 14:25:43] [INFO] AI: Need 1 stones for next level
[2026-04-10 14:25:44] [INFO] AI: Need 1 stones for next level
[2026-04-10 14:25:44] [INFO] AI: Need 1 stones for next level
[2026-04-10 14:25:45] [INFO] AI: Need 1 stones for next level
[2026-04-10 14:25:45] [INFO] AI: Need 1 stones for next level
[2026-04-10 14:25:46] [INFO] AI: Need 1 stones for next level
[2026-04-10 14:25:46] [INFO] AI: Need 1 stones for next level
[2026-04-10 14:25:47] [INFO] AI: Need 1 stones for next level
[2026-04-10 14:25:47] [INFO] Status: Level=1 Food=17 Forks=6
[2026-04-10 14:25:47] [INFO] AI: Need 1 stones for next level
[2026-04-10 14:25:48] [INFO] AI: Need 1 stones for next level
[2026-04-10 14:25:48] [INFO] AI: Need 1 stones for next level
[2026-04-10 14:25:48] [INFO] AI: Need 1 stones for next level
[2026-04-10 14:25:49] [INFO] AI: Need 1 stones for next level
[2026-04-10 14:25:50] [INFO] AI: Need 1 stones for next level
[2026-04-10 14:25:50] [INFO] AI: Need 1 stones for next level
[2026-04-10 14:25:50] [INFO] AI: Need 1 stones for next level
[2026-04-10 14:25:51] [INFO] AI: Need 1 stones for next level
[2026-04-10 14:25:52] [INFO] AI: Need 1 stones for next level
[2026-04-10 14:25:54] [WARN] AI: Command failed: prend
[2026-04-10 14:25:54] [INFO] AI: Need 1 stones for next level
[2026-04-10 14:25:57] [INFO] Status: Level=1 Food=17 Forks=6
[2026-04-10 14:25:58] [WARN] AI: Command failed: prend
[2026-04-10 14:25:58] [INFO] AI: Need 1 stones for next level
[2026-04-10 14:25:58] [INFO] AI: Need 1 stones for next level
[2026-04-10 14:25:59] [INFO] AI: Need 1 stones for next level
[2026-04-10 14:25:59] [INFO] AI: Need 1 stones for next level
[2026-04-10 14:25:59] [INFO] AI: Need 1 stones for next level
[2026-04-10 14:26:00] [INFO] AI: Need 1 stones for next level
[2026-04-10 14:26:01] [INFO] AI: Need 1 stones for next level
[2026-04-10 14:26:01] [INFO] AI: Need 1 stones for next level
[2026-04-10 14:26:01] [INFO] AI: Need 1 stones for next level
[2026-04-10 14:26:02] [INFO] AI: Need 1 stones for next level
[2026-04-10 14:26:03] [INFO] AI: Need 1 stones for next level
[2026-04-10 14:26:03] [INFO] AI: Need 1 stones for next level
[2026-04-10 14:26:04] [INFO] AI: Need 1 stones for next level
[2026-04-10 14:26:04] [INFO] AI: Need 1 stones for next level
[2026-04-10 14:26:04] [INFO] AI: Need 1 stones for next level
[2026-04-10 14:26:05] [INFO] AI: Need 1 stones for next level
[2026-04-10 14:26:05] [INFO] AI: Need 1 stones for next level
[2026-04-10 14:26:06] [INFO] AI: Need 1 stones for next level
[2026-04-10 14:26:06] [INFO] AI: Need 1 stones for next level
[2026-04-10 14:26:07] [INFO] AI: Need 1 stones for next level
[2026-04-10 14:26:07] [INFO] Status: Level=1 Food=20 Forks=6
[2026-04-10 14:26:07] [INFO] AI: Need 1 stones for next level
[2026-04-10 14:26:08] [INFO] AI: Need 1 stones for next level
[2026-04-10 14:26:08] [INFO] AI: Need 1 stones for next level
[2026-04-10 14:26:09] [INFO] AI: Need 1 stones for next level
[2026-04-10 14:26:09] [INFO] AI: Need 1 stones for next level
[2026-04-10 14:26:10] [INFO] AI: Need 1 stones for next level
[2026-04-10 14:26:10] [INFO] AI: Need 1 stones for next level
[2026-04-10 14:26:11] [INFO] AI: Need 1 stones for next level
[2026-04-10 14:26:11] [INFO] AI: Need 1 stones for next level
[2026-04-10 14:26:11] [INFO] AI: Need 1 stones for next level
[2026-04-10 14:26:12] [INFO] AI: Need 1 stones for next level
[2026-04-10 14:26:13] [INFO] AI: Need 1 stones for next level
[2026-04-10 14:26:13] [INFO] AI: Need 1 stones for next level
[2026-04-10 14:26:13] [INFO] AI: Need 1 stones for next level
[2026-04-10 14:26:14] [INFO] AI: Need 1 stones for next level
[2026-04-10 14:26:15] [INFO] AI: Need 1 stones for next level
[2026-04-10 14:26:15] [INFO] AI: Need 1 stones for next level
[2026-04-10 14:26:16] [INFO] AI: Need 1 stones for next level
[2026-04-10 14:26:17] [INFO] Status: Level=1 Food=18 Forks=6
[2026-04-10 14:26:17] [WARN] AI: Command failed: prend
[2026-04-10 14:26:17] [INFO] AI: Need 1 stones for next level
[2026-04-10 14:26:18] [WARN] AI: Command failed: prend
[2026-04-10 14:26:18] [INFO] AI: Need 1 stones for next level
[2026-04-10 14:26:19] [WARN] AI: Command failed: prend
[2026-04-10 14:26:19] [INFO] AI: Need 1 stones for next level
[2026-04-10 14:26:19] [INFO] AI: Need 1 stones for next level
[2026-04-10 14:26:20] [INFO] AI: Need 1 stones for next level
[2026-04-10 14:26:20] [INFO] AI: Need 1 stones for next level
[2026-04-10 14:26:21] [INFO] AI: Need 1 stones for next level
[2026-04-10 14:26:21] [INFO] AI: Need 1 stones for next level
[2026-04-10 14:26:22] [INFO] AI: Need 1 stones for next level
[2026-04-10 14:26:22] [INFO] AI: Need 1 stones for next level
[2026-04-10 14:26:23] [INFO] AI: Need 1 stones for next level
[2026-04-10 14:26:23] [INFO] AI: Need 1 stones for next level
[2026-04-10 14:26:24] [INFO] AI: Need 1 stones for next level
[2026-04-10 14:26:24] [INFO] AI: Need 1 stones for next level
[2026-04-10 14:26:24] [INFO] AI: Need 1 stones for next level
[2026-04-10 14:26:25] [INFO] AI: Need 1 stones for next level
[2026-04-10 14:26:27] [INFO] Status: Level=1 Food=19 Forks=6
[2026-04-10 14:26:29] [WARN] AI: Command failed: prend
[2026-04-10 14:26:29] [INFO] AI: Need 1 stones for next level
[2026-04-10 14:26:29] [INFO] AI: Need 1 stones for next level
[2026-04-10 14:26:30] [INFO] AI: Need 1 stones for next level
[2026-04-10 14:26:30] [INFO] AI: Need 1 stones for next level
[2026-04-10 14:26:30] [INFO] AI: Need 1 stones for next level
[2026-04-10 14:26:31] [INFO] AI: Need 1 stones for next level
[2026-04-10 14:26:32] [INFO] AI: Need 1 stones for next level
[2026-04-10 14:26:32] [INFO] AI: Need 1 stones for next level
[2026-04-10 14:26:32] [INFO] AI: Need 1 stones for next level
[2026-04-10 14:26:33] [INFO] AI: Need 1 stones for next level
[2026-04-10 14:26:34] [INFO] AI: Forking to increase team size
[2026-04-10 14:26:36] [INFO] Fork successful! Total forks: 7
[2026-04-10 14:26:36] [INFO] Fork successful! Total forks: 8
[2026-04-10 14:26:37] [INFO] AI: Need 1 stones for next level
[2026-04-10 14:26:37] [INFO] AI: Need 1 stones for next level
[2026-04-10 14:26:37] [INFO] Status: Level=1 Food=24 Forks=8
[2026-04-10 14:26:37] [INFO] AI: Need 1 stones for next level
[2026-04-10 14:26:38] [INFO] AI: Need 1 stones for next level
[2026-04-10 14:26:39] [INFO] AI: Need 1 stones for next level
[2026-04-10 14:26:39] [INFO] AI: Need 1 stones for next level
[2026-04-10 14:26:39] [INFO] AI: Need 1 stones for next level
[2026-04-10 14:26:40] [INFO] AI: Need 1 stones for next level
[2026-04-10 14:26:41] [INFO] AI: Need 1 stones for next level
[2026-04-10 14:26:41] [INFO] AI: Need 1 stones for next level
[2026-04-10 14:26:42] [INFO] AI: Need 1 stones for next level
[2026-04-10 14:26:42] [INFO] AI: Need 1 stones for next level
[2026-04-10 14:26:42] [INFO] AI: Need 1 stones for next level
[2026-04-10 14:26:43] [INFO] AI: Need 1 stones for next level
[2026-04-10 14:26:44] [INFO] AI: Need 1 stones for next level
[2026-04-10 14:26:44] [INFO] AI: Need 1 stones for next level
[2026-04-10 14:26:44] [INFO] AI: Need 1 stones for next level
[2026-04-10 14:26:45] [INFO] AI: Need 1 stones for next level
[2026-04-10 14:26:46] [INFO] AI: Need 1 stones for next level
[2026-04-10 14:26:46] [INFO] AI: Need 1 stones for next level
[2026-04-10 14:26:46] [INFO] AI: Need 1 stones for next level
[2026-04-10 14:26:47] [INFO] AI: Need 1 stones for next level
[2026-04-10 14:26:47] [INFO] Status: Level=1 Food=23 Forks=8
[2026-04-10 14:26:47] [INFO] AI: Need 1 stones for next level
[2026-04-10 14:26:48] [INFO] AI: Need 1 stones for next level
[2026-04-10 14:26:48] [INFO] AI: Need 1 stones for next level
[2026-04-10 14:26:49] [INFO] AI: Need 1 stones for next level
[2026-04-10 14:26:49] [INFO] AI: Need 1 stones for next level
[2026-04-10 14:26:50] [INFO] AI: Need 1 stones for next level
[2026-04-10 14:26:50] [INFO] AI: Need 1 stones for next level
[2026-04-10 14:26:51] [INFO] AI: Need 1 stones for next level
[2026-04-10 14:26:51] [INFO] AI: Need 1 stones for next level
[2026-04-10 14:26:52] [INFO] AI: Need 1 stones for next level
[2026-04-10 14:26:52] [INFO] AI: Forking to increase team size
[2026-04-10 14:26:54] [INFO] Fork successful! Total forks: 9
[2026-04-10 14:26:54] [INFO] Fork successful! Total forks: 10
[2026-04-10 14:26:55] [INFO] AI: Need 1 stones for next level
[2026-04-10 14:26:55] [INFO] AI: Need 1 stones for next level
[2026-04-10 14:26:56] [INFO] AI: Need 1 stones for next level
[2026-04-10 14:26:56] [INFO] AI: Need 1 stones for next level
[2026-04-10 14:26:57] [INFO] AI: Need 1 stones for next level
[2026-04-10 14:26:57] [INFO] Status: Level=1 Food=21 Forks=10
[2026-04-10 14:26:57] [INFO] AI: Need 1 stones for next level
[2026-04-10 14:26:58] [INFO] AI: Need 1 stones for next level
[2026-04-10 14:26:58] [INFO] AI: Need 1 stones for next level
[2026-04-10 14:26:58] [INFO] AI: Need 1 stones for next level
[2026-04-10 14:26:59] [INFO] AI: Need 1 stones for next level
[2026-04-10 14:27:00] [INFO] AI: Need 1 stones for next level
[2026-04-10 14:27:00] [INFO] AI: Need 1 stones for next level
[2026-04-10 14:27:00] [INFO] AI: Need 1 stones for next level
[2026-04-10 14:27:01] [INFO] AI: Need 1 stones for next level
[2026-04-10 14:27:01] [INFO] AI: Need 1 stones for next level
[2026-04-10 14:27:02] [INFO] AI: Need 1 stones for next level
[2026-04-10 14:27:03] [INFO] AI: Need 1 stones for next level
[2026-04-10 14:27:03] [INFO] AI: Need 1 stones for next level
[2026-04-10 14:27:03] [INFO] AI: Need 1 stones for next level
[2026-04-10 14:27:07] [INFO] Status: Level=1 Food=19 Forks=10
[2026-04-10 14:27:10] [INFO] AI: Need 1 stones for next level
[2026-04-10 14:27:10] [INFO] AI: Need 1 stones for next level
[2026-04-10 14:27:11] [INFO] AI: Need 1 stones for next level
[2026-04-10 14:27:11] [INFO] AI: Need 1 stones for next level
[2026-04-10 14:27:12] [INFO] AI: Need 1 stones for next level
[2026-04-10 14:27:12] [INFO] AI: Need 1 stones for next level
[2026-04-10 14:27:13] [INFO] AI: Need 1 stones for next level
[2026-04-10 14:27:13] [INFO] AI: Need 1 stones for next level
[2026-04-10 14:27:15] [WARN] AI: Command failed: prend
[2026-04-10 14:27:15] [INFO] AI: Need 1 stones for next level
[2026-04-10 14:27:16] [WARN] AI: Command failed: prend
[2026-04-10 14:27:16] [INFO] AI: Need 1 stones for next level
[2026-04-10 14:27:17] [INFO] AI: Need 1 stones for next level
[2026-04-10 14:27:17] [INFO] Status: Level=1 Food=20 Forks=10
[2026-04-10 14:27:18] [INFO] AI: Need 1 stones for next level
[2026-04-10 14:27:18] [INFO] AI: Need 1 stones for next level
[2026-04-10 14:27:18] [INFO] AI: Need 1 stones for next level
[2026-04-10 14:27:19] [INFO] AI: Need 1 stones for next level
[2026-04-10 14:27:19] [INFO] AI: Need 1 stones for next level
[2026-04-10 14:27:20] [INFO] AI: Need 1 stones for next level
[2026-04-10 14:27:20] [INFO] AI: Need 1 stones for next level
[2026-04-10 14:27:21] [INFO] AI: Need 1 stones for next level
[2026-04-10 14:27:21] [INFO] AI: Need 1 stones for next level
[2026-04-10 14:27:22] [INFO] AI: Need 1 stones for next level
[2026-04-10 14:27:22] [INFO] AI: Need 1 stones for next level
[2026-04-10 14:27:23] [INFO] AI: Need 1 stones for next level
[2026-04-10 14:27:23] [INFO] AI: Need 1 stones for next level
[2026-04-10 14:27:24] [INFO] AI: Need 1 stones for next level
[2026-04-10 14:27:24] [INFO] AI: Need 1 stones for next level
[2026-04-10 16:12:04] [INFO] AI: Need 1 stones for next level
[2026-04-10 16:12:04] [INFO] AI: Need 1 stones for next level
[2026-04-10 16:12:04] [INFO] Status: Level=1 Food=20 Forks=10
[2026-04-10 16:12:05] [INFO] AI: Need 1 stones for next level
[2026-04-10 16:12:05] [INFO] AI: Need 1 stones for next level
[2026-04-10 16:12:05] [INFO] AI: Need 1 stones for next level
[2026-04-10 16:12:06] [INFO] AI: Need 1 stones for next level
[2026-04-10 16:12:06] [INFO] AI: Need 1 stones for next level
[2026-04-10 16:12:07] [INFO] AI: Need 1 stones for next level
[2026-04-10 16:12:07] [INFO] AI: Need 1 stones for next level
[2026-04-10 16:12:08] [INFO] AI: Need 1 stones for next level
[2026-04-10 16:12:08] [INFO] AI: Need 1 stones for next level
[2026-04-10 16:12:09] [INFO] AI: Need 1 stones for next level
[2026-04-10 16:12:09] [INFO] AI: Need 1 stones for next level
[2026-04-10 16:12:10] [INFO] AI: Need 1 stones for next level
[2026-04-10 16:12:10] [INFO] AI: Need 1 stones for next level
[2026-04-10 16:12:11] [INFO] AI: Need 1 stones for next level
[2026-04-10 16:12:11] [INFO] AI: Need 1 stones for next level
[2026-04-10 16:12:12] [INFO] AI: Need 1 stones for next level
[2026-04-10 16:12:12] [INFO] AI: Need 1 stones for next level
[2026-04-10 16:12:13] [INFO] AI: Need 1 stones for next level
[2026-04-10 16:12:13] [INFO] AI: Need 1 stones for next level
[2026-04-10 16:12:14] [INFO] AI: Need 1 stones for next level
[2026-04-10 16:12:14] [INFO] AI: Need 1 stones for next level
[2026-04-10 16:12:14] [INFO] Status: Level=1 Food=18 Forks=10
[2026-04-10 16:12:15] [INFO] AI: Need 1 stones for next level
[2026-04-10 16:12:15] [INFO] AI: Need 1 stones for next level
[2026-04-10 16:12:16] [INFO] AI: Need 1 stones for next level
[2026-04-10 16:12:16] [INFO] AI: Need 1 stones for next level
[2026-04-10 16:12:17] [INFO] AI: Need 1 stones for next level
[2026-04-10 16:12:17] [INFO] AI: Need 1 stones for next level
[2026-04-10 16:12:17] [INFO] AI: Need 1 stones for next level
[2026-04-10 16:12:18] [INFO] AI: Need 1 stones for next level
[2026-04-10 16:12:18] [INFO] AI: Need 1 stones for next level
[2026-04-10 16:12:22] [INFO] AI: Need 1 stones for next level
[2026-04-10 16:12:22] [INFO] AI: Need 1 stones for next level
[2026-04-10 16:12:23] [INFO] AI: Need 1 stones for next level
[2026-04-10 16:12:23] [INFO] AI: Need 1 stones for next level
[2026-04-10 16:12:24] [INFO] AI: Need 1 stones for next level
[2026-04-10 16:12:24] [INFO] AI: Need 1 stones for next level
[2026-04-10 16:12:24] [INFO] Status: Level=1 Food=17 Forks=10
[2026-04-10 16:12:25] [INFO] AI: Need 1 stones for next level
[2026-04-10 16:12:25] [INFO] AI: Need 1 stones for next level
[2026-04-10 16:12:26] [INFO] AI: Need 1 stones for next level
[2026-04-10 16:12:26] [INFO] AI: Need 1 stones for next level
[2026-04-10 16:12:27] [INFO] AI: Need 1 stones for next level
[2026-04-10 16:12:27] [INFO] AI: Need 1 stones for next level
[2026-04-10 16:12:28] [INFO] AI: Need 1 stones for next level
[2026-04-10 16:12:28] [INFO] AI: Need 1 stones for next level
[2026-04-10 16:12:29] [INFO] AI: Need 1 stones for next level
[2026-04-10 16:12:29] [INFO] AI: Need 1 stones for next level
[2026-04-10 16:12:29] [INFO] AI: Need 1 stones for next level
[2026-04-10 16:12:30] [INFO] AI: Need 1 stones for next level
[2026-04-10 16:12:31] [INFO] AI: Need 1 stones for next level
[2026-04-10 16:12:31] [INFO] AI: Need 1 stones for next level
[2026-04-10 16:12:31] [INFO] AI: Need 1 stones for next level
[2026-04-10 16:12:32] [INFO] AI: Need 1 stones for next level
[2026-04-10 16:12:33] [INFO] AI: Need 1 stones for next level
[2026-04-10 16:12:33] [INFO] AI: Need 1 stones for next level
[2026-04-10 16:12:33] [INFO] AI: Need 1 stones for next level
[2026-04-10 16:12:34] [INFO] AI: Need 1 stones for next level
[2026-04-10 16:12:34] [INFO] AI: Need 1 stones for next level
[2026-04-10 16:12:34] [INFO] Status: Level=1 Food=15 Forks=10
[2026-04-10 16:12:35] [INFO] AI: Need 1 stones for next level
[2026-04-10 16:12:35] [INFO] AI: Need 1 stones for next level
[2026-04-10 16:12:36] [INFO] AI: Need 1 stones for next level
[2026-04-10 16:12:36] [INFO] AI: Need 1 stones for next level
[2026-04-10 16:12:37] [INFO] AI: Need 1 stones for next level
[2026-04-10 16:12:37] [INFO] AI: Need 1 stones for next level
[2026-04-10 16:12:38] [INFO] AI: Need 1 stones for next level
[2026-04-10 16:12:38] [INFO] AI: Need 1 stones for next level
[2026-04-10 16:12:39] [INFO] AI: Need 1 stones for next level
[2026-04-10 16:12:39] [INFO] AI: Need 1 stones for next level
[2026-04-10 16:12:40] [INFO] AI: Need 1 stones for next level
[2026-04-10 16:12:40] [INFO] AI: Need 1 stones for next level
[2026-04-10 16:12:41] [INFO] AI: Need 1 stones for next level
[2026-04-10 16:12:41] [INFO] AI: Need 1 stones for next level
[2026-04-10 16:12:41] [INFO] AI: Need 1 stones for next level
[2026-04-10 16:12:42] [INFO] AI: Need 1 stones for next level
[2026-04-10 16:12:43] [INFO] AI: Need 1 stones for next level
[2026-04-10 16:12:44] [INFO] Status: Level=1 Food=14 Forks=10
[2026-04-10 16:12:46] [INFO] AI: Need 1 stones for next level
[2026-04-10 16:12:46] [INFO] AI: Need 1 stones for next level
[2026-04-10 16:12:47] [INFO] AI: Need 1 stones for next level
[2026-04-10 16:12:47] [INFO] AI: Need 1 stones for next level
[2026-04-10 16:12:48] [INFO] AI: Need 1 stones for next level
[2026-04-10 16:12:48] [INFO] AI: Need 1 stones for next level
[2026-04-10 16:12:49] [INFO] AI: Need 1 stones for next level
[2026-04-10 16:12:49] [INFO] AI: Need 1 stones for next level
[2026-04-10 16:12:50] [INFO] AI: Need 1 stones for next level
[2026-04-10 16:12:50] [INFO] AI: Need 1 stones for next level
[2026-04-10 16:12:51] [INFO] AI: Need 1 stones for next level
[2026-04-10 16:12:51] [INFO] AI: Need 1 stones for next level
[2026-04-10 16:12:52] [INFO] AI: Need 1 stones for next level
[2026-04-10 16:12:52] [INFO] AI: Need 1 stones for next level
[2026-04-10 16:12:53] [INFO] AI: Need 1 stones for next level
[2026-04-10 16:12:53] [INFO] AI: Need 1 stones for next level
[2026-04-10 16:12:53] [INFO] AI: Need 1 stones for next level
[2026-04-10 16:12:54] [INFO] AI: Need 1 stones for next level
[2026-04-10 16:12:55] [INFO] Status: Level=1 Food=12 Forks=10
[2026-04-10 16:12:55] [INFO] AI: Need 1 stones for next level
[2026-04-10 16:12:55] [INFO] AI: Need 1 stones for next level
[2026-04-10 16:12:55] [INFO] AI: Need 1 stones for next level
[2026-04-10 16:12:56] [INFO] AI: Need 1 stones for next level
[2026-04-10 16:12:57] [INFO] AI: Need 1 stones for next level
[2026-04-10 16:12:57] [INFO] AI: Need 1 stones for next level
[2026-04-10 16:12:58] [INFO] AI: Need 1 stones for next level
[2026-04-10 16:12:58] [INFO] AI: Need 1 stones for next level
[2026-04-10 16:12:58] [INFO] AI: Need 1 stones for next level
[2026-04-10 16:12:59] [INFO] AI: Need 1 stones for next level
[2026-04-10 16:13:00] [INFO] AI: Need 1 stones for next level
[2026-04-10 16:13:00] [INFO] AI: Need 1 stones for next level
[2026-04-10 16:13:00] [INFO] AI: Need 1 stones for next level
[2026-04-10 16:13:01] [INFO] AI: Need 1 stones for next level
[2026-04-10 16:13:02] [INFO] AI: Need 1 stones for next level
[2026-04-10 16:13:02] [INFO] AI: Need 1 stones for next level
[2026-04-10 16:13:02] [INFO] AI: Need 1 stones for next level
[2026-04-10 16:13:03] [INFO] AI: Need 1 stones for next level
[2026-04-10 16:13:03] [INFO] AI: Need 1 stones for next level
[2026-04-10 16:13:04] [INFO] AI: Need 1 stones for next level
[2026-04-10 16:13:04] [INFO] AI: Need 1 stones for next level
[2026-04-10 16:13:05] [INFO] Status: Level=1 Food=10 Forks=10
[2026-04-10 16:13:05] [INFO] AI: Need 1 stones for next level
[2026-04-10 16:13:05] [INFO] AI: Need 1 stones for next level
[2026-04-10 16:13:06] [INFO] AI: Need 1 stones for next level
[2026-04-10 16:13:06] [INFO] AI: Need 1 stones for next level
[2026-04-10 16:13:07] [INFO] AI: Need 1 stones for next level
[2026-04-10 16:13:10] [INFO] AI: Need 1 stones for next level
[2026-04-10 16:13:10] [INFO] AI: Need 1 stones for next level
[2026-04-10 16:13:11] [INFO] AI: Need 1 stones for next level
[2026-04-10 16:13:12] [INFO] AI: Need 1 stones for next level
[2026-04-10 16:13:12] [INFO] AI: Need 1 stones for next level
[2026-04-10 16:13:12] [INFO] AI: Need 1 stones for next level
[2026-04-10 16:13:13] [INFO] AI: Need 1 stones for next level
[2026-04-10 16:13:14] [INFO] AI: Need 1 stones for next level
[2026-04-10 16:13:14] [INFO] AI: Low food (9), seeking nourriture
[2026-04-10 16:13:15] [INFO] Status: Level=1 Food=9 Forks=10
[2026-04-10 16:13:19] [INFO] AI: Need 1 stones for next level
[2026-04-10 16:13:20] [INFO] AI: Need 1 stones for next level
[2026-04-10 16:13:20] [INFO] AI: Need 1 stones for next level
[2026-04-10 16:13:21] [INFO] AI: Need 1 stones for next level
[2026-04-10 16:13:21] [INFO] AI: Need 1 stones for next level
[2026-04-10 16:13:22] [INFO] AI: Need 1 stones for next level
[2026-04-10 16:13:25] [INFO] Status: Level=1 Food=21 Forks=10
[2026-04-10 16:13:25] [INFO] AI: Need 1 stones for next level
[2026-04-10 16:13:25] [INFO] AI: Need 1 stones for next level
[2026-04-10 16:13:26] [INFO] AI: Need 1 stones for next level
[2026-04-10 16:13:27] [INFO] AI: Need 1 stones for next level
[2026-04-10 16:13:27] [INFO] AI: Need 1 stones for next level
[2026-04-10 16:13:27] [INFO] AI: Need 1 stones for next level
[2026-04-10 16:13:28] [INFO] AI: Need 1 stones for next level
[2026-04-10 16:13:29] [INFO] AI: Need 1 stones for next level
[2026-04-10 16:13:29] [INFO] AI: Need 1 stones for next level
[2026-04-10 16:13:29] [INFO] AI: Need 1 stones for next level
[2026-04-10 16:13:30] [INFO] AI: Need 1 stones for next level
[2026-04-10 16:13:30] [INFO] AI: Need 1 stones for next level
[2026-04-10 16:13:31] [INFO] AI: Need 1 stones for next level
[2026-04-10 16:13:31] [INFO] AI: Need 1 stones for next level
[2026-04-10 16:13:32] [INFO] AI: Need 1 stones for next level
[2026-04-10 16:13:32] [INFO] AI: Need 1 stones for next level
[2026-04-10 16:13:33] [INFO] AI: Need 1 stones for next level
[2026-04-10 16:13:33] [INFO] AI: Need 1 stones for next level
[2026-04-10 16:13:34] [INFO] AI: Need 1 stones for next level
[2026-04-10 16:13:34] [INFO] AI: Need 1 stones for next level
[2026-04-10 16:13:35] [INFO] AI: Need 1 stones for next level
[2026-04-10 16:13:35] [INFO] Status: Level=1 Food=20 Forks=10
[2026-04-10 16:13:35] [INFO] AI: Need 1 stones for next level
[2026-04-10 16:13:36] [INFO] AI: Need 1 stones for next level
[2026-04-10 16:13:36] [INFO] AI: Need 1 stones for next level
[2026-04-10 16:13:37] [INFO] AI: Need 1 stones for next level
[2026-04-10 16:13:37] [INFO] AI: Need 1 stones for next level
[2026-04-10 16:13:37] [INFO] AI: Need 1 stones for next level
[2026-04-10 16:13:38] [INFO] AI: Need 1 stones for next level
[2026-04-10 16:13:39] [INFO] AI: Need 1 stones for next level
[2026-04-10 16:13:39] [INFO] AI: Need 1 stones for next level
[2026-04-10 16:13:39] [INFO] AI: Need 1 stones for next level
[2026-04-10 16:13:40] [INFO] AI: Need 1 stones for next level
[2026-04-10 16:13:41] [INFO] AI: Need 1 stones for next level
[2026-04-10 16:13:41] [INFO] AI: Need 1 stones for next level
[2026-04-10 16:13:41] [INFO] AI: Need 1 stones for next level
[2026-04-10 16:13:42] [INFO] AI: Need 1 stones for next level
[2026-04-10 16:13:42] [INFO] AI: Need 1 stones for next level
[2026-04-10 16:13:43] [INFO] AI: Need 1 stones for next level
[2026-04-10 16:13:43] [INFO] AI: Need 1 stones for next level
[2026-04-10 16:13:44] [INFO] AI: Need 1 stones for next level
[2026-04-10 16:13:44] [INFO] AI: Need 1 stones for next level
[2026-04-10 16:13:45] [INFO] AI: Need 1 stones for next level
[2026-04-10 16:13:45] [INFO] Status: Level=1 Food=18 Forks=10
[2026-04-10 16:13:45] [INFO] AI: Need 1 stones for next level
[2026-04-10 16:13:46] [INFO] AI: Need 1 stones for next level
[2026-04-10 16:13:49] [INFO] AI: Need 1 stones for next level
[2026-04-10 16:13:50] [INFO] AI: Need 1 stones for next level
[2026-04-10 16:13:51] [INFO] AI: Need 1 stones for next level
[2026-04-10 16:13:51] [INFO] AI: Need 1 stones for next level
[2026-04-10 16:13:51] [INFO] AI: Need 1 stones for next level
[2026-04-10 16:13:52] [INFO] AI: Need 1 stones for next level
[2026-04-10 16:13:53] [INFO] AI: Need 1 stones for next level
[2026-04-10 16:13:53] [INFO] AI: Need 1 stones for next level
[2026-04-10 16:13:54] [INFO] AI: Need 1 stones for next level
[2026-04-10 16:13:54] [INFO] AI: Need 1 stones for next level
[2026-04-10 16:13:54] [INFO] AI: Need 1 stones for next level
[2026-04-10 16:13:55] [INFO] Status: Level=1 Food=16 Forks=10
[2026-04-10 16:13:55] [INFO] AI: Need 1 stones for next level
[2026-04-10 16:13:56] [INFO] AI: Need 1 stones for next level
[2026-04-10 16:13:57] [WARN] AI: Command failed: prend
[2026-04-10 16:13:57] [INFO] AI: Need 1 stones for next level
[2026-04-10 16:13:59] [WARN] AI: Command failed: prend
[2026-04-10 16:13:59] [INFO] AI: Need 1 stones for next level
[2026-04-10 16:14:00] [INFO] AI: Need 1 stones for next level
[2026-04-10 16:14:00] [INFO] AI: Need 1 stones for next level
[2026-04-10 16:14:00] [INFO] AI: Need 1 stones for next level
[2026-04-10 16:14:01] [INFO] AI: Need 1 stones for next level
[2026-04-10 16:14:02] [INFO] AI: Need 1 stones for next level
[2026-04-10 16:14:02] [INFO] AI: Need 1 stones for next level
[2026-04-10 16:14:02] [INFO] AI: Need 1 stones for next level
[2026-04-10 16:14:03] [INFO] AI: Need 1 stones for next level
[2026-04-10 16:14:04] [INFO] AI: Need 1 stones for next level
[2026-04-10 16:14:04] [INFO] AI: Need 1 stones for next level
[2026-04-10 16:14:04] [INFO] AI: Need 1 stones for next level
[2026-04-10 16:14:05] [INFO] Status: Level=1 Food=20 Forks=10
[2026-04-10 16:14:05] [INFO] AI: Need 1 stones for next level
[2026-04-10 16:14:05] [INFO] AI: Need 1 stones for next level
[2026-04-10 16:14:06] [INFO] AI: Need 1 stones for next level
[2026-04-10 16:14:06] [INFO] AI: Need 1 stones for next level
[2026-04-10 16:14:07] [INFO] AI: Need 1 stones for next level
[2026-04-10 16:14:07] [INFO] AI: Need 1 stones for next level
[2026-04-10 16:14:08] [INFO] AI: Need 1 stones for next level
[2026-04-10 16:14:08] [WARN] AI: Command failed: prend
[2026-04-10 16:14:08] [INFO] AI: Need 1 stones for next level
[2026-04-10 16:14:09] [WARN] AI: Command failed: prend
[2026-04-10 16:14:09] [INFO] AI: Need 1 stones for next level
[2026-04-10 16:14:10] [WARN] AI: Command failed: prend
[2026-04-10 16:14:10] [INFO] AI: Need 1 stones for next level
[2026-04-10 16:14:11] [WARN] AI: Command failed: prend
[2026-04-10 16:14:11] [INFO] AI: Need 1 stones for next level
[2026-04-10 16:14:12] [INFO] AI: Need 1 stones for next level
[2026-04-10 16:14:12] [INFO] AI: Need 1 stones for next level
[2026-04-10 16:14:12] [INFO] AI: Need 1 stones for next level
[2026-04-10 16:14:13] [INFO] AI: Need 1 stones for next level
[2026-04-10 16:14:13] [INFO] AI: Need 1 stones for next level
[2026-04-10 16:14:14] [INFO] AI: Need 1 stones for next level
[2026-04-10 16:14:14] [INFO] AI: Need 1 stones for next level
[2026-04-10 16:14:15] [INFO] AI: Need 1 stones for next level
[2026-04-10 16:14:15] [INFO] Status: Level=1 Food=18 Forks=10
[2026-04-10 16:14:15] [INFO] AI: Need 1 stones for next level
[2026-04-10 16:14:16] [INFO] AI: Need 1 stones for next level
[2026-04-10 16:14:16] [INFO] AI: Need 1 stones for next level
[2026-04-10 16:14:17] [INFO] AI: Need 1 stones for next level
[2026-04-10 16:14:17] [INFO] AI: Need 1 stones for next level
[2026-04-10 16:14:18] [INFO] AI: Need 1 stones for next level
[2026-04-10 16:14:18] [INFO] AI: Need 1 stones for next level
[2026-04-10 16:14:19] [INFO] AI: Need 1 stones for next level
[2026-04-10 16:14:19] [INFO] AI: Need 1 stones for next level
[2026-04-10 16:14:20] [INFO] AI: Need 1 stones for next level
[2026-04-10 16:14:20] [INFO] AI: Need 1 stones for next level
[2026-04-10 16:14:20] [INFO] AI: Need 1 stones for next level
[2026-04-10 16:14:21] [INFO] AI: Need 1 stones for next level
[2026-04-10 16:14:22] [INFO] AI: Need 1 stones for next level
[2026-04-10 16:14:22] [INFO] AI: Need 1 stones for next level
[2026-04-10 16:14:22] [INFO] AI: Need 1 stones for next level
[2026-04-10 16:14:25] [WARN] AI: Command failed: prend
[2026-04-10 16:14:25] [INFO] AI: Need 1 stones for next level
[2026-04-10 16:14:25] [INFO] Status: Level=1 Food=17 Forks=10
[2026-04-10 16:14:27] [WARN] AI: Command failed: prend
[2026-04-10 16:14:27] [INFO] AI: Need 1 stones for next level
[2026-04-10 16:14:27] [INFO] AI: Need 1 stones for next level
[2026-04-10 16:14:28] [INFO] AI: Need 1 stones for next level
[2026-04-10 16:14:28] [INFO] AI: Need 1 stones for next level
[2026-04-10 16:14:29] [INFO] AI: Need 1 stones for next level
[2026-04-10 16:14:32] [WARN] AI: Command failed: prend
[2026-04-10 16:14:32] [INFO] AI: Ready to incantate for level 2
[2026-04-10 16:14:35] [INFO] Status: Level=1 Food=18 Forks=10
[2026-04-10 16:14:37] [INFO] AI: Ready to incantate for level 2
[2026-04-10 16:14:42] [INFO] AI: Ready to incantate for level 2
[2026-04-10 16:14:45] [INFO] Status: Level=1 Food=16 Forks=10
[2026-04-10 16:14:47] [INFO] AI: Ready to incantate for level 2
[2026-04-10 16:14:52] [INFO] AI: Ready to incantate for level 2
[2026-04-10 16:14:55] [INFO] Status: Level=1 Food=15 Forks=10
[2026-04-10 16:14:58] [INFO] AI: Ready to incantate for level 2
[2026-04-10 16:15:03] [INFO] AI: Ready to incantate for level 2
[2026-04-10 16:15:05] [INFO] Status: Level=1 Food=13 Forks=10
[2026-04-10 16:15:08] [INFO] AI: Ready to incantate for level 2
[2026-04-10 16:15:08] [WARN] AI: Command failed: incantation
[2026-04-10 16:15:14] [INFO] AI: Ready to incantate for level 2
[2026-04-10 16:15:14] [WARN] AI: Command failed: incantation
[2026-04-10 16:15:15] [INFO] Status: Level=1 Food=12 Forks=10
[2026-04-10 16:15:19] [INFO] AI: Ready to incantate for level 2
[2026-04-10 16:15:19] [WARN] AI: Command failed: incantation
[2026-04-10 16:15:24] [INFO] AI: Ready to incantate for level 2
[2026-04-10 16:15:24] [WARN] AI: Command failed: incantation
[2026-04-10 16:15:25] [INFO] Status: Level=1 Food=10 Forks=10
[2026-04-10 16:15:29] [INFO] AI: Ready to incantate for level 2
[2026-04-10 16:15:29] [WARN] AI: Command failed: incantation
[2026-04-10 16:15:29] [INFO] AI: Low food (9), seeking nourriture
[2026-04-10 16:15:30] [INFO] AI: Low food (9), seeking nourriture
[2026-04-10 16:15:31] [INFO] AI: Low food (9), seeking nourriture
[2026-04-10 16:15:32] [INFO] AI: Low food (9), seeking nourriture
[2026-04-10 16:15:33] [WARN] TLS read: peer closed connection
[2026-04-10 16:15:33] [ERROR] Websocket error: Peer closed connection
[2026-04-10 16:15:33] [INFO] Network loop ended
[2026-04-10 16:15:33] [INFO] Client exited. Final level: 1
