[2026-04-10 14:19:36] [INFO] Zappy Client starting...
[2026-04-10 14:19:36] [INFO] Team: team1
[2026-04-10 14:19:36] [INFO] Target Level: 8
[2026-04-10 14:19:36] [INFO] Fork enabled: yes
[2026-04-10 14:19:36] [INFO] Connecting to localhost:8674
[2026-04-10 14:19:36] [WARN] TLS: Certificate verification disabled (insecure mode)
[2026-04-10 14:19:36] [INFO] TLS context initialized successfully
[2026-04-10 14:19:36] [INFO] WebSocket: Starting connection to localhost:8674
[2026-04-10 14:19:36] [INFO] TLS handshake completed successfully
[2026-04-10 14:19:36] [INFO] WebSocket: HTTP 101 Upgrade successful
[2026-04-10 14:19:36] [INFO] WebSocket: Handshake complete, connection established
[2026-04-10 14:19:36] [INFO] Websocket connected
[2026-04-10 14:19:36] [INFO] Received bienvenue: {"type":"bienvenue","msg":"Whoa! Knock knock, whos there?"}
[2026-04-10 14:19:36] [INFO] Map size: 10x10
[2026-04-10 14:19:36] [INFO] Remaining team slots: 8
[2026-04-10 14:19:36] [INFO] Login successful! {"type":"welcome","remaining_clients":8,"map_size":{"x":10,"y":10}}
[2026-04-10 14:19:36] [INFO] Successfully logged in as team1
[2026-04-10 14:19:36] [INFO] Connected! Starting main loop...
[2026-04-10 14:19:36] [INFO] AI: Need 1 stones for next level
[2026-04-10 14:19:36] [INFO] Status: Level=1 Food=10 Forks=0
[2026-04-10 14:19:37] [INFO] AI: Need 1 stones for next level
[2026-04-10 14:19:37] [INFO] AI: Need 1 stones for next level
[2026-04-10 14:19:38] [INFO] AI: Need 1 stones for next level
[2026-04-10 14:19:38] [INFO] AI: Need 1 stones for next level
[2026-04-10 14:19:39] [INFO] AI: Need 1 stones for next level
[2026-04-10 14:19:39] [INFO] AI: Need 1 stones for next level
[2026-04-10 14:19:40] [INFO] AI: Need 1 stones for next level
[2026-04-10 14:19:46] [INFO] AI: Need 1 stones for next level
[2026-04-10 14:19:46] [INFO] Status: Level=1 Food=10 Forks=0
[2026-04-10 14:19:46] [INFO] AI: Need 1 stones for next level
[2026-04-10 14:19:47] [INFO] AI: Need 1 stones for next level
[2026-04-10 14:19:47] [INFO] AI: Need 1 stones for next level
[2026-04-10 14:19:48] [INFO] AI: Need 1 stones for next level
[2026-04-10 14:19:49] [INFO] AI: Need 1 stones for next level
[2026-04-10 14:19:49] [INFO] AI: Need 1 stones for next level
[2026-04-10 14:19:49] [INFO] AI: Need 1 stones for next level
[2026-04-10 14:19:50] [INFO] AI: Need 1 stones for next level
[2026-04-10 14:19:50] [INFO] AI: Need 1 stones for next level
[2026-04-10 14:19:51] [INFO] AI: Need 1 stones for next level
[2026-04-10 14:19:51] [INFO] AI: Need 1 stones for next level
[2026-04-10 14:19:52] [INFO] AI: Need 1 stones for next level
[2026-04-10 14:19:52] [INFO] AI: Need 1 stones for next level
[2026-04-10 14:19:54] [WARN] AI: Command failed: prend
[2026-04-10 14:19:54] [INFO] AI: Need 1 stones for next level
[2026-04-10 14:19:56] [WARN] AI: Command failed: prend
[2026-04-10 14:19:56] [INFO] AI: Need 1 stones for next level
[2026-04-10 14:19:56] [INFO] Status: Level=1 Food=10 Forks=0
[2026-04-10 14:19:57] [INFO] AI: Need 1 stones for next level
[2026-04-10 14:19:57] [INFO] AI: Need 1 stones for next level
[2026-04-10 14:19:58] [INFO] AI: Need 1 stones for next level
[2026-04-10 14:19:58] [INFO] AI: Need 1 stones for next level
[2026-04-10 14:19:59] [INFO] AI: Need 1 stones for next level
[2026-04-10 14:19:59] [INFO] AI: Need 1 stones for next level
[2026-04-10 14:20:00] [INFO] AI: Need 1 stones for next level
[2026-04-10 14:20:00] [INFO] AI: Need 1 stones for next level
[2026-04-10 14:20:01] [INFO] AI: Need 1 stones for next level
[2026-04-10 14:20:01] [INFO] AI: Need 1 stones for next level
[2026-04-10 14:20:01] [INFO] AI: Need 1 stones for next level
[2026-04-10 14:20:02] [INFO] AI: Need 1 stones for next level
[2026-04-10 14:20:03] [INFO] AI: Need 1 stones for next level
[2026-04-10 14:20:03] [INFO] AI: Need 1 stones for next level
[2026-04-10 14:20:03] [INFO] AI: Need 1 stones for next level
[2026-04-10 14:20:04] [INFO] AI: Need 1 stones for next level
[2026-04-10 14:20:05] [INFO] AI: Need 1 stones for next level
[2026-04-10 14:20:05] [INFO] AI: Need 1 stones for next level
[2026-04-10 14:20:05] [INFO] AI: Need 1 stones for next level
[2026-04-10 14:20:06] [INFO] AI: Need 1 stones for next level
[2026-04-10 14:20:06] [INFO] AI: Need 1 stones for next level
[2026-04-10 14:20:06] [INFO] Status: Level=1 Food=16 Forks=0
[2026-04-10 14:20:07] [INFO] AI: Need 1 stones for next level
[2026-04-10 14:20:07] [INFO] AI: Need 1 stones for next level
[2026-04-10 14:20:08] [INFO] AI: Need 1 stones for next level
[2026-04-10 14:20:08] [INFO] AI: Need 1 stones for next level
[2026-04-10 14:20:09] [INFO] AI: Need 1 stones for next level
[2026-04-10 14:20:09] [INFO] AI: Need 1 stones for next level
[2026-04-10 14:20:10] [INFO] AI: Need 1 stones for next level
[2026-04-10 14:20:10] [INFO] AI: Need 1 stones for next level
[2026-04-10 14:20:11] [INFO] AI: Need 1 stones for next level
[2026-04-10 14:20:11] [INFO] AI: Need 1 stones for next level
[2026-04-10 14:20:12] [INFO] AI: Need 1 stones for next level
[2026-04-10 14:20:12] [INFO] AI: Need 1 stones for next level
[2026-04-10 14:20:13] [INFO] AI: Need 1 stones for next level
[2026-04-10 14:20:13] [INFO] AI: Forking to increase team size
[2026-04-10 14:20:15] [INFO] Fork successful! Total forks: 1
[2026-04-10 14:20:15] [INFO] Fork successful! Total forks: 2
[2026-04-10 14:20:16] [INFO] Status: Level=1 Food=16 Forks=2
[2026-04-10 14:20:16] [INFO] AI: Need 1 stones for next level
[2026-04-10 14:20:17] [INFO] AI: Need 1 stones for next level
[2026-04-10 14:20:17] [INFO] AI: Need 1 stones for next level
[2026-04-10 14:20:18] [INFO] AI: Need 1 stones for next level
[2026-04-10 14:20:18] [INFO] AI: Need 1 stones for next level
[2026-04-10 14:20:19] [INFO] AI: Need 1 stones for next level
[2026-04-10 14:20:19] [INFO] AI: Need 1 stones for next level
[2026-04-10 14:20:20] [INFO] AI: Need 1 stones for next level
[2026-04-10 14:20:20] [INFO] AI: Need 1 stones for next level
[2026-04-10 14:20:20] [INFO] AI: Need 1 stones for next level
[2026-04-10 14:20:21] [INFO] AI: Need 1 stones for next level
[2026-04-10 14:20:22] [INFO] AI: Need 1 stones for next level
[2026-04-10 14:20:22] [INFO] AI: Need 1 stones for next level
[2026-04-10 14:20:23] [INFO] AI: Need 1 stones for next level
[2026-04-10 14:20:23] [INFO] AI: Need 1 stones for next level
[2026-04-10 14:20:24] [INFO] AI: Need 1 stones for next level
[2026-04-10 14:20:24] [INFO] AI: Need 1 stones for next level
[2026-04-10 14:20:24] [INFO] AI: Need 1 stones for next level
[2026-04-10 14:20:25] [INFO] AI: Need 1 stones for next level
[2026-04-10 14:20:25] [INFO] AI: Need 1 stones for next level
[2026-04-10 14:20:26] [INFO] AI: Need 1 stones for next level
[2026-04-10 14:20:26] [INFO] Status: Level=1 Food=16 Forks=2
[2026-04-10 14:20:27] [INFO] AI: Need 1 stones for next level
[2026-04-10 14:20:27] [INFO] AI: Need 1 stones for next level
[2026-04-10 14:20:27] [INFO] AI: Need 1 stones for next level
[2026-04-10 14:20:28] [INFO] AI: Need 1 stones for next level
[2026-04-10 14:20:29] [INFO] AI: Need 1 stones for next level
[2026-04-10 14:20:29] [INFO] AI: Need 1 stones for next level
[2026-04-10 14:20:29] [INFO] AI: Need 1 stones for next level
[2026-04-10 14:20:30] [INFO] AI: Need 1 stones for next level
[2026-04-10 14:20:30] [INFO] AI: Need 1 stones for next level
[2026-04-10 14:20:31] [INFO] AI: Need 1 stones for next level
[2026-04-10 14:20:31] [INFO] AI: Need 1 stones for next level
[2026-04-10 14:20:32] [INFO] AI: Need 1 stones for next level
[2026-04-10 14:20:32] [INFO] AI: Need 1 stones for next level
[2026-04-10 14:20:33] [INFO] AI: Need 1 stones for next level
[2026-04-10 14:20:33] [INFO] AI: Need 1 stones for next level
[2026-04-10 14:20:34] [INFO] AI: Need 1 stones for next level
[2026-04-10 14:20:34] [INFO] AI: Need 1 stones for next level
[2026-04-10 14:20:35] [WARN] AI: Command failed: prend
[2026-04-10 14:20:35] [INFO] AI: Need 1 stones for next level
[2026-04-10 14:20:36] [INFO] Status: Level=1 Food=16 Forks=2
[2026-04-10 14:20:38] [WARN] AI: Command failed: prend
[2026-04-10 14:20:38] [INFO] AI: Need 1 stones for next level
[2026-04-10 14:20:38] [INFO] AI: Need 1 stones for next level
[2026-04-10 14:20:39] [INFO] AI: Need 1 stones for next level
[2026-04-10 14:20:39] [INFO] AI: Need 1 stones for next level
[2026-04-10 14:20:40] [INFO] AI: Need 1 stones for next level
[2026-04-10 14:20:40] [INFO] AI: Need 1 stones for next level
[2026-04-10 14:20:41] [INFO] AI: Need 1 stones for next level
[2026-04-10 14:20:41] [INFO] AI: Need 1 stones for next level
[2026-04-10 14:20:42] [INFO] AI: Need 1 stones for next level
[2026-04-10 14:20:42] [INFO] AI: Need 1 stones for next level
[2026-04-10 14:20:43] [INFO] AI: Need 1 stones for next level
[2026-04-10 14:20:43] [INFO] AI: Need 1 stones for next level
[2026-04-10 14:20:43] [INFO] AI: Need 1 stones for next level
[2026-04-10 14:20:44] [INFO] AI: Need 1 stones for next level
[2026-04-10 14:20:45] [INFO] AI: Need 1 stones for next level
[2026-04-10 14:20:45] [INFO] AI: Need 1 stones for next level
[2026-04-10 14:20:45] [INFO] AI: Need 1 stones for next level
[2026-04-10 14:20:46] [INFO] AI: Need 1 stones for next level
[2026-04-10 14:20:46] [INFO] Status: Level=1 Food=20 Forks=2
[2026-04-10 14:20:47] [INFO] AI: Need 1 stones for next level
[2026-04-10 14:20:47] [INFO] AI: Need 1 stones for next level
[2026-04-10 14:20:47] [INFO] AI: Need 1 stones for next level
[2026-04-10 14:20:48] [INFO] AI: Need 1 stones for next level
[2026-04-10 14:20:48] [INFO] AI: Need 1 stones for next level
[2026-04-10 14:20:49] [INFO] AI: Need 1 stones for next level
[2026-04-10 14:20:49] [INFO] AI: Need 1 stones for next level
[2026-04-10 14:20:50] [INFO] AI: Need 1 stones for next level
[2026-04-10 14:20:50] [INFO] AI: Need 1 stones for next level
[2026-04-10 14:20:51] [INFO] AI: Need 1 stones for next level
[2026-04-10 14:20:51] [INFO] AI: Need 1 stones for next level
[2026-04-10 14:20:52] [INFO] AI: Need 1 stones for next level
[2026-04-10 14:20:52] [INFO] AI: Need 1 stones for next level
[2026-04-10 14:20:53] [INFO] AI: Need 1 stones for next level
[2026-04-10 14:20:53] [INFO] AI: Need 1 stones for next level
[2026-04-10 14:20:54] [INFO] AI: Need 1 stones for next level
[2026-04-10 14:20:54] [INFO] AI: Need 1 stones for next level
[2026-04-10 14:20:55] [INFO] AI: Need 1 stones for next level
[2026-04-10 14:20:55] [INFO] AI: Need 1 stones for next level
[2026-04-10 14:20:55] [INFO] AI: Need 1 stones for next level
[2026-04-10 14:20:56] [INFO] Status: Level=1 Food=18 Forks=2
[2026-04-10 14:20:59] [WARN] AI: Command failed: prend
[2026-04-10 14:20:59] [INFO] AI: Need 1 stones for next level
[2026-04-10 14:21:00] [INFO] AI: Need 1 stones for next level
[2026-04-10 14:21:02] [WARN] AI: Command failed: prend
[2026-04-10 14:21:02] [INFO] AI: Need 1 stones for next level
[2026-04-10 14:21:03] [INFO] AI: Ready to incantate for level 2
[2026-04-10 14:21:03] [INFO] AI: Forking to increase team size
[2026-04-10 14:21:05] [INFO] Fork successful! Total forks: 3
[2026-04-10 14:21:05] [INFO] Fork successful! Total forks: 4
[2026-04-10 14:21:06] [INFO] Status: Level=1 Food=24 Forks=4
[2026-04-10 14:21:08] [INFO] AI: Ready to incantate for level 2
[2026-04-10 14:21:13] [INFO] AI: Ready to incantate for level 2
[2026-04-10 14:21:13] [INFO] AI: Forking to increase team size
[2026-04-10 14:21:15] [INFO] Fork successful! Total forks: 5
[2026-04-10 14:21:15] [INFO] Fork successful! Total forks: 6
[2026-04-10 14:21:16] [INFO] Status: Level=1 Food=22 Forks=6
[2026-04-10 14:21:18] [INFO] AI: Ready to incantate for level 2
[2026-04-10 14:21:23] [INFO] AI: Ready to incantate for level 2
[2026-04-10 14:21:23] [INFO] AI: Forking to increase team size
[2026-04-10 14:21:26] [INFO] Fork successful! Total forks: 7
[2026-04-10 14:21:26] [INFO] Fork successful! Total forks: 8
[2026-04-10 14:21:26] [INFO] Status: Level=1 Food=21 Forks=8
[2026-04-10 14:21:28] [INFO] AI: Ready to incantate for level 2
[2026-04-10 14:21:33] [INFO] AI: Ready to incantate for level 2
[2026-04-10 14:21:34] [INFO] AI: Forking to increase team size
[2026-04-10 14:21:36] [INFO] Fork successful! Total forks: 9
[2026-04-10 14:21:36] [INFO] Fork successful! Total forks: 10
[2026-04-10 14:21:36] [INFO] Status: Level=1 Food=19 Forks=10
[2026-04-10 14:21:39] [INFO] AI: Ready to incantate for level 2
[2026-04-10 14:21:39] [WARN] AI: Command failed: incantation
[2026-04-10 14:21:44] [INFO] AI: Ready to incantate for level 2
[2026-04-10 14:21:44] [WARN] AI: Command failed: incantation
[2026-04-10 14:21:46] [INFO] Status: Level=1 Food=18 Forks=10
[2026-04-10 14:21:50] [INFO] AI: Ready to incantate for level 2
[2026-04-10 14:21:50] [WARN] AI: Command failed: incantation
[2026-04-10 14:21:55] [INFO] AI: Ready to incantate for level 2
[2026-04-10 14:21:55] [WARN] AI: Command failed: incantation
[2026-04-10 14:21:56] [INFO] Status: Level=1 Food=16 Forks=10
[2026-04-10 14:22:00] [INFO] AI: Ready to incantate for level 2
[2026-04-10 14:22:00] [WARN] AI: Command failed: incantation
[2026-04-10 14:22:05] [INFO] AI: Ready to incantate for level 2
[2026-04-10 14:22:05] [WARN] AI: Command failed: incantation
[2026-04-10 14:22:06] [INFO] Status: Level=1 Food=14 Forks=10
[2026-04-10 14:22:10] [INFO] AI: Ready to incantate for level 2
[2026-04-10 14:22:10] [WARN] AI: Command failed: incantation
[2026-04-10 14:22:15] [INFO] AI: Ready to incantate for level 2
[2026-04-10 14:22:15] [WARN] AI: Command failed: incantation
[2026-04-10 14:22:16] [INFO] Status: Level=1 Food=13 Forks=10
[2026-04-10 14:22:20] [INFO] AI: Ready to incantate for level 2
[2026-04-10 14:22:20] [WARN] AI: Command failed: incantation
[2026-04-10 14:22:25] [INFO] AI: Ready to incantate for level 2
[2026-04-10 14:22:26] [WARN] AI: Command failed: incantation
[2026-04-10 14:22:26] [INFO] Status: Level=1 Food=11 Forks=10
[2026-04-10 14:22:31] [INFO] AI: Ready to incantate for level 2
[2026-04-10 14:22:31] [WARN] AI: Command failed: incantation
[2026-04-10 14:22:33] [INFO] AI: Low food (9), seeking nourriture
[2026-04-10 14:22:36] [INFO] AI: Low food (9), seeking nourriture
[2026-04-10 14:22:36] [INFO] Status: Level=1 Food=9 Forks=10
[2026-04-10 14:22:39] [WARN] AI: Command failed: prend
[2026-04-10 14:22:39] [INFO] AI: Ready to incantate for level 2
[2026-04-10 14:22:39] [WARN] AI: Command failed: incantation
[2026-04-10 14:22:44] [INFO] AI: Ready to incantate for level 2
[2026-04-10 14:22:44] [WARN] AI: Command failed: incantation
[2026-04-10 14:22:47] [INFO] Status: Level=1 Food=17 Forks=10
[2026-04-10 14:22:49] [INFO] AI: Ready to incantate for level 2
[2026-04-10 14:22:49] [WARN] AI: Command failed: incantation
[2026-04-10 14:22:55] [INFO] AI: Ready to incantate for level 2
[2026-04-10 14:22:55] [WARN] AI: Command failed: incantation
[2026-04-10 14:22:57] [INFO] Status: Level=1 Food=15 Forks=10
[2026-04-10 14:23:00] [INFO] AI: Ready to incantate for level 2
[2026-04-10 14:23:00] [WARN] AI: Command failed: incantation
[2026-04-10 14:23:05] [INFO] AI: Ready to incantate for level 2
[2026-04-10 14:23:06] [WARN] AI: Command failed: incantation
[2026-04-10 14:23:07] [INFO] Status: Level=1 Food=14 Forks=10
[2026-04-10 14:23:11] [INFO] AI: Ready to incantate for level 2
[2026-04-10 14:23:11] [WARN] AI: Command failed: incantation
[2026-04-10 14:23:16] [INFO] AI: Ready to incantate for level 2
[2026-04-10 14:23:16] [WARN] AI: Command failed: incantation
[2026-04-10 14:23:17] [INFO] Status: Level=1 Food=12 Forks=10
[2026-04-10 14:23:21] [INFO] AI: Ready to incantate for level 2
[2026-04-10 14:23:21] [WARN] AI: Command failed: incantation
[2026-04-10 14:23:26] [INFO] AI: Ready to incantate for level 2
[2026-04-10 14:23:26] [WARN] AI: Command failed: incantation
[2026-04-10 14:23:27] [INFO] Status: Level=1 Food=11 Forks=10
[2026-04-10 14:23:31] [INFO] AI: Ready to incantate for level 2
[2026-04-10 14:23:31] [WARN] AI: Command failed: incantation
[2026-04-10 14:23:33] [INFO] AI: Low food (9), seeking nourriture
[2026-04-10 14:23:37] [INFO] Status: Level=1 Food=9 Forks=10
[2026-04-10 14:23:37] [WARN] AI: Command failed: prend
[2026-04-10 14:23:37] [INFO] AI: Low food (9), seeking nourriture
[2026-04-10 14:23:37] [WARN] AI: Command failed: prend
[2026-04-10 14:23:37] [INFO] AI: Low food (9), seeking nourriture
[2026-04-10 14:23:37] [WARN] AI: Command failed: prend
[2026-04-10 14:23:37] [INFO] AI: Low food (9), seeking nourriture
[2026-04-10 14:23:38] [WARN] AI: Command failed: prend
[2026-04-10 14:23:38] [INFO] AI: Low food (9), seeking nourriture
[2026-04-10 14:23:38] [WARN] AI: Command failed: prend
[2026-04-10 14:23:38] [INFO] AI: Ready to incantate for level 2
[2026-04-10 14:23:38] [WARN] AI: Command failed: incantation
[2026-04-10 14:23:43] [INFO] AI: Ready to incantate for level 2
[2026-04-10 14:23:43] [WARN] AI: Command failed: incantation
[2026-04-10 14:23:47] [INFO] Status: Level=1 Food=14 Forks=10
[2026-04-10 14:23:48] [INFO] AI: Ready to incantate for level 2
[2026-04-10 14:23:48] [WARN] AI: Command failed: incantation
[2026-04-10 14:23:53] [INFO] AI: Ready to incantate for level 2
[2026-04-10 14:23:54] [WARN] AI: Command failed: incantation
[2026-04-10 14:23:57] [INFO] Status: Level=1 Food=13 Forks=10
[2026-04-10 14:23:58] [INFO] AI: Ready to incantate for level 2
[2026-04-10 14:23:59] [WARN] AI: Command failed: incantation
[2026-04-10 14:24:03] [INFO] AI: Ready to incantate for level 2
[2026-04-10 14:24:04] [WARN] AI: Command failed: incantation
[2026-04-10 14:24:07] [INFO] Status: Level=1 Food=11 Forks=10
[2026-04-10 14:24:09] [INFO] AI: Ready to incantate for level 2
[2026-04-10 14:24:09] [WARN] AI: Command failed: incantation
[2026-04-10 14:24:14] [INFO] AI: Ready to incantate for level 2
[2026-04-10 14:24:14] [WARN] AI: Command failed: incantation
[2026-04-10 14:24:17] [INFO] Status: Level=1 Food=10 Forks=10
[2026-04-10 14:24:19] [INFO] AI: Low food (9), seeking nourriture
[2026-04-10 14:24:20] [WARN] AI: Command failed: prend
[2026-04-10 14:24:20] [INFO] AI: Low food (9), seeking nourriture
[2026-04-10 14:24:20] [WARN] AI: Command failed: prend
[2026-04-10 14:24:20] [INFO] AI: Low food (9), seeking nourriture
[2026-04-10 14:24:21] [WARN] AI: Command failed: prend
[2026-04-10 14:24:21] [INFO] AI: Low food (9), seeking nourriture
[2026-04-10 14:24:23] [INFO] AI: Low food (9), seeking nourriture
[2026-04-10 14:24:25] [WARN] AI: Command failed: prend
[2026-04-10 14:24:25] [INFO] AI: Ready to incantate for level 2
[2026-04-10 14:24:26] [WARN] AI: Command failed: incantation
[2026-04-10 14:24:27] [INFO] Status: Level=1 Food=11 Forks=10
[2026-04-10 14:24:31] [INFO] AI: Ready to incantate for level 2
[2026-04-10 14:24:31] [WARN] AI: Command failed: incantation
[2026-04-10 14:24:36] [INFO] AI: Ready to incantate for level 2
[2026-04-10 14:24:36] [WARN] AI: Command failed: incantation
[2026-04-10 14:24:37] [INFO] Status: Level=1 Food=10 Forks=10
[2026-04-10 14:24:41] [INFO] AI: Ready to incantate for level 2
[2026-04-10 14:24:41] [WARN] AI: Command failed: incantation
[2026-04-10 14:24:44] [INFO] AI: Low food (9), seeking nourriture
[2026-04-10 14:24:47] [INFO] Status: Level=1 Food=9 Forks=10
[2026-04-10 14:24:49] [WARN] AI: Command failed: prend
[2026-04-10 14:24:49] [INFO] AI: Ready to incantate for level 2
[2026-04-10 14:24:49] [WARN] AI: Command failed: incantation
[2026-04-10 14:24:54] [INFO] AI: Ready to incantate for level 2
[2026-04-10 14:24:54] [WARN] AI: Command failed: incantation
[2026-04-10 14:24:57] [INFO] Status: Level=1 Food=15 Forks=10
[2026-04-10 14:24:59] [INFO] AI: Ready to incantate for level 2
[2026-04-10 14:24:59] [WARN] AI: Command failed: incantation
[2026-04-10 14:25:05] [INFO] AI: Ready to incantate for level 2
[2026-04-10 14:25:05] [WARN] AI: Command failed: incantation
[2026-04-10 14:25:07] [INFO] Status: Level=1 Food=14 Forks=10
[2026-04-10 14:25:10] [INFO] AI: Ready to incantate for level 2
[2026-04-10 14:25:10] [WARN] AI: Command failed: incantation
[2026-04-10 14:25:15] [INFO] AI: Ready to incantate for level 2
[2026-04-10 14:25:15] [WARN] AI: Command failed: incantation
[2026-04-10 14:25:17] [INFO] Status: Level=1 Food=12 Forks=10
[2026-04-10 14:25:21] [INFO] AI: Ready to incantate for level 2
[2026-04-10 14:25:21] [WARN] AI: Command failed: incantation
[2026-04-10 14:25:26] [INFO] AI: Ready to incantate for level 2
[2026-04-10 14:25:26] [WARN] AI: Command failed: incantation
[2026-04-10 14:25:27] [INFO] Status: Level=1 Food=10 Forks=10
[2026-04-10 14:25:31] [INFO] AI: Ready to incantate for level 2
[2026-04-10 14:25:31] [WARN] AI: Command failed: incantation
[2026-04-10 14:25:34] [INFO] AI: Low food (9), seeking nourriture
[2026-04-10 14:25:37] [INFO] Status: Level=1 Food=9 Forks=10
[2026-04-10 14:25:39] [INFO] AI: Ready to incantate for level 2
[2026-04-10 14:25:39] [WARN] AI: Command failed: incantation
[2026-04-10 14:25:44] [INFO] AI: Ready to incantate for level 2
[2026-04-10 14:25:44] [WARN] AI: Command failed: incantation
[2026-04-10 14:25:47] [INFO] Status: Level=1 Food=19 Forks=10
[2026-04-10 14:25:49] [INFO] AI: Ready to incantate for level 2
[2026-04-10 14:25:49] [WARN] AI: Command failed: incantation
[2026-04-10 14:25:54] [INFO] AI: Ready to incantate for level 2
[2026-04-10 14:25:55] [WARN] AI: Command failed: incantation
[2026-04-10 14:25:57] [INFO] Status: Level=1 Food=18 Forks=10
[2026-04-10 14:25:59] [INFO] AI: Ready to incantate for level 2
[2026-04-10 14:26:00] [WARN] AI: Command failed: incantation
[2026-04-10 14:26:05] [INFO] AI: Ready to incantate for level 2
[2026-04-10 14:26:05] [WARN] AI: Command failed: incantation
[2026-04-10 14:26:07] [INFO] Status: Level=1 Food=16 Forks=10
[2026-04-10 14:26:10] [INFO] AI: Ready to incantate for level 2
[2026-04-10 14:26:10] [WARN] AI: Command failed: incantation
[2026-04-10 14:26:15] [INFO] AI: Ready to incantate for level 2
[2026-04-10 14:26:15] [WARN] AI: Command failed: incantation
[2026-04-10 14:26:17] [INFO] Status: Level=1 Food=14 Forks=10
[2026-04-10 14:26:20] [INFO] AI: Ready to incantate for level 2
[2026-04-10 14:26:20] [WARN] AI: Command failed: incantation
[2026-04-10 14:26:25] [INFO] AI: Ready to incantate for level 2
[2026-04-10 14:26:25] [WARN] AI: Command failed: incantation
[2026-04-10 14:26:27] [INFO] Status: Level=1 Food=13 Forks=10
[2026-04-10 14:26:30] [INFO] AI: Ready to incantate for level 2
[2026-04-10 14:26:30] [WARN] AI: Command failed: incantation
[2026-04-10 14:26:35] [INFO] AI: Ready to incantate for level 2
[2026-04-10 14:26:36] [WARN] AI: Command failed: incantation
[2026-04-10 14:26:37] [INFO] Status: Level=1 Food=11 Forks=10
[2026-04-10 14:26:41] [INFO] AI: Ready to incantate for level 2
[2026-04-10 14:26:41] [WARN] AI: Command failed: incantation
[2026-04-10 14:26:46] [INFO] AI: Ready to incantate for level 2
[2026-04-10 14:26:46] [WARN] AI: Command failed: incantation
[2026-04-10 14:26:47] [INFO] Status: Level=1 Food=10 Forks=10
[2026-04-10 14:26:50] [INFO] AI: Low food (9), seeking nourriture
[2026-04-10 14:26:56] [WARN] AI: Command failed: prend
[2026-04-10 14:26:56] [INFO] AI: Ready to incantate for level 2
[2026-04-10 14:26:56] [WARN] AI: Command failed: incantation
[2026-04-10 14:26:57] [INFO] Status: Level=1 Food=15 Forks=10
[2026-04-10 14:27:01] [INFO] AI: Ready to incantate for level 2
[2026-04-10 14:27:01] [WARN] AI: Command failed: incantation
[2026-04-10 14:27:06] [INFO] AI: Ready to incantate for level 2
[2026-04-10 14:27:06] [WARN] AI: Command failed: incantation
[2026-04-10 14:27:07] [INFO] Status: Level=1 Food=16 Forks=10
[2026-04-10 14:27:11] [INFO] AI: Ready to incantate for level 2
[2026-04-10 14:27:11] [WARN] AI: Command failed: incantation
[2026-04-10 14:27:16] [INFO] AI: Ready to incantate for level 2
[2026-04-10 14:27:16] [WARN] AI: Command failed: incantation
[2026-04-10 14:27:17] [INFO] Status: Level=1 Food=15 Forks=10
[2026-04-10 14:27:22] [INFO] AI: Ready to incantate for level 2
[2026-04-10 14:27:22] [WARN] AI: Command failed: incantation
[2026-04-10 16:12:04] [INFO] AI: Ready to incantate for level 2
[2026-04-10 16:12:04] [INFO] Status: Level=1 Food=13 Forks=10
[2026-04-10 16:12:04] [WARN] AI: Command failed: incantation
[2026-04-10 16:12:09] [INFO] AI: Ready to incantate for level 2
[2026-04-10 16:12:10] [WARN] AI: Command failed: incantation
[2026-04-10 16:12:14] [INFO] Status: Level=1 Food=11 Forks=10
[2026-04-10 16:12:15] [INFO] AI: Ready to incantate for level 2
[2026-04-10 16:12:15] [WARN] AI: Command failed: incantation
[2026-04-10 16:12:20] [INFO] AI: Ready to incantate for level 2
[2026-04-10 16:12:20] [WARN] AI: Command failed: incantation
[2026-04-10 16:12:24] [INFO] Status: Level=1 Food=10 Forks=10
[2026-04-10 16:12:25] [INFO] AI: Ready to incantate for level 2
[2026-04-10 16:12:25] [WARN] AI: Command failed: incantation
[2026-04-10 16:12:29] [INFO] AI: Low food (9), seeking nourriture
[2026-04-10 16:12:30] [WARN] AI: Command failed: prend
[2026-04-10 16:12:30] [INFO] AI: Low food (9), seeking nourriture
[2026-04-10 16:12:32] [INFO] AI: Low food (9), seeking nourriture
[2026-04-10 16:12:34] [INFO] Status: Level=1 Food=17 Forks=10
[2026-04-10 16:12:36] [WARN] AI: Command failed: prend
[2026-04-10 16:12:36] [INFO] AI: Ready to incantate for level 2
[2026-04-10 16:12:37] [WARN] AI: Command failed: incantation
[2026-04-10 16:12:42] [INFO] AI: Ready to incantate for level 2
[2026-04-10 16:12:42] [WARN] AI: Command failed: incantation
[2026-04-10 16:12:44] [INFO] Status: Level=1 Food=21 Forks=10
[2026-04-10 16:12:47] [INFO] AI: Ready to incantate for level 2
[2026-04-10 16:12:47] [WARN] AI: Command failed: incantation
[2026-04-10 16:12:52] [INFO] AI: Ready to incantate for level 2
[2026-04-10 16:12:52] [WARN] AI: Command failed: incantation
[2026-04-10 16:12:54] [INFO] Status: Level=1 Food=20 Forks=10
[2026-04-10 16:12:58] [INFO] AI: Ready to incantate for level 2
[2026-04-10 16:12:58] [WARN] AI: Command failed: incantation
[2026-04-10 16:13:03] [INFO] AI: Ready to incantate for level 2
[2026-04-10 16:13:03] [WARN] AI: Command failed: incantation
[2026-04-10 16:13:04] [INFO] Status: Level=1 Food=18 Forks=10
[2026-04-10 16:13:08] [INFO] AI: Ready to incantate for level 2
[2026-04-10 16:13:08] [WARN] AI: Command failed: incantation
[2026-04-10 16:13:13] [INFO] AI: Ready to incantate for level 2
[2026-04-10 16:13:13] [WARN] AI: Command failed: incantation
[2026-04-10 16:13:14] [INFO] Status: Level=1 Food=17 Forks=10
[2026-04-10 16:13:18] [INFO] AI: Ready to incantate for level 2
[2026-04-10 16:13:18] [WARN] AI: Command failed: incantation
[2026-04-10 16:13:23] [INFO] AI: Ready to incantate for level 2
[2026-04-10 16:13:23] [WARN] AI: Command failed: incantation
[2026-04-10 16:13:24] [INFO] Status: Level=1 Food=15 Forks=10
[2026-04-10 16:13:28] [INFO] AI: Ready to incantate for level 2
[2026-04-10 16:13:28] [WARN] AI: Command failed: incantation
[2026-04-10 16:13:33] [INFO] AI: Ready to incantate for level 2
[2026-04-10 16:13:33] [WARN] AI: Command failed: incantation
[2026-04-10 16:13:34] [INFO] Status: Level=1 Food=14 Forks=10
[2026-04-10 16:13:38] [INFO] AI: Ready to incantate for level 2
[2026-04-10 16:13:38] [WARN] AI: Command failed: incantation
[2026-04-10 16:13:43] [INFO] AI: Ready to incantate for level 2
[2026-04-10 16:13:43] [WARN] AI: Command failed: incantation
[2026-04-10 16:13:45] [INFO] Status: Level=1 Food=12 Forks=10
[2026-04-10 16:13:48] [INFO] AI: Ready to incantate for level 2
[2026-04-10 16:13:48] [WARN] AI: Command failed: incantation
[2026-04-10 16:13:53] [INFO] AI: Ready to incantate for level 2
[2026-04-10 16:13:53] [WARN] AI: Command failed: incantation
[2026-04-10 16:13:55] [INFO] Status: Level=1 Food=10 Forks=10
[2026-04-10 16:13:58] [INFO] AI: Ready to incantate for level 2
[2026-04-10 16:13:59] [WARN] AI: Command failed: incantation
[2026-04-10 16:14:04] [INFO] AI: Ready to incantate for level 2
[2026-04-10 16:14:04] [WARN] AI: Command failed: incantation
[2026-04-10 16:14:05] [INFO] AI: Low food (9), seeking nourriture
[2026-04-10 16:14:05] [INFO] Status: Level=1 Food=9 Forks=10
[2026-04-10 16:14:06] [WARN] AI: Command failed: prend
[2026-04-10 16:14:06] [INFO] AI: Low food (9), seeking nourriture
[2026-04-10 16:14:07] [WARN] AI: Command failed: prend
[2026-04-10 16:14:07] [INFO] AI: Low food (9), seeking nourriture
[2026-04-10 16:14:07] [WARN] AI: Command failed: prend
[2026-04-10 16:14:07] [INFO] AI: Low food (9), seeking nourriture
[2026-04-10 16:14:07] [WARN] AI: Command failed: prend
[2026-04-10 16:14:07] [INFO] AI: Low food (9), seeking nourriture
[2026-04-10 16:14:11] [INFO] AI: Ready to incantate for level 2
[2026-04-10 16:14:11] [WARN] AI: Command failed: incantation
[2026-04-10 16:14:15] [INFO] Status: Level=1 Food=16 Forks=10
[2026-04-10 16:14:16] [INFO] AI: Ready to incantate for level 2
[2026-04-10 16:14:17] [WARN] AI: Command failed: incantation
[2026-04-10 16:14:22] [INFO] AI: Ready to incantate for level 2
[2026-04-10 16:14:22] [WARN] AI: Command failed: incantation
[2026-04-10 16:14:25] [INFO] Status: Level=1 Food=15 Forks=10
[2026-04-10 16:14:27] [INFO] AI: Ready to incantate for level 2
[2026-04-10 16:14:27] [WARN] AI: Command failed: incantation
[2026-04-10 16:14:32] [INFO] AI: Ready to incantate for level 2
[2026-04-10 16:14:32] [WARN] AI: Command failed: incantation
[2026-04-10 16:14:35] [INFO] Status: Level=1 Food=13 Forks=10
[2026-04-10 16:14:37] [INFO] AI: Ready to incantate for level 2
[2026-04-10 16:14:37] [WARN] AI: Command failed: incantation
[2026-04-10 16:14:42] [INFO] AI: Ready to incantate for level 2
[2026-04-10 16:14:42] [WARN] AI: Command failed: incantation
[2026-04-10 16:14:45] [INFO] Status: Level=1 Food=11 Forks=10
[2026-04-10 16:14:47] [INFO] AI: Ready to incantate for level 2
[2026-04-10 16:14:47] [WARN] AI: Command failed: incantation
[2026-04-10 16:14:53] [INFO] AI: Ready to incantate for level 2
[2026-04-10 16:14:53] [WARN] AI: Command failed: incantation
[2026-04-10 16:14:55] [INFO] Status: Level=1 Food=10 Forks=10
[2026-04-10 16:14:58] [INFO] AI: Ready to incantate for level 2
[2026-04-10 16:14:59] [WARN] AI: Command failed: incantation
[2026-04-10 16:15:00] [INFO] AI: Low food (9), seeking nourriture
[2026-04-10 16:15:03] [WARN] AI: Command failed: prend
[2026-04-10 16:15:03] [INFO] AI: Low food (9), seeking nourriture
[2026-04-10 16:15:03] [WARN] AI: Command failed: prend
[2026-04-10 16:15:03] [INFO] AI: Low food (9), seeking nourriture
[2026-04-10 16:15:03] [WARN] AI: Command failed: prend
[2026-04-10 16:15:03] [INFO] AI: Low food (9), seeking nourriture
[2026-04-10 16:15:04] [WARN] AI: Command failed: prend
[2026-04-10 16:15:04] [INFO] AI: Low food (9), seeking nourriture
[2026-04-10 16:15:04] [WARN] AI: Command failed: prend
[2026-04-10 16:15:04] [INFO] AI: Low food (9), seeking nourriture
[2026-04-10 16:15:05] [WARN] AI: Command failed: prend
[2026-04-10 16:15:05] [INFO] AI: Ready to incantate for level 2
[2026-04-10 16:15:05] [INFO] Status: Level=1 Food=14 Forks=10
[2026-04-10 16:15:05] [WARN] AI: Command failed: incantation
[2026-04-10 16:15:10] [INFO] AI: Ready to incantate for level 2
[2026-04-10 16:15:10] [WARN] AI: Command failed: incantation
[2026-04-10 16:15:15] [INFO] Status: Level=1 Food=13 Forks=10
[2026-04-10 16:15:15] [INFO] AI: Ready to incantate for level 2
[2026-04-10 16:15:15] [WARN] AI: Command failed: incantation
[2026-04-10 16:15:20] [INFO] AI: Ready to incantate for level 2
[2026-04-10 16:15:20] [WARN] AI: Command failed: incantation
[2026-04-10 16:15:25] [INFO] Status: Level=1 Food=11 Forks=10
[2026-04-10 16:15:25] [INFO] AI: Ready to incantate for level 2
[2026-04-10 16:15:25] [WARN] AI: Command failed: incantation
[2026-04-10 16:15:30] [INFO] AI: Ready to incantate for level 2
[2026-04-10 16:15:30] [WARN] AI: Command failed: incantation
[2026-04-10 16:15:33] [WARN] TLS read: peer closed connection
[2026-04-10 16:15:33] [ERROR] Websocket error: Peer closed connection
[2026-04-10 16:15:33] [INFO] Network loop ended
[2026-04-10 16:15:33] [INFO] Client exited. Final level: 1
