[2026-04-10 16:15:35] [INFO] Zappy Client starting...
[2026-04-10 16:15:35] [INFO] Team: team1
[2026-04-10 16:15:35] [INFO] Target Level: 8
[2026-04-10 16:15:35] [INFO] Fork enabled: yes
[2026-04-10 16:15:35] [INFO] Connecting to localhost:8674
[2026-04-10 16:15:35] [WARN] TLS: Certificate verification disabled (insecure mode)
[2026-04-10 16:15:35] [INFO] TLS context initialized successfully
[2026-04-10 16:15:35] [INFO] WebSocket: Starting connection to localhost:8674
[2026-04-10 16:15:35] [INFO] TLS handshake completed successfully
[2026-04-10 16:15:35] [INFO] WebSocket: HTTP 101 Upgrade successful
[2026-04-10 16:15:35] [INFO] WebSocket: Handshake complete, connection established
[2026-04-10 16:15:35] [INFO] Websocket connected
[2026-04-10 16:15:35] [INFO] Received bienvenue: {"type":"bienvenue","msg":"Whoa! Knock knock, whos there?"}
[2026-04-10 16:15:35] [INFO] Map size: 10x10
[2026-04-10 16:15:35] [INFO] Remaining team slots: 9
[2026-04-10 16:15:35] [INFO] Login successful! {"type":"welcome","remaining_clients":9,"map_size":{"x":10,"y":10}}
[2026-04-10 16:15:35] [INFO] Successfully logged in as team1
[2026-04-10 16:15:35] [INFO] Connected! Starting main loop...
[2026-04-10 16:15:35] [INFO] AI: Need 1 stones for next level
[2026-04-10 16:15:35] [INFO] Status: Level=1 Food=10 Forks=0
[2026-04-10 16:15:36] [INFO] AI: Need 1 stones for next level
[2026-04-10 16:15:38] [INFO] AI: Need 1 stones for next level
[2026-04-10 16:15:39] [INFO] AI: Need 1 stones for next level
[2026-04-10 16:15:39] [WARN] TLS read: peer closed connection
[2026-04-10 16:15:39] [ERROR] Websocket error: Peer closed connection
[2026-04-10 16:15:39] [INFO] Network loop ended
[2026-04-10 16:15:39] [INFO] Client exited. Final level: 1
