[0;34m=== Zappy Full Winner Probe ===[0m
Log directory: /home/jareste/hugo/zappy/logs/full_probe_20260410_133758
Port=8674 Team1=6 Team2=0 TargetLevel=8 MaxSeconds=1200
TimeUnit=20 EasyAscension=1 Fork=1
[1;33mBuilding server and client...[0m
[1;33mStarting server on port 8674...[0m
[1;33mResuming server time API...[0m
Sending SIGUSR1 to PID 1280389
Signaled 1280389
[1;33mLaunching clients...[0m
[0;32mAll clients launched. Monitoring winner condition...[0m
[30s] probing... configured clients=6
[60s] probing... configured clients=6
[91s] probing... configured clients=6
[121s] probing... configured clients=6
[151s] probing... configured clients=6
[181s] probing... configured clients=6
[211s] probing... configured clients=6
[241s] probing... configured clients=6
[271s] probing... configured clients=6
[300s] probing... configured clients=6
[330s] probing... configured clients=6
[360s] probing... configured clients=6
[390s] probing... configured clients=6
[420s] probing... configured clients=6
[450s] probing... configured clients=6
[481s] probing... configured clients=6
[511s] probing... configured clients=6
[541s] probing... configured clients=6
[571s] probing... configured clients=6
[601s] probing... configured clients=6
[631s] probing... configured clients=6
[661s] probing... configured clients=6
[690s] probing... configured clients=6
[720s] probing... configured clients=6
[750s] probing... configured clients=6
[780s] probing... configured clients=6
[810s] probing... configured clients=6
[840s] probing... configured clients=6
[871s] probing... configured clients=6
[901s] probing... configured clients=6
[931s] probing... configured clients=6
[961s] probing... configured clients=6
[991s] probing... configured clients=6
[1021s] probing... configured clients=6
[1051s] probing... configured clients=6
[1080s] probing... configured clients=6
[1110s] probing... configured clients=6
[1140s] probing... configured clients=6
[1170s] probing... configured clients=6
[0;31mTimeout after 1200s without winner condition.[0m
Last server output lines:
>>> HANDSHAKE DONE CALLED (fd=9)
>>> ATTEMPTING SSL_READ FOR HTTP REQUEST
>>> SSL_READ RETURNED: 179
>>> RECEIVED 179 BYTES, FIRST 80: GET / HTTP/1.1
Host: localhost:8674
Upgrade: websocket
Connection: Upgrade
S
>>> CALLING websocket_handshake
>>> websocket_handshake called
>>> Found key: eacW8WQCg7WrAMe1LHvgog==
>>> Accept key computed: slF/cJz3DJNVRATjtQnH9SDnAN8=
>>> Sending HTTP response (129 bytes):
HTTP/1.1 101 Switching Protocols
Upgrade: websocket
Connection: Upgrade
Sec-WebSocket-Accept: slF/cJz3DJNVRATjtQnH9SDnAN8=

<<<END_RESPONSE
>>> SSL_write returned: 129
>>> HANDSHAKE DONE CALLED (fd=10)
>>> ATTEMPTING SSL_READ FOR HTTP REQUEST
>>> SSL_READ RETURNED: 179
>>> RECEIVED 179 BYTES, FIRST 80: GET / HTTP/1.1
Host: localhost:8674
Upgrade: websocket
Connection: Upgrade
S
>>> CALLING websocket_handshake
>>> websocket_handshake called
>>> Found key: xZQ4Xb4pqRu+CzRqYQ3+jw==
>>> Accept key computed: B05LYq2Jgym1HTpjjveVDYUSp8M=
>>> Sending HTTP response (129 bytes):
HTTP/1.1 101 Switching Protocols
Upgrade: websocket
Connection: Upgrade
Sec-WebSocket-Accept: B05LYq2Jgym1HTpjjveVDYUSp8M=

<<<END_RESPONSE
>>> SSL_write returned: 129
Last server game-log lines:
[18017] Client fd=7 sent a ping, ignoring it
[18019] Client fd=8 sent a ping, ignoring it
[18021] Client fd=9 sent a ping, ignoring it
[18023] Client fd=10 sent a ping, ignoring it
[18914] Client fd=5 sent a ping, ignoring it
[18916] Client fd=6 sent a ping, ignoring it
[18918] Client fd=7 sent a ping, ignoring it
[18920] Client fd=8 sent a ping, ignoring it
[18922] Client fd=9 sent a ping, ignoring it
[18924] Client fd=10 sent a ping, ignoring it
[19815] Client fd=5 sent a ping, ignoring it
[19817] Client fd=6 sent a ping, ignoring it
[19819] Client fd=7 sent a ping, ignoring it
[19821] Client fd=8 sent a ping, ignoring it
[19823] Client fd=9 sent a ping, ignoring it
[19825] Client fd=10 sent a ping, ignoring it
[20715] Client fd=5 sent a ping, ignoring it
[20717] Client fd=6 sent a ping, ignoring it
[20720] Client fd=7 sent a ping, ignoring it
[20721] Client fd=8 sent a ping, ignoring it
[20723] Client fd=9 sent a ping, ignoring it
[20725] Client fd=10 sent a ping, ignoring it
[21615] Client fd=5 sent a ping, ignoring it
[21617] Client fd=6 sent a ping, ignoring it
[21620] Client fd=7 sent a ping, ignoring it
[21621] Client fd=8 sent a ping, ignoring it
[21623] Client fd=9 sent a ping, ignoring it
[21625] Client fd=10 sent a ping, ignoring it
[22516] Client fd=5 sent a ping, ignoring it
[22518] Client fd=6 sent a ping, ignoring it
[22521] Client fd=7 sent a ping, ignoring it
[22522] Client fd=8 sent a ping, ignoring it
[22524] Client fd=9 sent a ping, ignoring it
[22526] Client fd=10 sent a ping, ignoring it
[23417] Client fd=5 sent a ping, ignoring it
[23418] Client fd=6 sent a ping, ignoring it
[23422] Client fd=7 sent a ping, ignoring it
[23422] Client fd=8 sent a ping, ignoring it
[23424] Client fd=9 sent a ping, ignoring it
[23427] Client fd=10 sent a ping, ignoring it

[1;33mCleaning up processes...[0m
