[2026-04-10 13:09:07] [INFO] Zappy Client starting...
[2026-04-10 13:09:07] [INFO] Team: team1
[2026-04-10 13:09:07] [INFO] Target Level: 8
[2026-04-10 13:09:07] [INFO] Fork enabled: yes
[2026-04-10 13:09:07] [INFO] Connecting to localhost:8674
[2026-04-10 13:09:07] [WARN] TLS: Certificate verification disabled (insecure mode)
[2026-04-10 13:09:07] [INFO] TLS context initialized successfully
[2026-04-10 13:09:07] [INFO] WebSocket: Starting connection to localhost:8674
[2026-04-10 13:09:07] [INFO] TLS handshake completed successfully
[2026-04-10 13:09:07] [INFO] WebSocket: HTTP 101 Upgrade successful
[2026-04-10 13:09:07] [INFO] WebSocket: Handshake complete, connection established
[2026-04-10 13:09:07] [INFO] Websocket connected
[2026-04-10 13:09:07] [INFO] Received bienvenue: {"type":"bienvenue","msg":"Whoa! Knock knock, whos there?"}
[2026-04-10 13:09:07] [INFO] Map size: 10x10
[2026-04-10 13:09:07] [INFO] Remaining team slots: 8
[2026-04-10 13:09:07] [INFO] Login successful! {"type":"welcome","remaining_clients":8,"map_size":{"x":10,"y":10}}
[2026-04-10 13:09:07] [INFO] Successfully logged in as team1
[2026-04-10 13:09:07] [INFO] Connected! Starting main loop...
[2026-04-10 13:09:07] [INFO] AI: Need 1 stones for next level
[2026-04-10 13:09:07] [INFO] Status: Level=1 Food=10 Forks=0
[2026-04-10 13:09:08] [INFO] AI: Need 1 stones for next level
[2026-04-10 13:09:09] [INFO] AI: Need 1 stones for next level
[2026-04-10 13:09:10] [INFO] AI: Need 1 stones for next level
[2026-04-10 13:09:11] [INFO] AI: Need 1 stones for next level
[2026-04-10 13:09:12] [INFO] AI: Need 1 stones for next level
[2026-04-10 13:09:13] [INFO] AI: Need 1 stones for next level
[2026-04-10 13:09:14] [INFO] AI: Need 1 stones for next level
[2026-04-10 13:09:15] [INFO] AI: Need 1 stones for next level
[2026-04-10 13:09:16] [INFO] AI: Need 1 stones for next level
[2026-04-10 13:09:17] [INFO] Status: Level=1 Food=10 Forks=0
[2026-04-10 13:09:18] [INFO] AI: Need 1 stones for next level
[2026-04-10 13:09:19] [INFO] AI: Need 1 stones for next level
[2026-04-10 13:09:20] [INFO] AI: Need 1 stones for next level
[2026-04-10 13:09:21] [INFO] AI: Need 1 stones for next level
[2026-04-10 13:09:22] [INFO] AI: Need 1 stones for next level
[2026-04-10 13:09:24] [INFO] AI: Need 1 stones for next level
[2026-04-10 13:09:25] [INFO] AI: Need 1 stones for next level
[2026-04-10 13:09:26] [INFO] AI: Need 1 stones for next level
[2026-04-10 13:09:27] [INFO] Status: Level=1 Food=10 Forks=0
[2026-04-10 13:09:27] [INFO] AI: Need 1 stones for next level
[2026-04-10 13:09:28] [INFO] AI: Need 1 stones for next level
[2026-04-10 13:09:30] [INFO] AI: Need 1 stones for next level
[2026-04-10 13:09:31] [INFO] AI: Need 1 stones for next level
[2026-04-10 13:09:32] [INFO] AI: Need 1 stones for next level
[2026-04-10 13:09:33] [INFO] AI: Need 1 stones for next level
[2026-04-10 13:09:34] [INFO] AI: Need 1 stones for next level
[2026-04-10 13:09:36] [INFO] AI: Need 1 stones for next level
[2026-04-10 13:09:37] [INFO] Status: Level=1 Food=10 Forks=0
[2026-04-10 13:09:37] [INFO] AI: Need 1 stones for next level
[2026-04-10 13:09:38] [INFO] AI: Need 1 stones for next level
[2026-04-10 13:09:39] [INFO] AI: Need 1 stones for next level
[2026-04-10 13:09:40] [INFO] AI: Need 1 stones for next level
[2026-04-10 13:09:42] [INFO] AI: Need 1 stones for next level
[2026-04-10 13:09:43] [INFO] AI: Need 1 stones for next level
[2026-04-10 13:09:44] [INFO] AI: Need 1 stones for next level
[2026-04-10 13:09:45] [INFO] AI: Need 1 stones for next level
[2026-04-10 13:09:46] [INFO] AI: Need 1 stones for next level
[2026-04-10 13:09:47] [INFO] Status: Level=1 Food=10 Forks=0
[2026-04-10 13:09:48] [INFO] AI: Need 1 stones for next level
[2026-04-10 13:09:49] [INFO] AI: Need 1 stones for next level
[2026-04-10 13:09:50] [INFO] AI: Need 1 stones for next level
[2026-04-10 13:09:51] [INFO] AI: Need 1 stones for next level
[2026-04-10 13:09:52] [INFO] AI: Need 1 stones for next level
[2026-04-10 13:09:54] [INFO] AI: Need 1 stones for next level
[2026-04-10 13:09:55] [INFO] AI: Need 1 stones for next level
[2026-04-10 13:09:56] [INFO] AI: Need 1 stones for next level
[2026-04-10 13:09:57] [INFO] Status: Level=1 Food=10 Forks=0
[2026-04-10 13:09:57] [INFO] AI: Need 1 stones for next level
[2026-04-10 13:09:58] [INFO] AI: Need 1 stones for next level
[2026-04-10 13:10:00] [INFO] AI: Need 1 stones for next level
[2026-04-10 13:10:01] [INFO] AI: Need 1 stones for next level
[2026-04-10 13:10:02] [INFO] AI: Need 1 stones for next level
[2026-04-10 13:10:03] [INFO] AI: Need 1 stones for next level
[2026-04-10 13:10:04] [INFO] AI: Need 1 stones for next level
[2026-04-10 13:10:06] [INFO] AI: Need 1 stones for next level
[2026-04-10 13:10:07] [INFO] Status: Level=1 Food=10 Forks=0
[2026-04-10 13:10:07] [INFO] AI: Need 1 stones for next level
[2026-04-10 13:10:08] [INFO] AI: Need 1 stones for next level
[2026-04-10 13:10:09] [INFO] AI: Need 1 stones for next level
[2026-04-10 13:10:10] [INFO] AI: Need 1 stones for next level
[2026-04-10 13:10:12] [INFO] AI: Need 1 stones for next level
[2026-04-10 13:10:13] [INFO] AI: Need 1 stones for next level
[2026-04-10 13:10:14] [INFO] AI: Need 1 stones for next level
[2026-04-10 13:10:15] [INFO] AI: Need 1 stones for next level
[2026-04-10 13:10:16] [INFO] AI: Need 1 stones for next level
[2026-04-10 13:10:17] [INFO] Status: Level=1 Food=10 Forks=0
[2026-04-10 13:10:17] [INFO] AI: Need 1 stones for next level
[2026-04-10 13:10:18] [INFO] AI: Need 1 stones for next level
[2026-04-10 13:10:19] [INFO] AI: Need 1 stones for next level
[2026-04-10 13:10:20] [INFO] AI: Need 1 stones for next level
[2026-04-10 13:10:21] [INFO] AI: Need 1 stones for next level
[2026-04-10 13:10:23] [INFO] AI: Need 1 stones for next level
[2026-04-10 13:10:24] [INFO] AI: Need 1 stones for next level
[2026-04-10 13:10:25] [INFO] AI: Need 1 stones for next level
[2026-04-10 13:10:26] [INFO] AI: Need 1 stones for next level
[2026-04-10 13:10:27] [INFO] Status: Level=1 Food=10 Forks=0
[2026-04-10 13:10:27] [INFO] AI: Need 1 stones for next level
[2026-04-10 13:10:29] [INFO] AI: Need 1 stones for next level
[2026-04-10 13:10:30] [INFO] AI: Need 1 stones for next level
[2026-04-10 13:10:31] [INFO] AI: Need 1 stones for next level
[2026-04-10 13:10:32] [INFO] AI: Need 1 stones for next level
[2026-04-10 13:10:33] [INFO] AI: Need 1 stones for next level
[2026-04-10 13:10:35] [INFO] AI: Need 1 stones for next level
[2026-04-10 13:10:36] [INFO] AI: Need 1 stones for next level
[2026-04-10 13:10:37] [INFO] Status: Level=1 Food=10 Forks=0
[2026-04-10 13:10:37] [INFO] AI: Need 1 stones for next level
[2026-04-10 13:10:38] [INFO] AI: Need 1 stones for next level
[2026-04-10 13:10:39] [INFO] AI: Need 1 stones for next level
[2026-04-10 13:10:41] [INFO] AI: Need 1 stones for next level
[2026-04-10 13:10:42] [INFO] AI: Need 1 stones for next level
[2026-04-10 13:10:43] [INFO] AI: Need 1 stones for next level
[2026-04-10 13:10:44] [INFO] AI: Need 1 stones for next level
[2026-04-10 13:10:45] [INFO] AI: Need 1 stones for next level
[2026-04-10 13:10:47] [INFO] Status: Level=1 Food=10 Forks=0
[2026-04-10 13:10:47] [INFO] AI: Need 1 stones for next level
[2026-04-10 13:10:48] [INFO] AI: Need 1 stones for next level
[2026-04-10 13:10:49] [INFO] AI: Need 1 stones for next level
[2026-04-10 13:10:50] [INFO] AI: Need 1 stones for next level
[2026-04-10 13:10:51] [INFO] AI: Need 1 stones for next level
[2026-04-10 13:10:53] [INFO] AI: Need 1 stones for next level
[2026-04-10 13:10:54] [INFO] AI: Need 1 stones for next level
[2026-04-10 13:10:55] [INFO] AI: Need 1 stones for next level
[2026-04-10 13:10:56] [INFO] AI: Need 1 stones for next level
[2026-04-10 13:10:57] [INFO] AI: Need 1 stones for next level
[2026-04-10 13:10:57] [INFO] Status: Level=1 Food=10 Forks=0
[2026-04-10 13:10:59] [INFO] AI: Need 1 stones for next level
[2026-04-10 13:11:00] [INFO] AI: Need 1 stones for next level
[2026-04-10 13:11:06] [INFO] AI: Need 1 stones for next level
[2026-04-10 13:11:07] [INFO] AI: Need 1 stones for next level
[2026-04-10 13:11:07] [INFO] Status: Level=1 Food=10 Forks=0
[2026-04-10 13:11:09] [INFO] AI: Need 1 stones for next level
[2026-04-10 13:11:10] [INFO] AI: Need 1 stones for next level
[2026-04-10 13:11:11] [INFO] AI: Need 1 stones for next level
[2026-04-10 13:11:12] [INFO] AI: Need 1 stones for next level
[2026-04-10 13:11:13] [INFO] AI: Need 1 stones for next level
[2026-04-10 13:11:15] [INFO] AI: Need 1 stones for next level
[2026-04-10 13:11:16] [INFO] AI: Need 1 stones for next level
[2026-04-10 13:11:17] [INFO] AI: Need 1 stones for next level
[2026-04-10 13:11:17] [INFO] Status: Level=1 Food=10 Forks=0
[2026-04-10 13:11:18] [INFO] AI: Need 1 stones for next level
[2026-04-10 13:11:19] [INFO] AI: Need 1 stones for next level
[2026-04-10 13:11:21] [INFO] AI: Need 1 stones for next level
[2026-04-10 13:11:22] [INFO] AI: Need 1 stones for next level
[2026-04-10 13:11:23] [INFO] AI: Need 1 stones for next level
[2026-04-10 13:11:24] [INFO] AI: Need 1 stones for next level
[2026-04-10 13:11:25] [INFO] AI: Need 1 stones for next level
[2026-04-10 13:11:26] [WARN] TLS read: peer closed connection
[2026-04-10 13:11:26] [ERROR] Websocket error: Peer closed connection
[2026-04-10 13:11:26] [INFO] Network loop ended
[2026-04-10 13:11:26] [INFO] Client exited. Final level: 1
