[0;34m=== Zappy Full Winner Probe ===[0m
Log directory: /home/jareste/hugo/zappy/logs/full_probe_20260410_130903
Port=8674 Team1=3 Team2=3 TargetLevel=8 MaxSeconds=25
[1;33mBuilding server and client...[0m
[1;33mStarting server on port 8674...[0m
[1;33mResuming server time API...[0m
Sending SIGUSR1 to PID 1271932
Signaled 1271932
[1;33mLaunching clients...[0m
[0;32mAll clients launched. Monitoring winner condition...[0m
[0s] probing... configured clients=7
[0;31mTimeout after 26s without winner condition.[0m
Last server log lines:
>>> HANDSHAKE DONE CALLED (fd=9)
>>> ATTEMPTING SSL_READ FOR HTTP REQUEST
>>> SSL_READ RETURNED: 179
>>> RECEIVED 179 BYTES, FIRST 80: GET / HTTP/1.1
Host: localhost:8674
Upgrade: websocket
Connection: Upgrade
S
>>> CALLING websocket_handshake
>>> websocket_handshake called
>>> Found key: 69tIPJUu9hb4e3/VIR4mdw==
>>> Accept key computed: 0TPkpsSnPFX+uPwiR7ozIUD0G/Q=
>>> Sending HTTP response (129 bytes):
HTTP/1.1 101 Switching Protocols
Upgrade: websocket
Connection: Upgrade
Sec-WebSocket-Accept: 0TPkpsSnPFX+uPwiR7ozIUD0G/Q=

<<<END_RESPONSE
>>> SSL_write returned: 129
>>> HANDSHAKE DONE CALLED (fd=10)
>>> ATTEMPTING SSL_READ FOR HTTP REQUEST
>>> SSL_READ RETURNED: 179
>>> RECEIVED 179 BYTES, FIRST 80: GET / HTTP/1.1
Host: localhost:8674
Upgrade: websocket
Connection: Upgrade
S
>>> CALLING websocket_handshake
>>> websocket_handshake called
>>> Found key: zajvrlHx2XA5MkhRC+CcEw==
>>> Accept key computed: aSDSW/PcWbL1Z9+Mzu9q9VdSw0Y=
>>> Sending HTTP response (129 bytes):
HTTP/1.1 101 Switching Protocols
Upgrade: websocket
Connection: Upgrade
Sec-WebSocket-Accept: aSDSW/PcWbL1Z9+Mzu9q9VdSw0Y=

<<<END_RESPONSE
>>> SSL_write returned: 129

[1;33mCleaning up processes...[0m
