[2026-04-10 13:11:30] [INFO] Zappy Client starting...
[2026-04-10 13:11:30] [INFO] Team: team2
[2026-04-10 13:11:30] [INFO] Target Level: 8
[2026-04-10 13:11:30] [INFO] Fork enabled: yes
[2026-04-10 13:11:30] [INFO] Connecting to localhost:8674
[2026-04-10 13:11:30] [WARN] TLS: Certificate verification disabled (insecure mode)
[2026-04-10 13:11:30] [INFO] TLS context initialized successfully
[2026-04-10 13:11:30] [INFO] WebSocket: Starting connection to localhost:8674
[2026-04-10 13:11:30] [INFO] TLS handshake completed successfully
[2026-04-10 13:11:30] [INFO] WebSocket: HTTP 101 Upgrade successful
[2026-04-10 13:11:30] [INFO] WebSocket: Handshake complete, connection established
[2026-04-10 13:11:30] [INFO] Websocket connected
[2026-04-10 13:11:30] [INFO] Received bienvenue: {"type":"bienvenue","msg":"Whoa! Knock knock, whos there?"}
[2026-04-10 13:11:30] [INFO] Map size: 10x10
[2026-04-10 13:11:30] [INFO] Remaining team slots: 4
[2026-04-10 13:11:30] [INFO] Login successful! {"type":"welcome","remaining_clients":4,"map_size":{"x":10,"y":10}}
[2026-04-10 13:11:30] [INFO] Successfully logged in as team2
[2026-04-10 13:11:30] [INFO] Connected! Starting main loop...
[2026-04-10 13:11:30] [INFO] AI: Need 1 stones for next level
[2026-04-10 13:11:30] [INFO] Status: Level=1 Food=10 Forks=0
[2026-04-10 13:11:31] [INFO] AI: Need 1 stones for next level
[2026-04-10 13:11:32] [INFO] AI: Need 1 stones for next level
[2026-04-10 13:11:34] [INFO] AI: Need 1 stones for next level
[2026-04-10 13:11:34] [INFO] AI: Need 1 stones for next level
[2026-04-10 13:11:35] [INFO] AI: Need 1 stones for next level
[2026-04-10 13:11:35] [INFO] AI: Need 1 stones for next level
[2026-04-10 13:11:36] [INFO] AI: Need 1 stones for next level
[2026-04-10 13:11:36] [INFO] AI: Need 1 stones for next level
[2026-04-10 13:11:37] [INFO] AI: Need 1 stones for next level
[2026-04-10 13:11:37] [INFO] AI: Need 1 stones for next level
[2026-04-10 13:11:37] [INFO] AI: Need 1 stones for next level
[2026-04-10 13:11:38] [INFO] AI: Need 1 stones for next level
[2026-04-10 13:11:39] [INFO] AI: Need 1 stones for next level
[2026-04-10 13:11:39] [INFO] AI: Need 1 stones for next level
[2026-04-10 13:11:39] [INFO] AI: Need 1 stones for next level
[2026-04-10 13:11:40] [INFO] AI: Need 1 stones for next level
[2026-04-10 13:11:40] [INFO] Status: Level=1 Food=10 Forks=0
[2026-04-10 13:11:41] [INFO] AI: Need 1 stones for next level
[2026-04-10 13:11:41] [INFO] AI: Need 1 stones for next level
[2026-04-10 13:11:41] [INFO] AI: Need 1 stones for next level
[2026-04-10 13:11:42] [INFO] AI: Need 1 stones for next level
[2026-04-10 13:11:42] [INFO] AI: Need 1 stones for next level
[2026-04-10 13:11:43] [INFO] AI: Need 1 stones for next level
[2026-04-10 13:11:43] [INFO] AI: Need 1 stones for next level
[2026-04-10 13:11:44] [INFO] AI: Need 1 stones for next level
[2026-04-10 13:11:44] [INFO] AI: Need 1 stones for next level
[2026-04-10 13:11:45] [INFO] AI: Need 1 stones for next level
[2026-04-10 13:11:45] [INFO] AI: Need 1 stones for next level
[2026-04-10 13:11:46] [INFO] AI: Need 1 stones for next level
[2026-04-10 13:11:46] [INFO] AI: Need 1 stones for next level
[2026-04-10 13:11:47] [INFO] AI: Need 1 stones for next level
[2026-04-10 13:11:47] [INFO] AI: Need 1 stones for next level
[2026-04-10 13:11:48] [INFO] AI: Need 1 stones for next level
[2026-04-10 13:11:48] [INFO] AI: Need 1 stones for next level
[2026-04-10 13:11:49] [INFO] AI: Need 1 stones for next level
[2026-04-10 13:11:49] [INFO] AI: Need 1 stones for next level
[2026-04-10 13:11:50] [INFO] AI: Need 1 stones for next level
[2026-04-10 13:11:50] [INFO] Status: Level=1 Food=10 Forks=0
[2026-04-10 13:11:50] [INFO] AI: Need 1 stones for next level
[2026-04-10 13:11:51] [INFO] AI: Need 1 stones for next level
[2026-04-10 13:11:51] [INFO] AI: Need 1 stones for next level
[2026-04-10 13:11:52] [INFO] AI: Need 1 stones for next level
[2026-04-10 13:11:55] [INFO] AI: Need 1 stones for next level
[2026-04-10 13:11:56] [INFO] AI: Need 1 stones for next level
[2026-04-10 13:11:56] [INFO] AI: Need 1 stones for next level
[2026-04-10 13:11:56] [INFO] AI: Need 1 stones for next level
[2026-04-10 13:11:57] [INFO] AI: Need 1 stones for next level
[2026-04-10 13:11:58] [INFO] AI: Need 1 stones for next level
[2026-04-10 13:11:58] [INFO] AI: Need 1 stones for next level
[2026-04-10 13:11:58] [INFO] AI: Need 1 stones for next level
[2026-04-10 13:11:59] [INFO] AI: Need 1 stones for next level
[2026-04-10 13:11:59] [INFO] AI: Need 1 stones for next level
[2026-04-10 13:12:00] [INFO] AI: Need 1 stones for next level
[2026-04-10 13:12:00] [INFO] Status: Level=1 Food=10 Forks=0
[2026-04-10 13:12:00] [INFO] AI: Need 1 stones for next level
[2026-04-10 13:12:01] [INFO] AI: Need 1 stones for next level
[2026-04-10 13:12:01] [INFO] AI: Need 1 stones for next level
[2026-04-10 13:12:02] [INFO] AI: Need 1 stones for next level
[2026-04-10 13:12:02] [INFO] AI: Need 1 stones for next level
[2026-04-10 13:12:03] [INFO] AI: Need 1 stones for next level
[2026-04-10 13:12:03] [INFO] AI: Need 1 stones for next level
[2026-04-10 13:12:04] [INFO] AI: Need 1 stones for next level
[2026-04-10 13:12:04] [INFO] AI: Need 1 stones for next level
[2026-04-10 13:12:05] [INFO] AI: Need 1 stones for next level
[2026-04-10 13:12:05] [INFO] AI: Need 1 stones for next level
[2026-04-10 13:12:06] [INFO] AI: Need 1 stones for next level
[2026-04-10 13:12:06] [INFO] AI: Need 1 stones for next level
[2026-04-10 13:12:06] [INFO] AI: Need 1 stones for next level
[2026-04-10 13:12:07] [INFO] AI: Need 1 stones for next level
[2026-04-10 13:12:08] [INFO] AI: Need 1 stones for next level
[2026-04-10 13:12:08] [INFO] AI: Need 1 stones for next level
[2026-04-10 13:12:08] [INFO] AI: Need 1 stones for next level
[2026-04-10 13:12:09] [INFO] AI: Need 1 stones for next level
[2026-04-10 13:12:10] [INFO] AI: Need 1 stones for next level
[2026-04-10 13:12:10] [INFO] AI: Need 1 stones for next level
[2026-04-10 13:12:10] [INFO] Status: Level=1 Food=10 Forks=0
[2026-04-10 13:12:10] [INFO] AI: Need 1 stones for next level
[2026-04-10 13:12:11] [INFO] AI: Need 1 stones for next level
[2026-04-10 13:12:11] [INFO] AI: Need 1 stones for next level
[2026-04-10 13:12:12] [INFO] AI: Need 1 stones for next level
[2026-04-10 13:12:12] [INFO] AI: Need 1 stones for next level
[2026-04-10 13:12:13] [INFO] AI: Need 1 stones for next level
[2026-04-10 13:12:13] [INFO] AI: Need 1 stones for next level
[2026-04-10 13:12:14] [INFO] AI: Need 1 stones for next level
[2026-04-10 13:12:14] [INFO] AI: Need 1 stones for next level
[2026-04-10 13:12:15] [INFO] AI: Need 1 stones for next level
[2026-04-10 13:12:15] [INFO] AI: Need 1 stones for next level
[2026-04-10 13:12:16] [INFO] AI: Need 1 stones for next level
[2026-04-10 13:12:16] [INFO] AI: Need 1 stones for next level
[2026-04-10 13:12:17] [INFO] AI: Need 1 stones for next level
[2026-04-10 13:12:17] [INFO] AI: Need 1 stones for next level
[2026-04-10 13:12:18] [INFO] AI: Need 1 stones for next level
[2026-04-10 13:12:18] [INFO] AI: Need 1 stones for next level
[2026-04-10 13:12:18] [INFO] AI: Need 1 stones for next level
[2026-04-10 13:12:19] [INFO] AI: Need 1 stones for next level
[2026-04-10 13:12:20] [INFO] AI: Need 1 stones for next level
[2026-04-10 13:12:20] [INFO] AI: Need 1 stones for next level
[2026-04-10 13:12:20] [INFO] Status: Level=1 Food=10 Forks=0
[2026-04-10 13:12:20] [INFO] AI: Need 1 stones for next level
[2026-04-10 13:12:21] [INFO] AI: Need 1 stones for next level
[2026-04-10 13:12:22] [INFO] AI: Need 1 stones for next level
[2026-04-10 13:12:22] [INFO] AI: Need 1 stones for next level
[2026-04-10 13:12:22] [INFO] AI: Need 1 stones for next level
[2026-04-10 13:12:23] [INFO] AI: Need 1 stones for next level
[2026-04-10 13:12:23] [INFO] AI: Need 1 stones for next level
[2026-04-10 13:12:24] [INFO] AI: Need 1 stones for next level
[2026-04-10 13:12:24] [INFO] AI: Need 1 stones for next level
[2026-04-10 13:12:25] [INFO] AI: Need 1 stones for next level
[2026-04-10 13:12:25] [INFO] AI: Need 1 stones for next level
[2026-04-10 13:12:26] [INFO] AI: Need 1 stones for next level
[2026-04-10 13:12:26] [INFO] AI: Need 1 stones for next level
[2026-04-10 13:12:27] [INFO] AI: Need 1 stones for next level
[2026-04-10 13:12:27] [INFO] AI: Need 1 stones for next level
[2026-04-10 13:12:28] [INFO] AI: Need 1 stones for next level
[2026-04-10 13:12:28] [INFO] AI: Need 1 stones for next level
[2026-04-10 13:12:29] [INFO] AI: Need 1 stones for next level
[2026-04-10 13:12:29] [INFO] AI: Need 1 stones for next level
[2026-04-10 13:12:30] [INFO] AI: Need 1 stones for next level
[2026-04-10 13:12:30] [INFO] AI: Need 1 stones for next level
[2026-04-10 13:12:30] [INFO] Status: Level=1 Food=10 Forks=0
[2026-04-10 13:12:30] [INFO] AI: Need 1 stones for next level
[2026-04-10 13:12:31] [INFO] AI: Need 1 stones for next level
[2026-04-10 13:12:32] [INFO] AI: Need 1 stones for next level
[2026-04-10 13:12:32] [INFO] AI: Need 1 stones for next level
[2026-04-10 13:12:32] [INFO] AI: Need 1 stones for next level
[2026-04-10 13:12:33] [INFO] AI: Need 1 stones for next level
[2026-04-10 13:12:34] [INFO] AI: Need 1 stones for next level
[2026-04-10 13:12:34] [INFO] AI: Need 1 stones for next level
[2026-04-10 13:12:34] [INFO] AI: Need 1 stones for next level
[2026-04-10 13:12:35] [INFO] AI: Need 1 stones for next level
[2026-04-10 13:12:35] [INFO] AI: Need 1 stones for next level
[2026-04-10 13:12:36] [INFO] AI: Low food (9), seeking nourriture
[2026-04-10 13:12:38] [WARN] AI: Command failed: prend
[2026-04-10 13:12:38] [INFO] AI: Low food (9), seeking nourriture
[2026-04-10 13:12:39] [WARN] AI: Command failed: prend
[2026-04-10 13:12:39] [INFO] AI: Low food (9), seeking nourriture
[2026-04-10 13:12:39] [WARN] AI: Command failed: prend
[2026-04-10 13:12:39] [INFO] AI: Low food (9), seeking nourriture
[2026-04-10 13:12:39] [WARN] AI: Command failed: prend
[2026-04-10 13:12:39] [INFO] AI: Low food (9), seeking nourriture
[2026-04-10 13:12:40] [WARN] AI: Command failed: prend
[2026-04-10 13:12:40] [INFO] AI: Low food (9), seeking nourriture
[2026-04-10 13:12:40] [WARN] AI: Command failed: prend
[2026-04-10 13:12:40] [INFO] AI: Low food (9), seeking nourriture
[2026-04-10 13:12:40] [INFO] Status: Level=1 Food=9 Forks=0
[2026-04-10 13:12:42] [INFO] AI: Need 1 stones for next level
[2026-04-10 13:12:42] [INFO] AI: Need 1 stones for next level
[2026-04-10 13:12:43] [INFO] AI: Need 1 stones for next level
[2026-04-10 13:12:43] [INFO] AI: Need 1 stones for next level
[2026-04-10 13:12:43] [INFO] AI: Need 1 stones for next level
[2026-04-10 13:12:44] [INFO] AI: Need 1 stones for next level
[2026-04-10 13:12:45] [INFO] AI: Need 1 stones for next level
[2026-04-10 13:12:45] [INFO] AI: Need 1 stones for next level
[2026-04-10 13:12:45] [INFO] AI: Need 1 stones for next level
[2026-04-10 13:12:46] [INFO] AI: Need 1 stones for next level
[2026-04-10 13:12:47] [INFO] AI: Need 1 stones for next level
[2026-04-10 13:12:47] [INFO] AI: Need 1 stones for next level
[2026-04-10 13:12:47] [INFO] AI: Need 1 stones for next level
[2026-04-10 13:12:48] [INFO] AI: Need 1 stones for next level
[2026-04-10 13:12:48] [INFO] AI: Need 1 stones for next level
[2026-04-10 13:12:49] [INFO] AI: Need 1 stones for next level
[2026-04-10 13:12:50] [INFO] AI: Need 1 stones for next level
[2026-04-10 13:12:50] [INFO] AI: Need 1 stones for next level
[2026-04-10 13:12:50] [INFO] AI: Need 1 stones for next level
[2026-04-10 13:12:50] [INFO] Status: Level=1 Food=11 Forks=0
[2026-04-10 13:12:51] [INFO] AI: Need 1 stones for next level
[2026-04-10 13:12:52] [INFO] AI: Need 1 stones for next level
[2026-04-10 13:12:52] [INFO] AI: Need 1 stones for next level
[2026-04-10 13:12:52] [INFO] AI: Need 1 stones for next level
[2026-04-10 13:12:53] [INFO] AI: Need 1 stones for next level
[2026-04-10 13:12:53] [INFO] AI: Need 1 stones for next level
[2026-04-10 13:12:54] [INFO] AI: Need 1 stones for next level
[2026-04-10 13:12:54] [INFO] AI: Need 1 stones for next level
[2026-04-10 13:12:55] [INFO] AI: Need 1 stones for next level
[2026-04-10 13:12:55] [INFO] AI: Need 1 stones for next level
[2026-04-10 13:12:56] [INFO] AI: Need 1 stones for next level
[2026-04-10 13:12:56] [INFO] AI: Need 1 stones for next level
[2026-04-10 13:12:57] [INFO] AI: Need 1 stones for next level
[2026-04-10 13:12:57] [INFO] AI: Need 1 stones for next level
[2026-04-10 13:12:58] [INFO] AI: Need 1 stones for next level
[2026-04-10 13:12:58] [INFO] AI: Need 1 stones for next level
[2026-04-10 13:12:59] [INFO] AI: Need 1 stones for next level
[2026-04-10 13:12:59] [INFO] AI: Need 1 stones for next level
[2026-04-10 13:13:00] [INFO] AI: Need 1 stones for next level
[2026-04-10 13:13:00] [INFO] AI: Need 1 stones for next level
[2026-04-10 13:13:00] [INFO] AI: Need 1 stones for next level
[2026-04-10 13:13:00] [INFO] Status: Level=1 Food=10 Forks=0
[2026-04-10 13:13:01] [INFO] AI: Low food (9), seeking nourriture
[2026-04-10 13:13:03] [INFO] AI: Low food (9), seeking nourriture
[2026-04-10 13:13:04] [WARN] AI: Command failed: prend
[2026-04-10 13:13:04] [INFO] AI: Low food (9), seeking nourriture
[2026-04-10 13:13:06] [INFO] AI: Low food (9), seeking nourriture
[2026-04-10 13:13:07] [INFO] AI: Need 1 stones for next level
[2026-04-10 13:13:08] [INFO] AI: Need 1 stones for next level
[2026-04-10 13:13:08] [INFO] AI: Need 1 stones for next level
[2026-04-10 13:13:08] [INFO] AI: Need 1 stones for next level
[2026-04-10 13:13:09] [INFO] AI: Need 1 stones for next level
[2026-04-10 13:13:10] [INFO] AI: Need 1 stones for next level
[2026-04-10 13:13:10] [INFO] AI: Need 1 stones for next level
[2026-04-10 13:13:11] [INFO] Status: Level=1 Food=14 Forks=0
[2026-04-10 13:13:11] [INFO] AI: Need 1 stones for next level
[2026-04-10 13:13:11] [INFO] AI: Need 1 stones for next level
[2026-04-10 13:13:11] [INFO] AI: Need 1 stones for next level
[2026-04-10 13:13:12] [INFO] AI: Need 1 stones for next level
[2026-04-10 13:13:13] [INFO] AI: Need 1 stones for next level
[2026-04-10 13:13:13] [INFO] AI: Need 1 stones for next level
[2026-04-10 13:13:13] [INFO] AI: Need 1 stones for next level
[2026-04-10 13:13:14] [INFO] AI: Need 1 stones for next level
[2026-04-10 13:13:15] [INFO] AI: Need 1 stones for next level
[2026-04-10 13:13:15] [INFO] AI: Need 1 stones for next level
[2026-04-10 13:13:15] [INFO] AI: Need 1 stones for next level
[2026-04-10 13:13:16] [INFO] AI: Need 1 stones for next level
[2026-04-10 13:13:16] [INFO] AI: Need 1 stones for next level
[2026-04-10 13:13:17] [INFO] AI: Need 1 stones for next level
[2026-04-10 13:13:17] [INFO] AI: Need 1 stones for next level
[2026-04-10 13:13:18] [INFO] AI: Need 1 stones for next level
[2026-04-10 13:13:18] [INFO] AI: Need 1 stones for next level
[2026-04-10 13:13:19] [INFO] AI: Need 1 stones for next level
[2026-04-10 13:13:19] [INFO] AI: Need 1 stones for next level
[2026-04-10 13:13:20] [INFO] AI: Need 1 stones for next level
[2026-04-10 13:13:20] [INFO] AI: Need 1 stones for next level
[2026-04-10 13:13:21] [INFO] Status: Level=1 Food=13 Forks=0
[2026-04-10 13:13:21] [INFO] AI: Need 1 stones for next level
[2026-04-10 13:13:21] [INFO] AI: Need 1 stones for next level
[2026-04-10 13:13:22] [INFO] AI: Need 1 stones for next level
[2026-04-10 13:13:22] [INFO] AI: Need 1 stones for next level
[2026-04-10 13:13:23] [INFO] AI: Need 1 stones for next level
[2026-04-10 13:13:23] [INFO] AI: Need 1 stones for next level
[2026-04-10 13:13:24] [INFO] AI: Need 1 stones for next level
[2026-04-10 13:13:24] [INFO] AI: Need 1 stones for next level
[2026-04-10 13:13:24] [INFO] AI: Need 1 stones for next level
[2026-04-10 13:13:25] [INFO] AI: Need 1 stones for next level
[2026-04-10 13:13:25] [INFO] AI: Need 1 stones for next level
[2026-04-10 13:13:26] [INFO] AI: Need 1 stones for next level
[2026-04-10 13:13:26] [INFO] AI: Need 1 stones for next level
[2026-04-10 13:13:26] [INFO] AI: Need 1 stones for next level
[2026-04-10 13:13:27] [INFO] AI: Need 1 stones for next level
[2026-04-10 13:13:28] [INFO] AI: Need 1 stones for next level
[2026-04-10 13:13:28] [INFO] AI: Need 1 stones for next level
[2026-04-10 13:13:28] [INFO] AI: Need 1 stones for next level
[2026-04-10 13:13:30] [INFO] AI: Need 1 stones for next level
[2026-04-10 13:13:31] [INFO] Status: Level=1 Food=11 Forks=0
[2026-04-10 13:13:32] [INFO] AI: Need 1 stones for next level
[2026-04-10 13:13:32] [INFO] AI: Need 1 stones for next level
[2026-04-10 13:13:33] [INFO] AI: Need 1 stones for next level
[2026-04-10 13:13:33] [INFO] AI: Need 1 stones for next level
[2026-04-10 13:13:34] [INFO] AI: Need 1 stones for next level
[2026-04-10 13:13:34] [INFO] AI: Need 1 stones for next level
[2026-04-10 13:13:34] [INFO] AI: Need 1 stones for next level
[2026-04-10 13:13:35] [INFO] AI: Need 1 stones for next level
[2026-04-10 13:13:36] [INFO] AI: Need 1 stones for next level
[2026-04-10 13:13:36] [INFO] AI: Need 1 stones for next level
[2026-04-10 13:13:36] [INFO] AI: Need 1 stones for next level
[2026-04-10 13:13:37] [INFO] AI: Need 1 stones for next level
[2026-04-10 13:13:38] [INFO] AI: Need 1 stones for next level
[2026-04-10 13:13:38] [INFO] AI: Need 1 stones for next level
[2026-04-10 13:13:38] [INFO] AI: Need 1 stones for next level
[2026-04-10 13:13:39] [INFO] AI: Need 1 stones for next level
[2026-04-10 13:13:39] [INFO] AI: Need 1 stones for next level
[2026-04-10 13:13:40] [INFO] AI: Need 1 stones for next level
[2026-04-10 13:13:40] [INFO] AI: Need 1 stones for next level
[2026-04-10 13:13:41] [INFO] Status: Level=1 Food=10 Forks=0
[2026-04-10 13:13:42] [INFO] AI: Low food (9), seeking nourriture
[2026-04-10 13:13:44] [INFO] AI: Low food (9), seeking nourriture
[2026-04-10 13:13:45] [WARN] AI: Command failed: prend
[2026-04-10 13:13:45] [INFO] AI: Low food (9), seeking nourriture
[2026-04-10 13:13:45] [WARN] AI: Command failed: prend
[2026-04-10 13:13:45] [INFO] AI: Low food (9), seeking nourriture
[2026-04-10 13:13:46] [WARN] AI: Command failed: prend
[2026-04-10 13:13:46] [INFO] AI: Low food (9), seeking nourriture
[2026-04-10 13:13:46] [WARN] AI: Command failed: prend
[2026-04-10 13:13:46] [INFO] AI: Low food (9), seeking nourriture
[2026-04-10 13:13:47] [WARN] AI: Command failed: prend
[2026-04-10 13:13:47] [INFO] AI: Need 1 stones for next level
[2026-04-10 13:13:47] [INFO] AI: Need 1 stones for next level
[2026-04-10 13:13:47] [INFO] AI: Need 1 stones for next level
[2026-04-10 13:13:48] [INFO] AI: Need 1 stones for next level
[2026-04-10 13:13:49] [INFO] AI: Need 1 stones for next level
[2026-04-10 13:13:49] [INFO] AI: Need 1 stones for next level
[2026-04-10 13:13:49] [INFO] AI: Need 1 stones for next level
[2026-04-10 13:13:50] [INFO] AI: Need 1 stones for next level
[2026-04-10 13:13:50] [INFO] AI: Need 1 stones for next level
[2026-04-10 13:13:51] [INFO] Status: Level=1 Food=14 Forks=0
[2026-04-10 13:13:51] [INFO] AI: Need 1 stones for next level
[2026-04-10 13:13:51] [INFO] AI: Need 1 stones for next level
[2026-04-10 13:13:52] [INFO] AI: Need 1 stones for next level
[2026-04-10 13:13:52] [INFO] AI: Need 1 stones for next level
[2026-04-10 13:13:53] [INFO] AI: Need 1 stones for next level
[2026-04-10 13:13:53] [INFO] AI: Need 1 stones for next level
[2026-04-10 13:13:54] [INFO] AI: Need 1 stones for next level
[2026-04-10 13:13:54] [INFO] AI: Need 1 stones for next level
[2026-04-10 13:13:55] [INFO] AI: Need 1 stones for next level
[2026-04-10 13:13:55] [INFO] AI: Need 1 stones for next level
[2026-04-10 13:13:56] [INFO] AI: Need 1 stones for next level
[2026-04-10 13:13:56] [INFO] AI: Need 1 stones for next level
[2026-04-10 13:13:57] [INFO] AI: Need 1 stones for next level
[2026-04-10 13:13:57] [INFO] AI: Need 1 stones for next level
[2026-04-10 13:13:57] [INFO] AI: Need 1 stones for next level
[2026-04-10 13:13:58] [INFO] AI: Need 1 stones for next level
[2026-04-10 13:13:59] [INFO] AI: Need 1 stones for next level
[2026-04-10 13:13:59] [INFO] AI: Need 1 stones for next level
[2026-04-10 13:13:59] [INFO] AI: Need 1 stones for next level
[2026-04-10 13:14:00] [INFO] AI: Need 1 stones for next level
[2026-04-10 13:14:01] [INFO] Status: Level=1 Food=12 Forks=0
[2026-04-10 13:14:01] [INFO] AI: Need 1 stones for next level
[2026-04-10 13:14:01] [INFO] AI: Need 1 stones for next level
[2026-04-10 13:14:01] [INFO] AI: Need 1 stones for next level
[2026-04-10 13:14:02] [INFO] AI: Need 1 stones for next level
[2026-04-10 13:14:02] [INFO] AI: Need 1 stones for next level
[2026-04-10 13:14:03] [INFO] AI: Need 1 stones for next level
[2026-04-10 13:14:03] [INFO] AI: Need 1 stones for next level
[2026-04-10 13:14:04] [INFO] AI: Need 1 stones for next level
[2026-04-10 13:14:04] [INFO] AI: Need 1 stones for next level
[2026-04-10 13:14:05] [INFO] AI: Need 1 stones for next level
[2026-04-10 13:14:06] [INFO] AI: Need 1 stones for next level
[2026-04-10 13:14:08] [INFO] AI: Need 1 stones for next level
[2026-04-10 13:14:10] [INFO] AI: Need 1 stones for next level
[2026-04-10 13:14:11] [INFO] Status: Level=1 Food=11 Forks=0
[2026-04-10 13:14:11] [INFO] AI: Need 1 stones for next level
[2026-04-10 13:14:12] [INFO] AI: Need 1 stones for next level
[2026-04-10 13:14:12] [INFO] AI: Need 1 stones for next level
[2026-04-10 13:14:13] [INFO] AI: Need 1 stones for next level
[2026-04-10 13:14:13] [INFO] AI: Need 1 stones for next level
[2026-04-10 13:14:14] [INFO] AI: Need 1 stones for next level
[2026-04-10 13:14:14] [INFO] AI: Need 1 stones for next level
[2026-04-10 13:14:15] [INFO] AI: Need 1 stones for next level
[2026-04-10 13:14:15] [INFO] AI: Need 1 stones for next level
[2026-04-10 13:14:16] [INFO] AI: Need 1 stones for next level
[2026-04-10 13:14:16] [INFO] AI: Need 1 stones for next level
[2026-04-10 13:14:17] [INFO] AI: Low food (9), seeking nourriture
[2026-04-10 13:14:21] [INFO] Status: Level=1 Food=9 Forks=0
[2026-04-10 13:14:21] [WARN] AI: Command failed: prend
[2026-04-10 13:14:21] [INFO] AI: Low food (9), seeking nourriture
[2026-04-10 13:14:21] [WARN] AI: Command failed: prend
[2026-04-10 13:14:21] [INFO] AI: Need 1 stones for next level
[2026-04-10 13:14:22] [INFO] AI: Need 1 stones for next level
[2026-04-10 13:14:22] [INFO] AI: Need 1 stones for next level
[2026-04-10 13:14:23] [INFO] AI: Need 1 stones for next level
[2026-04-10 13:14:24] [INFO] AI: Need 1 stones for next level
[2026-04-10 13:14:26] [INFO] AI: Need 1 stones for next level
[2026-04-10 13:14:26] [INFO] AI: Need 1 stones for next level
[2026-04-10 13:14:27] [INFO] AI: Need 1 stones for next level
[2026-04-10 13:14:27] [INFO] AI: Need 1 stones for next level
[2026-04-10 13:14:28] [INFO] AI: Need 1 stones for next level
[2026-04-10 13:14:28] [INFO] AI: Need 1 stones for next level
[2026-04-10 13:14:28] [INFO] AI: Need 1 stones for next level
[2026-04-10 13:14:29] [INFO] AI: Need 1 stones for next level
[2026-04-10 13:14:30] [INFO] AI: Need 1 stones for next level
[2026-04-10 13:14:30] [INFO] AI: Need 1 stones for next level
[2026-04-10 13:14:30] [INFO] AI: Need 1 stones for next level
[2026-04-10 13:14:31] [INFO] Status: Level=1 Food=18 Forks=0
[2026-04-10 13:14:31] [INFO] AI: Need 1 stones for next level
[2026-04-10 13:14:32] [INFO] AI: Need 1 stones for next level
[2026-04-10 13:14:32] [INFO] AI: Need 1 stones for next level
[2026-04-10 13:14:32] [INFO] AI: Need 1 stones for next level
[2026-04-10 13:14:33] [INFO] AI: Need 1 stones for next level
[2026-04-10 13:14:33] [INFO] AI: Need 1 stones for next level
[2026-04-10 13:14:34] [INFO] AI: Need 1 stones for next level
[2026-04-10 13:14:35] [INFO] AI: Need 1 stones for next level
[2026-04-10 13:14:35] [INFO] AI: Need 1 stones for next level
[2026-04-10 13:14:35] [INFO] AI: Need 1 stones for next level
[2026-04-10 13:14:36] [INFO] AI: Need 1 stones for next level
[2026-04-10 13:14:37] [INFO] AI: Need 1 stones for next level
[2026-04-10 13:14:37] [INFO] AI: Need 1 stones for next level
[2026-04-10 13:14:37] [INFO] AI: Need 1 stones for next level
[2026-04-10 13:14:38] [INFO] AI: Need 1 stones for next level
[2026-04-10 13:14:38] [INFO] AI: Need 1 stones for next level
[2026-04-10 13:14:39] [INFO] AI: Need 1 stones for next level
[2026-04-10 13:14:39] [INFO] AI: Need 1 stones for next level
[2026-04-10 13:14:40] [INFO] AI: Need 1 stones for next level
[2026-04-10 13:14:40] [INFO] AI: Need 1 stones for next level
[2026-04-10 13:14:41] [INFO] AI: Need 1 stones for next level
[2026-04-10 13:14:41] [INFO] Status: Level=1 Food=16 Forks=0
[2026-04-10 13:14:41] [INFO] AI: Need 1 stones for next level
[2026-04-10 13:14:42] [INFO] AI: Need 1 stones for next level
[2026-04-10 13:14:42] [INFO] AI: Need 1 stones for next level
[2026-04-10 13:14:43] [INFO] AI: Need 1 stones for next level
[2026-04-10 13:14:43] [INFO] AI: Need 1 stones for next level
[2026-04-10 13:14:44] [INFO] AI: Need 1 stones for next level
[2026-04-10 13:14:44] [INFO] AI: Need 1 stones for next level
[2026-04-10 13:14:45] [INFO] AI: Need 1 stones for next level
[2026-04-10 13:14:45] [INFO] AI: Need 1 stones for next level
[2026-04-10 13:14:45] [INFO] AI: Need 1 stones for next level
[2026-04-10 13:14:46] [INFO] AI: Need 1 stones for next level
[2026-04-10 13:14:47] [INFO] AI: Need 1 stones for next level
[2026-04-10 13:14:47] [INFO] AI: Need 1 stones for next level
[2026-04-10 13:14:47] [INFO] AI: Need 1 stones for next level
[2026-04-10 13:14:48] [INFO] AI: Need 1 stones for next level
[2026-04-10 13:14:49] [INFO] AI: Need 1 stones for next level
[2026-04-10 13:14:49] [INFO] AI: Need 1 stones for next level
[2026-04-10 13:14:50] [INFO] AI: Need 1 stones for next level
[2026-04-10 13:14:50] [INFO] AI: Need 1 stones for next level
[2026-04-10 13:14:50] [INFO] AI: Need 1 stones for next level
[2026-04-10 13:14:51] [INFO] Status: Level=1 Food=14 Forks=0
[2026-04-10 13:14:51] [INFO] AI: Need 1 stones for next level
[2026-04-10 13:14:52] [INFO] AI: Need 1 stones for next level
[2026-04-10 13:14:52] [INFO] AI: Need 1 stones for next level
[2026-04-10 13:14:52] [INFO] AI: Need 1 stones for next level
[2026-04-10 13:14:53] [INFO] AI: Forking to increase team size
[2026-04-10 13:14:55] [INFO] Fork successful! Total forks: 1
[2026-04-10 13:14:55] [INFO] Fork successful! Total forks: 2
[2026-04-10 13:14:56] [INFO] AI: Need 1 stones for next level
[2026-04-10 13:14:58] [INFO] AI: Need 1 stones for next level
[2026-04-10 13:14:59] [INFO] AI: Need 1 stones for next level
[2026-04-10 13:15:00] [INFO] AI: Need 1 stones for next level
[2026-04-10 13:15:00] [INFO] AI: Need 1 stones for next level
[2026-04-10 13:15:01] [INFO] AI: Need 1 stones for next level
[2026-04-10 13:15:01] [INFO] Status: Level=1 Food=13 Forks=2
[2026-04-10 13:15:01] [INFO] AI: Need 1 stones for next level
[2026-04-10 13:15:02] [INFO] AI: Need 1 stones for next level
[2026-04-10 13:15:02] [INFO] AI: Need 1 stones for next level
[2026-04-10 13:15:03] [INFO] AI: Need 1 stones for next level
[2026-04-10 13:15:03] [INFO] AI: Need 1 stones for next level
[2026-04-10 13:15:04] [INFO] AI: Need 1 stones for next level
[2026-04-10 13:15:04] [INFO] AI: Need 1 stones for next level
[2026-04-10 13:15:05] [INFO] AI: Need 1 stones for next level
[2026-04-10 13:15:05] [INFO] AI: Need 1 stones for next level
[2026-04-10 13:15:06] [INFO] AI: Need 1 stones for next level
[2026-04-10 13:15:06] [INFO] AI: Need 1 stones for next level
[2026-04-10 13:15:07] [INFO] AI: Need 1 stones for next level
[2026-04-10 13:15:07] [INFO] AI: Need 1 stones for next level
[2026-04-10 13:15:08] [INFO] AI: Need 1 stones for next level
[2026-04-10 13:15:11] [INFO] Status: Level=1 Food=11 Forks=2
[2026-04-10 13:15:11] [INFO] AI: Need 1 stones for next level
[2026-04-10 13:15:12] [INFO] AI: Need 1 stones for next level
[2026-04-10 13:15:12] [INFO] AI: Need 1 stones for next level
[2026-04-10 13:15:13] [INFO] AI: Need 1 stones for next level
[2026-04-10 13:15:13] [INFO] AI: Need 1 stones for next level
[2026-04-10 13:15:14] [INFO] AI: Need 1 stones for next level
[2026-04-10 13:15:14] [INFO] AI: Need 1 stones for next level
[2026-04-10 13:15:15] [INFO] AI: Need 1 stones for next level
[2026-04-10 13:15:15] [INFO] AI: Need 1 stones for next level
[2026-04-10 13:15:15] [INFO] AI: Need 1 stones for next level
[2026-04-10 13:15:16] [INFO] AI: Need 1 stones for next level
[2026-04-10 13:15:17] [INFO] AI: Need 1 stones for next level
[2026-04-10 13:15:17] [INFO] AI: Low food (9), seeking nourriture
[2026-04-10 13:15:18] [WARN] AI: Command failed: prend
[2026-04-10 13:15:18] [INFO] AI: Low food (9), seeking nourriture
[2026-04-10 13:15:18] [WARN] AI: Command failed: prend
[2026-04-10 13:15:18] [INFO] AI: Low food (9), seeking nourriture
[2026-04-10 13:15:19] [WARN] AI: Command failed: prend
[2026-04-10 13:15:19] [INFO] AI: Low food (9), seeking nourriture
[2026-04-10 13:15:19] [WARN] AI: Command failed: prend
[2026-04-10 13:15:19] [INFO] AI: Low food (9), seeking nourriture
[2026-04-10 13:15:19] [WARN] AI: Command failed: prend
[2026-04-10 13:15:19] [INFO] AI: Low food (9), seeking nourriture
[2026-04-10 13:15:20] [WARN] AI: Command failed: prend
[2026-04-10 13:15:20] [INFO] AI: Low food (9), seeking nourriture
[2026-04-10 13:15:20] [WARN] AI: Command failed: prend
[2026-04-10 13:15:20] [INFO] AI: Low food (9), seeking nourriture
[2026-04-10 13:15:21] [INFO] Status: Level=1 Food=9 Forks=2
[2026-04-10 13:15:22] [INFO] AI: Low food (9), seeking nourriture
[2026-04-10 13:15:23] [INFO] AI: Need 1 stones for next level
[2026-04-10 13:15:24] [INFO] AI: Need 1 stones for next level
[2026-04-10 13:15:24] [INFO] AI: Need 1 stones for next level
[2026-04-10 13:15:25] [INFO] AI: Need 1 stones for next level
[2026-04-10 13:15:26] [INFO] AI: Need 1 stones for next level
[2026-04-10 13:15:26] [INFO] AI: Need 1 stones for next level
[2026-04-10 13:15:26] [INFO] AI: Need 1 stones for next level
[2026-04-10 13:15:27] [INFO] AI: Need 1 stones for next level
[2026-04-10 13:15:28] [INFO] AI: Low food (9), seeking nourriture
[2026-04-10 13:15:29] [INFO] AI: Low food (9), seeking nourriture
[2026-04-10 13:15:30] [WARN] AI: Command failed: prend
[2026-04-10 13:15:30] [INFO] AI: Low food (9), seeking nourriture
[2026-04-10 13:15:30] [WARN] AI: Command failed: prend
[2026-04-10 13:15:30] [INFO] AI: Low food (9), seeking nourriture
[2026-04-10 13:15:30] [WARN] AI: Command failed: prend
[2026-04-10 13:15:30] [INFO] AI: Low food (9), seeking nourriture
[2026-04-10 13:15:31] [INFO] Status: Level=1 Food=9 Forks=2
[2026-04-10 13:15:31] [WARN] AI: Command failed: prend
[2026-04-10 13:15:31] [INFO] AI: Low food (9), seeking nourriture
[2026-04-10 13:15:31] [WARN] AI: Command failed: prend
[2026-04-10 13:15:31] [INFO] AI: Low food (9), seeking nourriture
[2026-04-10 13:15:32] [WARN] AI: Command failed: prend
[2026-04-10 13:15:32] [INFO] AI: Low food (9), seeking nourriture
[2026-04-10 13:15:32] [WARN] AI: Command failed: prend
[2026-04-10 13:15:32] [INFO] AI: Need 1 stones for next level
[2026-04-10 13:15:33] [INFO] AI: Need 1 stones for next level
[2026-04-10 13:15:33] [INFO] AI: Need 1 stones for next level
[2026-04-10 13:15:33] [INFO] AI: Need 1 stones for next level
[2026-04-10 13:15:34] [INFO] AI: Need 1 stones for next level
[2026-04-10 13:15:35] [INFO] AI: Need 1 stones for next level
[2026-04-10 13:15:35] [INFO] AI: Need 1 stones for next level
[2026-04-10 13:15:35] [INFO] AI: Need 1 stones for next level
[2026-04-10 13:15:36] [INFO] AI: Need 1 stones for next level
[2026-04-10 13:15:36] [INFO] AI: Need 1 stones for next level
[2026-04-10 13:15:37] [INFO] AI: Need 1 stones for next level
[2026-04-10 13:15:37] [INFO] AI: Need 1 stones for next level
[2026-04-10 13:15:38] [INFO] AI: Need 1 stones for next level
[2026-04-10 13:15:38] [INFO] AI: Need 1 stones for next level
[2026-04-10 13:15:39] [INFO] AI: Need 1 stones for next level
[2026-04-10 13:15:39] [INFO] AI: Need 1 stones for next level
[2026-04-10 13:15:40] [INFO] AI: Need 1 stones for next level
[2026-04-10 13:15:40] [INFO] AI: Need 1 stones for next level
[2026-04-10 13:15:41] [INFO] AI: Need 1 stones for next level
[2026-04-10 13:15:41] [INFO] Status: Level=1 Food=10 Forks=2
[2026-04-10 13:15:41] [INFO] AI: Need 1 stones for next level
[2026-04-10 13:15:44] [INFO] AI: Need 1 stones for next level
[2026-04-10 13:15:45] [INFO] AI: Need 1 stones for next level
[2026-04-10 13:15:45] [INFO] AI: Need 1 stones for next level
[2026-04-10 13:15:45] [INFO] AI: Need 1 stones for next level
[2026-04-10 13:15:46] [INFO] AI: Need 1 stones for next level
[2026-04-10 13:15:47] [INFO] AI: Need 1 stones for next level
[2026-04-10 13:15:47] [INFO] AI: Need 1 stones for next level
[2026-04-10 13:15:47] [INFO] AI: Low food (9), seeking nourriture
[2026-04-10 13:15:48] [WARN] AI: Command failed: prend
[2026-04-10 13:15:48] [INFO] AI: Low food (9), seeking nourriture
[2026-04-10 13:15:48] [WARN] AI: Command failed: prend
[2026-04-10 13:15:48] [INFO] AI: Low food (9), seeking nourriture
[2026-04-10 13:15:49] [WARN] AI: Command failed: prend
[2026-04-10 13:15:49] [INFO] AI: Low food (9), seeking nourriture
[2026-04-10 13:15:49] [WARN] AI: Command failed: prend
[2026-04-10 13:15:49] [INFO] AI: Low food (9), seeking nourriture
[2026-04-10 13:15:49] [WARN] AI: Command failed: prend
[2026-04-10 13:15:49] [INFO] AI: Low food (9), seeking nourriture
[2026-04-10 13:15:50] [WARN] AI: Command failed: prend
[2026-04-10 13:15:50] [INFO] AI: Low food (9), seeking nourriture
[2026-04-10 13:15:50] [WARN] AI: Command failed: prend
[2026-04-10 13:15:50] [INFO] AI: Low food (9), seeking nourriture
[2026-04-10 13:15:51] [INFO] Status: Level=1 Food=9 Forks=2
[2026-04-10 13:15:52] [INFO] AI: Low food (9), seeking nourriture
[2026-04-10 13:15:53] [INFO] AI: Low food (8), seeking nourriture
[2026-04-10 13:15:54] [INFO] AI: Low food (8), seeking nourriture
[2026-04-10 13:15:54] [INFO] AI: Low food (8), seeking nourriture
[2026-04-10 13:15:55] [INFO] AI: Low food (8), seeking nourriture
[2026-04-10 13:15:55] [INFO] AI: Low food (8), seeking nourriture
[2026-04-10 13:15:56] [INFO] AI: Low food (8), seeking nourriture
[2026-04-10 13:15:56] [INFO] AI: Low food (8), seeking nourriture
[2026-04-10 13:15:56] [INFO] AI: Need 1 stones for next level
[2026-04-10 13:15:57] [INFO] AI: Need 1 stones for next level
[2026-04-10 13:15:57] [INFO] AI: Need 1 stones for next level
[2026-04-10 13:15:58] [INFO] AI: Need 1 stones for next level
[2026-04-10 13:15:58] [INFO] AI: Need 1 stones for next level
[2026-04-10 13:15:59] [INFO] AI: Need 1 stones for next level
[2026-04-10 13:15:59] [INFO] AI: Need 1 stones for next level
[2026-04-10 13:15:59] [INFO] AI: Low food (7), seeking nourriture
[2026-04-10 13:16:01] [INFO] Status: Level=1 Food=7 Forks=2
[2026-04-10 13:16:02] [WARN] AI: Command failed: prend
[2026-04-10 13:16:02] [INFO] AI: Low food (7), seeking nourriture
[2026-04-10 13:16:03] [WARN] AI: Command failed: prend
[2026-04-10 13:16:03] [INFO] AI: Need 1 stones for next level
[2026-04-10 13:16:03] [INFO] AI: Need 1 stones for next level
[2026-04-10 13:16:04] [INFO] AI: Need 1 stones for next level
[2026-04-10 13:16:04] [INFO] AI: Need 1 stones for next level
[2026-04-10 13:16:05] [INFO] AI: Need 1 stones for next level
[2026-04-10 13:16:05] [INFO] AI: Need 1 stones for next level
[2026-04-10 13:16:06] [INFO] AI: Need 1 stones for next level
[2026-04-10 13:16:06] [INFO] AI: Need 1 stones for next level
[2026-04-10 13:16:07] [INFO] AI: Need 1 stones for next level
[2026-04-10 13:16:07] [INFO] AI: Need 1 stones for next level
[2026-04-10 13:16:07] [INFO] AI: Need 1 stones for next level
[2026-04-10 13:16:08] [INFO] AI: Need 1 stones for next level
[2026-04-10 13:16:09] [INFO] AI: Need 1 stones for next level
[2026-04-10 13:16:09] [INFO] AI: Need 1 stones for next level
[2026-04-10 13:16:09] [INFO] AI: Need 1 stones for next level
[2026-04-10 13:16:10] [INFO] AI: Need 1 stones for next level
[2026-04-10 13:16:11] [INFO] AI: Need 1 stones for next level
[2026-04-10 13:16:11] [INFO] Status: Level=1 Food=12 Forks=2
[2026-04-10 13:16:11] [INFO] AI: Need 1 stones for next level
[2026-04-10 13:16:11] [INFO] AI: Need 1 stones for next level
[2026-04-10 13:16:13] [INFO] AI: Need 1 stones for next level
[2026-04-10 13:16:15] [INFO] AI: Need 1 stones for next level
[2026-04-10 13:16:15] [INFO] AI: Need 1 stones for next level
[2026-04-10 13:16:16] [INFO] AI: Need 1 stones for next level
[2026-04-10 13:16:16] [INFO] AI: Need 1 stones for next level
[2026-04-10 13:16:17] [INFO] AI: Need 1 stones for next level
[2026-04-10 13:16:17] [INFO] AI: Need 1 stones for next level
[2026-04-10 13:16:18] [INFO] AI: Need 1 stones for next level
[2026-04-10 13:16:19] [INFO] AI: Need 1 stones for next level
[2026-04-10 13:16:21] [INFO] AI: Need 1 stones for next level
[2026-04-10 13:16:21] [INFO] Status: Level=1 Food=10 Forks=2
[2026-04-10 13:16:22] [INFO] AI: Low food (9), seeking nourriture
[2026-04-10 13:16:24] [INFO] AI: Need 1 stones for next level
[2026-04-10 13:16:26] [INFO] AI: Need 1 stones for next level
[2026-04-10 13:16:27] [INFO] AI: Low food (9), seeking nourriture
[2026-04-10 13:16:28] [WARN] AI: Command failed: prend
[2026-04-10 13:16:28] [INFO] AI: Low food (8), seeking nourriture
[2026-04-10 13:16:29] [WARN] AI: Command failed: prend
[2026-04-10 13:16:29] [INFO] AI: Low food (8), seeking nourriture
[2026-04-10 13:16:29] [WARN] AI: Command failed: prend
[2026-04-10 13:16:29] [INFO] AI: Low food (8), seeking nourriture
[2026-04-10 13:16:29] [WARN] AI: Command failed: prend
[2026-04-10 13:16:29] [INFO] AI: Low food (8), seeking nourriture
[2026-04-10 13:16:31] [INFO] Status: Level=1 Food=8 Forks=2
[2026-04-10 13:16:31] [INFO] AI: Low food (8), seeking nourriture
[2026-04-10 13:16:33] [INFO] AI: Low food (9), seeking nourriture
[2026-04-10 13:16:33] [INFO] AI: Low food (9), seeking nourriture
[2026-04-10 13:16:34] [WARN] AI: Command failed: prend
[2026-04-10 13:16:34] [INFO] AI: Low food (9), seeking nourriture
[2026-04-10 13:16:35] [WARN] AI: Command failed: prend
[2026-04-10 13:16:35] [INFO] AI: Low food (9), seeking nourriture
[2026-04-10 13:16:35] [WARN] AI: Command failed: prend
[2026-04-10 13:16:35] [INFO] AI: Low food (9), seeking nourriture
[2026-04-10 13:16:35] [WARN] AI: Command failed: prend
[2026-04-10 13:16:35] [INFO] AI: Low food (9), seeking nourriture
[2026-04-10 13:16:36] [INFO] AI: Low food (9), seeking nourriture
[2026-04-10 13:16:36] [INFO] AI: Low food (9), seeking nourriture
[2026-04-10 13:16:37] [INFO] AI: Low food (9), seeking nourriture
[2026-04-10 13:16:37] [INFO] AI: Low food (9), seeking nourriture
[2026-04-10 13:16:38] [INFO] AI: Need 1 stones for next level
[2026-04-10 13:16:39] [INFO] AI: Need 1 stones for next level
[2026-04-10 13:16:40] [INFO] AI: Need 1 stones for next level
[2026-04-10 13:16:40] [INFO] AI: Need 1 stones for next level
[2026-04-10 13:16:41] [INFO] AI: Need 1 stones for next level
[2026-04-10 13:16:41] [INFO] Status: Level=1 Food=11 Forks=2
[2026-04-10 13:16:41] [INFO] AI: Need 1 stones for next level
[2026-04-10 13:16:42] [INFO] AI: Need 1 stones for next level
[2026-04-10 13:16:42] [INFO] AI: Need 1 stones for next level
[2026-04-10 13:16:43] [INFO] AI: Need 1 stones for next level
[2026-04-10 13:16:43] [INFO] AI: Need 1 stones for next level
[2026-04-10 13:16:44] [INFO] AI: Need 1 stones for next level
[2026-04-10 13:16:44] [INFO] AI: Need 1 stones for next level
[2026-04-10 13:16:44] [INFO] AI: Need 1 stones for next level
[2026-04-10 13:16:45] [INFO] AI: Need 1 stones for next level
[2026-04-10 13:16:46] [INFO] AI: Need 1 stones for next level
[2026-04-10 13:16:46] [INFO] AI: Need 1 stones for next level
[2026-04-10 13:16:46] [INFO] AI: Need 1 stones for next level
[2026-04-10 13:16:47] [INFO] AI: Need 1 stones for next level
[2026-04-10 13:16:48] [INFO] AI: Low food (9), seeking nourriture
[2026-04-10 13:16:49] [INFO] AI: Low food (9), seeking nourriture
[2026-04-10 13:16:51] [INFO] AI: Low food (9), seeking nourriture
[2026-04-10 13:16:51] [INFO] Status: Level=1 Food=9 Forks=2
[2026-04-10 13:16:53] [INFO] AI: Low food (9), seeking nourriture
[2026-04-10 13:16:54] [INFO] AI: Low food (8), seeking nourriture
[2026-04-10 13:16:55] [INFO] AI: Low food (8), seeking nourriture
[2026-04-10 13:16:55] [INFO] AI: Low food (8), seeking nourriture
[2026-04-10 13:16:55] [INFO] AI: Low food (8), seeking nourriture
[2026-04-10 13:16:56] [INFO] AI: Low food (8), seeking nourriture
[2026-04-10 13:16:56] [INFO] AI: Low food (8), seeking nourriture
[2026-04-10 13:16:57] [INFO] AI: Low food (8), seeking nourriture
[2026-04-10 13:16:57] [INFO] AI: Low food (8), seeking nourriture
[2026-04-10 13:16:58] [INFO] AI: Low food (9), seeking nourriture
[2026-04-10 13:16:59] [INFO] AI: Low food (9), seeking nourriture
[2026-04-10 13:16:59] [WARN] AI: Command failed: prend
[2026-04-10 13:16:59] [INFO] AI: Low food (9), seeking nourriture
[2026-04-10 13:17:00] [WARN] AI: Command failed: prend
[2026-04-10 13:17:00] [INFO] AI: Low food (9), seeking nourriture
[2026-04-10 13:17:01] [INFO] Status: Level=1 Food=9 Forks=2
[2026-04-10 13:17:01] [WARN] AI: Command failed: prend
[2026-04-10 13:17:01] [INFO] AI: Low food (9), seeking nourriture
[2026-04-10 13:17:01] [WARN] AI: Command failed: prend
[2026-04-10 13:17:01] [INFO] AI: Low food (9), seeking nourriture
[2026-04-10 13:17:02] [WARN] AI: Command failed: prend
[2026-04-10 13:17:02] [INFO] AI: Low food (9), seeking nourriture
[2026-04-10 13:17:02] [WARN] AI: Command failed: prend
[2026-04-10 13:17:02] [INFO] AI: Low food (9), seeking nourriture
[2026-04-10 13:17:03] [WARN] AI: Command failed: prend
[2026-04-10 13:17:03] [INFO] AI: Need 1 stones for next level
[2026-04-10 13:17:03] [INFO] AI: Need 1 stones for next level
[2026-04-10 13:17:04] [INFO] AI: Need 1 stones for next level
[2026-04-10 13:17:04] [INFO] AI: Need 1 stones for next level
[2026-04-10 13:17:04] [INFO] AI: Need 1 stones for next level
[2026-04-10 13:17:05] [INFO] AI: Need 1 stones for next level
[2026-04-10 13:17:05] [INFO] AI: Need 1 stones for next level
[2026-04-10 13:17:06] [INFO] AI: Need 1 stones for next level
[2026-04-10 13:17:06] [INFO] AI: Need 1 stones for next level
[2026-04-10 13:17:07] [INFO] AI: Need 1 stones for next level
[2026-04-10 13:17:07] [INFO] AI: Need 1 stones for next level
[2026-04-10 13:17:07] [INFO] AI: Need 1 stones for next level
[2026-04-10 13:17:08] [INFO] AI: Need 1 stones for next level
[2026-04-10 13:17:08] [INFO] AI: Need 1 stones for next level
[2026-04-10 13:17:09] [INFO] AI: Need 1 stones for next level
[2026-04-10 13:17:09] [INFO] AI: Need 1 stones for next level
[2026-04-10 13:17:10] [INFO] AI: Need 1 stones for next level
[2026-04-10 13:17:10] [INFO] AI: Need 1 stones for next level
[2026-04-10 13:17:11] [INFO] AI: Need 1 stones for next level
[2026-04-10 13:17:11] [INFO] Status: Level=1 Food=11 Forks=2
[2026-04-10 13:17:11] [INFO] AI: Need 1 stones for next level
[2026-04-10 13:17:12] [INFO] AI: Need 1 stones for next level
[2026-04-10 13:17:15] [INFO] AI: Need 1 stones for next level
[2026-04-10 13:17:16] [INFO] AI: Need 1 stones for next level
[2026-04-10 13:17:16] [INFO] AI: Need 1 stones for next level
[2026-04-10 13:17:16] [INFO] AI: Need 1 stones for next level
[2026-04-10 13:17:17] [INFO] AI: Need 1 stones for next level
[2026-04-10 13:17:18] [INFO] AI: Need 1 stones for next level
[2026-04-10 13:17:18] [INFO] AI: Low food (9), seeking nourriture
[2026-04-10 13:17:18] [WARN] AI: Command failed: prend
[2026-04-10 13:17:18] [INFO] AI: Low food (9), seeking nourriture
[2026-04-10 13:17:19] [WARN] AI: Command failed: prend
[2026-04-10 13:17:19] [INFO] AI: Low food (9), seeking nourriture
[2026-04-10 13:17:19] [WARN] AI: Command failed: prend
[2026-04-10 13:17:19] [INFO] AI: Low food (9), seeking nourriture
[2026-04-10 13:17:20] [WARN] AI: Command failed: prend
[2026-04-10 13:17:20] [INFO] AI: Low food (9), seeking nourriture
[2026-04-10 13:17:20] [WARN] AI: Command failed: prend
[2026-04-10 13:17:20] [INFO] AI: Low food (9), seeking nourriture
[2026-04-10 13:17:20] [WARN] AI: Command failed: prend
[2026-04-10 13:17:20] [INFO] AI: Low food (9), seeking nourriture
[2026-04-10 13:17:21] [WARN] AI: Command failed: prend
[2026-04-10 13:17:21] [INFO] AI: Low food (9), seeking nourriture
[2026-04-10 13:17:21] [INFO] Status: Level=1 Food=9 Forks=2
[2026-04-10 13:17:22] [INFO] AI: Low food (9), seeking nourriture
[2026-04-10 13:17:24] [INFO] AI: Low food (9), seeking nourriture
[2026-04-10 13:17:25] [WARN] AI: Command failed: prend
[2026-04-10 13:17:25] [INFO] AI: Low food (9), seeking nourriture
[2026-04-10 13:17:26] [WARN] AI: Command failed: prend
[2026-04-10 13:17:26] [INFO] AI: Low food (9), seeking nourriture
[2026-04-10 13:17:26] [WARN] AI: Command failed: prend
[2026-04-10 13:17:26] [INFO] AI: Low food (9), seeking nourriture
[2026-04-10 13:17:27] [WARN] AI: Command failed: prend
[2026-04-10 13:17:27] [INFO] AI: Low food (9), seeking nourriture
[2026-04-10 13:17:27] [WARN] AI: Command failed: prend
[2026-04-10 13:17:27] [INFO] AI: Low food (9), seeking nourriture
[2026-04-10 13:17:29] [INFO] AI: Need 1 stones for next level
[2026-04-10 13:17:29] [INFO] AI: Need 1 stones for next level
[2026-04-10 13:17:29] [INFO] AI: Need 1 stones for next level
[2026-04-10 13:17:30] [INFO] AI: Need 1 stones for next level
[2026-04-10 13:17:31] [INFO] AI: Need 1 stones for next level
[2026-04-10 13:17:31] [INFO] AI: Need 1 stones for next level
[2026-04-10 13:17:31] [INFO] Status: Level=1 Food=10 Forks=2
[2026-04-10 13:17:31] [INFO] AI: Need 1 stones for next level
[2026-04-10 13:17:32] [INFO] AI: Need 1 stones for next level
[2026-04-10 13:17:32] [INFO] AI: Need 1 stones for next level
[2026-04-10 13:17:33] [INFO] AI: Need 1 stones for next level
[2026-04-10 13:17:33] [INFO] AI: Need 1 stones for next level
[2026-04-10 13:17:34] [INFO] AI: Need 1 stones for next level
[2026-04-10 13:17:34] [INFO] AI: Need 1 stones for next level
[2026-04-10 13:17:35] [INFO] AI: Need 1 stones for next level
[2026-04-10 13:17:35] [INFO] AI: Need 1 stones for next level
[2026-04-10 13:17:36] [INFO] AI: Low food (9), seeking nourriture
[2026-04-10 13:17:38] [INFO] AI: Low food (9), seeking nourriture
[2026-04-10 13:17:39] [INFO] AI: Low food (8), seeking nourriture
[2026-04-10 13:17:40] [WARN] AI: Command failed: prend
[2026-04-10 13:17:40] [INFO] AI: Low food (8), seeking nourriture
[2026-04-10 13:17:40] [WARN] AI: Command failed: prend
[2026-04-10 13:17:40] [INFO] AI: Low food (8), seeking nourriture
[2026-04-10 13:17:40] [WARN] AI: Command failed: prend
[2026-04-10 13:17:40] [INFO] AI: Low food (8), seeking nourriture
[2026-04-10 13:17:41] [WARN] AI: Command failed: prend
[2026-04-10 13:17:41] [INFO] AI: Low food (8), seeking nourriture
[2026-04-10 13:17:41] [INFO] Status: Level=1 Food=8 Forks=2
[2026-04-10 13:17:41] [WARN] AI: Command failed: prend
[2026-04-10 13:17:41] [INFO] AI: Low food (8), seeking nourriture
[2026-04-10 13:17:42] [WARN] AI: Command failed: prend
[2026-04-10 13:17:42] [INFO] AI: Low food (8), seeking nourriture
[2026-04-10 13:17:42] [WARN] AI: Command failed: prend
[2026-04-10 13:17:42] [INFO] AI: Low food (8), seeking nourriture
[2026-04-10 13:17:44] [INFO] AI: Low food (7), seeking nourriture
[2026-04-10 13:17:45] [INFO] AI: Low food (7), seeking nourriture
[2026-04-10 13:17:46] [INFO] AI: Low food (7), seeking nourriture
[2026-04-10 13:17:46] [INFO] AI: Low food (7), seeking nourriture
[2026-04-10 13:17:47] [INFO] AI: Low food (7), seeking nourriture
[2026-04-10 13:17:47] [INFO] AI: Low food (7), seeking nourriture
[2026-04-10 13:17:47] [INFO] AI: Low food (7), seeking nourriture
[2026-04-10 13:17:48] [INFO] AI: Low food (7), seeking nourriture
[2026-04-10 13:17:48] [INFO] AI: Need 1 stones for next level
[2026-04-10 13:17:49] [INFO] AI: Need 1 stones for next level
[2026-04-10 13:17:49] [INFO] AI: Need 1 stones for next level
[2026-04-10 13:17:49] [INFO] AI: Need 1 stones for next level
[2026-04-10 13:17:50] [INFO] AI: Need 1 stones for next level
[2026-04-10 13:17:51] [INFO] AI: Need 1 stones for next level
[2026-04-10 13:17:51] [INFO] AI: Low food (7), seeking nourriture
[2026-04-10 13:17:51] [INFO] Status: Level=1 Food=7 Forks=2
[2026-04-10 13:17:52] [INFO] AI: Low food (7), seeking nourriture
[2026-04-10 13:17:53] [WARN] AI: Command failed: prend
[2026-04-10 13:17:53] [INFO] AI: Low food (7), seeking nourriture
[2026-04-10 13:17:53] [WARN] AI: Command failed: prend
[2026-04-10 13:17:53] [INFO] AI: Need 1 stones for next level
[2026-04-10 13:17:54] [INFO] AI: Need 1 stones for next level
[2026-04-10 13:17:54] [INFO] AI: Need 1 stones for next level
[2026-04-10 13:17:55] [INFO] AI: Need 1 stones for next level
[2026-04-10 13:17:55] [INFO] AI: Need 1 stones for next level
[2026-04-10 13:17:56] [INFO] AI: Need 1 stones for next level
[2026-04-10 13:17:56] [INFO] AI: Need 1 stones for next level
[2026-04-10 13:17:57] [INFO] AI: Need 1 stones for next level
[2026-04-10 13:17:57] [INFO] AI: Need 1 stones for next level
[2026-04-10 13:17:58] [INFO] AI: Need 1 stones for next level
[2026-04-10 13:17:58] [INFO] AI: Low food (9), seeking nourriture
[2026-04-10 13:17:59] [WARN] AI: Command failed: prend
[2026-04-10 13:17:59] [INFO] AI: Low food (9), seeking nourriture
[2026-04-10 13:17:59] [WARN] AI: Command failed: prend
[2026-04-10 13:17:59] [INFO] AI: Low food (9), seeking nourriture
[2026-04-10 13:18:00] [WARN] AI: Command failed: prend
[2026-04-10 13:18:00] [INFO] AI: Low food (9), seeking nourriture
[2026-04-10 13:18:00] [WARN] AI: Command failed: prend
[2026-04-10 13:18:00] [INFO] AI: Low food (9), seeking nourriture
[2026-04-10 13:18:01] [INFO] Status: Level=1 Food=9 Forks=2
[2026-04-10 13:18:02] [INFO] AI: Low food (9), seeking nourriture
[2026-04-10 13:18:04] [INFO] AI: Low food (9), seeking nourriture
[2026-04-10 13:18:05] [INFO] AI: Low food (9), seeking nourriture
[2026-04-10 13:18:07] [INFO] AI: Low food (9), seeking nourriture
[2026-04-10 13:18:08] [WARN] AI: Command failed: prend
[2026-04-10 13:18:08] [INFO] AI: Low food (9), seeking nourriture
[2026-04-10 13:18:08] [WARN] AI: Command failed: prend
[2026-04-10 13:18:08] [INFO] AI: Need 1 stones for next level
[2026-04-10 13:18:09] [INFO] AI: Need 1 stones for next level
[2026-04-10 13:18:09] [INFO] AI: Need 1 stones for next level
[2026-04-10 13:18:11] [INFO] AI: Need 1 stones for next level
[2026-04-10 13:18:11] [INFO] Status: Level=1 Food=10 Forks=2
[2026-04-10 13:18:12] [INFO] AI: Need 1 stones for next level
[2026-04-10 13:18:13] [INFO] AI: Need 1 stones for next level
[2026-04-10 13:18:14] [INFO] AI: Need 1 stones for next level
[2026-04-10 13:18:14] [INFO] AI: Need 1 stones for next level
[2026-04-10 13:18:14] [INFO] AI: Need 1 stones for next level
[2026-04-10 13:18:15] [INFO] AI: Need 1 stones for next level
[2026-04-10 13:18:16] [INFO] AI: Need 1 stones for next level
[2026-04-10 13:18:16] [INFO] AI: Need 1 stones for next level
[2026-04-10 13:18:16] [INFO] AI: Need 1 stones for next level
[2026-04-10 13:18:17] [INFO] AI: Need 1 stones for next level
[2026-04-10 13:18:17] [INFO] AI: Need 1 stones for next level
[2026-04-10 13:18:18] [INFO] AI: Need 1 stones for next level
[2026-04-10 13:18:18] [INFO] AI: Low food (9), seeking nourriture
[2026-04-10 13:18:19] [WARN] AI: Command failed: prend
[2026-04-10 13:18:19] [INFO] AI: Low food (9), seeking nourriture
[2026-04-10 13:18:19] [WARN] AI: Command failed: prend
[2026-04-10 13:18:19] [INFO] AI: Low food (9), seeking nourriture
[2026-04-10 13:18:20] [WARN] AI: Command failed: prend
[2026-04-10 13:18:20] [INFO] AI: Low food (9), seeking nourriture
[2026-04-10 13:18:20] [WARN] AI: Command failed: prend
[2026-04-10 13:18:20] [INFO] AI: Low food (9), seeking nourriture
[2026-04-10 13:18:21] [WARN] AI: Command failed: prend
[2026-04-10 13:18:21] [INFO] AI: Low food (9), seeking nourriture
[2026-04-10 13:18:21] [WARN] AI: Command failed: prend
[2026-04-10 13:18:21] [INFO] AI: Low food (9), seeking nourriture
[2026-04-10 13:18:21] [INFO] Status: Level=1 Food=9 Forks=2
[2026-04-10 13:18:21] [WARN] AI: Command failed: prend
[2026-04-10 13:18:21] [INFO] AI: Low food (9), seeking nourriture
[2026-04-10 13:18:22] [INFO] AI: Low food (9), seeking nourriture
[2026-04-10 13:18:22] [INFO] AI: Low food (9), seeking nourriture
[2026-04-10 13:18:23] [INFO] AI: Low food (9), seeking nourriture
[2026-04-10 13:18:23] [INFO] AI: Low food (9), seeking nourriture
[2026-04-10 13:18:23] [INFO] AI: Low food (8), seeking nourriture
[2026-04-10 13:18:24] [INFO] AI: Low food (8), seeking nourriture
[2026-04-10 13:18:24] [INFO] AI: Low food (8), seeking nourriture
[2026-04-10 13:18:25] [INFO] AI: Low food (8), seeking nourriture
[2026-04-10 13:18:25] [WARN] AI: Command failed: prend
[2026-04-10 13:18:25] [INFO] AI: Low food (8), seeking nourriture
[2026-04-10 13:18:26] [WARN] AI: Command failed: prend
[2026-04-10 13:18:26] [INFO] AI: Low food (8), seeking nourriture
[2026-04-10 13:18:26] [WARN] AI: Command failed: prend
[2026-04-10 13:18:26] [INFO] AI: Low food (8), seeking nourriture
[2026-04-10 13:18:27] [WARN] AI: Command failed: prend
[2026-04-10 13:18:27] [INFO] AI: Low food (8), seeking nourriture
[2026-04-10 13:18:27] [WARN] AI: Command failed: prend
[2026-04-10 13:18:27] [INFO] AI: Low food (8), seeking nourriture
[2026-04-10 13:18:27] [WARN] AI: Command failed: prend
[2026-04-10 13:18:27] [INFO] AI: Low food (8), seeking nourriture
[2026-04-10 13:18:28] [INFO] AI: Low food (8), seeking nourriture
[2026-04-10 13:18:28] [INFO] AI: Low food (8), seeking nourriture
[2026-04-10 13:18:28] [INFO] AI: Low food (8), seeking nourriture
[2026-04-10 13:18:29] [INFO] AI: Low food (8), seeking nourriture
[2026-04-10 13:18:29] [INFO] AI: Low food (8), seeking nourriture
[2026-04-10 13:18:30] [INFO] AI: Low food (8), seeking nourriture
[2026-04-10 13:18:30] [INFO] AI: Low food (8), seeking nourriture
[2026-04-10 13:18:30] [INFO] AI: Low food (8), seeking nourriture
[2026-04-10 13:18:31] [INFO] Status: Level=1 Food=8 Forks=2
[2026-04-10 13:18:32] [WARN] AI: Command failed: prend
[2026-04-10 13:18:32] [INFO] AI: Low food (8), seeking nourriture
[2026-04-10 13:18:32] [WARN] AI: Command failed: prend
[2026-04-10 13:18:32] [INFO] AI: Low food (8), seeking nourriture
[2026-04-10 13:18:32] [WARN] AI: Command failed: prend
[2026-04-10 13:18:32] [INFO] AI: Low food (8), seeking nourriture
[2026-04-10 13:18:33] [WARN] AI: Command failed: prend
[2026-04-10 13:18:33] [INFO] AI: Low food (8), seeking nourriture
[2026-04-10 13:18:33] [WARN] AI: Command failed: prend
[2026-04-10 13:18:33] [INFO] AI: Low food (9), seeking nourriture
[2026-04-10 13:18:34] [INFO] AI: Low food (9), seeking nourriture
[2026-04-10 13:18:34] [INFO] AI: Low food (9), seeking nourriture
[2026-04-10 13:18:35] [INFO] AI: Low food (9), seeking nourriture
[2026-04-10 13:18:35] [INFO] AI: Low food (9), seeking nourriture
[2026-04-10 13:18:35] [INFO] AI: Low food (9), seeking nourriture
[2026-04-10 13:18:36] [INFO] AI: Low food (9), seeking nourriture
[2026-04-10 13:18:36] [INFO] AI: Low food (9), seeking nourriture
[2026-04-10 13:18:37] [INFO] AI: Low food (9), seeking nourriture
[2026-04-10 13:18:38] [WARN] AI: Command failed: prend
[2026-04-10 13:18:38] [INFO] AI: Low food (9), seeking nourriture
[2026-04-10 13:18:39] [WARN] AI: Command failed: prend
[2026-04-10 13:18:39] [INFO] AI: Need 1 stones for next level
[2026-04-10 13:18:39] [INFO] AI: Need 1 stones for next level
[2026-04-10 13:18:39] [INFO] AI: Need 1 stones for next level
[2026-04-10 13:18:41] [INFO] AI: Need 1 stones for next level
[2026-04-10 13:18:41] [INFO] Status: Level=1 Food=12 Forks=2
[2026-04-10 13:18:43] [INFO] AI: Need 1 stones for next level
[2026-04-10 13:18:44] [INFO] AI: Need 1 stones for next level
[2026-04-10 13:18:46] [INFO] AI: Need 1 stones for next level
[2026-04-10 13:18:46] [INFO] AI: Need 1 stones for next level
[2026-04-10 13:18:47] [INFO] AI: Need 1 stones for next level
[2026-04-10 13:18:47] [INFO] AI: Need 1 stones for next level
[2026-04-10 13:18:48] [INFO] AI: Need 1 stones for next level
[2026-04-10 13:18:48] [INFO] AI: Need 1 stones for next level
[2026-04-10 13:18:49] [INFO] AI: Need 1 stones for next level
[2026-04-10 13:18:49] [INFO] AI: Need 1 stones for next level
[2026-04-10 13:18:50] [INFO] AI: Need 1 stones for next level
[2026-04-10 13:18:50] [INFO] AI: Need 1 stones for next level
[2026-04-10 13:18:51] [INFO] AI: Need 1 stones for next level
[2026-04-10 13:18:51] [INFO] AI: Need 1 stones for next level
[2026-04-10 13:18:51] [INFO] Status: Level=1 Food=10 Forks=2
[2026-04-10 13:18:52] [INFO] AI: Need 1 stones for next level
[2026-04-10 13:18:52] [INFO] AI: Need 1 stones for next level
[2026-04-10 13:18:53] [INFO] AI: Need 1 stones for next level
[2026-04-10 13:18:53] [INFO] AI: Need 1 stones for next level
[2026-04-10 13:18:53] [INFO] AI: Low food (9), seeking nourriture
[2026-04-10 13:18:55] [INFO] AI: Low food (9), seeking nourriture
[2026-04-10 13:18:55] [INFO] AI: Low food (9), seeking nourriture
[2026-04-10 13:18:56] [INFO] AI: Low food (9), seeking nourriture
[2026-04-10 13:18:56] [INFO] AI: Low food (9), seeking nourriture
[2026-04-10 13:18:57] [INFO] AI: Low food (9), seeking nourriture
[2026-04-10 13:18:57] [INFO] AI: Low food (9), seeking nourriture
[2026-04-10 13:18:57] [INFO] AI: Low food (9), seeking nourriture
[2026-04-10 13:18:58] [INFO] AI: Low food (9), seeking nourriture
[2026-04-10 13:18:59] [WARN] AI: Command failed: prend
[2026-04-10 13:18:59] [INFO] AI: Need 1 stones for next level
[2026-04-10 13:19:00] [INFO] AI: Need 1 stones for next level
[2026-04-10 13:19:00] [INFO] AI: Need 1 stones for next level
[2026-04-10 13:19:01] [INFO] Status: Level=1 Food=10 Forks=2
[2026-04-10 13:19:07] [INFO] AI: Need 1 stones for next level
[2026-04-10 13:19:09] [INFO] AI: Need 1 stones for next level
[2026-04-10 13:19:10] [INFO] AI: Need 1 stones for next level
[2026-04-10 13:19:11] [INFO] AI: Need 1 stones for next level
[2026-04-10 13:19:11] [INFO] AI: Need 1 stones for next level
[2026-04-10 13:19:11] [INFO] Status: Level=1 Food=10 Forks=2
[2026-04-10 13:19:12] [INFO] AI: Need 1 stones for next level
[2026-04-10 13:19:12] [INFO] AI: Need 1 stones for next level
[2026-04-10 13:19:13] [INFO] AI: Need 1 stones for next level
[2026-04-10 13:19:13] [INFO] AI: Need 1 stones for next level
[2026-04-10 13:19:14] [INFO] AI: Need 1 stones for next level
[2026-04-10 13:19:14] [INFO] AI: Need 1 stones for next level
[2026-04-10 13:19:14] [INFO] AI: Need 1 stones for next level
[2026-04-10 13:19:15] [INFO] AI: Need 1 stones for next level
[2026-04-10 13:19:16] [INFO] AI: Need 1 stones for next level
[2026-04-10 13:19:16] [INFO] AI: Need 1 stones for next level
[2026-04-10 13:19:16] [INFO] AI: Need 1 stones for next level
[2026-04-10 13:19:17] [INFO] AI: Need 1 stones for next level
[2026-04-10 13:19:18] [INFO] AI: Need 1 stones for next level
[2026-04-10 13:19:18] [INFO] AI: Need 1 stones for next level
[2026-04-10 13:19:18] [INFO] AI: Need 1 stones for next level
[2026-04-10 13:19:19] [INFO] AI: Low food (8), seeking nourriture
[2026-04-10 13:19:19] [WARN] AI: Command failed: prend
[2026-04-10 13:19:19] [INFO] AI: Low food (8), seeking nourriture
[2026-04-10 13:19:20] [WARN] AI: Command failed: prend
[2026-04-10 13:19:20] [INFO] AI: Low food (8), seeking nourriture
[2026-04-10 13:19:20] [WARN] AI: Command failed: prend
[2026-04-10 13:19:20] [INFO] AI: Low food (8), seeking nourriture
[2026-04-10 13:19:20] [WARN] AI: Command failed: prend
[2026-04-10 13:19:20] [INFO] AI: Low food (8), seeking nourriture
[2026-04-10 13:19:21] [WARN] AI: Command failed: prend
[2026-04-10 13:19:21] [INFO] AI: Low food (8), seeking nourriture
[2026-04-10 13:19:21] [WARN] AI: Command failed: prend
[2026-04-10 13:19:21] [INFO] AI: Low food (8), seeking nourriture
[2026-04-10 13:19:21] [INFO] Status: Level=1 Food=8 Forks=2
[2026-04-10 13:19:22] [WARN] AI: Command failed: prend
[2026-04-10 13:19:22] [INFO] AI: Low food (8), seeking nourriture
[2026-04-10 13:19:23] [INFO] AI: Low food (8), seeking nourriture
[2026-04-10 13:19:25] [INFO] AI: Low food (7), seeking nourriture
[2026-04-10 13:19:25] [WARN] AI: Command failed: prend
[2026-04-10 13:19:25] [INFO] AI: Low food (7), seeking nourriture
[2026-04-10 13:19:26] [WARN] AI: Command failed: prend
[2026-04-10 13:19:26] [INFO] AI: Low food (7), seeking nourriture
[2026-04-10 13:19:26] [WARN] AI: Command failed: prend
[2026-04-10 13:19:26] [INFO] AI: Low food (7), seeking nourriture
[2026-04-10 13:19:26] [WARN] AI: Command failed: prend
[2026-04-10 13:19:26] [INFO] AI: Low food (7), seeking nourriture
[2026-04-10 13:19:27] [WARN] AI: Command failed: prend
[2026-04-10 13:19:27] [INFO] AI: Low food (7), seeking nourriture
[2026-04-10 13:19:27] [WARN] AI: Command failed: prend
[2026-04-10 13:19:27] [INFO] AI: Low food (7), seeking nourriture
[2026-04-10 13:19:28] [WARN] AI: Command failed: prend
[2026-04-10 13:19:28] [INFO] AI: Low food (7), seeking nourriture
[2026-04-10 13:19:28] [INFO] AI: Low food (7), seeking nourriture
[2026-04-10 13:19:28] [INFO] AI: Low food (7), seeking nourriture
[2026-04-10 13:19:29] [INFO] AI: Low food (7), seeking nourriture
[2026-04-10 13:19:29] [INFO] AI: Low food (7), seeking nourriture
[2026-04-10 13:19:30] [INFO] AI: Low food (7), seeking nourriture
[2026-04-10 13:19:30] [INFO] AI: Low food (7), seeking nourriture
[2026-04-10 13:19:30] [INFO] AI: Low food (7), seeking nourriture
[2026-04-10 13:19:31] [INFO] AI: Low food (7), seeking nourriture
[2026-04-10 13:19:31] [WARN] AI: Command failed: prend
[2026-04-10 13:19:31] [INFO] AI: Low food (7), seeking nourriture
[2026-04-10 13:19:31] [INFO] Status: Level=1 Food=7 Forks=2
[2026-04-10 13:19:32] [WARN] AI: Command failed: prend
[2026-04-10 13:19:32] [INFO] AI: Low food (7), seeking nourriture
[2026-04-10 13:19:32] [WARN] AI: Command failed: prend
[2026-04-10 13:19:32] [INFO] AI: Low food (7), seeking nourriture
[2026-04-10 13:19:33] [WARN] AI: Command failed: prend
[2026-04-10 13:19:33] [INFO] AI: Low food (7), seeking nourriture
[2026-04-10 13:19:33] [WARN] AI: Command failed: prend
[2026-04-10 13:19:33] [INFO] AI: Low food (7), seeking nourriture
[2026-04-10 13:19:33] [WARN] AI: Command failed: prend
[2026-04-10 13:19:33] [INFO] AI: Low food (7), seeking nourriture
[2026-04-10 13:19:34] [WARN] AI: Command failed: prend
[2026-04-10 13:19:34] [INFO] AI: Low food (6), seeking nourriture
[2026-04-10 13:19:35] [INFO] AI: Low food (6), seeking nourriture
[2026-04-10 13:19:37] [INFO] AI: Low food (6), seeking nourriture
[2026-04-10 13:19:37] [WARN] AI: Command failed: prend
[2026-04-10 13:19:37] [INFO] AI: Low food (6), seeking nourriture
[2026-04-10 13:19:38] [WARN] AI: Command failed: prend
[2026-04-10 13:19:38] [INFO] AI: Low food (6), seeking nourriture
[2026-04-10 13:19:38] [WARN] AI: Command failed: prend
[2026-04-10 13:19:38] [INFO] AI: Low food (6), seeking nourriture
[2026-04-10 13:19:38] [WARN] AI: Command failed: prend
[2026-04-10 13:19:38] [INFO] AI: Low food (5), seeking nourriture
[2026-04-10 13:19:39] [WARN] AI: Command failed: prend
[2026-04-10 13:19:39] [INFO] AI: Low food (5), seeking nourriture
[2026-04-10 13:19:39] [WARN] AI: Command failed: prend
[2026-04-10 13:19:39] [INFO] AI: Low food (5), seeking nourriture
[2026-04-10 13:19:40] [WARN] AI: Command failed: prend
[2026-04-10 13:19:40] [INFO] AI: Low food (5), seeking nourriture
[2026-04-10 13:19:40] [INFO] AI: Low food (5), seeking nourriture
[2026-04-10 13:19:40] [INFO] AI: Low food (5), seeking nourriture
[2026-04-10 13:19:41] [INFO] AI: Low food (5), seeking nourriture
[2026-04-10 13:19:41] [INFO] AI: Low food (5), seeking nourriture
[2026-04-10 13:19:41] [INFO] Status: Level=1 Food=5 Forks=2
[2026-04-10 13:19:42] [INFO] AI: Low food (5), seeking nourriture
[2026-04-10 13:19:42] [INFO] AI: Low food (5), seeking nourriture
[2026-04-10 13:19:42] [INFO] AI: Low food (5), seeking nourriture
[2026-04-10 13:19:43] [INFO] AI: Low food (5), seeking nourriture
[2026-04-10 13:19:43] [WARN] AI: Command failed: prend
[2026-04-10 13:19:43] [INFO] AI: Low food (5), seeking nourriture
[2026-04-10 13:19:44] [WARN] AI: Command failed: prend
[2026-04-10 13:19:44] [INFO] AI: Low food (4), seeking nourriture
[2026-04-10 13:19:44] [WARN] AI: Command failed: prend
[2026-04-10 13:19:44] [INFO] AI: Low food (4), seeking nourriture
[2026-04-10 13:19:45] [WARN] AI: Command failed: prend
[2026-04-10 13:19:45] [INFO] AI: Low food (4), seeking nourriture
[2026-04-10 13:19:45] [WARN] AI: Command failed: prend
[2026-04-10 13:19:45] [INFO] AI: Low food (4), seeking nourriture
[2026-04-10 13:19:45] [WARN] AI: Command failed: prend
[2026-04-10 13:19:45] [INFO] AI: Low food (4), seeking nourriture
[2026-04-10 13:19:46] [WARN] AI: Command failed: prend
[2026-04-10 13:19:46] [INFO] AI: Low food (4), seeking nourriture
[2026-04-10 13:19:47] [INFO] AI: Low food (4), seeking nourriture
[2026-04-10 13:19:49] [INFO] AI: Low food (3), seeking nourriture
[2026-04-10 13:19:49] [INFO] AI: Low food (3), seeking nourriture
[2026-04-10 13:19:50] [INFO] AI: Low food (3), seeking nourriture
[2026-04-10 13:19:50] [INFO] AI: Low food (3), seeking nourriture
[2026-04-10 13:19:51] [INFO] AI: Low food (3), seeking nourriture
[2026-04-10 13:19:51] [INFO] AI: Low food (3), seeking nourriture
[2026-04-10 13:19:51] [INFO] Status: Level=1 Food=3 Forks=2
[2026-04-10 13:19:51] [INFO] AI: Low food (3), seeking nourriture
[2026-04-10 13:19:52] [INFO] AI: Low food (3), seeking nourriture
[2026-04-10 13:19:52] [INFO] AI: Low food (3), seeking nourriture
[2026-04-10 13:19:53] [INFO] AI: Low food (3), seeking nourriture
[2026-04-10 13:19:53] [INFO] AI: Low food (3), seeking nourriture
[2026-04-10 13:19:53] [INFO] AI: Low food (3), seeking nourriture
[2026-04-10 13:19:54] [INFO] AI: Low food (3), seeking nourriture
[2026-04-10 13:19:54] [INFO] AI: Low food (3), seeking nourriture
[2026-04-10 13:19:55] [INFO] AI: Low food (3), seeking nourriture
[2026-04-10 13:19:55] [WARN] AI: Command failed: prend
[2026-04-10 13:19:55] [INFO] AI: Low food (3), seeking nourriture
[2026-04-10 13:19:56] [WARN] AI: Command failed: prend
[2026-04-10 13:19:56] [INFO] AI: Low food (3), seeking nourriture
[2026-04-10 13:19:56] [WARN] AI: Command failed: prend
[2026-04-10 13:19:56] [INFO] AI: Low food (3), seeking nourriture
[2026-04-10 13:19:56] [WARN] AI: Command failed: prend
[2026-04-10 13:19:56] [INFO] AI: Low food (3), seeking nourriture
[2026-04-10 13:19:57] [WARN] AI: Command failed: prend
[2026-04-10 13:19:57] [INFO] AI: Low food (3), seeking nourriture
[2026-04-10 13:19:57] [WARN] AI: Command failed: prend
[2026-04-10 13:19:57] [INFO] AI: Low food (3), seeking nourriture
[2026-04-10 13:19:58] [WARN] AI: Command failed: prend
[2026-04-10 13:19:58] [INFO] AI: Low food (3), seeking nourriture
[2026-04-10 13:19:58] [WARN] AI: Command failed: prend
[2026-04-10 13:19:58] [INFO] AI: Low food (3), seeking nourriture
[2026-04-10 13:19:58] [INFO] AI: Low food (3), seeking nourriture
[2026-04-10 13:19:59] [INFO] AI: Low food (2), seeking nourriture
[2026-04-10 13:19:59] [INFO] AI: Low food (2), seeking nourriture
[2026-04-10 13:20:00] [INFO] AI: Low food (2), seeking nourriture
[2026-04-10 13:20:00] [INFO] AI: Low food (2), seeking nourriture
[2026-04-10 13:20:00] [INFO] AI: Low food (2), seeking nourriture
[2026-04-10 13:20:01] [INFO] AI: Low food (2), seeking nourriture
[2026-04-10 13:20:01] [INFO] AI: Low food (2), seeking nourriture
[2026-04-10 13:20:01] [INFO] Status: Level=1 Food=2 Forks=2
[2026-04-10 13:20:02] [INFO] AI: Low food (2), seeking nourriture
[2026-04-10 13:20:02] [INFO] AI: Low food (2), seeking nourriture
[2026-04-10 13:20:02] [INFO] AI: Low food (2), seeking nourriture
[2026-04-10 13:20:03] [INFO] AI: Low food (2), seeking nourriture
[2026-04-10 13:20:03] [INFO] AI: Low food (2), seeking nourriture
[2026-04-10 13:20:04] [INFO] AI: Low food (2), seeking nourriture
[2026-04-10 13:20:04] [INFO] AI: Low food (1), seeking nourriture
[2026-04-10 13:20:06] [INFO] AI: Low food (1), seeking nourriture
[2026-04-10 13:20:07] [INFO] AI: Low food (1), seeking nourriture
[2026-04-10 13:20:08] [WARN] AI: Command failed: prend
[2026-04-10 13:20:08] [INFO] AI: Low food (1), seeking nourriture
[2026-04-10 13:20:08] [WARN] AI: Command failed: prend
[2026-04-10 13:20:08] [INFO] AI: Low food (1), seeking nourriture
[2026-04-10 13:20:09] [WARN] AI: Command failed: prend
[2026-04-10 13:20:09] [INFO] AI: Low food (1), seeking nourriture
[2026-04-10 13:20:09] [WARN] AI: Command failed: prend
[2026-04-10 13:20:09] [INFO] AI: Low food (0), seeking nourriture
[2026-04-10 13:20:09] [WARN] AI: Command failed: prend
[2026-04-10 13:20:09] [INFO] AI: Low food (0), seeking nourriture
[2026-04-10 13:20:10] [WARN] AI: Command failed: prend
[2026-04-10 13:20:10] [INFO] AI: Low food (0), seeking nourriture
[2026-04-10 13:20:11] [INFO] AI: Low food (0), seeking nourriture
[2026-04-10 13:20:12] [INFO] Status: Level=1 Food=0 Forks=2
[2026-04-10 13:20:13] [WARN] TLS read: peer closed connection
[2026-04-10 13:20:13] [ERROR] Websocket error: Peer closed connection
[2026-04-10 13:20:13] [INFO] Network loop ended
[2026-04-10 13:20:13] [INFO] Client exited. Final level: 1
