[2026-04-10 13:11:29] [INFO] Zappy Client starting...
[2026-04-10 13:11:29] [INFO] Team: team1
[2026-04-10 13:11:29] [INFO] Target Level: 8
[2026-04-10 13:11:29] [INFO] Fork enabled: yes
[2026-04-10 13:11:29] [INFO] Connecting to localhost:8674
[2026-04-10 13:11:29] [WARN] TLS: Certificate verification disabled (insecure mode)
[2026-04-10 13:11:29] [INFO] TLS context initialized successfully
[2026-04-10 13:11:29] [INFO] WebSocket: Starting connection to localhost:8674
[2026-04-10 13:11:29] [INFO] TLS handshake completed successfully
[2026-04-10 13:11:29] [INFO] WebSocket: HTTP 101 Upgrade successful
[2026-04-10 13:11:29] [INFO] WebSocket: Handshake complete, connection established
[2026-04-10 13:11:29] [INFO] Websocket connected
[2026-04-10 13:11:29] [INFO] Received bienvenue: {"type":"bienvenue","msg":"Whoa! Knock knock, whos there?"}
[2026-04-10 13:11:29] [INFO] Map size: 10x10
[2026-04-10 13:11:29] [INFO] Remaining team slots: 1
[2026-04-10 13:11:29] [INFO] Login successful! {"type":"welcome","remaining_clients":1,"map_size":{"x":10,"y":10}}
[2026-04-10 13:11:29] [INFO] Successfully logged in as team1
[2026-04-10 13:11:29] [INFO] Connected! Starting main loop...
[2026-04-10 13:11:29] [INFO] AI: Need 1 stones for next level
[2026-04-10 13:11:29] [INFO] Status: Level=1 Food=10 Forks=0
[2026-04-10 13:11:30] [INFO] AI: Need 1 stones for next level
[2026-04-10 13:11:30] [INFO] AI: Need 1 stones for next level
[2026-04-10 13:11:30] [INFO] AI: Need 1 stones for next level
[2026-04-10 13:11:31] [INFO] AI: Need 1 stones for next level
[2026-04-10 13:11:32] [INFO] AI: Need 1 stones for next level
[2026-04-10 13:11:32] [INFO] AI: Need 1 stones for next level
[2026-04-10 13:11:33] [INFO] AI: Need 1 stones for next level
[2026-04-10 13:11:33] [INFO] AI: Need 1 stones for next level
[2026-04-10 13:11:33] [INFO] AI: Need 1 stones for next level
[2026-04-10 13:11:34] [INFO] AI: Need 1 stones for next level
[2026-04-10 13:11:35] [INFO] AI: Need 1 stones for next level
[2026-04-10 13:11:35] [INFO] AI: Need 1 stones for next level
[2026-04-10 13:11:35] [INFO] AI: Need 1 stones for next level
[2026-04-10 13:11:36] [INFO] AI: Need 1 stones for next level
[2026-04-10 13:11:37] [INFO] AI: Need 1 stones for next level
[2026-04-10 13:11:37] [INFO] AI: Need 1 stones for next level
[2026-04-10 13:11:37] [INFO] AI: Need 1 stones for next level
[2026-04-10 13:11:38] [INFO] AI: Need 1 stones for next level
[2026-04-10 13:11:38] [INFO] AI: Need 1 stones for next level
[2026-04-10 13:11:39] [INFO] AI: Need 1 stones for next level
[2026-04-10 13:11:39] [INFO] Status: Level=1 Food=10 Forks=0
[2026-04-10 13:11:39] [INFO] AI: Need 1 stones for next level
[2026-04-10 13:11:40] [INFO] AI: Need 1 stones for next level
[2026-04-10 13:11:40] [INFO] AI: Need 1 stones for next level
[2026-04-10 13:11:41] [INFO] AI: Need 1 stones for next level
[2026-04-10 13:11:41] [INFO] AI: Need 1 stones for next level
[2026-04-10 13:11:42] [INFO] AI: Need 1 stones for next level
[2026-04-10 13:11:42] [INFO] AI: Need 1 stones for next level
[2026-04-10 13:11:43] [INFO] AI: Need 1 stones for next level
[2026-04-10 13:11:43] [INFO] AI: Need 1 stones for next level
[2026-04-10 13:11:44] [INFO] AI: Need 1 stones for next level
[2026-04-10 13:11:44] [INFO] AI: Need 1 stones for next level
[2026-04-10 13:11:45] [INFO] AI: Need 1 stones for next level
[2026-04-10 13:11:45] [INFO] AI: Need 1 stones for next level
[2026-04-10 13:11:45] [INFO] AI: Need 1 stones for next level
[2026-04-10 13:11:46] [INFO] AI: Need 1 stones for next level
[2026-04-10 13:11:47] [INFO] AI: Need 1 stones for next level
[2026-04-10 13:11:47] [INFO] AI: Need 1 stones for next level
[2026-04-10 13:11:47] [INFO] AI: Need 1 stones for next level
[2026-04-10 13:11:48] [INFO] AI: Need 1 stones for next level
[2026-04-10 13:11:49] [INFO] AI: Need 1 stones for next level
[2026-04-10 13:11:49] [INFO] AI: Need 1 stones for next level
[2026-04-10 13:11:49] [INFO] Status: Level=1 Food=10 Forks=0
[2026-04-10 13:11:49] [INFO] AI: Need 1 stones for next level
[2026-04-10 13:11:50] [INFO] AI: Need 1 stones for next level
[2026-04-10 13:11:50] [INFO] AI: Need 1 stones for next level
[2026-04-10 13:11:51] [INFO] AI: Need 1 stones for next level
[2026-04-10 13:11:51] [INFO] AI: Need 1 stones for next level
[2026-04-10 13:11:52] [INFO] AI: Need 1 stones for next level
[2026-04-10 13:11:52] [INFO] AI: Need 1 stones for next level
[2026-04-10 13:11:53] [INFO] AI: Need 1 stones for next level
[2026-04-10 13:11:53] [INFO] AI: Need 1 stones for next level
[2026-04-10 13:11:54] [INFO] AI: Need 1 stones for next level
[2026-04-10 13:11:54] [INFO] AI: Need 1 stones for next level
[2026-04-10 13:11:55] [INFO] AI: Need 1 stones for next level
[2026-04-10 13:11:55] [INFO] AI: Need 1 stones for next level
[2026-04-10 13:11:56] [INFO] AI: Need 1 stones for next level
[2026-04-10 13:11:56] [INFO] AI: Need 1 stones for next level
[2026-04-10 13:11:57] [INFO] AI: Need 1 stones for next level
[2026-04-10 13:11:57] [INFO] AI: Need 1 stones for next level
[2026-04-10 13:11:57] [INFO] AI: Need 1 stones for next level
[2026-04-10 13:11:58] [INFO] AI: Need 1 stones for next level
[2026-04-10 13:11:59] [INFO] AI: Need 1 stones for next level
[2026-04-10 13:11:59] [INFO] AI: Need 1 stones for next level
[2026-04-10 13:11:59] [INFO] Status: Level=1 Food=10 Forks=0
[2026-04-10 13:11:59] [INFO] AI: Need 1 stones for next level
[2026-04-10 13:12:00] [INFO] AI: Need 1 stones for next level
[2026-04-10 13:12:01] [INFO] AI: Need 1 stones for next level
[2026-04-10 13:12:01] [INFO] AI: Need 1 stones for next level
[2026-04-10 13:12:01] [INFO] AI: Need 1 stones for next level
[2026-04-10 13:12:02] [INFO] AI: Need 1 stones for next level
[2026-04-10 13:12:02] [INFO] AI: Need 1 stones for next level
[2026-04-10 13:12:03] [INFO] AI: Need 1 stones for next level
[2026-04-10 13:12:04] [INFO] AI: Need 1 stones for next level
[2026-04-10 13:12:04] [INFO] AI: Need 1 stones for next level
[2026-04-10 13:12:04] [INFO] AI: Need 1 stones for next level
[2026-04-10 13:12:05] [INFO] AI: Need 1 stones for next level
[2026-04-10 13:12:06] [INFO] AI: Need 1 stones for next level
[2026-04-10 13:12:06] [INFO] AI: Need 1 stones for next level
[2026-04-10 13:12:06] [INFO] AI: Need 1 stones for next level
[2026-04-10 13:12:07] [INFO] AI: Need 1 stones for next level
[2026-04-10 13:12:07] [INFO] AI: Need 1 stones for next level
[2026-04-10 13:12:08] [INFO] AI: Need 1 stones for next level
[2026-04-10 13:12:08] [INFO] AI: Need 1 stones for next level
[2026-04-10 13:12:09] [INFO] AI: Need 1 stones for next level
[2026-04-10 13:12:09] [INFO] Status: Level=1 Food=10 Forks=0
[2026-04-10 13:12:12] [INFO] AI: Need 1 stones for next level
[2026-04-10 13:12:13] [INFO] AI: Need 1 stones for next level
[2026-04-10 13:12:13] [INFO] AI: Need 1 stones for next level
[2026-04-10 13:12:14] [INFO] AI: Need 1 stones for next level
[2026-04-10 13:12:14] [INFO] AI: Need 1 stones for next level
[2026-04-10 13:12:14] [INFO] AI: Need 1 stones for next level
[2026-04-10 13:12:15] [INFO] AI: Need 1 stones for next level
[2026-04-10 13:12:16] [INFO] AI: Need 1 stones for next level
[2026-04-10 13:12:16] [INFO] AI: Need 1 stones for next level
[2026-04-10 13:12:16] [INFO] AI: Need 1 stones for next level
[2026-04-10 13:12:17] [INFO] AI: Need 1 stones for next level
[2026-04-10 13:12:18] [INFO] AI: Need 1 stones for next level
[2026-04-10 13:12:18] [INFO] AI: Need 1 stones for next level
[2026-04-10 13:12:18] [INFO] AI: Need 1 stones for next level
[2026-04-10 13:12:19] [INFO] AI: Need 1 stones for next level
[2026-04-10 13:12:19] [INFO] AI: Need 1 stones for next level
[2026-04-10 13:12:19] [INFO] Status: Level=1 Food=10 Forks=0
[2026-04-10 13:12:20] [INFO] AI: Need 1 stones for next level
[2026-04-10 13:12:20] [INFO] AI: Need 1 stones for next level
[2026-04-10 13:12:21] [INFO] AI: Need 1 stones for next level
[2026-04-10 13:12:21] [INFO] AI: Need 1 stones for next level
[2026-04-10 13:12:22] [INFO] AI: Need 1 stones for next level
[2026-04-10 13:12:23] [INFO] AI: Need 1 stones for next level
[2026-04-10 13:12:23] [INFO] AI: Need 1 stones for next level
[2026-04-10 13:12:23] [INFO] AI: Need 1 stones for next level
[2026-04-10 13:12:24] [INFO] AI: Need 1 stones for next level
[2026-04-10 13:12:24] [INFO] AI: Need 1 stones for next level
[2026-04-10 13:12:25] [INFO] AI: Need 1 stones for next level
[2026-04-10 13:12:25] [INFO] AI: Need 1 stones for next level
[2026-04-10 13:12:26] [INFO] AI: Need 1 stones for next level
[2026-04-10 13:12:26] [INFO] AI: Need 1 stones for next level
[2026-04-10 13:12:27] [INFO] AI: Need 1 stones for next level
[2026-04-10 13:12:27] [INFO] AI: Need 1 stones for next level
[2026-04-10 13:12:28] [INFO] AI: Need 1 stones for next level
[2026-04-10 13:12:28] [INFO] AI: Need 1 stones for next level
[2026-04-10 13:12:29] [INFO] AI: Need 1 stones for next level
[2026-04-10 13:12:29] [INFO] AI: Need 1 stones for next level
[2026-04-10 13:12:29] [INFO] Status: Level=1 Food=10 Forks=0
[2026-04-10 13:12:30] [INFO] AI: Need 1 stones for next level
[2026-04-10 13:12:30] [INFO] AI: Need 1 stones for next level
[2026-04-10 13:12:31] [INFO] AI: Need 1 stones for next level
[2026-04-10 13:12:31] [INFO] AI: Need 1 stones for next level
[2026-04-10 13:12:31] [INFO] AI: Need 1 stones for next level
[2026-04-10 13:12:32] [INFO] AI: Need 1 stones for next level
[2026-04-10 13:12:33] [INFO] AI: Need 1 stones for next level
[2026-04-10 13:12:33] [INFO] AI: Need 1 stones for next level
[2026-04-10 13:12:35] [INFO] AI: Need 1 stones for next level
[2026-04-10 13:12:36] [INFO] AI: Low food (9), seeking nourriture
[2026-04-10 13:12:37] [INFO] AI: Low food (9), seeking nourriture
[2026-04-10 13:12:39] [WARN] AI: Command failed: prend
[2026-04-10 13:12:39] [INFO] AI: Low food (9), seeking nourriture
[2026-04-10 13:12:40] [INFO] Status: Level=1 Food=9 Forks=0
[2026-04-10 13:12:41] [INFO] AI: Need 1 stones for next level
[2026-04-10 13:12:41] [INFO] AI: Need 1 stones for next level
[2026-04-10 13:12:42] [INFO] AI: Need 1 stones for next level
[2026-04-10 13:12:42] [INFO] AI: Need 1 stones for next level
[2026-04-10 13:12:43] [INFO] AI: Need 1 stones for next level
[2026-04-10 13:12:43] [INFO] AI: Need 1 stones for next level
[2026-04-10 13:12:44] [INFO] AI: Need 1 stones for next level
[2026-04-10 13:12:44] [INFO] AI: Need 1 stones for next level
[2026-04-10 13:12:45] [INFO] AI: Need 1 stones for next level
[2026-04-10 13:12:45] [INFO] AI: Need 1 stones for next level
[2026-04-10 13:12:46] [INFO] AI: Need 1 stones for next level
[2026-04-10 13:12:46] [INFO] AI: Need 1 stones for next level
[2026-04-10 13:12:46] [INFO] AI: Need 1 stones for next level
[2026-04-10 13:12:47] [INFO] AI: Need 1 stones for next level
[2026-04-10 13:12:48] [INFO] AI: Need 1 stones for next level
[2026-04-10 13:12:48] [INFO] AI: Need 1 stones for next level
[2026-04-10 13:12:48] [INFO] AI: Need 1 stones for next level
[2026-04-10 13:12:49] [INFO] AI: Need 1 stones for next level
[2026-04-10 13:12:50] [INFO] AI: Need 1 stones for next level
[2026-04-10 13:12:50] [INFO] Status: Level=1 Food=13 Forks=0
[2026-04-10 13:12:50] [INFO] AI: Need 1 stones for next level
[2026-04-10 13:12:50] [INFO] AI: Need 1 stones for next level
[2026-04-10 13:12:51] [INFO] AI: Need 1 stones for next level
[2026-04-10 13:12:51] [INFO] AI: Need 1 stones for next level
[2026-04-10 13:12:52] [INFO] AI: Need 1 stones for next level
[2026-04-10 13:12:52] [INFO] AI: Need 1 stones for next level
[2026-04-10 13:12:53] [INFO] AI: Need 1 stones for next level
[2026-04-10 13:12:53] [INFO] AI: Need 1 stones for next level
[2026-04-10 13:12:54] [INFO] AI: Need 1 stones for next level
[2026-04-10 13:12:54] [INFO] AI: Need 1 stones for next level
[2026-04-10 13:12:55] [INFO] AI: Need 1 stones for next level
[2026-04-10 13:12:55] [INFO] AI: Need 1 stones for next level
[2026-04-10 13:12:56] [INFO] AI: Need 1 stones for next level
[2026-04-10 13:12:56] [INFO] AI: Need 1 stones for next level
[2026-04-10 13:12:57] [INFO] AI: Need 1 stones for next level
[2026-04-10 13:12:57] [INFO] AI: Need 1 stones for next level
[2026-04-10 13:12:58] [INFO] AI: Need 1 stones for next level
[2026-04-10 13:12:58] [INFO] AI: Need 1 stones for next level
[2026-04-10 13:12:59] [INFO] AI: Need 1 stones for next level
[2026-04-10 13:12:59] [INFO] AI: Need 1 stones for next level
[2026-04-10 13:13:00] [INFO] Status: Level=1 Food=12 Forks=0
[2026-04-10 13:13:00] [INFO] AI: Need 1 stones for next level
[2026-04-10 13:13:00] [INFO] AI: Need 1 stones for next level
[2026-04-10 13:13:01] [INFO] AI: Need 1 stones for next level
[2026-04-10 13:13:01] [INFO] AI: Need 1 stones for next level
[2026-04-10 13:13:02] [INFO] AI: Need 1 stones for next level
[2026-04-10 13:13:02] [INFO] AI: Need 1 stones for next level
[2026-04-10 13:13:03] [INFO] AI: Need 1 stones for next level
[2026-04-10 13:13:03] [INFO] AI: Need 1 stones for next level
[2026-04-10 13:13:03] [INFO] AI: Need 1 stones for next level
[2026-04-10 13:13:04] [INFO] AI: Need 1 stones for next level
[2026-04-10 13:13:05] [INFO] AI: Need 1 stones for next level
[2026-04-10 13:13:05] [INFO] AI: Need 1 stones for next level
[2026-04-10 13:13:05] [INFO] AI: Need 1 stones for next level
[2026-04-10 13:13:06] [INFO] AI: Need 1 stones for next level
[2026-04-10 13:13:07] [INFO] AI: Need 1 stones for next level
[2026-04-10 13:13:08] [INFO] AI: Need 1 stones for next level
[2026-04-10 13:13:10] [INFO] Status: Level=1 Food=10 Forks=0
[2026-04-10 13:13:10] [INFO] AI: Need 1 stones for next level
[2026-04-10 13:13:10] [INFO] AI: Low food (9), seeking nourriture
[2026-04-10 13:13:11] [WARN] AI: Command failed: prend
[2026-04-10 13:13:11] [INFO] AI: Low food (9), seeking nourriture
[2026-04-10 13:13:11] [WARN] AI: Command failed: prend
[2026-04-10 13:13:11] [INFO] AI: Low food (9), seeking nourriture
[2026-04-10 13:13:12] [WARN] AI: Command failed: prend
[2026-04-10 13:13:12] [INFO] AI: Low food (9), seeking nourriture
[2026-04-10 13:13:12] [WARN] AI: Command failed: prend
[2026-04-10 13:13:12] [INFO] AI: Low food (9), seeking nourriture
[2026-04-10 13:13:12] [WARN] AI: Command failed: prend
[2026-04-10 13:13:12] [INFO] AI: Low food (9), seeking nourriture
[2026-04-10 13:13:14] [INFO] AI: Low food (9), seeking nourriture
[2026-04-10 13:13:16] [INFO] AI: Low food (9), seeking nourriture
[2026-04-10 13:13:18] [WARN] AI: Command failed: prend
[2026-04-10 13:13:18] [INFO] AI: Low food (9), seeking nourriture
[2026-04-10 13:13:20] [WARN] AI: Command failed: prend
[2026-04-10 13:13:20] [INFO] AI: Low food (9), seeking nourriture
[2026-04-10 13:13:20] [INFO] Status: Level=1 Food=9 Forks=0
[2026-04-10 13:13:22] [WARN] AI: Command failed: prend
[2026-04-10 13:13:22] [INFO] AI: Need 1 stones for next level
[2026-04-10 13:13:22] [INFO] AI: Need 1 stones for next level
[2026-04-10 13:13:22] [INFO] AI: Need 1 stones for next level
[2026-04-10 13:13:23] [INFO] AI: Need 1 stones for next level
[2026-04-10 13:13:24] [INFO] AI: Need 1 stones for next level
[2026-04-10 13:13:24] [INFO] AI: Need 1 stones for next level
[2026-04-10 13:13:24] [INFO] AI: Need 1 stones for next level
[2026-04-10 13:13:25] [INFO] AI: Need 1 stones for next level
[2026-04-10 13:13:25] [INFO] AI: Need 1 stones for next level
[2026-04-10 13:13:26] [INFO] AI: Need 1 stones for next level
[2026-04-10 13:13:27] [INFO] AI: Need 1 stones for next level
[2026-04-10 13:13:27] [INFO] AI: Need 1 stones for next level
[2026-04-10 13:13:27] [INFO] AI: Need 1 stones for next level
[2026-04-10 13:13:28] [INFO] AI: Need 1 stones for next level
[2026-04-10 13:13:29] [INFO] AI: Need 1 stones for next level
[2026-04-10 13:13:29] [INFO] AI: Need 1 stones for next level
[2026-04-10 13:13:29] [INFO] AI: Need 1 stones for next level
[2026-04-10 13:13:30] [INFO] Status: Level=1 Food=19 Forks=0
[2026-04-10 13:13:30] [INFO] AI: Need 1 stones for next level
[2026-04-10 13:13:30] [INFO] AI: Need 1 stones for next level
[2026-04-10 13:13:32] [INFO] AI: Need 1 stones for next level
[2026-04-10 13:13:34] [INFO] AI: Need 1 stones for next level
[2026-04-10 13:13:34] [INFO] AI: Need 1 stones for next level
[2026-04-10 13:13:35] [INFO] AI: Need 1 stones for next level
[2026-04-10 13:13:35] [INFO] AI: Need 1 stones for next level
[2026-04-10 13:13:36] [INFO] AI: Need 1 stones for next level
[2026-04-10 13:13:36] [INFO] AI: Need 1 stones for next level
[2026-04-10 13:13:37] [INFO] AI: Need 1 stones for next level
[2026-04-10 13:13:37] [INFO] AI: Need 1 stones for next level
[2026-04-10 13:13:38] [INFO] AI: Need 1 stones for next level
[2026-04-10 13:13:38] [INFO] AI: Need 1 stones for next level
[2026-04-10 13:13:38] [INFO] AI: Need 1 stones for next level
[2026-04-10 13:13:39] [INFO] AI: Need 1 stones for next level
[2026-04-10 13:13:40] [INFO] AI: Need 1 stones for next level
[2026-04-10 13:13:40] [INFO] Status: Level=1 Food=18 Forks=0
[2026-04-10 13:13:40] [INFO] AI: Need 1 stones for next level
[2026-04-10 13:13:40] [INFO] AI: Need 1 stones for next level
[2026-04-10 13:13:41] [INFO] AI: Need 1 stones for next level
[2026-04-10 13:13:42] [INFO] AI: Need 1 stones for next level
[2026-04-10 13:13:42] [INFO] AI: Need 1 stones for next level
[2026-04-10 13:13:42] [INFO] AI: Need 1 stones for next level
[2026-04-10 13:13:44] [INFO] AI: Need 1 stones for next level
[2026-04-10 13:13:46] [INFO] AI: Need 1 stones for next level
[2026-04-10 13:13:46] [INFO] AI: Need 1 stones for next level
[2026-04-10 13:13:46] [INFO] AI: Need 1 stones for next level
[2026-04-10 13:13:47] [INFO] AI: Need 1 stones for next level
[2026-04-10 13:13:48] [INFO] AI: Need 1 stones for next level
[2026-04-10 13:13:48] [INFO] AI: Need 1 stones for next level
[2026-04-10 13:13:49] [INFO] AI: Need 1 stones for next level
[2026-04-10 13:13:49] [INFO] AI: Need 1 stones for next level
[2026-04-10 13:13:50] [INFO] AI: Need 1 stones for next level
[2026-04-10 13:13:50] [INFO] Status: Level=1 Food=16 Forks=0
[2026-04-10 13:13:50] [INFO] AI: Need 1 stones for next level
[2026-04-10 13:13:51] [INFO] AI: Need 1 stones for next level
[2026-04-10 13:13:51] [INFO] AI: Need 1 stones for next level
[2026-04-10 13:13:51] [INFO] AI: Need 1 stones for next level
[2026-04-10 13:13:52] [INFO] AI: Need 1 stones for next level
[2026-04-10 13:13:53] [INFO] AI: Need 1 stones for next level
[2026-04-10 13:13:53] [INFO] AI: Need 1 stones for next level
[2026-04-10 13:13:53] [INFO] AI: Need 1 stones for next level
[2026-04-10 13:13:54] [INFO] AI: Need 1 stones for next level
[2026-04-10 13:13:55] [INFO] AI: Need 1 stones for next level
[2026-04-10 13:13:56] [INFO] AI: Need 1 stones for next level
[2026-04-10 13:13:58] [INFO] AI: Need 1 stones for next level
[2026-04-10 13:13:58] [INFO] AI: Need 1 stones for next level
[2026-04-10 13:13:59] [INFO] AI: Need 1 stones for next level
[2026-04-10 13:13:59] [INFO] AI: Need 1 stones for next level
[2026-04-10 13:13:59] [INFO] AI: Need 1 stones for next level
[2026-04-10 13:14:00] [INFO] Status: Level=1 Food=14 Forks=0
[2026-04-10 13:14:00] [INFO] AI: Need 1 stones for next level
[2026-04-10 13:14:01] [INFO] AI: Need 1 stones for next level
[2026-04-10 13:14:01] [INFO] AI: Need 1 stones for next level
[2026-04-10 13:14:01] [INFO] AI: Need 1 stones for next level
[2026-04-10 13:14:02] [INFO] AI: Need 1 stones for next level
[2026-04-10 13:14:03] [INFO] AI: Need 1 stones for next level
[2026-04-10 13:14:03] [INFO] AI: Need 1 stones for next level
[2026-04-10 13:14:04] [INFO] AI: Need 1 stones for next level
[2026-04-10 13:14:04] [INFO] AI: Need 1 stones for next level
[2026-04-10 13:14:04] [INFO] AI: Need 1 stones for next level
[2026-04-10 13:14:05] [INFO] AI: Need 1 stones for next level
[2026-04-10 13:14:06] [INFO] AI: Need 1 stones for next level
[2026-04-10 13:14:06] [INFO] AI: Need 1 stones for next level
[2026-04-10 13:14:06] [INFO] AI: Need 1 stones for next level
[2026-04-10 13:14:07] [INFO] AI: Need 1 stones for next level
[2026-04-10 13:14:08] [INFO] AI: Need 1 stones for next level
[2026-04-10 13:14:08] [INFO] AI: Need 1 stones for next level
[2026-04-10 13:14:08] [INFO] AI: Need 1 stones for next level
[2026-04-10 13:14:09] [INFO] AI: Need 1 stones for next level
[2026-04-10 13:14:09] [INFO] AI: Need 1 stones for next level
[2026-04-10 13:14:10] [INFO] Status: Level=1 Food=13 Forks=0
[2026-04-10 13:14:10] [INFO] AI: Need 1 stones for next level
[2026-04-10 13:14:10] [INFO] AI: Need 1 stones for next level
[2026-04-10 13:14:11] [INFO] AI: Need 1 stones for next level
[2026-04-10 13:14:11] [INFO] AI: Need 1 stones for next level
[2026-04-10 13:14:12] [INFO] AI: Need 1 stones for next level
[2026-04-10 13:14:12] [INFO] AI: Need 1 stones for next level
[2026-04-10 13:14:13] [INFO] AI: Need 1 stones for next level
[2026-04-10 13:14:13] [INFO] AI: Need 1 stones for next level
[2026-04-10 13:14:14] [INFO] AI: Need 1 stones for next level
[2026-04-10 13:14:14] [INFO] AI: Need 1 stones for next level
[2026-04-10 13:14:15] [INFO] AI: Need 1 stones for next level
[2026-04-10 13:14:15] [INFO] AI: Need 1 stones for next level
[2026-04-10 13:14:19] [INFO] AI: Need 1 stones for next level
[2026-04-10 13:14:20] [INFO] AI: Need 1 stones for next level
[2026-04-10 13:14:20] [INFO] Status: Level=1 Food=11 Forks=0
[2026-04-10 13:14:20] [INFO] AI: Need 1 stones for next level
[2026-04-10 13:14:20] [INFO] AI: Need 1 stones for next level
[2026-04-10 13:14:21] [INFO] AI: Need 1 stones for next level
[2026-04-10 13:14:21] [INFO] AI: Need 1 stones for next level
[2026-04-10 13:14:22] [INFO] AI: Need 1 stones for next level
[2026-04-10 13:14:22] [INFO] AI: Need 1 stones for next level
[2026-04-10 13:14:23] [INFO] AI: Need 1 stones for next level
[2026-04-10 13:14:23] [INFO] AI: Need 1 stones for next level
[2026-04-10 13:14:24] [INFO] AI: Need 1 stones for next level
[2026-04-10 13:14:24] [INFO] AI: Need 1 stones for next level
[2026-04-10 13:14:25] [INFO] AI: Need 1 stones for next level
[2026-04-10 13:14:25] [INFO] AI: Need 1 stones for next level
[2026-04-10 13:14:26] [INFO] AI: Need 1 stones for next level
[2026-04-10 13:14:26] [INFO] AI: Need 1 stones for next level
[2026-04-10 13:14:26] [INFO] AI: Need 1 stones for next level
[2026-04-10 13:14:27] [INFO] AI: Need 1 stones for next level
[2026-04-10 13:14:27] [INFO] AI: Need 1 stones for next level
[2026-04-10 13:14:28] [INFO] AI: Need 1 stones for next level
[2026-04-10 13:14:28] [INFO] AI: Need 1 stones for next level
[2026-04-10 13:14:28] [INFO] AI: Need 1 stones for next level
[2026-04-10 13:14:29] [INFO] AI: Need 1 stones for next level
[2026-04-10 13:14:30] [INFO] AI: Need 1 stones for next level
[2026-04-10 13:14:30] [INFO] Status: Level=1 Food=10 Forks=0
[2026-04-10 13:14:30] [INFO] AI: Need 1 stones for next level
[2026-04-10 13:14:31] [INFO] AI: Need 1 stones for next level
[2026-04-10 13:14:31] [INFO] AI: Need 1 stones for next level
[2026-04-10 13:14:31] [INFO] AI: Need 1 stones for next level
[2026-04-10 13:14:32] [INFO] AI: Need 1 stones for next level
[2026-04-10 13:14:33] [INFO] AI: Need 1 stones for next level
[2026-04-10 13:14:33] [INFO] AI: Need 1 stones for next level
[2026-04-10 13:14:33] [INFO] AI: Need 1 stones for next level
[2026-04-10 13:14:34] [INFO] AI: Low food (9), seeking nourriture
[2026-04-10 13:14:34] [WARN] AI: Command failed: prend
[2026-04-10 13:14:34] [INFO] AI: Low food (9), seeking nourriture
[2026-04-10 13:14:35] [WARN] AI: Command failed: prend
[2026-04-10 13:14:35] [INFO] AI: Low food (9), seeking nourriture
[2026-04-10 13:14:35] [WARN] AI: Command failed: prend
[2026-04-10 13:14:35] [INFO] AI: Low food (9), seeking nourriture
[2026-04-10 13:14:35] [WARN] AI: Command failed: prend
[2026-04-10 13:14:35] [INFO] AI: Low food (9), seeking nourriture
[2026-04-10 13:14:36] [WARN] AI: Command failed: prend
[2026-04-10 13:14:36] [INFO] AI: Low food (8), seeking nourriture
[2026-04-10 13:14:36] [WARN] AI: Command failed: prend
[2026-04-10 13:14:36] [INFO] AI: Low food (8), seeking nourriture
[2026-04-10 13:14:37] [WARN] AI: Command failed: prend
[2026-04-10 13:14:37] [INFO] AI: Low food (8), seeking nourriture
[2026-04-10 13:14:37] [WARN] AI: Command failed: prend
[2026-04-10 13:14:37] [INFO] AI: Need 1 stones for next level
[2026-04-10 13:14:38] [INFO] AI: Need 1 stones for next level
[2026-04-10 13:14:38] [INFO] AI: Need 1 stones for next level
[2026-04-10 13:14:39] [INFO] AI: Need 1 stones for next level
[2026-04-10 13:14:39] [INFO] AI: Need 1 stones for next level
[2026-04-10 13:14:39] [INFO] AI: Need 1 stones for next level
[2026-04-10 13:14:40] [INFO] Status: Level=1 Food=8 Forks=0
[2026-04-10 13:14:40] [INFO] AI: Need 1 stones for next level
[2026-04-10 13:14:42] [INFO] AI: Need 1 stones for next level
[2026-04-10 13:14:43] [INFO] AI: Low food (7), seeking nourriture
[2026-04-10 13:14:45] [INFO] AI: Low food (7), seeking nourriture
[2026-04-10 13:14:47] [INFO] AI: Low food (6), seeking nourriture
[2026-04-10 13:14:47] [WARN] AI: Command failed: prend
[2026-04-10 13:14:47] [INFO] AI: Low food (6), seeking nourriture
[2026-04-10 13:14:48] [WARN] AI: Command failed: prend
[2026-04-10 13:14:48] [INFO] AI: Low food (6), seeking nourriture
[2026-04-10 13:14:49] [WARN] AI: Command failed: prend
[2026-04-10 13:14:49] [INFO] AI: Low food (6), seeking nourriture
[2026-04-10 13:14:49] [WARN] AI: Command failed: prend
[2026-04-10 13:14:49] [INFO] AI: Low food (6), seeking nourriture
[2026-04-10 13:14:50] [INFO] Status: Level=1 Food=6 Forks=0
[2026-04-10 13:14:51] [INFO] AI: Low food (6), seeking nourriture
[2026-04-10 13:14:52] [INFO] AI: Low food (8), seeking nourriture
[2026-04-10 13:14:53] [WARN] AI: Command failed: prend
[2026-04-10 13:14:53] [INFO] AI: Low food (8), seeking nourriture
[2026-04-10 13:14:53] [WARN] AI: Command failed: prend
[2026-04-10 13:14:53] [INFO] AI: Low food (8), seeking nourriture
[2026-04-10 13:14:53] [WARN] AI: Command failed: prend
[2026-04-10 13:14:53] [INFO] AI: Low food (8), seeking nourriture
[2026-04-10 13:14:54] [WARN] AI: Command failed: prend
[2026-04-10 13:14:54] [INFO] AI: Low food (8), seeking nourriture
[2026-04-10 13:14:54] [WARN] AI: Command failed: prend
[2026-04-10 13:14:54] [INFO] AI: Low food (8), seeking nourriture
[2026-04-10 13:14:55] [WARN] AI: Command failed: prend
[2026-04-10 13:14:55] [INFO] AI: Low food (8), seeking nourriture
[2026-04-10 13:14:55] [WARN] AI: Command failed: prend
[2026-04-10 13:14:55] [INFO] AI: Low food (8), seeking nourriture
[2026-04-10 13:14:57] [INFO] AI: Low food (7), seeking nourriture
[2026-04-10 13:14:58] [INFO] AI: Low food (7), seeking nourriture
[2026-04-10 13:14:59] [WARN] AI: Command failed: prend
[2026-04-10 13:14:59] [INFO] AI: Low food (7), seeking nourriture
[2026-04-10 13:14:59] [WARN] AI: Command failed: prend
[2026-04-10 13:14:59] [INFO] AI: Low food (7), seeking nourriture
[2026-04-10 13:14:59] [WARN] AI: Command failed: prend
[2026-04-10 13:14:59] [INFO] AI: Low food (7), seeking nourriture
[2026-04-10 13:15:00] [WARN] AI: Command failed: prend
[2026-04-10 13:15:00] [INFO] AI: Low food (7), seeking nourriture
[2026-04-10 13:15:00] [INFO] Status: Level=1 Food=7 Forks=0
[2026-04-10 13:15:00] [WARN] AI: Command failed: prend
[2026-04-10 13:15:00] [INFO] AI: Low food (7), seeking nourriture
[2026-04-10 13:15:01] [WARN] AI: Command failed: prend
[2026-04-10 13:15:01] [INFO] AI: Low food (7), seeking nourriture
[2026-04-10 13:15:01] [WARN] AI: Command failed: prend
[2026-04-10 13:15:01] [INFO] AI: Low food (6), seeking nourriture
[2026-04-10 13:15:01] [INFO] AI: Low food (6), seeking nourriture
[2026-04-10 13:15:02] [INFO] AI: Low food (6), seeking nourriture
[2026-04-10 13:15:02] [INFO] AI: Low food (6), seeking nourriture
[2026-04-10 13:15:03] [INFO] AI: Low food (6), seeking nourriture
[2026-04-10 13:15:03] [INFO] AI: Low food (6), seeking nourriture
[2026-04-10 13:15:03] [INFO] AI: Low food (6), seeking nourriture
[2026-04-10 13:15:04] [INFO] AI: Low food (6), seeking nourriture
[2026-04-10 13:15:04] [WARN] AI: Command failed: prend
[2026-04-10 13:15:04] [INFO] AI: Low food (6), seeking nourriture
[2026-04-10 13:15:05] [WARN] AI: Command failed: prend
[2026-04-10 13:15:05] [INFO] AI: Low food (6), seeking nourriture
[2026-04-10 13:15:05] [WARN] AI: Command failed: prend
[2026-04-10 13:15:05] [INFO] AI: Low food (6), seeking nourriture
[2026-04-10 13:15:06] [WARN] AI: Command failed: prend
[2026-04-10 13:15:06] [INFO] AI: Low food (6), seeking nourriture
[2026-04-10 13:15:06] [WARN] AI: Command failed: prend
[2026-04-10 13:15:06] [INFO] AI: Low food (5), seeking nourriture
[2026-04-10 13:15:06] [WARN] AI: Command failed: prend
[2026-04-10 13:15:06] [INFO] AI: Low food (5), seeking nourriture
[2026-04-10 13:15:07] [WARN] AI: Command failed: prend
[2026-04-10 13:15:07] [INFO] AI: Low food (5), seeking nourriture
[2026-04-10 13:15:07] [WARN] AI: Command failed: prend
[2026-04-10 13:15:07] [INFO] AI: Need 1 stones for next level
[2026-04-10 13:15:08] [INFO] AI: Need 1 stones for next level
[2026-04-10 13:15:08] [INFO] AI: Need 1 stones for next level
[2026-04-10 13:15:08] [INFO] AI: Need 1 stones for next level
[2026-04-10 13:15:09] [INFO] AI: Need 1 stones for next level
[2026-04-10 13:15:10] [INFO] AI: Need 1 stones for next level
[2026-04-10 13:15:10] [INFO] Status: Level=1 Food=5 Forks=0
[2026-04-10 13:15:10] [INFO] AI: Low food (5), seeking nourriture
[2026-04-10 13:15:12] [INFO] AI: Low food (4), seeking nourriture
[2026-04-10 13:15:13] [INFO] AI: Low food (4), seeking nourriture
[2026-04-10 13:15:14] [WARN] AI: Command failed: prend
[2026-04-10 13:15:14] [INFO] AI: Low food (4), seeking nourriture
[2026-04-10 13:15:14] [WARN] AI: Command failed: prend
[2026-04-10 13:15:14] [INFO] AI: Low food (4), seeking nourriture
[2026-04-10 13:15:14] [WARN] AI: Command failed: prend
[2026-04-10 13:15:14] [INFO] AI: Low food (4), seeking nourriture
[2026-04-10 13:15:15] [WARN] AI: Command failed: prend
[2026-04-10 13:15:15] [INFO] AI: Low food (4), seeking nourriture
[2026-04-10 13:15:15] [WARN] AI: Command failed: prend
[2026-04-10 13:15:15] [INFO] AI: Low food (4), seeking nourriture
[2026-04-10 13:15:16] [WARN] AI: Command failed: prend
[2026-04-10 13:15:16] [INFO] AI: Low food (4), seeking nourriture
[2026-04-10 13:15:16] [WARN] AI: Command failed: prend
[2026-04-10 13:15:16] [INFO] AI: Low food (3), seeking nourriture
[2026-04-10 13:15:18] [INFO] AI: Low food (3), seeking nourriture
[2026-04-10 13:15:19] [INFO] AI: Low food (3), seeking nourriture
[2026-04-10 13:15:20] [WARN] AI: Command failed: prend
[2026-04-10 13:15:20] [INFO] AI: Low food (3), seeking nourriture
[2026-04-10 13:15:20] [INFO] Status: Level=1 Food=3 Forks=0
[2026-04-10 13:15:20] [WARN] AI: Command failed: prend
[2026-04-10 13:15:20] [INFO] AI: Low food (3), seeking nourriture
[2026-04-10 13:15:21] [WARN] AI: Command failed: prend
[2026-04-10 13:15:21] [INFO] AI: Low food (3), seeking nourriture
[2026-04-10 13:15:21] [WARN] AI: Command failed: prend
[2026-04-10 13:15:21] [INFO] AI: Low food (3), seeking nourriture
[2026-04-10 13:15:21] [WARN] AI: Command failed: prend
[2026-04-10 13:15:21] [INFO] AI: Low food (3), seeking nourriture
[2026-04-10 13:15:22] [WARN] AI: Command failed: prend
[2026-04-10 13:15:22] [INFO] AI: Low food (3), seeking nourriture
[2026-04-10 13:15:22] [WARN] AI: Command failed: prend
[2026-04-10 13:15:22] [INFO] AI: Low food (3), seeking nourriture
[2026-04-10 13:15:22] [INFO] AI: Low food (3), seeking nourriture
[2026-04-10 13:15:23] [INFO] AI: Low food (3), seeking nourriture
[2026-04-10 13:15:23] [INFO] AI: Low food (3), seeking nourriture
[2026-04-10 13:15:24] [INFO] AI: Low food (3), seeking nourriture
[2026-04-10 13:15:24] [INFO] AI: Low food (3), seeking nourriture
[2026-04-10 13:15:24] [INFO] AI: Low food (3), seeking nourriture
[2026-04-10 13:15:25] [INFO] AI: Low food (3), seeking nourriture
[2026-04-10 13:15:25] [INFO] AI: Low food (3), seeking nourriture
[2026-04-10 13:15:26] [INFO] AI: Low food (3), seeking nourriture
[2026-04-10 13:15:26] [INFO] AI: Low food (2), seeking nourriture
[2026-04-10 13:15:26] [INFO] AI: Low food (2), seeking nourriture
[2026-04-10 13:15:27] [INFO] AI: Low food (2), seeking nourriture
[2026-04-10 13:15:28] [INFO] AI: Low food (2), seeking nourriture
[2026-04-10 13:15:28] [INFO] AI: Low food (2), seeking nourriture
[2026-04-10 13:15:28] [WARN] AI: Command failed: prend
[2026-04-10 13:15:28] [INFO] AI: Low food (2), seeking nourriture
[2026-04-10 13:15:29] [WARN] AI: Command failed: prend
[2026-04-10 13:15:29] [INFO] AI: Low food (2), seeking nourriture
[2026-04-10 13:15:29] [WARN] AI: Command failed: prend
[2026-04-10 13:15:29] [INFO] AI: Low food (2), seeking nourriture
[2026-04-10 13:15:30] [WARN] AI: Command failed: prend
[2026-04-10 13:15:30] [INFO] AI: Low food (2), seeking nourriture
[2026-04-10 13:15:30] [INFO] Status: Level=1 Food=2 Forks=0
[2026-04-10 13:15:30] [WARN] AI: Command failed: prend
[2026-04-10 13:15:30] [INFO] AI: Low food (2), seeking nourriture
[2026-04-10 13:15:30] [WARN] AI: Command failed: prend
[2026-04-10 13:15:30] [INFO] AI: Low food (2), seeking nourriture
[2026-04-10 13:15:31] [WARN] AI: Command failed: prend
[2026-04-10 13:15:31] [INFO] AI: Low food (2), seeking nourriture
[2026-04-10 13:15:31] [WARN] AI: Command failed: prend
[2026-04-10 13:15:31] [INFO] AI: Low food (1), seeking nourriture
[2026-04-10 13:15:33] [INFO] AI: Low food (1), seeking nourriture
[2026-04-10 13:15:34] [INFO] AI: Low food (1), seeking nourriture
[2026-04-10 13:15:35] [INFO] AI: Low food (1), seeking nourriture
[2026-04-10 13:15:35] [INFO] AI: Low food (1), seeking nourriture
[2026-04-10 13:15:36] [INFO] AI: Low food (1), seeking nourriture
[2026-04-10 13:15:36] [INFO] AI: Low food (0), seeking nourriture
[2026-04-10 13:15:36] [INFO] AI: Low food (0), seeking nourriture
[2026-04-10 13:15:37] [INFO] AI: Low food (0), seeking nourriture
[2026-04-10 13:15:37] [INFO] AI: Low food (0), seeking nourriture
[2026-04-10 13:15:38] [WARN] AI: Command failed: prend
[2026-04-10 13:15:38] [INFO] AI: Low food (0), seeking nourriture
[2026-04-10 13:15:38] [WARN] AI: Command failed: prend
[2026-04-10 13:15:38] [INFO] AI: Low food (0), seeking nourriture
[2026-04-10 13:15:38] [WARN] AI: Command failed: prend
[2026-04-10 13:15:38] [INFO] AI: Low food (0), seeking nourriture
[2026-04-10 13:15:39] [WARN] AI: Command failed: prend
[2026-04-10 13:15:39] [INFO] AI: Low food (0), seeking nourriture
[2026-04-10 13:15:39] [WARN] AI: Command failed: prend
[2026-04-10 13:15:39] [INFO] AI: Low food (0), seeking nourriture
[2026-04-10 13:15:40] [WARN] AI: Command failed: prend
[2026-04-10 13:15:40] [INFO] AI: Low food (0), seeking nourriture
[2026-04-10 13:15:40] [WARN] AI: Command failed: prend
[2026-04-10 13:15:40] [INFO] AI: Low food (0), seeking nourriture
[2026-04-10 13:15:40] [INFO] Status: Level=1 Food=0 Forks=0
[2026-04-10 13:15:40] [WARN] AI: Command failed: prend
[2026-04-10 13:15:40] [INFO] AI: Low food (0), seeking nourriture
[2026-04-10 13:15:41] [WARN] TLS read: peer closed connection
[2026-04-10 13:15:41] [ERROR] Websocket error: Peer closed connection
[2026-04-10 13:15:41] [INFO] Network loop ended
[2026-04-10 13:15:41] [INFO] Client exited. Final level: 1
